#
# A fatal error has been detected by the Java Runtime Environment:
#
#  SIGSEGV (0xb) at pc=0x00007f49cf702783, pid=5961, tid=0x00007f49d0a15b80
#
# JRE version:  (8.0_201-b09) (build )
# Java VM: Java HotSpot(TM) 64-Bit Server VM (25.201-b09 mixed mode linux-amd64 compressed oops)
# Problematic frame:
# V  [libjvm.so+0x90b783]  SR_handler(int, siginfo*, ucontext*)+0x33
#
# Failed to write core dump. Core dumps have been disabled. To enable core dumping, try "ulimit -c unlimited" before starting Java again
#
# If you would like to submit a bug report, please visit:
#   http://bugreport.java.com/bugreport/crash.jsp
#

---------------  T H R E A D  ---------------

Current thread is native thread

siginfo: si_signo: 11 (SIGSEGV), si_code: 1 (SEGV_MAPERR), si_addr: 0x0000000000000128

Registers:
RAX=0x0000000000000000, RBX=0x00007f49d0a14700, RCX=0x00007f49d05f5d2d, RDX=0x00007f49d0a15ea0
RSP=0x00007ffe24c14ec0, RBP=0x00007ffe24c14f70, RSI=0x00007ffe24c150b0, RDI=0x0000000000000001
R8 =0x00000000000000ca, R9 =0x00007f49d0a149d0, R10=0x0000000000000000, R11=0x0000000000000246
R12=0x00007f49d0a15b00, R13=0x0000000000000002, R14=0x00007ffe24c150b0, R15=0x00007ffe24c14f80
RIP=0x00007f49cf702783, EFLAGS=0x0000000000010246, CSGSFS=0x002b000000000033, ERR=0x0000000000000004
  TRAPNO=0x000000000000000e

Top of Stack: (sp=0x00007ffe24c14ec0)
0x00007ffe24c14ec0:   0000000000000000 00007f49cff472df
0x00007ffe24c14ed0:   3136393524c15400 0000ffff00001fa0
0x00007ffe24c14ee0:   00007ffe24c14f20 00007ffe24c14f20
0x00007ffe24c14ef0:   000000000000003f 00007f49cf951ca7
0x00007ffe24c14f00:   00007ffe24c150b8 00000000024af5c0
0x00007ffe24c14f10:   00007ffe24c15190 00007f49cfe68910
0x00007ffe24c14f20:   00000000fbad8001 00007ffe24c15190
0x00007ffe24c14f30:   00007ffe24c15190 00007ffe24c15190
0x00007ffe24c14f40:   00007ffe24c15190 00007f49d0a14700
0x00007ffe24c14f50:   0000000000000000 00007ffe24c15630
0x00007ffe24c14f60:   0000000000000000 0000000000000001
0x00007ffe24c14f70:   00007ffe24c15698 00007f49d05ff890
0x00007ffe24c14f80:   0000000000000007 0000000000000000
0x00007ffe24c14f90:   0000000000000000 00007f4900000002
0x00007ffe24c14fa0:   0000000000000000 00000000000000ca
0x00007ffe24c14fb0:   00007f49d0a149d0 0000000000000000
0x00007ffe24c14fc0:   0000000000000246 0000000000000000
0x00007ffe24c14fd0:   00007ffe24c15630 0000000000000000
0x00007ffe24c14fe0:   0000000000000001 00007f49d0a149d0
0x00007ffe24c14ff0:   0000000000000000 00007ffe24c15698
0x00007ffe24c15000:   00007f49d0a14700 0000000000001755
0x00007ffe24c15010:   00000000000000ca 00007f49d05f5d2d
0x00007ffe24c15020:   00007ffe24c15620 00007f49d05f5d2b
0x00007ffe24c15030:   0000000000000246 002b000000000033
0x00007ffe24c15040:   0000000000000000 0000000000000000
0x00007ffe24c15050:   0000000000000000 0000000000000000
0x00007ffe24c15060:   00007ffe24c15140 00007f49d0a35170
0x00007ffe24c15070:   0000000000000000 00007f49d0816f5f
0x00007ffe24c15080:   00007f49d0a17000 00007f49d08171ef
0x00007ffe24c15090:   0000000000000004 00007f49d05eff58
0x00007ffe24c150a0:   000000000017501c 0000000000000000
0x00007ffe24c150b0:   000000000000000c 00007f4900000000 

Instructions: (pc=0x00007f49cf702783)
0x00007f49cf702763:   48 81 ec 88 00 00 00 e8 81 1d 8f ff 44 8b 28 49
0x00007f49cf702773:   89 c4 48 8d 05 2c 61 68 00 8b 38 e8 15 2c 8f ff
0x00007f49cf702783:   48 8b 98 28 01 00 00 8b 83 a8 00 00 00 83 f8 01
0x00007f49cf702793:   74 1b 45 89 2c 24 48 81 c4 88 00 00 00 5b 41 5c 

Register to memory mapping:

RAX=0x0000000000000000 is an unknown value
RBX=0x00007f49d0a14700 is pointing into the stack for thread: 0x00007f49c800b000
RCX=0x00007f49d05f5d2d: <offset 0x8d2d> in /lib/x86_64-linux-gnu/libpthread.so.0 at 0x00007f49d05ed000
RDX=0x00007f49d0a15ea0 is an unknown value
RSP=0x00007ffe24c14ec0 is an unknown value
RBP=0x00007ffe24c14f70 is an unknown value
RSI=0x00007ffe24c150b0 is an unknown value
RDI=0x0000000000000001 is an unknown value
R8 =0x00000000000000ca is an unknown value
R9 =0x00007f49d0a149d0 is pointing into the stack for thread: 0x00007f49c800b000
R10=0x0000000000000000 is an unknown value
R11=0x0000000000000246 is an unknown value
R12=0x00007f49d0a15b00 is an unknown value
R13=0x0000000000000002 is an unknown value
R14=0x00007ffe24c150b0 is an unknown value
R15=0x00007ffe24c14f80 is an unknown value


Stack: [0x00007ffe24b1e000,0x00007ffe24c1e000],  sp=0x00007ffe24c14ec0,  free space=987k
Native frames: (J=compiled Java code, j=interpreted, Vv=VM code, C=native code)
V  [libjvm.so+0x90b783]  SR_handler(int, siginfo*, ucontext*)+0x33
C  [libpthread.so.0+0x12890]


---------------  P R O C E S S  ---------------

VM state:not at safepoint (normal execution)

VM Mutex/Monitor currently owned by a thread: None

heap address: 0x0000000085800000, size: 1960 MB, Compressed Oops mode: 32-bit
Narrow klass base: 0x0000000000000000, Narrow klass shift: 3
Compressed class space size: 1073741824 Address: 0x0000000100000000

Heap:
 PSYoungGen      total 36864K, used 634K [0x00000000d7300000, 0x00000000d9c00000, 0x0000000100000000)
  eden space 31744K, 2% used [0x00000000d7300000,0x00000000d739eb90,0x00000000d9200000)
  from space 5120K, 0% used [0x00000000d9700000,0x00000000d9700000,0x00000000d9c00000)
  to   space 5120K, 0% used [0x00000000d9200000,0x00000000d9200000,0x00000000d9700000)
 ParOldGen       total 84992K, used 0K [0x0000000085800000, 0x000000008ab00000, 0x00000000d7300000)
  object space 84992K, 0% used [0x0000000085800000,0x0000000085800000,0x000000008ab00000)
 Metaspace       used 901K, capacity 4480K, committed 4480K, reserved 1056768K
  class space    used 90K, capacity 384K, committed 384K, reserved 1048576K

Card table byte_map: [0x00007f49cd220000,0x00007f49cd5f5000] byte_map_base: 0x00007f49ccdf4000

Marking Bits: (ParMarkBitMap*) 0x00007f49cfdc2d80
 Begin Bits: [0x00007f49942c0000, 0x00007f4996160000)
 End Bits:   [0x00007f4996160000, 0x00007f4998000000)

Polling page: 0x00007f49d0a32000

CodeCache: size=245760Kb used=395Kb max_used=395Kb free=245364Kb
 bounds [0x00007f49b9000000, 0x00007f49b9270000, 0x00007f49c8000000]
 total_blobs=85 nmethods=0 adapters=60
 compilation: enabled

Compilation events (0 events):
No events

GC Heap History (0 events):
No events

Deoptimization events (0 events):
No events

Classes redefined (0 events):
No events

Internal exceptions (0 events):
No events

Events (10 events):
Event: 0.013 loading class java/lang/NullPointerException done
Event: 0.013 loading class java/lang/ArithmeticException
Event: 0.013 loading class java/lang/ArithmeticException done
Event: 0.014 Thread 0x00007f49c800b000 Thread added: 0x00007f49c800b000
Event: 0.014 loading class java/io/ObjectStreamField
Event: 0.014 loading class java/io/ObjectStreamField done
Event: 0.014 loading class java/lang/String$CaseInsensitiveComparator
Event: 0.014 loading class java/util/Comparator
Event: 0.015 loading class java/util/Comparator done
Event: 0.015 loading class java/lang/String$CaseInsensitiveComparator done


Dynamic libraries:
00400000-00401000 r-xp 00000000 08:06 8013769                            /usr/lib/jvm/jdk1.8.0_201/bin/java
00600000-00601000 r--p 00000000 08:06 8013769                            /usr/lib/jvm/jdk1.8.0_201/bin/java
00601000-00602000 rw-p 00001000 08:06 8013769                            /usr/lib/jvm/jdk1.8.0_201/bin/java
024af000-024f3000 rw-p 00000000 00:00 0                                  [heap]
85800000-8ab00000 rw-p 00000000 00:00 0 
8ab00000-d7300000 ---p 00000000 00:00 0 
d7300000-d9c00000 rw-p 00000000 00:00 0 
d9c00000-100000000 ---p 00000000 00:00 0 
100000000-100060000 rw-p 00000000 00:00 0 
100060000-140000000 ---p 00000000 00:00 0 
7f498c000000-7f498c021000 rw-p 00000000 00:00 0 
7f498c021000-7f4990000000 ---p 00000000 00:00 0 
7f4992bf6000-7f4992e8b000 rw-p 00000000 00:00 0 
7f4992e8b000-7f4992e8c000 ---p 00000000 00:00 0 
7f4992e8c000-7f4998000000 rw-p 00000000 00:00 0 
7f4998000000-7f4998021000 rw-p 00000000 00:00 0 
7f4998021000-7f499c000000 ---p 00000000 00:00 0 
7f499c000000-7f499c021000 rw-p 00000000 00:00 0 
7f499c021000-7f49a0000000 ---p 00000000 00:00 0 
7f49a0000000-7f49a0021000 rw-p 00000000 00:00 0 
7f49a0021000-7f49a4000000 ---p 00000000 00:00 0 
7f49a4000000-7f49a4021000 rw-p 00000000 00:00 0 
7f49a4021000-7f49a8000000 ---p 00000000 00:00 0 
7f49a8000000-7f49a8021000 rw-p 00000000 00:00 0 
7f49a8021000-7f49ac000000 ---p 00000000 00:00 0 
7f49ac000000-7f49ac021000 rw-p 00000000 00:00 0 
7f49ac021000-7f49b0000000 ---p 00000000 00:00 0 
7f49b0000000-7f49b0021000 rw-p 00000000 00:00 0 
7f49b0021000-7f49b4000000 ---p 00000000 00:00 0 
7f49b4000000-7f49b4021000 rw-p 00000000 00:00 0 
7f49b4021000-7f49b8000000 ---p 00000000 00:00 0 
7f49b8012000-7f49b8c00000 rw-p 00000000 00:00 0 
7f49b8c00000-7f49b9000000 ---p 00000000 00:00 0 
7f49b9000000-7f49b9270000 rwxp 00000000 00:00 0 
7f49b9270000-7f49c8000000 ---p 00000000 00:00 0 
7f49c8000000-7f49c8087000 rw-p 00000000 00:00 0 
7f49c8087000-7f49cc000000 ---p 00000000 00:00 0 
7f49cc016000-7f49cc166000 rw-p 00000000 00:00 0 
7f49cc166000-7f49cc340000 r--s 03d6f000 08:06 10888034                   /usr/lib/jvm/jdk1.8.0_201/jre/lib/rt.jar
7f49cc340000-7f49cc78a000 rw-p 00000000 00:00 0 
7f49cc78a000-7f49cc78b000 ---p 00000000 00:00 0 
7f49cc78b000-7f49cc88b000 rw-p 00000000 00:00 0 
7f49cc88b000-7f49cc88c000 ---p 00000000 00:00 0 
7f49cc88c000-7f49cc98c000 rw-p 00000000 00:00 0 
7f49cc98c000-7f49cc98d000 ---p 00000000 00:00 0 
7f49cc98d000-7f49cca8d000 rw-p 00000000 00:00 0 
7f49cca8d000-7f49cca8e000 ---p 00000000 00:00 0 
7f49cca8e000-7f49ccb8e000 rw-p 00000000 00:00 0 
7f49ccb8e000-7f49ccb8f000 ---p 00000000 00:00 0 
7f49ccb8f000-7f49ccc8f000 rw-p 00000000 00:00 0 
7f49ccc8f000-7f49ccc90000 ---p 00000000 00:00 0 
7f49ccc90000-7f49ccd90000 rw-p 00000000 00:00 0 
7f49ccd90000-7f49ccd91000 ---p 00000000 00:00 0 
7f49ccd91000-7f49cce91000 rw-p 00000000 00:00 0 
7f49cce91000-7f49cce92000 ---p 00000000 00:00 0 
7f49cce92000-7f49ccfbc000 rw-p 00000000 00:00 0 
7f49ccfbc000-7f49cd220000 ---p 00000000 00:00 0 
7f49cd220000-7f49cd24a000 rw-p 00000000 00:00 0 
7f49cd24a000-7f49cd4ad000 ---p 00000000 00:00 0 
7f49cd4ad000-7f49cd4c2000 rw-p 00000000 00:00 0 
7f49cd4c2000-7f49cd5f4000 ---p 00000000 00:00 0 
7f49cd5f4000-7f49cd5ff000 rw-p 00000000 00:00 0 
7f49cd5ff000-7f49cd9b5000 ---p 00000000 00:00 0 
7f49cd9b5000-7f49cd9d0000 r-xp 00000000 08:06 10888324                   /usr/lib/jvm/jdk1.8.0_201/jre/lib/amd64/libzip.so
7f49cd9d0000-7f49cdbcf000 ---p 0001b000 08:06 10888324                   /usr/lib/jvm/jdk1.8.0_201/jre/lib/amd64/libzip.so
7f49cdbcf000-7f49cdbd0000 r--p 0001a000 08:06 10888324                   /usr/lib/jvm/jdk1.8.0_201/jre/lib/amd64/libzip.so
7f49cdbd0000-7f49cdbd1000 rw-p 0001b000 08:06 10888324                   /usr/lib/jvm/jdk1.8.0_201/jre/lib/amd64/libzip.so
7f49cdbd1000-7f49cdbdc000 r-xp 00000000 08:06 3937066                    /lib/x86_64-linux-gnu/libnss_files-2.27.so
7f49cdbdc000-7f49cdddb000 ---p 0000b000 08:06 3937066                    /lib/x86_64-linux-gnu/libnss_files-2.27.so
7f49cdddb000-7f49cdddc000 r--p 0000a000 08:06 3937066                    /lib/x86_64-linux-gnu/libnss_files-2.27.so
7f49cdddc000-7f49cdddd000 rw-p 0000b000 08:06 3937066                    /lib/x86_64-linux-gnu/libnss_files-2.27.so
7f49cdddd000-7f49cdde3000 rw-p 00000000 00:00 0 
7f49cdde3000-7f49cddfa000 r-xp 00000000 08:06 3937060                    /lib/x86_64-linux-gnu/libnsl-2.27.so
7f49cddfa000-7f49cdff9000 ---p 00017000 08:06 3937060                    /lib/x86_64-linux-gnu/libnsl-2.27.so
7f49cdff9000-7f49cdffa000 r--p 00016000 08:06 3937060                    /lib/x86_64-linux-gnu/libnsl-2.27.so
7f49cdffa000-7f49cdffb000 rw-p 00017000 08:06 3937060                    /lib/x86_64-linux-gnu/libnsl-2.27.so
7f49cdffb000-7f49cdffd000 rw-p 00000000 00:00 0 
7f49cdffd000-7f49ce008000 r-xp 00000000 08:06 3937077                    /lib/x86_64-linux-gnu/libnss_nis-2.27.so
7f49ce008000-7f49ce207000 ---p 0000b000 08:06 3937077                    /lib/x86_64-linux-gnu/libnss_nis-2.27.so
7f49ce207000-7f49ce208000 r--p 0000a000 08:06 3937077                    /lib/x86_64-linux-gnu/libnss_nis-2.27.so
7f49ce208000-7f49ce209000 rw-p 0000b000 08:06 3937077                    /lib/x86_64-linux-gnu/libnss_nis-2.27.so
7f49ce209000-7f49ce211000 r-xp 00000000 08:06 3937062                    /lib/x86_64-linux-gnu/libnss_compat-2.27.so
7f49ce211000-7f49ce411000 ---p 00008000 08:06 3937062                    /lib/x86_64-linux-gnu/libnss_compat-2.27.so
7f49ce411000-7f49ce412000 r--p 00008000 08:06 3937062                    /lib/x86_64-linux-gnu/libnss_compat-2.27.so
7f49ce412000-7f49ce413000 rw-p 00009000 08:06 3937062                    /lib/x86_64-linux-gnu/libnss_compat-2.27.so
7f49ce413000-7f49ce43f000 r-xp 00000000 08:06 10888318                   /usr/lib/jvm/jdk1.8.0_201/jre/lib/amd64/libjava.so
7f49ce43f000-7f49ce63f000 ---p 0002c000 08:06 10888318                   /usr/lib/jvm/jdk1.8.0_201/jre/lib/amd64/libjava.so
7f49ce63f000-7f49ce640000 r--p 0002c000 08:06 10888318                   /usr/lib/jvm/jdk1.8.0_201/jre/lib/amd64/libjava.so
7f49ce640000-7f49ce642000 rw-p 0002d000 08:06 10888318                   /usr/lib/jvm/jdk1.8.0_201/jre/lib/amd64/libjava.so
7f49ce642000-7f49ce64f000 r-xp 00000000 08:06 10888323                   /usr/lib/jvm/jdk1.8.0_201/jre/lib/amd64/libverify.so
7f49ce64f000-7f49ce84e000 ---p 0000d000 08:06 10888323                   /usr/lib/jvm/jdk1.8.0_201/jre/lib/amd64/libverify.so
7f49ce84e000-7f49ce850000 r--p 0000c000 08:06 10888323                   /usr/lib/jvm/jdk1.8.0_201/jre/lib/amd64/libverify.so
7f49ce850000-7f49ce851000 rw-p 0000e000 08:06 10888323                   /usr/lib/jvm/jdk1.8.0_201/jre/lib/amd64/libverify.so
7f49ce851000-7f49ce858000 r-xp 00000000 08:06 3937117                    /lib/x86_64-linux-gnu/librt-2.27.so
7f49ce858000-7f49cea57000 ---p 00007000 08:06 3937117                    /lib/x86_64-linux-gnu/librt-2.27.so
7f49cea57000-7f49cea58000 r--p 00006000 08:06 3937117                    /lib/x86_64-linux-gnu/librt-2.27.so
7f49cea58000-7f49cea59000 rw-p 00007000 08:06 3937117                    /lib/x86_64-linux-gnu/librt-2.27.so
7f49cea59000-7f49cebf6000 r-xp 00000000 08:06 3937039                    /lib/x86_64-linux-gnu/libm-2.27.so
7f49cebf6000-7f49cedf5000 ---p 0019d000 08:06 3937039                    /lib/x86_64-linux-gnu/libm-2.27.so
7f49cedf5000-7f49cedf6000 r--p 0019c000 08:06 3937039                    /lib/x86_64-linux-gnu/libm-2.27.so
7f49cedf6000-7f49cedf7000 rw-p 0019d000 08:06 3937039                    /lib/x86_64-linux-gnu/libm-2.27.so
7f49cedf7000-7f49cfadf000 r-xp 00000000 08:06 10888346                   /usr/lib/jvm/jdk1.8.0_201/jre/lib/amd64/server/libjvm.so
7f49cfadf000-7f49cfcde000 ---p 00ce8000 08:06 10888346                   /usr/lib/jvm/jdk1.8.0_201/jre/lib/amd64/server/libjvm.so
7f49cfcde000-7f49cfd74000 r--p 00ce7000 08:06 10888346                   /usr/lib/jvm/jdk1.8.0_201/jre/lib/amd64/server/libjvm.so
7f49cfd74000-7f49cfda5000 rw-p 00d7d000 08:06 10888346                   /usr/lib/jvm/jdk1.8.0_201/jre/lib/amd64/server/libjvm.so
7f49cfda5000-7f49cfde0000 rw-p 00000000 00:00 0 
7f49cfde0000-7f49cffc7000 r-xp 00000000 08:06 3936976                    /lib/x86_64-linux-gnu/libc-2.27.so
7f49cffc7000-7f49d01c7000 ---p 001e7000 08:06 3936976                    /lib/x86_64-linux-gnu/libc-2.27.so
7f49d01c7000-7f49d01cb000 r--p 001e7000 08:06 3936976                    /lib/x86_64-linux-gnu/libc-2.27.so
7f49d01cb000-7f49d01cd000 rw-p 001eb000 08:06 3936976                    /lib/x86_64-linux-gnu/libc-2.27.so
7f49d01cd000-7f49d01d1000 rw-p 00000000 00:00 0 
7f49d01d1000-7f49d01d4000 r-xp 00000000 08:06 3936999                    /lib/x86_64-linux-gnu/libdl-2.27.so
7f49d01d4000-7f49d03d3000 ---p 00003000 08:06 3936999                    /lib/x86_64-linux-gnu/libdl-2.27.so
7f49d03d3000-7f49d03d4000 r--p 00002000 08:06 3936999                    /lib/x86_64-linux-gnu/libdl-2.27.so
7f49d03d4000-7f49d03d5000 rw-p 00003000 08:06 3936999                    /lib/x86_64-linux-gnu/libdl-2.27.so
7f49d03d5000-7f49d03ec000 r-xp 00000000 08:06 9054391                    /usr/lib/jvm/jdk1.8.0_201/lib/amd64/jli/libjli.so
7f49d03ec000-7f49d05eb000 ---p 00017000 08:06 9054391                    /usr/lib/jvm/jdk1.8.0_201/lib/amd64/jli/libjli.so
7f49d05eb000-7f49d05ec000 r--p 00016000 08:06 9054391                    /usr/lib/jvm/jdk1.8.0_201/lib/amd64/jli/libjli.so
7f49d05ec000-7f49d05ed000 rw-p 00017000 08:06 9054391                    /usr/lib/jvm/jdk1.8.0_201/lib/amd64/jli/libjli.so
7f49d05ed000-7f49d0607000 r-xp 00000000 08:06 3937109                    /lib/x86_64-linux-gnu/libpthread-2.27.so
7f49d0607000-7f49d0806000 ---p 0001a000 08:06 3937109                    /lib/x86_64-linux-gnu/libpthread-2.27.so
7f49d0806000-7f49d0807000 r--p 00019000 08:06 3937109                    /lib/x86_64-linux-gnu/libpthread-2.27.so
7f49d0807000-7f49d0808000 rw-p 0001a000 08:06 3937109                    /lib/x86_64-linux-gnu/libpthread-2.27.so
7f49d0808000-7f49d080c000 rw-p 00000000 00:00 0 
7f49d080c000-7f49d0833000 r-xp 00000000 08:06 3936948                    /lib/x86_64-linux-gnu/ld-2.27.so
7f49d0849000-7f49d0914000 rw-p 00000000 00:00 0 
7f49d0914000-7f49d0915000 ---p 00000000 00:00 0 
7f49d0915000-7f49d0918000 ---p 00000000 00:00 0 
7f49d0918000-7f49d0a19000 rw-p 00000000 00:00 0 
7f49d0a29000-7f49d0a31000 rw-s 00000000 08:06 13141139                   /tmp/hsperfdata_ermicho/5961
7f49d0a31000-7f49d0a32000 rw-p 00000000 00:00 0 
7f49d0a32000-7f49d0a33000 r--p 00000000 00:00 0 
7f49d0a33000-7f49d0a34000 r--p 00027000 08:06 3936948                    /lib/x86_64-linux-gnu/ld-2.27.so
7f49d0a34000-7f49d0a35000 rw-p 00028000 08:06 3936948                    /lib/x86_64-linux-gnu/ld-2.27.so
7f49d0a35000-7f49d0a36000 rw-p 00000000 00:00 0 
7ffe24bfb000-7ffe24c1e000 rw-p 00000000 00:00 0                          [stack]
7ffe24d95000-7ffe24d98000 r--p 00000000 00:00 0                          [vvar]
7ffe24d98000-7ffe24d9a000 r-xp 00000000 00:00 0                          [vdso]
ffffffffff600000-ffffffffff601000 r-xp 00000000 00:00 0                  [vsyscall]

VM Arguments:
jvm_args: -Dorg.gradle.appname=gradlew 
java_command: org.gradle.wrapper.GradleWrapperMain app:installDebug
java_class_path (initial): /home/ermicho/projects/react-native/sidebar/android/gradle/wrapper/gradle-wrapper.jar
Launcher Type: SUN_STANDARD

Environment Variables:
JAVA_HOME=/usr/lib/jvm/jdk1.8.0_201
PATH=/home/ermicho/projects/react-native/sidebar/node_modules/.bin:/usr/local/lib/node_modules/npm/node_modules/npm-lifecycle/node-gyp-bin:/home/ermicho/projects/react-native/sidebar/node_modules/.bin:/usr/local/sbin:/usr/local/bin:/usr/sbin:/usr/bin:/sbin:/bin:/usr/games:/usr/local/games:/snap/bin:/home/ermicho/Android/Sdk/tools:/home/ermicho/Android/Sdk/tools/bin:/home/ermicho/Android/Sdk/platform-tools:/home/ermicho/Android/Sdk/emulator:/home/ermicho/Android/Sdk/tools/bin:/home/ermicho/Android/Sdk/platform-tools
USERNAME=ermicho
SHELL=/bin/bash
DISPLAY=:0

Signal Handlers:
SIGSEGV: [libjvm.so+0xad3e60], sa_mask[0]=11111111011111111101111111111110, sa_flags=SA_RESTART|SA_SIGINFO
SIGBUS: [libjvm.so+0xad3e60], sa_mask[0]=11111111011111111101111111111110, sa_flags=SA_RESTART|SA_SIGINFO
SIGFPE: [libjvm.so+0x90b880], sa_mask[0]=11111111011111111101111111111110, sa_flags=SA_RESTART|SA_SIGINFO
SIGPIPE: [libjvm.so+0x90b880], sa_mask[0]=11111111011111111101111111111110, sa_flags=SA_RESTART|SA_SIGINFO
SIGXFSZ: [libjvm.so+0x90b880], sa_mask[0]=11111111011111111101111111111110, sa_flags=SA_RESTART|SA_SIGINFO
SIGILL: [libjvm.so+0x90b880], sa_mask[0]=11111111011111111101111111111110, sa_flags=SA_RESTART|SA_SIGINFO
SIGUSR1: SIG_DFL, sa_mask[0]=00000000000000000000000000000000, sa_flags=none
SIGUSR2: [libjvm.so+0x90b750], sa_mask[0]=00000000000000000000000000000000, sa_flags=SA_RESTART|SA_SIGINFO
SIGHUP: SIG_DFL, sa_mask[0]=00000000000000000000000000000000, sa_flags=none
SIGINT: SIG_DFL, sa_mask[0]=00000000000000000000000000000000, sa_flags=none
SIGTERM: SIG_DFL, sa_mask[0]=00000000000000000000000000000000, sa_flags=none
SIGQUIT: SIG_DFL, sa_mask[0]=00000000000000000000000000000000, sa_flags=none


---------------  S Y S T E M  ---------------

OS:DISTRIB_ID=Ubuntu
DISTRIB_RELEASE=18.04
DISTRIB_CODENAME=bionic
DISTRIB_DESCRIPTION="Ubuntu 18.04.2 LTS"

uname:Linux 4.15.0-46-generic #49-Ubuntu SMP Wed Feb 6 09:33:07 UTC 2019 x86_64
libc:glibc 2.27 NPTL 2.27 
rlimit: STACK 8192k, CORE 0k, NPROC 30710, NOFILE 4096, AS infinity
load average:1.25 1.39 1.67

/proc/meminfo:
MemTotal:        8021540 kB
MemFree:          238260 kB
MemAvailable:    1500348 kB
Buffers:           24104 kB
Cached:          1874256 kB
SwapCached:         1316 kB
Active:          5600692 kB
Inactive:        1687772 kB
Active(anon):    5004968 kB
Inactive(anon):   872364 kB
Active(file):     595724 kB
Inactive(file):   815408 kB
Unevictable:         344 kB
Mlocked:             344 kB
SwapTotal:       2097148 kB
SwapFree:        1970940 kB
Dirty:             68064 kB
Writeback:             0 kB
AnonPages:       5389180 kB
Mapped:          1198060 kB
Shmem:            541052 kB
Slab:             240864 kB
SReclaimable:     148632 kB
SUnreclaim:        92232 kB
KernelStack:       26948 kB
PageTables:       105636 kB
NFS_Unstable:          0 kB
Bounce:                0 kB
WritebackTmp:          0 kB
CommitLimit:     6107916 kB
Committed_AS:   19244208 kB
VmallocTotal:   34359738367 kB
VmallocUsed:           0 kB
VmallocChunk:          0 kB
HardwareCorrupted:     0 kB
AnonHugePages:         0 kB
ShmemHugePages:        0 kB
ShmemPmdMapped:        0 kB
CmaTotal:              0 kB
CmaFree:               0 kB
HugePages_Total:       0
HugePages_Free:        0
HugePages_Rsvd:        0
HugePages_Surp:        0
Hugepagesize:       2048 kB
DirectMap4k:      376260 kB
DirectMap2M:     7866368 kB
DirectMap1G:     1048576 kB

container (cgroup) information:
container_type: cgroupv1
cpu_cpuset_cpus: 0-7
cpu_memory_nodes: 0
active_processor_count: 8
cpu_quota: -1
cpu_period: 100000
cpu_shares: -1
memory_limit_in_bytes: -1
memory_and_swap_limit_in_bytes: -2
memory_soft_limit_in_bytes: -1
memory_usage_in_bytes: 7465115648
memory_max_usage_in_bytes: 111452160


CPU:total 8 (initial active 8) (4 cores per cpu, 2 threads per core) family 6 model 142 stepping 10, cmov, cx8, fxsr, mmx, sse, sse2, sse3, ssse3, sse4.1, sse4.2, popcnt, avx, avx2, aes, clmul, erms, 3dnowpref, lzcnt, ht, tsc, tscinvbit, bmi1, bmi2, adx

/proc/cpuinfo:
processor	: 0
vendor_id	: GenuineIntel
cpu family	: 6
model		: 142
model name	: Intel(R) Core(TM) i7-8550U CPU @ 1.80GHz
stepping	: 10
microcode	: 0x96
cpu MHz		: 3223.508
cache size	: 8192 KB
physical id	: 0
siblings	: 8
core id		: 0
cpu cores	: 4
apicid		: 0
initial apicid	: 0
fpu		: yes
fpu_exception	: yes
cpuid level	: 22
wp		: yes
flags		: fpu vme de pse tsc msr pae mce cx8 apic sep mtrr pge mca cmov pat pse36 clflush dts acpi mmx fxsr sse sse2 ss ht tm pbe syscall nx pdpe1gb rdtscp lm constant_tsc art arch_perfmon pebs bts rep_good nopl xtopology nonstop_tsc cpuid aperfmperf tsc_known_freq pni pclmulqdq dtes64 monitor ds_cpl vmx est tm2 ssse3 sdbg fma cx16 xtpr pdcm pcid sse4_1 sse4_2 x2apic movbe popcnt tsc_deadline_timer aes xsave avx f16c rdrand lahf_lm abm 3dnowprefetch cpuid_fault epb invpcid_single pti ssbd ibrs ibpb stibp tpr_shadow vnmi flexpriority ept vpid fsgsbase tsc_adjust bmi1 avx2 smep bmi2 erms invpcid mpx rdseed adx smap clflushopt intel_pt xsaveopt xsavec xgetbv1 xsaves dtherm ida arat pln pts hwp hwp_notify hwp_act_window hwp_epp flush_l1d
bugs		: cpu_meltdown spectre_v1 spectre_v2 spec_store_bypass l1tf
bogomips	: 3984.00
clflush size	: 64
cache_alignment	: 64
address sizes	: 39 bits physical, 48 bits virtual
power management:

processor	: 1
vendor_id	: GenuineIntel
cpu family	: 6
model		: 142
model name	: Intel(R) Core(TM) i7-8550U CPU @ 1.80GHz
stepping	: 10
microcode	: 0x96
cpu MHz		: 3231.993
cache size	: 8192 KB
physical id	: 0
siblings	: 8
core id		: 1
cpu cores	: 4
apicid		: 2
initial apicid	: 2
fpu		: yes
fpu_exception	: yes
cpuid level	: 22
wp		: yes
flags		: fpu vme de pse tsc msr pae mce cx8 apic sep mtrr pge mca cmov pat pse36 clflush dts acpi mmx fxsr sse sse2 ss ht tm pbe syscall nx pdpe1gb rdtscp lm constant_tsc art arch_perfmon pebs bts rep_good nopl xtopology nonstop_tsc cpuid aperfmperf tsc_known_freq pni pclmulqdq dtes64 monitor ds_cpl vmx est tm2 ssse3 sdbg fma cx16 xtpr pdcm pcid sse4_1 sse4_2 x2apic movbe popcnt tsc_deadline_timer aes xsave avx f16c rdrand lahf_lm abm 3dnowprefetch cpuid_fault epb invpcid_single pti ssbd ibrs ibpb stibp tpr_shadow vnmi flexpriority ept vpid fsgsbase tsc_adjust bmi1 avx2 smep bmi2 erms invpcid mpx rdseed adx smap clflushopt intel_pt xsaveopt xsavec xgetbv1 xsaves dtherm ida arat pln pts hwp hwp_notify hwp_act_window hwp_epp flush_l1d
bugs		: cpu_meltdown spectre_v1 spectre_v2 spec_store_bypass l1tf
bogomips	: 3984.00
clflush size	: 64
cache_alignment	: 64
address sizes	: 39 bits physical, 48 bits virtual
power management:

processor	: 2
vendor_id	: GenuineIntel
cpu family	: 6
model		: 142
model name	: Intel(R) Core(TM) i7-8550U CPU @ 1.80GHz
stepping	: 10
microcode	: 0x96
cpu MHz		: 3244.554
cache size	: 8192 KB
physical id	: 0
siblings	: 8
core id		: 2
cpu cores	: 4
apicid		: 4
initial apicid	: 4
fpu		: yes
fpu_exception	: yes
cpuid level	: 22
wp		: yes
flags		: fpu vme de pse tsc msr pae mce cx8 apic sep mtrr pge mca cmov pat pse36 clflush dts acpi mmx fxsr sse sse2 ss ht tm pbe syscall nx pdpe1gb rdtscp lm constant_tsc art arch_perfmon pebs bts rep_good nopl xtopology nonstop_tsc cpuid aperfmperf tsc_known_freq pni pclmulqdq dtes64 monitor ds_cpl vmx est tm2 ssse3 sdbg fma cx16 xtpr pdcm pcid sse4_1 sse4_2 x2apic movbe popcnt tsc_deadline_timer aes xsave avx f16c rdrand lahf_lm abm 3dnowprefetch cpuid_fault epb invpcid_single pti ssbd ibrs ibpb stibp tpr_shadow vnmi flexpriority ept vpid fsgsbase tsc_adjust bmi1 avx2 smep bmi2 erms invpcid mpx rdseed adx smap clflushopt intel_pt xsaveopt xsavec xgetbv1 xsaves dtherm ida arat pln pts hwp hwp_notify hwp_act_window hwp_epp flush_l1d
bugs		: cpu_meltdown spectre_v1 spectre_v2 spec_store_bypass l1tf
bogomips	: 3984.00
clflush size	: 64
cache_alignment	: 64
address sizes	: 39 bits physical, 48 bits virtual
power management:

processor	: 3
vendor_id	: GenuineIntel
cpu family	: 6
model		: 142
model name	: Intel(R) Core(TM) i7-8550U CPU @ 1.80GHz
stepping	: 10
microcode	: 0x96
cpu MHz		: 3260.568
cache size	: 8192 KB
physical id	: 0
siblings	: 8
core id		: 3
cpu cores	: 4
apicid		: 6
initial apicid	: 6
fpu		: yes
fpu_exception	: yes
cpuid level	: 22
wp		: yes
flags		: fpu vme de pse tsc msr pae mce cx8 apic sep mtrr pge mca cmov pat pse36 clflush dts acpi mmx fxsr sse sse2 ss ht tm pbe syscall nx pdpe1gb rdtscp lm constant_tsc art arch_perfmon pebs bts rep_good nopl xtopology nonstop_tsc cpuid aperfmperf tsc_known_freq pni pclmulqdq dtes64 monitor ds_cpl vmx est tm2 ssse3 sdbg fma cx16 xtpr pdcm pcid sse4_1 sse4_2 x2apic movbe popcnt tsc_deadline_timer aes xsave avx f16c rdrand lahf_lm abm 3dnowprefetch cpuid_fault epb invpcid_single pti ssbd ibrs ibpb stibp tpr_shadow vnmi flexpriority ept vpid fsgsbase tsc_adjust bmi1 avx2 smep bmi2 erms invpcid mpx rdseed adx smap clflushopt intel_pt xsaveopt xsavec xgetbv1 xsaves dtherm ida arat pln pts hwp hwp_notify hwp_act_window hwp_epp flush_l1d
bugs		: cpu_meltdown spectre_v1 spectre_v2 spec_store_bypass l1tf
bogomips	: 3984.00
clflush size	: 64
cache_alignment	: 64
address sizes	: 39 bits physical, 48 bits virtual
power management:

processor	: 4
vendor_id	: GenuineIntel
cpu family	: 6
model		: 142
model name	: Intel(R) Core(TM) i7-8550U CPU @ 1.80GHz
stepping	: 10
microcode	: 0x96
cpu MHz		: 3267.586
cache size	: 8192 KB
physical id	: 0
siblings	: 8
core id		: 0
cpu cores	: 4
apicid		: 1
initial apicid	: 1
fpu		: yes
fpu_exception	: yes
cpuid level	: 22
wp		: yes
flags		: fpu vme de pse tsc msr pae mce cx8 apic sep mtrr pge mca cmov pat pse36 clflush dts acpi mmx fxsr sse sse2 ss ht tm pbe syscall nx pdpe1gb rdtscp lm constant_tsc art arch_perfmon pebs bts rep_good nopl xtopology nonstop_tsc cpuid aperfmperf tsc_known_freq pni pclmulqdq dtes64 monitor ds_cpl vmx est tm2 ssse3 sdbg fma cx16 xtpr pdcm pcid sse4_1 sse4_2 x2apic movbe popcnt tsc_deadline_timer aes xsave avx f16c rdrand lahf_lm abm 3dnowprefetch cpuid_fault epb invpcid_single pti ssbd ibrs ibpb stibp tpr_shadow vnmi flexpriority ept vpid fsgsbase tsc_adjust bmi1 avx2 smep bmi2 erms invpcid mpx rdseed adx smap clflushopt intel_pt xsaveopt xsavec xgetbv1 xsaves dtherm ida arat pln pts hwp hwp_notify hwp_act_window hwp_epp flush_l1d
bugs		: cpu_meltdown spectre_v1 spectre_v2 spec_store_bypass l1tf
bogomips	: 3984.00
clflush size	: 64
cache_alignment	: 64
address sizes	: 39 bits physical, 48 bits virtual
power management:

processor	: 5
vendor_id	: GenuineIntel
cpu family	: 6
model		: 142
model name	: Intel(R) Core(TM) i7-8550U CPU @ 1.80GHz
stepping	: 10
microcode	: 0x96
cpu MHz		: 3215.222
cache size	: 8192 KB
physical id	: 0
siblings	: 8
core id		: 1
cpu cores	: 4
apicid		: 3
initial apicid	: 3
fpu		: yes
fpu_exception	: yes
cpuid level	: 22
wp		: yes
flags		: fpu vme de pse tsc msr pae mce cx8 apic sep mtrr pge mca cmov pat pse36 clflush dts acpi mmx fxsr sse sse2 ss ht tm pbe syscall nx pdpe1gb rdtscp lm constant_tsc art arch_perfmon pebs bts rep_good nopl xtopology nonstop_tsc cpuid aperfmperf tsc_known_freq pni pclmulqdq dtes64 monitor ds_cpl vmx est tm2 ssse3 sdbg fma cx16 xtpr pdcm pcid sse4_1 sse4_2 x2apic movbe popcnt tsc_deadline_timer aes xsave avx f16c rdrand lahf_lm abm 3dnowprefetch cpuid_fault epb invpcid_single pti ssbd ibrs ibpb stibp tpr_shadow vnmi flexpriority ept vpid fsgsbase tsc_adjust bmi1 avx2 smep bmi2 erms invpcid mpx rdseed adx smap clflushopt intel_pt xsaveopt xsavec xgetbv1 xsaves dtherm ida arat pln pts hwp hwp_notify hwp_act_window hwp_epp flush_l1d
bugs		: cpu_meltdown spectre_v1 spectre_v2 spec_store_bypass l1tf
bogomips	: 3984.00
clflush size	: 64
cache_alignment	: 64
address sizes	: 39 bits physical, 48 bits virtual
power management:

processor	: 6
vendor_id	: GenuineIntel
cpu family	: 6
model		: 142
model name	: Intel(R) Core(TM) i7-8550U CPU @ 1.80GHz
stepping	: 10
microcode	: 0x96
cpu MHz		: 3266.728
cache size	: 8192 KB
physical id	: 0
siblings	: 8
core id		: 2
cpu cores	: 4
apicid		: 5
initial apicid	: 5
fpu		: yes
fpu_exception	: yes
cpuid level	: 22
wp		: yes
flags		: fpu vme de pse tsc msr pae mce cx8 apic sep mtrr pge mca cmov pat pse36 clflush dts acpi mmx fxsr sse sse2 ss ht tm pbe syscall nx pdpe1gb rdtscp lm constant_tsc art arch_perfmon pebs bts rep_good nopl xtopology nonstop_tsc cpuid aperfmperf tsc_known_freq pni pclmulqdq dtes64 monitor ds_cpl vmx est tm2 ssse3 sdbg fma cx16 xtpr pdcm pcid sse4_1 sse4_2 x2apic movbe popcnt tsc_deadline_timer aes xsave avx f16c rdrand lahf_lm abm 3dnowprefetch cpuid_fault epb invpcid_single pti ssbd ibrs ibpb stibp tpr_shadow vnmi flexpriority ept vpid fsgsbase tsc_adjust bmi1 avx2 smep bmi2 erms invpcid mpx rdseed adx smap clflushopt intel_pt xsaveopt xsavec xgetbv1 xsaves dtherm ida arat pln pts hwp hwp_notify hwp_act_window hwp_epp flush_l1d
bugs		: cpu_meltdown spectre_v1 spectre_v2 spec_store_bypass l1tf
bogomips	: 3984.00
clflush size	: 64
cache_alignment	: 64
address sizes	: 39 bits physical, 48 bits virtual
power management:

processor	: 7
vendor_id	: GenuineIntel
cpu family	: 6
model		: 142
model name	: Intel(R) Core(TM) i7-8550U CPU @ 1.80GHz
stepping	: 10
microcode	: 0x96
cpu MHz		: 3275.307
cache size	: 8192 KB
physical id	: 0
siblings	: 8
core id		: 3
cpu cores	: 4
apicid		: 7
initial apicid	: 7
fpu		: yes
fpu_exception	: yes
cpuid level	: 22
wp		: yes
flags		: fpu vme de pse tsc msr pae mce cx8 apic sep mtrr pge mca cmov pat pse36 clflush dts acpi mmx fxsr sse sse2 ss ht tm pbe syscall nx pdpe1gb rdtscp lm constant_tsc art arch_perfmon pebs bts rep_good nopl xtopology nonstop_tsc cpuid aperfmperf tsc_known_freq pni pclmulqdq dtes64 monitor ds_cpl vmx est tm2 ssse3 sdbg fma cx16 xtpr pdcm pcid sse4_1 sse4_2 x2apic movbe popcnt tsc_deadline_timer aes xsave avx f16c rdrand lahf_lm abm 3dnowprefetch cpuid_fault epb invpcid_single pti ssbd ibrs ibpb stibp tpr_shadow vnmi flexpriority ept vpid fsgsbase tsc_adjust bmi1 avx2 smep bmi2 erms invpcid mpx rdseed adx smap clflushopt intel_pt xsaveopt xsavec xgetbv1 xsaves dtherm ida arat pln pts hwp hwp_notify hwp_act_window hwp_epp flush_l1d
bugs		: cpu_meltdown spectre_v1 spectre_v2 spec_store_bypass l1tf
bogomips	: 3984.00
clflush size	: 64
cache_alignment	: 64
address sizes	: 39 bits physical, 48 bits virtual
power management:



Memory: 4k page, physical 8021540k(237020k free), swap 2097148k(1970940k free)

vm_info: Java HotSpot(TM) 64-Bit Server VM (25.201-b09) for linux-amd64 JRE (1.8.0_201-b09), built on Dec 15 2018 11:35:59 by "java_re" with gcc 7.3.0

time: Sat Mar 16 15:40:55 2019
timezone: IST
elapsed time: 0 seconds (0d 0h 0m 0s)

