#
# A fatal error has been detected by the Java Runtime Environment:
#
#  SIGSEGV (0xb) at pc=0x00007f4bcd807783, pid=15352, tid=0x00007f4bceb1ab80
#
# JRE version: Java(TM) SE Runtime Environment (8.0_201-b09) (build 1.8.0_201-b09)
# Java VM: Java HotSpot(TM) 64-Bit Server VM (25.201-b09 mixed mode linux-amd64 compressed oops)
# Problematic frame:
# V  [libjvm.so+0x90b783]  SR_handler(int, siginfo*, ucontext*)+0x33
#
# Failed to write core dump. Core dumps have been disabled. To enable core dumping, try "ulimit -c unlimited" before starting Java again
#
# If you would like to submit a bug report, please visit:
#   http://bugreport.java.com/bugreport/crash.jsp
#

---------------  T H R E A D  ---------------

Current thread is native thread

siginfo: si_signo: 11 (SIGSEGV), si_code: 1 (SEGV_MAPERR), si_addr: 0x0000000000000128

Registers:
RAX=0x0000000000000000, RBX=0x00007f4bceb19700, RCX=0x00007f4bce6fad2d, RDX=0x00007f4bceb1aea0
RSP=0x00007ffec9d82140, RBP=0x00007ffec9d821f0, RSI=0x00007ffec9d82330, RDI=0x0000000000000001
R8 =0x00000000000000ca, R9 =0x00007f4bceb199d0, R10=0x0000000000000000, R11=0x0000000000000246
R12=0x00007f4bceb1ab00, R13=0x0000000000000002, R14=0x00007ffec9d82330, R15=0x00007ffec9d82200
RIP=0x00007f4bcd807783, EFLAGS=0x0000000000010246, CSGSFS=0x002b000000000033, ERR=0x0000000000000004
  TRAPNO=0x000000000000000e

Top of Stack: (sp=0x00007ffec9d82140)
0x00007ffec9d82140:   00007f4bcdefc75a 0000000000000000
0x00007ffec9d82150:   00007f4bcdef69d0 0000ffff00001fa0
0x00007ffec9d82160:   0000000000000000 00007f4bce04c2df
0x00007ffec9d82170:   3235333531d826a0 d459c2280fe51200
0x00007ffec9d82180:   00007ffec9d821c0 00007ffec9d821c0
0x00007ffec9d82190:   000000000000003f 00007f4bcda56ca7
0x00007ffec9d821a0:   00007ffec9d82358 00000000019f75c0
0x00007ffec9d821b0:   00007ffec9d82430 00007f4bcdf6d910
0x00007ffec9d821c0:   00000000fbad8001 00007f4bceb19700
0x00007ffec9d821d0:   0000000000000000 00007ffec9d828d0
0x00007ffec9d821e0:   0000000000000000 0000000000000001
0x00007ffec9d821f0:   00007ffec9d82938 00007f4bce704890
0x00007ffec9d82200:   0000000000000007 0000000000000000
0x00007ffec9d82210:   0000000000000000 00007f4b00000002
0x00007ffec9d82220:   0000000000000000 00000000000000ca
0x00007ffec9d82230:   00007f4bceb199d0 0000000000000000
0x00007ffec9d82240:   0000000000000246 0000000000000000
0x00007ffec9d82250:   00007ffec9d828d0 0000000000000000
0x00007ffec9d82260:   0000000000000001 00007f4bceb199d0
0x00007ffec9d82270:   0000000000000000 00007ffec9d82938
0x00007ffec9d82280:   00007f4bceb19700 0000000000003c03
0x00007ffec9d82290:   00000000000000ca 00007f4bce6fad2d
0x00007ffec9d822a0:   00007ffec9d828c0 00007f4bce6fad2b
0x00007ffec9d822b0:   0000000000000246 002b000000000033
0x00007ffec9d822c0:   0000000000000000 0000000000000000
0x00007ffec9d822d0:   0000000000000000 0000000000000000
0x00007ffec9d822e0:   00007ffec9d823c0 00007ffec9d82428
0x00007ffec9d822f0:   00007f4bceb1d748 00007f4bceb1c000
0x00007ffec9d82300:   0000000000000000 00007f4bce91c1ef
0x00007ffec9d82310:   0000000000000004 00007f4bce922754
0x00007ffec9d82320:   0000000000000001 0000000000000000
0x00007ffec9d82330:   000000000000000c 00007f4b00000000 

Instructions: (pc=0x00007f4bcd807783)
0x00007f4bcd807763:   48 81 ec 88 00 00 00 e8 81 1d 8f ff 44 8b 28 49
0x00007f4bcd807773:   89 c4 48 8d 05 2c 61 68 00 8b 38 e8 15 2c 8f ff
0x00007f4bcd807783:   48 8b 98 28 01 00 00 8b 83 a8 00 00 00 83 f8 01
0x00007f4bcd807793:   74 1b 45 89 2c 24 48 81 c4 88 00 00 00 5b 41 5c 

Register to memory mapping:

RAX=0x0000000000000000 is an unknown value
RBX=0x00007f4bceb19700 is pointing into the stack for thread: 0x00007f4bc800b000
RCX=0x00007f4bce6fad2d: <offset 0x8d2d> in /lib/x86_64-linux-gnu/libpthread.so.0 at 0x00007f4bce6f2000
RDX=0x00007f4bceb1aea0 is an unknown value
RSP=0x00007ffec9d82140 is an unknown value
RBP=0x00007ffec9d821f0 is an unknown value
RSI=0x00007ffec9d82330 is an unknown value
RDI=0x0000000000000001 is an unknown value
R8 =0x00000000000000ca is an unknown value
R9 =0x00007f4bceb199d0 is pointing into the stack for thread: 0x00007f4bc800b000
R10=0x0000000000000000 is an unknown value
R11=0x0000000000000246 is an unknown value
R12=0x00007f4bceb1ab00 is an unknown value
R13=0x0000000000000002 is an unknown value
R14=0x00007ffec9d82330 is an unknown value
R15=0x00007ffec9d82200 is an unknown value


Stack: [0x00007ffec9c8b000,0x00007ffec9d8b000],  sp=0x00007ffec9d82140,  free space=988k
Native frames: (J=compiled Java code, j=interpreted, Vv=VM code, C=native code)
V  [libjvm.so+0x90b783]  SR_handler(int, siginfo*, ucontext*)+0x33
C  [libpthread.so.0+0x12890]


---------------  P R O C E S S  ---------------

VM state:not at safepoint (normal execution)

VM Mutex/Monitor currently owned by a thread: None

heap address: 0x0000000085800000, size: 1960 MB, Compressed Oops mode: 32-bit
Narrow klass base: 0x0000000000000000, Narrow klass shift: 3
Compressed class space size: 1073741824 Address: 0x0000000100000000

Heap:
 PSYoungGen      total 36864K, used 9543K [0x00000000d7300000, 0x00000000d9c00000, 0x0000000100000000)
  eden space 31744K, 30% used [0x00000000d7300000,0x00000000d7c51e88,0x00000000d9200000)
  from space 5120K, 0% used [0x00000000d9700000,0x00000000d9700000,0x00000000d9c00000)
  to   space 5120K, 0% used [0x00000000d9200000,0x00000000d9200000,0x00000000d9700000)
 ParOldGen       total 84992K, used 0K [0x0000000085800000, 0x000000008ab00000, 0x00000000d7300000)
  object space 84992K, 0% used [0x0000000085800000,0x0000000085800000,0x000000008ab00000)
 Metaspace       used 4758K, capacity 5136K, committed 5248K, reserved 1056768K
  class space    used 560K, capacity 608K, committed 640K, reserved 1048576K

Card table byte_map: [0x00007f4bb8223000,0x00007f4bb85f8000] byte_map_base: 0x00007f4bb7df7000

Marking Bits: (ParMarkBitMap*) 0x00007f4bcdec7d80
 Begin Bits: [0x00007f4ba42c0000, 0x00007f4ba6160000)
 End Bits:   [0x00007f4ba6160000, 0x00007f4ba8000000)

Polling page: 0x00007f4bceb37000

CodeCache: size=245760Kb used=1748Kb max_used=1748Kb free=244011Kb
 bounds [0x00007f4bb89b8000, 0x00007f4bb8c28000, 0x00007f4bc79b8000]
 total_blobs=591 nmethods=317 adapters=188
 compilation: enabled

Compilation events (10 events):
Event: 0.263 Thread 0x00007f4bc80c9000  306       3       java.util.jar.Attributes$Name::hashCode (24 bytes)
Event: 0.263 Thread 0x00007f4bc80c9000 nmethod 306 0x00007f4bb8b63f10 code [0x00007f4bb8b64080, 0x00007f4bb8b64248]
Event: 0.263 Thread 0x00007f4bc80c9000  304       3       java.util.zip.InflaterInputStream::ensureOpen (18 bytes)
Event: 0.264 Thread 0x00007f4bc80c9000 nmethod 304 0x00007f4bb8b68e50 code [0x00007f4bb8b68fc0, 0x00007f4bb8b69208]
Event: 0.264 Thread 0x00007f4bc80c9000  307       3       sun.misc.URLClassPath::getResource (83 bytes)
Event: 0.265 Thread 0x00007f4bc80c9000 nmethod 307 0x00007f4bb8b692d0 code [0x00007f4bb8b69480, 0x00007f4bb8b69848]
Event: 0.265 Thread 0x00007f4bc80c9000  308   !   3       java.net.URLClassLoader::findClass (47 bytes)
Event: 0.267 Thread 0x00007f4bc80c9000 nmethod 308 0x00007f4bb8b699d0 code [0x00007f4bb8b69b80, 0x00007f4bb8b6a158]
Event: 0.267 Thread 0x00007f4bc80c9000  305       3       java.util.BitSet::wordIndex (5 bytes)
Event: 0.267 Thread 0x00007f4bc80c9000 nmethod 305 0x00007f4bb8b63c10 code [0x00007f4bb8b63d60, 0x00007f4bb8b63e90]

GC Heap History (0 events):
No events

Deoptimization events (2 events):
Event: 0.140 Thread 0x00007f4bc800b000 Uncommon trap: reason=unstable_if action=reinterpret pc=0x00007f4bb8b52834 method=java.lang.String.startsWith(Ljava/lang/String;I)Z @ 25
Event: 0.193 Thread 0x00007f4bc800b000 Uncommon trap: reason=unstable_if action=reinterpret pc=0x00007f4bb8b3b67c method=java.util.regex.Matcher.reset()Ljava/util/regex/Matcher; @ 47

Classes redefined (0 events):
No events

Internal exceptions (6 events):
Event: 0.018 Thread 0x00007f4bc800b000 Exception <a 'java/lang/NoSuchMethodError': Method sun.misc.Unsafe.defineClass(Ljava/lang/String;[BII)Ljava/lang/Class; name or signature does not match> (0x00000000d7307cb0) thrown at [/HUDSON/workspace/8-2-build-linux-amd64/jdk8u201/12317/hotspot/src/sh
Event: 0.018 Thread 0x00007f4bc800b000 Exception <a 'java/lang/NoSuchMethodError': Method sun.misc.Unsafe.prefetchRead(Ljava/lang/Object;J)V name or signature does not match> (0x00000000d7307f98) thrown at [/HUDSON/workspace/8-2-build-linux-amd64/jdk8u201/12317/hotspot/src/share/vm/prims/jni.c
Event: 0.076 Thread 0x00007f4bc800b000 Exception <a 'java/security/PrivilegedActionException'> (0x00000000d74a4560) thrown at [/HUDSON/workspace/8-2-build-linux-amd64/jdk8u201/12317/hotspot/src/share/vm/prims/jvm.cpp, line 1502]
Event: 0.076 Thread 0x00007f4bc800b000 Exception <a 'java/security/PrivilegedActionException'> (0x00000000d74a4770) thrown at [/HUDSON/workspace/8-2-build-linux-amd64/jdk8u201/12317/hotspot/src/share/vm/prims/jvm.cpp, line 1502]
Event: 0.076 Thread 0x00007f4bc800b000 Exception <a 'java/security/PrivilegedActionException'> (0x00000000d74a6b70) thrown at [/HUDSON/workspace/8-2-build-linux-amd64/jdk8u201/12317/hotspot/src/share/vm/prims/jvm.cpp, line 1502]
Event: 0.076 Thread 0x00007f4bc800b000 Exception <a 'java/security/PrivilegedActionException'> (0x00000000d74a6d80) thrown at [/HUDSON/workspace/8-2-build-linux-amd64/jdk8u201/12317/hotspot/src/share/vm/prims/jvm.cpp, line 1502]

Events (10 events):
Event: 0.271 loading class org/gradle/internal/logging/config/LoggingSourceSystem
Event: 0.271 loading class org/gradle/internal/logging/config/LoggingSourceSystem done
Event: 0.272 loading class org/gradle/internal/logging/config/LoggingSystem
Event: 0.272 loading class org/gradle/internal/logging/config/LoggingSystem done
Event: 0.273 loading class org/gradle/internal/logging/config/LoggingConfigurer
Event: 0.273 loading class org/gradle/internal/logging/config/LoggingConfigurer done
Event: 0.274 loading class org/gradle/internal/logging/config/LoggingRouter
Event: 0.274 loading class org/gradle/internal/logging/config/LoggingRouter done
Event: 0.274 loading class org/gradle/internal/logging/LoggingOutputInternal
Event: 0.274 loading class org/gradle/internal/logging/LoggingOutputInternal done


Dynamic libraries:
00400000-00401000 r-xp 00000000 08:06 8013769                            /usr/lib/jvm/jdk1.8.0_201/bin/java
00600000-00601000 r--p 00000000 08:06 8013769                            /usr/lib/jvm/jdk1.8.0_201/bin/java
00601000-00602000 rw-p 00001000 08:06 8013769                            /usr/lib/jvm/jdk1.8.0_201/bin/java
019f7000-01cc5000 rw-p 00000000 00:00 0                                  [heap]
85800000-8ab00000 rw-p 00000000 00:00 0 
8ab00000-d7300000 ---p 00000000 00:00 0 
d7300000-d9c00000 rw-p 00000000 00:00 0 
d9c00000-100000000 ---p 00000000 00:00 0 
100000000-1000a0000 rw-p 00000000 00:00 0 
1000a0000-140000000 ---p 00000000 00:00 0 
7f4b60000000-7f4b60021000 rw-p 00000000 00:00 0 
7f4b60021000-7f4b64000000 ---p 00000000 00:00 0 
7f4b68000000-7f4b68186000 rw-p 00000000 00:00 0 
7f4b68186000-7f4b6c000000 ---p 00000000 00:00 0 
7f4b6c000000-7f4b6c021000 rw-p 00000000 00:00 0 
7f4b6c021000-7f4b70000000 ---p 00000000 00:00 0 
7f4b70000000-7f4b70021000 rw-p 00000000 00:00 0 
7f4b70021000-7f4b74000000 ---p 00000000 00:00 0 
7f4b74000000-7f4b74030000 rw-p 00000000 00:00 0 
7f4b74030000-7f4b78000000 ---p 00000000 00:00 0 
7f4b78000000-7f4b78021000 rw-p 00000000 00:00 0 
7f4b78021000-7f4b7c000000 ---p 00000000 00:00 0 
7f4b7c000000-7f4b7c03e000 rw-p 00000000 00:00 0 
7f4b7c03e000-7f4b80000000 ---p 00000000 00:00 0 
7f4b80000000-7f4b80021000 rw-p 00000000 00:00 0 
7f4b80021000-7f4b84000000 ---p 00000000 00:00 0 
7f4b84000000-7f4b84021000 rw-p 00000000 00:00 0 
7f4b84021000-7f4b88000000 ---p 00000000 00:00 0 
7f4b88000000-7f4b88021000 rw-p 00000000 00:00 0 
7f4b88021000-7f4b8c000000 ---p 00000000 00:00 0 
7f4b8c000000-7f4b8c021000 rw-p 00000000 00:00 0 
7f4b8c021000-7f4b90000000 ---p 00000000 00:00 0 
7f4b90000000-7f4b90021000 rw-p 00000000 00:00 0 
7f4b90021000-7f4b94000000 ---p 00000000 00:00 0 
7f4b94000000-7f4b94021000 rw-p 00000000 00:00 0 
7f4b94021000-7f4b98000000 ---p 00000000 00:00 0 
7f4b98000000-7f4b98021000 rw-p 00000000 00:00 0 
7f4b98021000-7f4b9c000000 ---p 00000000 00:00 0 
7f4b9f720000-7f4b9f725000 r--s 00015000 08:06 131440                     /home/ermicho/.gradle/wrapper/dists/gradle-4.10.2-all/9fahxiiecdb76a5g3aw9oi8rv/gradle-4.10.2/lib/gradle-resources-4.10.2.jar
7f4b9f725000-7f4b9f726000 r--s 00003000 08:06 131447                     /home/ermicho/.gradle/wrapper/dists/gradle-4.10.2-all/9fahxiiecdb76a5g3aw9oi8rv/gradle-4.10.2/lib/gradle-build-option-4.10.2.jar
7f4b9f726000-7f4b9f728000 r--s 00004000 08:06 131460                     /home/ermicho/.gradle/wrapper/dists/gradle-4.10.2-all/9fahxiiecdb76a5g3aw9oi8rv/gradle-4.10.2/lib/log4j-over-slf4j-1.7.16.jar
7f4b9f728000-7f4b9f72a000 r--s 00000000 08:06 131459                     /home/ermicho/.gradle/wrapper/dists/gradle-4.10.2-all/9fahxiiecdb76a5g3aw9oi8rv/gradle-4.10.2/lib/jul-to-slf4j-1.7.16.jar
7f4b9f72a000-7f4b9f732000 r--s 00035000 08:06 131438                     /home/ermicho/.gradle/wrapper/dists/gradle-4.10.2-all/9fahxiiecdb76a5g3aw9oi8rv/gradle-4.10.2/lib/gradle-logging-4.10.2.jar
7f4b9f732000-7f4b9f741000 r--s 00085000 08:06 131443                     /home/ermicho/.gradle/wrapper/dists/gradle-4.10.2-all/9fahxiiecdb76a5g3aw9oi8rv/gradle-4.10.2/lib/gradle-model-core-4.10.2.jar
7f4b9f741000-7f4b9f74a000 r--s 0002d000 08:06 131472                     /home/ermicho/.gradle/wrapper/dists/gradle-4.10.2-all/9fahxiiecdb76a5g3aw9oi8rv/gradle-4.10.2/lib/xml-apis-1.4.01.jar
7f4b9f74a000-7f4b9f7bb000 r--s 00665000 08:06 131466                     /home/ermicho/.gradle/wrapper/dists/gradle-4.10.2-all/9fahxiiecdb76a5g3aw9oi8rv/gradle-4.10.2/lib/groovy-all-2.4.15.jar
7f4b9f7bb000-7f4b9f7c5000 r--s 00078000 08:06 131471                     /home/ermicho/.gradle/wrapper/dists/gradle-4.10.2-all/9fahxiiecdb76a5g3aw9oi8rv/gradle-4.10.2/lib/commons-compress-1.14.jar
7f4b9f7c5000-7f4b9f7d2000 r--s 00083000 08:06 131469                     /home/ermicho/.gradle/wrapper/dists/gradle-4.10.2-all/9fahxiiecdb76a5g3aw9oi8rv/gradle-4.10.2/lib/commons-collections-3.2.2.jar
7f4b9f7d2000-7f4b9f7e3000 r-xp 00000000 08:06 10888331                   /usr/lib/jvm/jdk1.8.0_201/jre/lib/amd64/libnio.so
7f4b9f7e3000-7f4b9f9e2000 ---p 00011000 08:06 10888331                   /usr/lib/jvm/jdk1.8.0_201/jre/lib/amd64/libnio.so
7f4b9f9e2000-7f4b9f9e3000 r--p 00010000 08:06 10888331                   /usr/lib/jvm/jdk1.8.0_201/jre/lib/amd64/libnio.so
7f4b9f9e3000-7f4b9f9e4000 rw-p 00011000 08:06 10888331                   /usr/lib/jvm/jdk1.8.0_201/jre/lib/amd64/libnio.so
7f4b9f9e4000-7f4b9f9fa000 r-xp 00000000 08:06 10888328                   /usr/lib/jvm/jdk1.8.0_201/jre/lib/amd64/libnet.so
7f4b9f9fa000-7f4b9fbfa000 ---p 00016000 08:06 10888328                   /usr/lib/jvm/jdk1.8.0_201/jre/lib/amd64/libnet.so
7f4b9fbfa000-7f4b9fbfb000 r--p 00016000 08:06 10888328                   /usr/lib/jvm/jdk1.8.0_201/jre/lib/amd64/libnet.so
7f4b9fbfb000-7f4b9fbfc000 rw-p 00017000 08:06 10888328                   /usr/lib/jvm/jdk1.8.0_201/jre/lib/amd64/libnet.so
7f4b9fbfc000-7f4b9fbfd000 ---p 00000000 00:00 0 
7f4b9fbfd000-7f4b9fcfd000 rw-p 00000000 00:00 0 
7f4b9fcfd000-7f4b9fd00000 ---p 00000000 00:00 0 
7f4b9fd00000-7f4b9fdfe000 rw-p 00000000 00:00 0 
7f4b9fdfe000-7f4b9fdff000 ---p 00000000 00:00 0 
7f4b9fdff000-7f4b9fe02000 ---p 00000000 00:00 0 
7f4b9fe02000-7f4b9feff000 rw-p 00000000 00:00 0 
7f4b9feff000-7f4b9ff00000 ---p 00000000 00:00 0 
7f4b9ff00000-7f4b9ff03000 ---p 00000000 00:00 0 
7f4b9ff03000-7f4ba0000000 rw-p 00000000 00:00 0 
7f4ba0000000-7f4ba0021000 rw-p 00000000 00:00 0 
7f4ba0021000-7f4ba4000000 ---p 00000000 00:00 0 
7f4ba4000000-7f4ba4001000 r--s 00006000 08:06 131448                     /home/ermicho/.gradle/wrapper/dists/gradle-4.10.2-all/9fahxiiecdb76a5g3aw9oi8rv/gradle-4.10.2/lib/gradle-cli-4.10.2.jar
7f4ba4001000-7f4ba4003000 r--s 00003000 08:06 131458                     /home/ermicho/.gradle/wrapper/dists/gradle-4.10.2-all/9fahxiiecdb76a5g3aw9oi8rv/gradle-4.10.2/lib/jcl-over-slf4j-1.7.16.jar
7f4ba4003000-7f4ba4005000 r--s 00006000 08:06 131444                     /home/ermicho/.gradle/wrapper/dists/gradle-4.10.2-all/9fahxiiecdb76a5g3aw9oi8rv/gradle-4.10.2/lib/gradle-base-services-groovy-4.10.2.jar
7f4ba4005000-7f4ba4007000 r--s 00007000 08:06 131442                     /home/ermicho/.gradle/wrapper/dists/gradle-4.10.2-all/9fahxiiecdb76a5g3aw9oi8rv/gradle-4.10.2/lib/gradle-model-groovy-4.10.2.jar
7f4ba4007000-7f4ba4008000 r--s 00006000 08:06 131449                     /home/ermicho/.gradle/wrapper/dists/gradle-4.10.2-all/9fahxiiecdb76a5g3aw9oi8rv/gradle-4.10.2/lib/gradle-docs-4.10.2.jar
7f4ba4008000-7f4ba4009000 r--s 00000000 08:06 131468                     /home/ermicho/.gradle/wrapper/dists/gradle-4.10.2-all/9fahxiiecdb76a5g3aw9oi8rv/gradle-4.10.2/lib/javax.inject-1.jar
7f4ba4009000-7f4ba400a000 r--s 00007000 08:06 131451                     /home/ermicho/.gradle/wrapper/dists/gradle-4.10.2-all/9fahxiiecdb76a5g3aw9oi8rv/gradle-4.10.2/lib/asm-analysis-6.2.jar
7f4ba400a000-7f4ba400c000 r--s 0000b000 08:06 131452                     /home/ermicho/.gradle/wrapper/dists/gradle-4.10.2-all/9fahxiiecdb76a5g3aw9oi8rv/gradle-4.10.2/lib/asm-tree-6.2.jar
7f4ba400c000-7f4ba400e000 r--s 00012000 08:06 131450                     /home/ermicho/.gradle/wrapper/dists/gradle-4.10.2-all/9fahxiiecdb76a5g3aw9oi8rv/gradle-4.10.2/lib/asm-commons-6.2.jar
7f4ba400e000-7f4ba400f000 r--s 00004000 08:06 131475                     /home/ermicho/.gradle/wrapper/dists/gradle-4.10.2-all/9fahxiiecdb76a5g3aw9oi8rv/gradle-4.10.2/lib/native-platform-freebsd-amd64-libcpp-0.14.jar
7f4ba400f000-7f4ba4010000 r--s 00004000 08:06 131476                     /home/ermicho/.gradle/wrapper/dists/gradle-4.10.2-all/9fahxiiecdb76a5g3aw9oi8rv/gradle-4.10.2/lib/native-platform-freebsd-amd64-libstdcpp-0.14.jar
7f4ba4010000-7f4ba4011000 r--s 00004000 08:06 131477                     /home/ermicho/.gradle/wrapper/dists/gradle-4.10.2-all/9fahxiiecdb76a5g3aw9oi8rv/gradle-4.10.2/lib/native-platform-freebsd-i386-libcpp-0.14.jar
7f4ba4011000-7f4ba4012000 r--s 00003000 08:06 131478                     /home/ermicho/.gradle/wrapper/dists/gradle-4.10.2-all/9fahxiiecdb76a5g3aw9oi8rv/gradle-4.10.2/lib/native-platform-freebsd-i386-libstdcpp-0.14.jar
7f4ba4012000-7f4ba4013000 r--s 00002000 08:06 131479                     /home/ermicho/.gradle/wrapper/dists/gradle-4.10.2-all/9fahxiiecdb76a5g3aw9oi8rv/gradle-4.10.2/lib/native-platform-linux-amd64-0.14.jar
7f4ba4013000-7f4ba4014000 r--s 00002000 08:06 131480                     /home/ermicho/.gradle/wrapper/dists/gradle-4.10.2-all/9fahxiiecdb76a5g3aw9oi8rv/gradle-4.10.2/lib/native-platform-linux-i386-0.14.jar
7f4ba4014000-7f4ba4016000 r--s 00002000 08:06 131481                     /home/ermicho/.gradle/wrapper/dists/gradle-4.10.2-all/9fahxiiecdb76a5g3aw9oi8rv/gradle-4.10.2/lib/native-platform-osx-amd64-0.14.jar
7f4ba4016000-7f4ba4017000 r--s 00003000 08:06 131482                     /home/ermicho/.gradle/wrapper/dists/gradle-4.10.2-all/9fahxiiecdb76a5g3aw9oi8rv/gradle-4.10.2/lib/native-platform-osx-i386-0.14.jar
7f4ba4017000-7f4ba4019000 r--s 0000b000 08:06 131483                     /home/ermicho/.gradle/wrapper/dists/gradle-4.10.2-all/9fahxiiecdb76a5g3aw9oi8rv/gradle-4.10.2/lib/native-platform-windows-amd64-0.14.jar
7f4ba4019000-7f4ba401a000 r--s 0000b000 08:06 131484                     /home/ermicho/.gradle/wrapper/dists/gradle-4.10.2-all/9fahxiiecdb76a5g3aw9oi8rv/gradle-4.10.2/lib/native-platform-windows-i386-0.14.jar
7f4ba401a000-7f4ba401b000 r--s 00001000 08:06 131485                     /home/ermicho/.gradle/wrapper/dists/gradle-4.10.2-all/9fahxiiecdb76a5g3aw9oi8rv/gradle-4.10.2/lib/native-platform-linux-amd64-ncurses5-0.14.jar
7f4ba401b000-7f4ba401c000 r--s 00001000 08:06 131486                     /home/ermicho/.gradle/wrapper/dists/gradle-4.10.2-all/9fahxiiecdb76a5g3aw9oi8rv/gradle-4.10.2/lib/native-platform-linux-amd64-ncurses6-0.14.jar
7f4ba401c000-7f4ba4020000 r--s 00012000 08:06 131470                     /home/ermicho/.gradle/wrapper/dists/gradle-4.10.2-all/9fahxiiecdb76a5g3aw9oi8rv/gradle-4.10.2/lib/native-platform-0.14.jar
7f4ba4020000-7f4ba4023000 r--s 00023000 08:06 131473                     /home/ermicho/.gradle/wrapper/dists/gradle-4.10.2-all/9fahxiiecdb76a5g3aw9oi8rv/gradle-4.10.2/lib/jansi-1.14.jar
7f4ba4023000-7f4ba4027000 r--s 0000c000 08:06 131441                     /home/ermicho/.gradle/wrapper/dists/gradle-4.10.2-all/9fahxiiecdb76a5g3aw9oi8rv/gradle-4.10.2/lib/gradle-native-4.10.2.jar
7f4ba4027000-7f4ba4029000 r--s 0000f000 08:06 131454                     /home/ermicho/.gradle/wrapper/dists/gradle-4.10.2-all/9fahxiiecdb76a5g3aw9oi8rv/gradle-4.10.2/lib/reflectasm-1.07-shaded.jar
7f4ba4029000-7f4ba402b000 r--s 00000000 08:06 131489                     /home/ermicho/.gradle/wrapper/dists/gradle-4.10.2-all/9fahxiiecdb76a5g3aw9oi8rv/gradle-4.10.2/lib/minlog-1.2.jar
7f4ba402b000-7f4ba402d000 r--s 00007000 08:06 131490                     /home/ermicho/.gradle/wrapper/dists/gradle-4.10.2-all/9fahxiiecdb76a5g3aw9oi8rv/gradle-4.10.2/lib/objenesis-1.2.jar
7f4ba402d000-7f4ba4031000 r--s 00026000 08:06 131453                     /home/ermicho/.gradle/wrapper/dists/gradle-4.10.2-all/9fahxiiecdb76a5g3aw9oi8rv/gradle-4.10.2/lib/kryo-2.20.jar
7f4ba4031000-7f4ba4059000 r--s 001cf000 08:06 131462                     /home/ermicho/.gradle/wrapper/dists/gradle-4.10.2-all/9fahxiiecdb76a5g3aw9oi8rv/gradle-4.10.2/lib/guava-jdk5-17.0.jar
7f4ba4059000-7f4ba4078000 r--s 001d9000 08:06 131467                     /home/ermicho/.gradle/wrapper/dists/gradle-4.10.2-all/9fahxiiecdb76a5g3aw9oi8rv/gradle-4.10.2/lib/ant-1.9.11.jar
7f4ba4078000-7f4ba40be000 r--s 00265000 08:06 131433                     /home/ermicho/.gradle/wrapper/dists/gradle-4.10.2-all/9fahxiiecdb76a5g3aw9oi8rv/gradle-4.10.2/lib/gradle-core-4.10.2.jar
7f4ba40be000-7f4ba40bf000 ---p 00000000 00:00 0 
7f4ba40bf000-7f4ba40c2000 ---p 00000000 00:00 0 
7f4ba40c2000-7f4ba41bf000 rw-p 00000000 00:00 0 
7f4ba41bf000-7f4ba41c0000 ---p 00000000 00:00 0 
7f4ba41c0000-7f4ba41c3000 ---p 00000000 00:00 0 
7f4ba41c3000-7f4ba8000000 rw-p 00000000 00:00 0 
7f4ba8000000-7f4ba8021000 rw-p 00000000 00:00 0 
7f4ba8021000-7f4bac000000 ---p 00000000 00:00 0 
7f4bac000000-7f4bac021000 rw-p 00000000 00:00 0 
7f4bac021000-7f4bb0000000 ---p 00000000 00:00 0 
7f4bb0000000-7f4bb0021000 rw-p 00000000 00:00 0 
7f4bb0021000-7f4bb4000000 ---p 00000000 00:00 0 
7f4bb4000000-7f4bb4001000 r--s 00001000 08:06 131487                     /home/ermicho/.gradle/wrapper/dists/gradle-4.10.2-all/9fahxiiecdb76a5g3aw9oi8rv/gradle-4.10.2/lib/native-platform-linux-i386-ncurses5-0.14.jar
7f4bb4001000-7f4bb4008000 r--s 0002d000 08:06 131445                     /home/ermicho/.gradle/wrapper/dists/gradle-4.10.2-all/9fahxiiecdb76a5g3aw9oi8rv/gradle-4.10.2/lib/gradle-messaging-4.10.2.jar
7f4bb4008000-7f4bb400a000 r--s 00006000 08:06 131439                     /home/ermicho/.gradle/wrapper/dists/gradle-4.10.2-all/9fahxiiecdb76a5g3aw9oi8rv/gradle-4.10.2/lib/gradle-process-services-4.10.2.jar
7f4bb400a000-7f4bb400c000 r--s 00000000 08:06 131434                     /home/ermicho/.gradle/wrapper/dists/gradle-4.10.2-all/9fahxiiecdb76a5g3aw9oi8rv/gradle-4.10.2/lib/gradle-jvm-services-4.10.2.jar
7f4bb400c000-7f4bb4019000 r--s 00037000 08:06 131435                     /home/ermicho/.gradle/wrapper/dists/gradle-4.10.2-all/9fahxiiecdb76a5g3aw9oi8rv/gradle-4.10.2/lib/gradle-core-api-4.10.2.jar
7f4bb4019000-7f4bb4025000 r--s 00064000 08:06 131446                     /home/ermicho/.gradle/wrapper/dists/gradle-4.10.2-all/9fahxiiecdb76a5g3aw9oi8rv/gradle-4.10.2/lib/gradle-base-services-4.10.2.jar
7f4bb4025000-7f4bb4028000 ---p 00000000 00:00 0 
7f4bb4028000-7f4bb4126000 rw-p 00000000 00:00 0 
7f4bb4126000-7f4bb4af5000 r--p 00000000 08:06 662140                     /usr/lib/locale/locale-archive
7f4bb4af5000-7f4bb4af8000 ---p 00000000 00:00 0 
7f4bb4af8000-7f4bb4bf6000 rw-p 00000000 00:00 0 
7f4bb4bf6000-7f4bb4bf9000 ---p 00000000 00:00 0 
7f4bb4bf9000-7f4bb4cf7000 rw-p 00000000 00:00 0 
7f4bb4cf7000-7f4bb4cf8000 ---p 00000000 00:00 0 
7f4bb4cf8000-7f4bb6a6a000 rw-p 00000000 00:00 0 
7f4bb6a6a000-7f4bb6c44000 r--s 03d6f000 08:06 10888034                   /usr/lib/jvm/jdk1.8.0_201/jre/lib/rt.jar
7f4bb6c44000-7f4bb713a000 rw-p 00000000 00:00 0 
7f4bb713a000-7f4bb74ba000 ---p 00000000 00:00 0 
7f4bb74ba000-7f4bb788e000 rw-p 00000000 00:00 0 
7f4bb788e000-7f4bb788f000 ---p 00000000 00:00 0 
7f4bb788f000-7f4bb798f000 rw-p 00000000 00:00 0 
7f4bb798f000-7f4bb7990000 ---p 00000000 00:00 0 
7f4bb7990000-7f4bb7a90000 rw-p 00000000 00:00 0 
7f4bb7a90000-7f4bb7a91000 ---p 00000000 00:00 0 
7f4bb7a91000-7f4bb7b91000 rw-p 00000000 00:00 0 
7f4bb7b91000-7f4bb7b92000 ---p 00000000 00:00 0 
7f4bb7b92000-7f4bb7c92000 rw-p 00000000 00:00 0 
7f4bb7c92000-7f4bb7c93000 ---p 00000000 00:00 0 
7f4bb7c93000-7f4bb7d93000 rw-p 00000000 00:00 0 
7f4bb7d93000-7f4bb7d94000 ---p 00000000 00:00 0 
7f4bb7d94000-7f4bb7e94000 rw-p 00000000 00:00 0 
7f4bb7e94000-7f4bb7e95000 ---p 00000000 00:00 0 
7f4bb7e95000-7f4bb7fbf000 rw-p 00000000 00:00 0 
7f4bb7fbf000-7f4bb8223000 ---p 00000000 00:00 0 
7f4bb8223000-7f4bb824d000 rw-p 00000000 00:00 0 
7f4bb824d000-7f4bb84b0000 ---p 00000000 00:00 0 
7f4bb84b0000-7f4bb84c5000 rw-p 00000000 00:00 0 
7f4bb84c5000-7f4bb85f7000 ---p 00000000 00:00 0 
7f4bb85f7000-7f4bb8602000 rw-p 00000000 00:00 0 
7f4bb8602000-7f4bb89b8000 ---p 00000000 00:00 0 
7f4bb89b8000-7f4bb8c28000 rwxp 00000000 00:00 0 
7f4bb8c28000-7f4bc79b8000 ---p 00000000 00:00 0 
7f4bc79b8000-7f4bc79d3000 r-xp 00000000 08:06 10888324                   /usr/lib/jvm/jdk1.8.0_201/jre/lib/amd64/libzip.so
7f4bc79d3000-7f4bc7bd2000 ---p 0001b000 08:06 10888324                   /usr/lib/jvm/jdk1.8.0_201/jre/lib/amd64/libzip.so
7f4bc7bd2000-7f4bc7bd3000 r--p 0001a000 08:06 10888324                   /usr/lib/jvm/jdk1.8.0_201/jre/lib/amd64/libzip.so
7f4bc7bd3000-7f4bc7bd4000 rw-p 0001b000 08:06 10888324                   /usr/lib/jvm/jdk1.8.0_201/jre/lib/amd64/libzip.so
7f4bc7bd4000-7f4bc7bdf000 r-xp 00000000 08:06 3937066                    /lib/x86_64-linux-gnu/libnss_files-2.27.so
7f4bc7bdf000-7f4bc7dde000 ---p 0000b000 08:06 3937066                    /lib/x86_64-linux-gnu/libnss_files-2.27.so
7f4bc7dde000-7f4bc7ddf000 r--p 0000a000 08:06 3937066                    /lib/x86_64-linux-gnu/libnss_files-2.27.so
7f4bc7ddf000-7f4bc7de0000 rw-p 0000b000 08:06 3937066                    /lib/x86_64-linux-gnu/libnss_files-2.27.so
7f4bc7de0000-7f4bc7de6000 rw-p 00000000 00:00 0 
7f4bc7de6000-7f4bc7dfd000 r-xp 00000000 08:06 3937060                    /lib/x86_64-linux-gnu/libnsl-2.27.so
7f4bc7dfd000-7f4bc7ffc000 ---p 00017000 08:06 3937060                    /lib/x86_64-linux-gnu/libnsl-2.27.so
7f4bc7ffc000-7f4bc7ffd000 r--p 00016000 08:06 3937060                    /lib/x86_64-linux-gnu/libnsl-2.27.so
7f4bc7ffd000-7f4bc7ffe000 rw-p 00017000 08:06 3937060                    /lib/x86_64-linux-gnu/libnsl-2.27.so
7f4bc7ffe000-7f4bc8000000 rw-p 00000000 00:00 0 
7f4bc8000000-7f4bc8550000 rw-p 00000000 00:00 0 
7f4bc8550000-7f4bcc000000 ---p 00000000 00:00 0 
7f4bcc000000-7f4bcc001000 r--s 00001000 08:06 131488                     /home/ermicho/.gradle/wrapper/dists/gradle-4.10.2-all/9fahxiiecdb76a5g3aw9oi8rv/gradle-4.10.2/lib/native-platform-linux-i386-ncurses6-0.14.jar
7f4bcc001000-7f4bcc002000 ---p 00000000 00:00 0 
7f4bcc002000-7f4bcc102000 rw-p 00000000 00:00 0 
7f4bcc102000-7f4bcc10d000 r-xp 00000000 08:06 3937077                    /lib/x86_64-linux-gnu/libnss_nis-2.27.so
7f4bcc10d000-7f4bcc30c000 ---p 0000b000 08:06 3937077                    /lib/x86_64-linux-gnu/libnss_nis-2.27.so
7f4bcc30c000-7f4bcc30d000 r--p 0000a000 08:06 3937077                    /lib/x86_64-linux-gnu/libnss_nis-2.27.so
7f4bcc30d000-7f4bcc30e000 rw-p 0000b000 08:06 3937077                    /lib/x86_64-linux-gnu/libnss_nis-2.27.so
7f4bcc30e000-7f4bcc316000 r-xp 00000000 08:06 3937062                    /lib/x86_64-linux-gnu/libnss_compat-2.27.so
7f4bcc316000-7f4bcc516000 ---p 00008000 08:06 3937062                    /lib/x86_64-linux-gnu/libnss_compat-2.27.so
7f4bcc516000-7f4bcc517000 r--p 00008000 08:06 3937062                    /lib/x86_64-linux-gnu/libnss_compat-2.27.so
7f4bcc517000-7f4bcc518000 rw-p 00009000 08:06 3937062                    /lib/x86_64-linux-gnu/libnss_compat-2.27.so
7f4bcc518000-7f4bcc544000 r-xp 00000000 08:06 10888318                   /usr/lib/jvm/jdk1.8.0_201/jre/lib/amd64/libjava.so
7f4bcc544000-7f4bcc744000 ---p 0002c000 08:06 10888318                   /usr/lib/jvm/jdk1.8.0_201/jre/lib/amd64/libjava.so
7f4bcc744000-7f4bcc745000 r--p 0002c000 08:06 10888318                   /usr/lib/jvm/jdk1.8.0_201/jre/lib/amd64/libjava.so
7f4bcc745000-7f4bcc747000 rw-p 0002d000 08:06 10888318                   /usr/lib/jvm/jdk1.8.0_201/jre/lib/amd64/libjava.so
7f4bcc747000-7f4bcc754000 r-xp 00000000 08:06 10888323                   /usr/lib/jvm/jdk1.8.0_201/jre/lib/amd64/libverify.so
7f4bcc754000-7f4bcc953000 ---p 0000d000 08:06 10888323                   /usr/lib/jvm/jdk1.8.0_201/jre/lib/amd64/libverify.so
7f4bcc953000-7f4bcc955000 r--p 0000c000 08:06 10888323                   /usr/lib/jvm/jdk1.8.0_201/jre/lib/amd64/libverify.so
7f4bcc955000-7f4bcc956000 rw-p 0000e000 08:06 10888323                   /usr/lib/jvm/jdk1.8.0_201/jre/lib/amd64/libverify.so
7f4bcc956000-7f4bcc95d000 r-xp 00000000 08:06 3937117                    /lib/x86_64-linux-gnu/librt-2.27.so
7f4bcc95d000-7f4bccb5c000 ---p 00007000 08:06 3937117                    /lib/x86_64-linux-gnu/librt-2.27.so
7f4bccb5c000-7f4bccb5d000 r--p 00006000 08:06 3937117                    /lib/x86_64-linux-gnu/librt-2.27.so
7f4bccb5d000-7f4bccb5e000 rw-p 00007000 08:06 3937117                    /lib/x86_64-linux-gnu/librt-2.27.so
7f4bccb5e000-7f4bcccfb000 r-xp 00000000 08:06 3937039                    /lib/x86_64-linux-gnu/libm-2.27.so
7f4bcccfb000-7f4bccefa000 ---p 0019d000 08:06 3937039                    /lib/x86_64-linux-gnu/libm-2.27.so
7f4bccefa000-7f4bccefb000 r--p 0019c000 08:06 3937039                    /lib/x86_64-linux-gnu/libm-2.27.so
7f4bccefb000-7f4bccefc000 rw-p 0019d000 08:06 3937039                    /lib/x86_64-linux-gnu/libm-2.27.so
7f4bccefc000-7f4bcdbe4000 r-xp 00000000 08:06 10888346                   /usr/lib/jvm/jdk1.8.0_201/jre/lib/amd64/server/libjvm.so
7f4bcdbe4000-7f4bcdde3000 ---p 00ce8000 08:06 10888346                   /usr/lib/jvm/jdk1.8.0_201/jre/lib/amd64/server/libjvm.so
7f4bcdde3000-7f4bcde79000 r--p 00ce7000 08:06 10888346                   /usr/lib/jvm/jdk1.8.0_201/jre/lib/amd64/server/libjvm.so
7f4bcde79000-7f4bcdeaa000 rw-p 00d7d000 08:06 10888346                   /usr/lib/jvm/jdk1.8.0_201/jre/lib/amd64/server/libjvm.so
7f4bcdeaa000-7f4bcdee5000 rw-p 00000000 00:00 0 
7f4bcdee5000-7f4bce0cc000 r-xp 00000000 08:06 3936976                    /lib/x86_64-linux-gnu/libc-2.27.so
7f4bce0cc000-7f4bce2cc000 ---p 001e7000 08:06 3936976                    /lib/x86_64-linux-gnu/libc-2.27.so
7f4bce2cc000-7f4bce2d0000 r--p 001e7000 08:06 3936976                    /lib/x86_64-linux-gnu/libc-2.27.so
7f4bce2d0000-7f4bce2d2000 rw-p 001eb000 08:06 3936976                    /lib/x86_64-linux-gnu/libc-2.27.so
7f4bce2d2000-7f4bce2d6000 rw-p 00000000 00:00 0 
7f4bce2d6000-7f4bce2d9000 r-xp 00000000 08:06 3936999                    /lib/x86_64-linux-gnu/libdl-2.27.so
7f4bce2d9000-7f4bce4d8000 ---p 00003000 08:06 3936999                    /lib/x86_64-linux-gnu/libdl-2.27.so
7f4bce4d8000-7f4bce4d9000 r--p 00002000 08:06 3936999                    /lib/x86_64-linux-gnu/libdl-2.27.so
7f4bce4d9000-7f4bce4da000 rw-p 00003000 08:06 3936999                    /lib/x86_64-linux-gnu/libdl-2.27.so
7f4bce4da000-7f4bce4f1000 r-xp 00000000 08:06 9054391                    /usr/lib/jvm/jdk1.8.0_201/lib/amd64/jli/libjli.so
7f4bce4f1000-7f4bce6f0000 ---p 00017000 08:06 9054391                    /usr/lib/jvm/jdk1.8.0_201/lib/amd64/jli/libjli.so
7f4bce6f0000-7f4bce6f1000 r--p 00016000 08:06 9054391                    /usr/lib/jvm/jdk1.8.0_201/lib/amd64/jli/libjli.so
7f4bce6f1000-7f4bce6f2000 rw-p 00017000 08:06 9054391                    /usr/lib/jvm/jdk1.8.0_201/lib/amd64/jli/libjli.so
7f4bce6f2000-7f4bce70c000 r-xp 00000000 08:06 3937109                    /lib/x86_64-linux-gnu/libpthread-2.27.so
7f4bce70c000-7f4bce90b000 ---p 0001a000 08:06 3937109                    /lib/x86_64-linux-gnu/libpthread-2.27.so
7f4bce90b000-7f4bce90c000 r--p 00019000 08:06 3937109                    /lib/x86_64-linux-gnu/libpthread-2.27.so
7f4bce90c000-7f4bce90d000 rw-p 0001a000 08:06 3937109                    /lib/x86_64-linux-gnu/libpthread-2.27.so
7f4bce90d000-7f4bce911000 rw-p 00000000 00:00 0 
7f4bce911000-7f4bce938000 r-xp 00000000 08:06 3936948                    /lib/x86_64-linux-gnu/ld-2.27.so
7f4bce938000-7f4bce93a000 r--s 00006000 08:06 131463                     /home/ermicho/.gradle/wrapper/dists/gradle-4.10.2-all/9fahxiiecdb76a5g3aw9oi8rv/gradle-4.10.2/lib/jsr305-2.0.1.jar
7f4bce93a000-7f4bce93d000 r--s 0001a000 08:06 131464                     /home/ermicho/.gradle/wrapper/dists/gradle-4.10.2-all/9fahxiiecdb76a5g3aw9oi8rv/gradle-4.10.2/lib/fastutil-7.2.1-min.jar
7f4bce93d000-7f4bce941000 r--s 0002a000 08:06 131456                     /home/ermicho/.gradle/wrapper/dists/gradle-4.10.2-all/9fahxiiecdb76a5g3aw9oi8rv/gradle-4.10.2/lib/commons-io-2.4.jar
7f4bce941000-7f4bce94e000 r--s 00068000 08:06 131428                     /home/ermicho/.gradle/wrapper/dists/gradle-4.10.2-all/9fahxiiecdb76a5g3aw9oi8rv/gradle-4.10.2/lib/gradle-launcher-4.10.2.jar
7f4bce94e000-7f4bcea19000 rw-p 00000000 00:00 0 
7f4bcea19000-7f4bcea1a000 ---p 00000000 00:00 0 
7f4bcea1a000-7f4bcea1d000 ---p 00000000 00:00 0 
7f4bcea1d000-7f4bceb1e000 rw-p 00000000 00:00 0 
7f4bceb1e000-7f4bceb1f000 r--s 00000000 08:06 131465                     /home/ermicho/.gradle/wrapper/dists/gradle-4.10.2-all/9fahxiiecdb76a5g3aw9oi8rv/gradle-4.10.2/lib/jcip-annotations-1.0.jar
7f4bceb1f000-7f4bceb21000 r--s 0001a000 08:06 131455                     /home/ermicho/.gradle/wrapper/dists/gradle-4.10.2-all/9fahxiiecdb76a5g3aw9oi8rv/gradle-4.10.2/lib/asm-6.2.jar
7f4bceb21000-7f4bceb22000 r--s 00009000 08:06 131461                     /home/ermicho/.gradle/wrapper/dists/gradle-4.10.2-all/9fahxiiecdb76a5g3aw9oi8rv/gradle-4.10.2/lib/slf4j-api-1.7.16.jar
7f4bceb22000-7f4bceb27000 r--s 00041000 08:06 131457                     /home/ermicho/.gradle/wrapper/dists/gradle-4.10.2-all/9fahxiiecdb76a5g3aw9oi8rv/gradle-4.10.2/lib/commons-lang-2.6.jar
7f4bceb27000-7f4bceb28000 r--s 00004000 08:06 131474                     /home/ermicho/.gradle/wrapper/dists/gradle-4.10.2-all/9fahxiiecdb76a5g3aw9oi8rv/gradle-4.10.2/lib/ant-launcher-1.9.11.jar
7f4bceb28000-7f4bceb2c000 r--s 000a1000 08:06 10888039                   /usr/lib/jvm/jdk1.8.0_201/jre/lib/jsse.jar
7f4bceb2c000-7f4bceb2e000 r--s 0000c000 08:06 4234248                    /home/ermicho/projects/react-native/sidebar/android/gradle/wrapper/gradle-wrapper.jar
7f4bceb2e000-7f4bceb36000 rw-s 00000000 08:06 13139566                   /tmp/hsperfdata_ermicho/15352
7f4bceb36000-7f4bceb37000 rw-p 00000000 00:00 0 
7f4bceb37000-7f4bceb38000 r--p 00000000 00:00 0 
7f4bceb38000-7f4bceb39000 r--p 00027000 08:06 3936948                    /lib/x86_64-linux-gnu/ld-2.27.so
7f4bceb39000-7f4bceb3a000 rw-p 00028000 08:06 3936948                    /lib/x86_64-linux-gnu/ld-2.27.so
7f4bceb3a000-7f4bceb3b000 rw-p 00000000 00:00 0 
7ffec9d68000-7ffec9d8b000 rw-p 00000000 00:00 0                          [stack]
7ffec9de1000-7ffec9de4000 r--p 00000000 00:00 0                          [vvar]
7ffec9de4000-7ffec9de6000 r-xp 00000000 00:00 0                          [vdso]
ffffffffff600000-ffffffffff601000 r-xp 00000000 00:00 0                  [vsyscall]

VM Arguments:
jvm_args: -Dorg.gradle.appname=gradlew 
java_command: org.gradle.wrapper.GradleWrapperMain app:installDebug
java_class_path (initial): /home/ermicho/projects/react-native/sidebar/android/gradle/wrapper/gradle-wrapper.jar
Launcher Type: SUN_STANDARD

Environment Variables:
JAVA_HOME=/usr/lib/jvm/jdk1.8.0_201
PATH=/home/ermicho/projects/react-native/sidebar/node_modules/.bin:/usr/local/lib/node_modules/npm/node_modules/npm-lifecycle/node-gyp-bin:/home/ermicho/projects/react-native/sidebar/node_modules/.bin:/usr/local/sbin:/usr/local/bin:/usr/sbin:/usr/bin:/sbin:/bin:/usr/games:/usr/local/games:/snap/bin:/home/ermicho/Android/Sdk/tools:/home/ermicho/Android/Sdk/tools/bin:/home/ermicho/Android/Sdk/platform-tools:/home/ermicho/Android/Sdk/emulator:/home/ermicho/Android/Sdk/tools/bin:/home/ermicho/Android/Sdk/platform-tools
USERNAME=ermicho
SHELL=/bin/bash
DISPLAY=:0

Signal Handlers:
SIGSEGV: [libjvm.so+0xad3e60], sa_mask[0]=11111111011111111101111111111110, sa_flags=SA_RESTART|SA_SIGINFO
SIGBUS: [libjvm.so+0xad3e60], sa_mask[0]=11111111011111111101111111111110, sa_flags=SA_RESTART|SA_SIGINFO
SIGFPE: [libjvm.so+0x90b880], sa_mask[0]=11111111011111111101111111111110, sa_flags=SA_RESTART|SA_SIGINFO
SIGPIPE: [libjvm.so+0x90b880], sa_mask[0]=11111111011111111101111111111110, sa_flags=SA_RESTART|SA_SIGINFO
SIGXFSZ: [libjvm.so+0x90b880], sa_mask[0]=11111111011111111101111111111110, sa_flags=SA_RESTART|SA_SIGINFO
SIGILL: [libjvm.so+0x90b880], sa_mask[0]=11111111011111111101111111111110, sa_flags=SA_RESTART|SA_SIGINFO
SIGUSR1: SIG_DFL, sa_mask[0]=00000000000000000000000000000000, sa_flags=none
SIGUSR2: [libjvm.so+0x90b750], sa_mask[0]=00000000000000000000000000000000, sa_flags=SA_RESTART|SA_SIGINFO
SIGHUP: [libjvm.so+0x90bd70], sa_mask[0]=11111111011111111101111111111110, sa_flags=SA_RESTART|SA_SIGINFO
SIGINT: [libjvm.so+0x90bd70], sa_mask[0]=11111111011111111101111111111110, sa_flags=SA_RESTART|SA_SIGINFO
SIGTERM: [libjvm.so+0x90bd70], sa_mask[0]=11111111011111111101111111111110, sa_flags=SA_RESTART|SA_SIGINFO
SIGQUIT: [libjvm.so+0x90bd70], sa_mask[0]=11111111011111111101111111111110, sa_flags=SA_RESTART|SA_SIGINFO


---------------  S Y S T E M  ---------------

OS:DISTRIB_ID=Ubuntu
DISTRIB_RELEASE=18.04
DISTRIB_CODENAME=bionic
DISTRIB_DESCRIPTION="Ubuntu 18.04.2 LTS"

uname:Linux 4.15.0-46-generic #49-Ubuntu SMP Wed Feb 6 09:33:07 UTC 2019 x86_64
libc:glibc 2.27 NPTL 2.27 
rlimit: STACK 8192k, CORE 0k, NPROC 30710, NOFILE 4096, AS infinity
load average:4.39 4.35 3.44

/proc/meminfo:
MemTotal:        8021540 kB
MemFree:          143416 kB
MemAvailable:    1339880 kB
Buffers:           35396 kB
Cached:          1806248 kB
SwapCached:            8 kB
Active:          5764264 kB
Inactive:        1616808 kB
Active(anon):    5123396 kB
Inactive(anon):   911012 kB
Active(file):     640868 kB
Inactive(file):   705796 kB
Unevictable:         344 kB
Mlocked:             344 kB
SwapTotal:       2097148 kB
SwapFree:        2095868 kB
Dirty:            104308 kB
Writeback:          3808 kB
AnonPages:       5540508 kB
Mapped:          1076236 kB
Shmem:            551740 kB
Slab:             237872 kB
SReclaimable:     146316 kB
SUnreclaim:        91556 kB
KernelStack:       29088 kB
PageTables:       109356 kB
NFS_Unstable:          0 kB
Bounce:                0 kB
WritebackTmp:          0 kB
CommitLimit:     6107916 kB
Committed_AS:   20080540 kB
VmallocTotal:   34359738367 kB
VmallocUsed:           0 kB
VmallocChunk:          0 kB
HardwareCorrupted:     0 kB
AnonHugePages:         0 kB
ShmemHugePages:        0 kB
ShmemPmdMapped:        0 kB
CmaTotal:              0 kB
CmaFree:               0 kB
HugePages_Total:       0
HugePages_Free:        0
HugePages_Rsvd:        0
HugePages_Surp:        0
Hugepagesize:       2048 kB
DirectMap4k:      310724 kB
DirectMap2M:     7931904 kB
DirectMap1G:     1048576 kB

container (cgroup) information:
container_type: cgroupv1
cpu_cpuset_cpus: 0-7
cpu_memory_nodes: 0
active_processor_count: 8
cpu_quota: -1
cpu_period: 100000
cpu_shares: -1
memory_limit_in_bytes: -1
memory_and_swap_limit_in_bytes: -2
memory_soft_limit_in_bytes: -1
memory_usage_in_bytes: 7560740864
memory_max_usage_in_bytes: 6610944


CPU:total 8 (initial active 8) (4 cores per cpu, 2 threads per core) family 6 model 142 stepping 10, cmov, cx8, fxsr, mmx, sse, sse2, sse3, ssse3, sse4.1, sse4.2, popcnt, avx, avx2, aes, clmul, erms, 3dnowpref, lzcnt, ht, tsc, tscinvbit, bmi1, bmi2, adx

/proc/cpuinfo:
processor	: 0
vendor_id	: GenuineIntel
cpu family	: 6
model		: 142
model name	: Intel(R) Core(TM) i7-8550U CPU @ 1.80GHz
stepping	: 10
microcode	: 0x96
cpu MHz		: 2046.850
cache size	: 8192 KB
physical id	: 0
siblings	: 8
core id		: 0
cpu cores	: 4
apicid		: 0
initial apicid	: 0
fpu		: yes
fpu_exception	: yes
cpuid level	: 22
wp		: yes
flags		: fpu vme de pse tsc msr pae mce cx8 apic sep mtrr pge mca cmov pat pse36 clflush dts acpi mmx fxsr sse sse2 ss ht tm pbe syscall nx pdpe1gb rdtscp lm constant_tsc art arch_perfmon pebs bts rep_good nopl xtopology nonstop_tsc cpuid aperfmperf tsc_known_freq pni pclmulqdq dtes64 monitor ds_cpl vmx est tm2 ssse3 sdbg fma cx16 xtpr pdcm pcid sse4_1 sse4_2 x2apic movbe popcnt tsc_deadline_timer aes xsave avx f16c rdrand lahf_lm abm 3dnowprefetch cpuid_fault epb invpcid_single pti ssbd ibrs ibpb stibp tpr_shadow vnmi flexpriority ept vpid fsgsbase tsc_adjust bmi1 avx2 smep bmi2 erms invpcid mpx rdseed adx smap clflushopt intel_pt xsaveopt xsavec xgetbv1 xsaves dtherm ida arat pln pts hwp hwp_notify hwp_act_window hwp_epp flush_l1d
bugs		: cpu_meltdown spectre_v1 spectre_v2 spec_store_bypass l1tf
bogomips	: 3984.00
clflush size	: 64
cache_alignment	: 64
address sizes	: 39 bits physical, 48 bits virtual
power management:

processor	: 1
vendor_id	: GenuineIntel
cpu family	: 6
model		: 142
model name	: Intel(R) Core(TM) i7-8550U CPU @ 1.80GHz
stepping	: 10
microcode	: 0x96
cpu MHz		: 1931.623
cache size	: 8192 KB
physical id	: 0
siblings	: 8
core id		: 1
cpu cores	: 4
apicid		: 2
initial apicid	: 2
fpu		: yes
fpu_exception	: yes
cpuid level	: 22
wp		: yes
flags		: fpu vme de pse tsc msr pae mce cx8 apic sep mtrr pge mca cmov pat pse36 clflush dts acpi mmx fxsr sse sse2 ss ht tm pbe syscall nx pdpe1gb rdtscp lm constant_tsc art arch_perfmon pebs bts rep_good nopl xtopology nonstop_tsc cpuid aperfmperf tsc_known_freq pni pclmulqdq dtes64 monitor ds_cpl vmx est tm2 ssse3 sdbg fma cx16 xtpr pdcm pcid sse4_1 sse4_2 x2apic movbe popcnt tsc_deadline_timer aes xsave avx f16c rdrand lahf_lm abm 3dnowprefetch cpuid_fault epb invpcid_single pti ssbd ibrs ibpb stibp tpr_shadow vnmi flexpriority ept vpid fsgsbase tsc_adjust bmi1 avx2 smep bmi2 erms invpcid mpx rdseed adx smap clflushopt intel_pt xsaveopt xsavec xgetbv1 xsaves dtherm ida arat pln pts hwp hwp_notify hwp_act_window hwp_epp flush_l1d
bugs		: cpu_meltdown spectre_v1 spectre_v2 spec_store_bypass l1tf
bogomips	: 3984.00
clflush size	: 64
cache_alignment	: 64
address sizes	: 39 bits physical, 48 bits virtual
power management:

processor	: 2
vendor_id	: GenuineIntel
cpu family	: 6
model		: 142
model name	: Intel(R) Core(TM) i7-8550U CPU @ 1.80GHz
stepping	: 10
microcode	: 0x96
cpu MHz		: 2361.548
cache size	: 8192 KB
physical id	: 0
siblings	: 8
core id		: 2
cpu cores	: 4
apicid		: 4
initial apicid	: 4
fpu		: yes
fpu_exception	: yes
cpuid level	: 22
wp		: yes
flags		: fpu vme de pse tsc msr pae mce cx8 apic sep mtrr pge mca cmov pat pse36 clflush dts acpi mmx fxsr sse sse2 ss ht tm pbe syscall nx pdpe1gb rdtscp lm constant_tsc art arch_perfmon pebs bts rep_good nopl xtopology nonstop_tsc cpuid aperfmperf tsc_known_freq pni pclmulqdq dtes64 monitor ds_cpl vmx est tm2 ssse3 sdbg fma cx16 xtpr pdcm pcid sse4_1 sse4_2 x2apic movbe popcnt tsc_deadline_timer aes xsave avx f16c rdrand lahf_lm abm 3dnowprefetch cpuid_fault epb invpcid_single pti ssbd ibrs ibpb stibp tpr_shadow vnmi flexpriority ept vpid fsgsbase tsc_adjust bmi1 avx2 smep bmi2 erms invpcid mpx rdseed adx smap clflushopt intel_pt xsaveopt xsavec xgetbv1 xsaves dtherm ida arat pln pts hwp hwp_notify hwp_act_window hwp_epp flush_l1d
bugs		: cpu_meltdown spectre_v1 spectre_v2 spec_store_bypass l1tf
bogomips	: 3984.00
clflush size	: 64
cache_alignment	: 64
address sizes	: 39 bits physical, 48 bits virtual
power management:

processor	: 3
vendor_id	: GenuineIntel
cpu family	: 6
model		: 142
model name	: Intel(R) Core(TM) i7-8550U CPU @ 1.80GHz
stepping	: 10
microcode	: 0x96
cpu MHz		: 2405.654
cache size	: 8192 KB
physical id	: 0
siblings	: 8
core id		: 3
cpu cores	: 4
apicid		: 6
initial apicid	: 6
fpu		: yes
fpu_exception	: yes
cpuid level	: 22
wp		: yes
flags		: fpu vme de pse tsc msr pae mce cx8 apic sep mtrr pge mca cmov pat pse36 clflush dts acpi mmx fxsr sse sse2 ss ht tm pbe syscall nx pdpe1gb rdtscp lm constant_tsc art arch_perfmon pebs bts rep_good nopl xtopology nonstop_tsc cpuid aperfmperf tsc_known_freq pni pclmulqdq dtes64 monitor ds_cpl vmx est tm2 ssse3 sdbg fma cx16 xtpr pdcm pcid sse4_1 sse4_2 x2apic movbe popcnt tsc_deadline_timer aes xsave avx f16c rdrand lahf_lm abm 3dnowprefetch cpuid_fault epb invpcid_single pti ssbd ibrs ibpb stibp tpr_shadow vnmi flexpriority ept vpid fsgsbase tsc_adjust bmi1 avx2 smep bmi2 erms invpcid mpx rdseed adx smap clflushopt intel_pt xsaveopt xsavec xgetbv1 xsaves dtherm ida arat pln pts hwp hwp_notify hwp_act_window hwp_epp flush_l1d
bugs		: cpu_meltdown spectre_v1 spectre_v2 spec_store_bypass l1tf
bogomips	: 3984.00
clflush size	: 64
cache_alignment	: 64
address sizes	: 39 bits physical, 48 bits virtual
power management:

processor	: 4
vendor_id	: GenuineIntel
cpu family	: 6
model		: 142
model name	: Intel(R) Core(TM) i7-8550U CPU @ 1.80GHz
stepping	: 10
microcode	: 0x96
cpu MHz		: 1913.531
cache size	: 8192 KB
physical id	: 0
siblings	: 8
core id		: 0
cpu cores	: 4
apicid		: 1
initial apicid	: 1
fpu		: yes
fpu_exception	: yes
cpuid level	: 22
wp		: yes
flags		: fpu vme de pse tsc msr pae mce cx8 apic sep mtrr pge mca cmov pat pse36 clflush dts acpi mmx fxsr sse sse2 ss ht tm pbe syscall nx pdpe1gb rdtscp lm constant_tsc art arch_perfmon pebs bts rep_good nopl xtopology nonstop_tsc cpuid aperfmperf tsc_known_freq pni pclmulqdq dtes64 monitor ds_cpl vmx est tm2 ssse3 sdbg fma cx16 xtpr pdcm pcid sse4_1 sse4_2 x2apic movbe popcnt tsc_deadline_timer aes xsave avx f16c rdrand lahf_lm abm 3dnowprefetch cpuid_fault epb invpcid_single pti ssbd ibrs ibpb stibp tpr_shadow vnmi flexpriority ept vpid fsgsbase tsc_adjust bmi1 avx2 smep bmi2 erms invpcid mpx rdseed adx smap clflushopt intel_pt xsaveopt xsavec xgetbv1 xsaves dtherm ida arat pln pts hwp hwp_notify hwp_act_window hwp_epp flush_l1d
bugs		: cpu_meltdown spectre_v1 spectre_v2 spec_store_bypass l1tf
bogomips	: 3984.00
clflush size	: 64
cache_alignment	: 64
address sizes	: 39 bits physical, 48 bits virtual
power management:

processor	: 5
vendor_id	: GenuineIntel
cpu family	: 6
model		: 142
model name	: Intel(R) Core(TM) i7-8550U CPU @ 1.80GHz
stepping	: 10
microcode	: 0x96
cpu MHz		: 2319.892
cache size	: 8192 KB
physical id	: 0
siblings	: 8
core id		: 1
cpu cores	: 4
apicid		: 3
initial apicid	: 3
fpu		: yes
fpu_exception	: yes
cpuid level	: 22
wp		: yes
flags		: fpu vme de pse tsc msr pae mce cx8 apic sep mtrr pge mca cmov pat pse36 clflush dts acpi mmx fxsr sse sse2 ss ht tm pbe syscall nx pdpe1gb rdtscp lm constant_tsc art arch_perfmon pebs bts rep_good nopl xtopology nonstop_tsc cpuid aperfmperf tsc_known_freq pni pclmulqdq dtes64 monitor ds_cpl vmx est tm2 ssse3 sdbg fma cx16 xtpr pdcm pcid sse4_1 sse4_2 x2apic movbe popcnt tsc_deadline_timer aes xsave avx f16c rdrand lahf_lm abm 3dnowprefetch cpuid_fault epb invpcid_single pti ssbd ibrs ibpb stibp tpr_shadow vnmi flexpriority ept vpid fsgsbase tsc_adjust bmi1 avx2 smep bmi2 erms invpcid mpx rdseed adx smap clflushopt intel_pt xsaveopt xsavec xgetbv1 xsaves dtherm ida arat pln pts hwp hwp_notify hwp_act_window hwp_epp flush_l1d
bugs		: cpu_meltdown spectre_v1 spectre_v2 spec_store_bypass l1tf
bogomips	: 3984.00
clflush size	: 64
cache_alignment	: 64
address sizes	: 39 bits physical, 48 bits virtual
power management:

processor	: 6
vendor_id	: GenuineIntel
cpu family	: 6
model		: 142
model name	: Intel(R) Core(TM) i7-8550U CPU @ 1.80GHz
stepping	: 10
microcode	: 0x96
cpu MHz		: 2287.298
cache size	: 8192 KB
physical id	: 0
siblings	: 8
core id		: 2
cpu cores	: 4
apicid		: 5
initial apicid	: 5
fpu		: yes
fpu_exception	: yes
cpuid level	: 22
wp		: yes
flags		: fpu vme de pse tsc msr pae mce cx8 apic sep mtrr pge mca cmov pat pse36 clflush dts acpi mmx fxsr sse sse2 ss ht tm pbe syscall nx pdpe1gb rdtscp lm constant_tsc art arch_perfmon pebs bts rep_good nopl xtopology nonstop_tsc cpuid aperfmperf tsc_known_freq pni pclmulqdq dtes64 monitor ds_cpl vmx est tm2 ssse3 sdbg fma cx16 xtpr pdcm pcid sse4_1 sse4_2 x2apic movbe popcnt tsc_deadline_timer aes xsave avx f16c rdrand lahf_lm abm 3dnowprefetch cpuid_fault epb invpcid_single pti ssbd ibrs ibpb stibp tpr_shadow vnmi flexpriority ept vpid fsgsbase tsc_adjust bmi1 avx2 smep bmi2 erms invpcid mpx rdseed adx smap clflushopt intel_pt xsaveopt xsavec xgetbv1 xsaves dtherm ida arat pln pts hwp hwp_notify hwp_act_window hwp_epp flush_l1d
bugs		: cpu_meltdown spectre_v1 spectre_v2 spec_store_bypass l1tf
bogomips	: 3984.00
clflush size	: 64
cache_alignment	: 64
address sizes	: 39 bits physical, 48 bits virtual
power management:

processor	: 7
vendor_id	: GenuineIntel
cpu family	: 6
model		: 142
model name	: Intel(R) Core(TM) i7-8550U CPU @ 1.80GHz
stepping	: 10
microcode	: 0x96
cpu MHz		: 1955.749
cache size	: 8192 KB
physical id	: 0
siblings	: 8
core id		: 3
cpu cores	: 4
apicid		: 7
initial apicid	: 7
fpu		: yes
fpu_exception	: yes
cpuid level	: 22
wp		: yes
flags		: fpu vme de pse tsc msr pae mce cx8 apic sep mtrr pge mca cmov pat pse36 clflush dts acpi mmx fxsr sse sse2 ss ht tm pbe syscall nx pdpe1gb rdtscp lm constant_tsc art arch_perfmon pebs bts rep_good nopl xtopology nonstop_tsc cpuid aperfmperf tsc_known_freq pni pclmulqdq dtes64 monitor ds_cpl vmx est tm2 ssse3 sdbg fma cx16 xtpr pdcm pcid sse4_1 sse4_2 x2apic movbe popcnt tsc_deadline_timer aes xsave avx f16c rdrand lahf_lm abm 3dnowprefetch cpuid_fault epb invpcid_single pti ssbd ibrs ibpb stibp tpr_shadow vnmi flexpriority ept vpid fsgsbase tsc_adjust bmi1 avx2 smep bmi2 erms invpcid mpx rdseed adx smap clflushopt intel_pt xsaveopt xsavec xgetbv1 xsaves dtherm ida arat pln pts hwp hwp_notify hwp_act_window hwp_epp flush_l1d
bugs		: cpu_meltdown spectre_v1 spectre_v2 spec_store_bypass l1tf
bogomips	: 3984.00
clflush size	: 64
cache_alignment	: 64
address sizes	: 39 bits physical, 48 bits virtual
power management:



Memory: 4k page, physical 8021540k(141664k free), swap 2097148k(2095868k free)

vm_info: Java HotSpot(TM) 64-Bit Server VM (25.201-b09) for linux-amd64 JRE (1.8.0_201-b09), built on Dec 15 2018 11:35:59 by "java_re" with gcc 7.3.0

time: Sat Mar 16 12:08:59 2019
timezone: IST
elapsed time: 0 seconds (0d 0h 0m 0s)

