#
# A fatal error has been detected by the Java Runtime Environment:
#
#  SIGSEGV (0xb) at pc=0x00007f338e1e1783, pid=20272, tid=0x00007f338f4f4b80
#
# JRE version: Java(TM) SE Runtime Environment (8.0_201-b09) (build 1.8.0_201-b09)
# Java VM: Java HotSpot(TM) 64-Bit Server VM (25.201-b09 mixed mode linux-amd64 compressed oops)
# Problematic frame:
# V  [libjvm.so+0x90b783]  SR_handler(int, siginfo*, ucontext*)+0x33
#
# Failed to write core dump. Core dumps have been disabled. To enable core dumping, try "ulimit -c unlimited" before starting Java again
#
# If you would like to submit a bug report, please visit:
#   http://bugreport.java.com/bugreport/crash.jsp
#

---------------  T H R E A D  ---------------

Current thread is native thread

siginfo: si_signo: 11 (SIGSEGV), si_code: 1 (SEGV_MAPERR), si_addr: 0x0000000000000128

Registers:
RAX=0x0000000000000000, RBX=0x00007f338f4f3700, RCX=0x00007f338f0d4d2d, RDX=0x00007f338f4f4ea0
RSP=0x00007ffc22b859c0, RBP=0x00007ffc22b85a70, RSI=0x00007ffc22b85bb0, RDI=0x0000000000000001
R8 =0x00000000000000ca, R9 =0x00007f338f4f39d0, R10=0x0000000000000000, R11=0x0000000000000246
R12=0x00007f338f4f4b00, R13=0x0000000000000002, R14=0x00007ffc22b85bb0, R15=0x00007ffc22b85a80
RIP=0x00007f338e1e1783, EFLAGS=0x0000000000010246, CSGSFS=0x002b000000000033, ERR=0x0000000000000004
  TRAPNO=0x000000000000000e

Top of Stack: (sp=0x00007ffc22b859c0)
0x00007ffc22b859c0:   3237323032b85ef0 0d5f98393010e100
0x00007ffc22b859d0:   00007ffc22b85a10 0000ffff00001fa0
0x00007ffc22b859e0:   000000000000003f 00007f338e430ca7
0x00007ffc22b859f0:   00007ffc22b85ba8 00000000014705c0
0x00007ffc22b85a00:   00007ffc22b85c80 00007f338e947910
0x00007ffc22b85a10:   00000000fbad8001 00007ffc22b85c80
0x00007ffc22b85a20:   00007ffc22b85c80 00007ffc22b85c80
0x00007ffc22b85a30:   00007ffc22b85c80 00007ffc22b85c8f
0x00007ffc22b85a40:   00007ffc22b85cbf 00007f338f4f3700
0x00007ffc22b85a50:   0000000000000000 00007ffc22b86120
0x00007ffc22b85a60:   0000000000000000 0000000000000001
0x00007ffc22b85a70:   00007ffc22b86188 00007f338f0de890
0x00007ffc22b85a80:   0000000000000007 0000000000000000
0x00007ffc22b85a90:   0000000000000000 00007f3300000002
0x00007ffc22b85aa0:   0000000000000000 00000000000000ca
0x00007ffc22b85ab0:   00007f338f4f39d0 0000000000000000
0x00007ffc22b85ac0:   0000000000000246 0000000000000000
0x00007ffc22b85ad0:   00007ffc22b86120 0000000000000000
0x00007ffc22b85ae0:   0000000000000001 00007f338f4f39d0
0x00007ffc22b85af0:   0000000000000000 00007ffc22b86188
0x00007ffc22b85b00:   00007f338f4f3700 0000000000004f3d
0x00007ffc22b85b10:   00000000000000ca 00007f338f0d4d2d
0x00007ffc22b85b20:   00007ffc22b86110 00007f338f0d4d2b
0x00007ffc22b85b30:   0000000000000246 002b000000000033
0x00007ffc22b85b40:   0000000000000000 0000000000000000
0x00007ffc22b85b50:   0000000000000000 0000000000000000
0x00007ffc22b85b60:   00007ffc22b85c40 00007f338f514170
0x00007ffc22b85b70:   0000000000000000 00007f338f2f5f5f
0x00007ffc22b85b80:   00007f338f4f6000 00007f338f2f61ef
0x00007ffc22b85b90:   0000000000000004 00007f338f0cef58
0x00007ffc22b85ba0:   000000000017501c 0000000000000000
0x00007ffc22b85bb0:   000000000000000c 00007f3300000000 

Instructions: (pc=0x00007f338e1e1783)
0x00007f338e1e1763:   48 81 ec 88 00 00 00 e8 81 1d 8f ff 44 8b 28 49
0x00007f338e1e1773:   89 c4 48 8d 05 2c 61 68 00 8b 38 e8 15 2c 8f ff
0x00007f338e1e1783:   48 8b 98 28 01 00 00 8b 83 a8 00 00 00 83 f8 01
0x00007f338e1e1793:   74 1b 45 89 2c 24 48 81 c4 88 00 00 00 5b 41 5c 

Register to memory mapping:

RAX=0x0000000000000000 is an unknown value
RBX=0x00007f338f4f3700 is pointing into the stack for thread: 0x00007f338800b000
RCX=0x00007f338f0d4d2d: <offset 0x8d2d> in /lib/x86_64-linux-gnu/libpthread.so.0 at 0x00007f338f0cc000
RDX=0x00007f338f4f4ea0 is an unknown value
RSP=0x00007ffc22b859c0 is an unknown value
RBP=0x00007ffc22b85a70 is an unknown value
RSI=0x00007ffc22b85bb0 is an unknown value
RDI=0x0000000000000001 is an unknown value
R8 =0x00000000000000ca is an unknown value
R9 =0x00007f338f4f39d0 is pointing into the stack for thread: 0x00007f338800b000
R10=0x0000000000000000 is an unknown value
R11=0x0000000000000246 is an unknown value
R12=0x00007f338f4f4b00 is an unknown value
R13=0x0000000000000002 is an unknown value
R14=0x00007ffc22b85bb0 is an unknown value
R15=0x00007ffc22b85a80 is an unknown value


Stack: [0x00007ffc22a8e000,0x00007ffc22b8e000],  sp=0x00007ffc22b859c0,  free space=990k
Native frames: (J=compiled Java code, j=interpreted, Vv=VM code, C=native code)
V  [libjvm.so+0x90b783]  SR_handler(int, siginfo*, ucontext*)+0x33
C  [libpthread.so.0+0x12890]


---------------  P R O C E S S  ---------------

VM state:not at safepoint (normal execution)

VM Mutex/Monitor currently owned by a thread: None

heap address: 0x0000000085800000, size: 1960 MB, Compressed Oops mode: 32-bit
Narrow klass base: 0x0000000000000000, Narrow klass shift: 3
Compressed class space size: 1073741824 Address: 0x0000000100000000

Heap:
 PSYoungGen      total 36864K, used 1909K [0x00000000d7300000, 0x00000000d9c00000, 0x0000000100000000)
  eden space 31744K, 6% used [0x00000000d7300000,0x00000000d74dd488,0x00000000d9200000)
  from space 5120K, 0% used [0x00000000d9700000,0x00000000d9700000,0x00000000d9c00000)
  to   space 5120K, 0% used [0x00000000d9200000,0x00000000d9200000,0x00000000d9700000)
 ParOldGen       total 84992K, used 0K [0x0000000085800000, 0x000000008ab00000, 0x00000000d7300000)
  object space 84992K, 0% used [0x0000000085800000,0x0000000085800000,0x000000008ab00000)
 Metaspace       used 2992K, capacity 4600K, committed 4864K, reserved 1056768K
  class space    used 338K, capacity 424K, committed 512K, reserved 1048576K

Card table byte_map: [0x00007f3378c2b000,0x00007f3379000000] byte_map_base: 0x00007f33787ff000

Marking Bits: (ParMarkBitMap*) 0x00007f338e8a1d80
 Begin Bits: [0x00007f33602c0000, 0x00007f3362160000)
 End Bits:   [0x00007f3362160000, 0x00007f3364000000)

Polling page: 0x00007f338f511000

CodeCache: size=245760Kb used=1113Kb max_used=1113Kb free=244646Kb
 bounds [0x00007f3379000000, 0x00007f3379270000, 0x00007f3388000000]
 total_blobs=272 nmethods=34 adapters=152
 compilation: enabled

Compilation events (10 events):
Event: 0.052 Thread 0x00007f33880c9000   29       3       java.lang.AbstractStringBuilder::append (50 bytes)
Event: 0.053 Thread 0x00007f33880c9000 nmethod 29 0x00007f3379114750 code [0x00007f3379114920, 0x00007f3379115058]
Event: 0.053 Thread 0x00007f33880c9000   28       3       java.lang.CharacterDataLatin1::getProperties (11 bytes)
Event: 0.053 Thread 0x00007f33880c9000 nmethod 28 0x00007f3379115350 code [0x00007f33791154c0, 0x00007f3379115650]
Event: 0.054 Thread 0x00007f33880c9000   30       1       java.net.URL::getHost (5 bytes)
Event: 0.054 Thread 0x00007f33880c9000 nmethod 30 0x00007f3379115750 code [0x00007f33791158a0, 0x00007f33791159b0]
Event: 0.054 Thread 0x00007f33880c9000   31       1       java.net.URL::getProtocol (5 bytes)
Event: 0.054 Thread 0x00007f33880c9000 nmethod 31 0x00007f3379115a10 code [0x00007f3379115b60, 0x00007f3379115c70]
Event: 0.054 Thread 0x00007f33880c9000   32       3       java.util.concurrent.ConcurrentHashMap::setTabAt (19 bytes)
Event: 0.054 Thread 0x00007f33880c9000 nmethod 32 0x00007f3379116050 code [0x00007f33791161a0, 0x00007f3379116310]

GC Heap History (0 events):
No events

Deoptimization events (0 events):
No events

Classes redefined (0 events):
No events

Internal exceptions (2 events):
Event: 0.018 Thread 0x00007f338800b000 Exception <a 'java/lang/NoSuchMethodError': Method sun.misc.Unsafe.defineClass(Ljava/lang/String;[BII)Ljava/lang/Class; name or signature does not match> (0x00000000d7307cb0) thrown at [/HUDSON/workspace/8-2-build-linux-amd64/jdk8u201/12317/hotspot/src/sh
Event: 0.018 Thread 0x00007f338800b000 Exception <a 'java/lang/NoSuchMethodError': Method sun.misc.Unsafe.prefetchRead(Ljava/lang/Object;J)V name or signature does not match> (0x00000000d7307f98) thrown at [/HUDSON/workspace/8-2-build-linux-amd64/jdk8u201/12317/hotspot/src/share/vm/prims/jni.c

Events (10 events):
Event: 0.054 loading class org/gradle/cli/CommandLineArgumentException
Event: 0.054 loading class org/gradle/cli/CommandLineArgumentException done
Event: 0.054 loading class org/gradle/cli/CommandLineParser$KnownOptionParserState
Event: 0.054 loading class org/gradle/cli/CommandLineParser$KnownOptionParserState done
Event: 0.055 loading class java/util/regex/Pattern$All
Event: 0.055 loading class java/util/regex/Pattern$All done
Event: 0.055 loading class java/util/ArrayList$Itr
Event: 0.055 loading class java/util/ArrayList$Itr done
Event: 0.055 loading class java/util/HashMap$EntrySet
Event: 0.055 loading class java/util/HashMap$EntrySet done


Dynamic libraries:
00400000-00401000 r-xp 00000000 08:06 8013769                            /usr/lib/jvm/jdk1.8.0_201/bin/java
00600000-00601000 r--p 00000000 08:06 8013769                            /usr/lib/jvm/jdk1.8.0_201/bin/java
00601000-00602000 rw-p 00001000 08:06 8013769                            /usr/lib/jvm/jdk1.8.0_201/bin/java
01470000-014b4000 rw-p 00000000 00:00 0                                  [heap]
85800000-8ab00000 rw-p 00000000 00:00 0 
8ab00000-d7300000 ---p 00000000 00:00 0 
d7300000-d9c00000 rw-p 00000000 00:00 0 
d9c00000-100000000 ---p 00000000 00:00 0 
100000000-100080000 rw-p 00000000 00:00 0 
100080000-140000000 ---p 00000000 00:00 0 
7f3324000000-7f3324021000 rw-p 00000000 00:00 0 
7f3324021000-7f3328000000 ---p 00000000 00:00 0 
7f332c000000-7f332c14e000 rw-p 00000000 00:00 0 
7f332c14e000-7f3330000000 ---p 00000000 00:00 0 
7f3330000000-7f3330021000 rw-p 00000000 00:00 0 
7f3330021000-7f3334000000 ---p 00000000 00:00 0 
7f3334000000-7f3334021000 rw-p 00000000 00:00 0 
7f3334021000-7f3338000000 ---p 00000000 00:00 0 
7f3338000000-7f3338021000 rw-p 00000000 00:00 0 
7f3338021000-7f333c000000 ---p 00000000 00:00 0 
7f333c000000-7f333c021000 rw-p 00000000 00:00 0 
7f333c021000-7f3340000000 ---p 00000000 00:00 0 
7f3340000000-7f334005e000 rw-p 00000000 00:00 0 
7f334005e000-7f3344000000 ---p 00000000 00:00 0 
7f3344000000-7f3344021000 rw-p 00000000 00:00 0 
7f3344021000-7f3348000000 ---p 00000000 00:00 0 
7f3348000000-7f3348021000 rw-p 00000000 00:00 0 
7f3348021000-7f334c000000 ---p 00000000 00:00 0 
7f334c000000-7f334c021000 rw-p 00000000 00:00 0 
7f334c021000-7f3350000000 ---p 00000000 00:00 0 
7f33503a4000-7f3350639000 rw-p 00000000 00:00 0 
7f3350639000-7f335063a000 ---p 00000000 00:00 0 
7f335063a000-7f335073a000 rw-p 00000000 00:00 0 
7f335073a000-7f335073d000 ---p 00000000 00:00 0 
7f335073d000-7f335083b000 rw-p 00000000 00:00 0 
7f335083b000-7f335083c000 ---p 00000000 00:00 0 
7f335083c000-7f335083f000 ---p 00000000 00:00 0 
7f335083f000-7f335093c000 rw-p 00000000 00:00 0 
7f335093c000-7f335093d000 ---p 00000000 00:00 0 
7f335093d000-7f3350940000 ---p 00000000 00:00 0 
7f3350940000-7f3350a3d000 rw-p 00000000 00:00 0 
7f3350a3d000-7f3350a3e000 ---p 00000000 00:00 0 
7f3350a3e000-7f3350a41000 ---p 00000000 00:00 0 
7f3350a41000-7f3350b3e000 rw-p 00000000 00:00 0 
7f3350b3e000-7f3350b3f000 ---p 00000000 00:00 0 
7f3350b3f000-7f3350b42000 ---p 00000000 00:00 0 
7f3350b42000-7f3350c3f000 rw-p 00000000 00:00 0 
7f3350c3f000-7f3350c42000 ---p 00000000 00:00 0 
7f3350c42000-7f3350d40000 rw-p 00000000 00:00 0 
7f3350d40000-7f335170f000 r--p 00000000 08:06 662140                     /usr/lib/locale/locale-archive
7f335170f000-7f3351712000 ---p 00000000 00:00 0 
7f3351712000-7f3351810000 rw-p 00000000 00:00 0 
7f3351810000-7f3351813000 ---p 00000000 00:00 0 
7f3351813000-7f3351911000 rw-p 00000000 00:00 0 
7f3351911000-7f3351912000 ---p 00000000 00:00 0 
7f3351912000-7f335386c000 rw-p 00000000 00:00 0 
7f335386c000-7f3353c2c000 ---p 00000000 00:00 0 
7f3353c2c000-7f3354000000 rw-p 00000000 00:00 0 
7f3354000000-7f3354021000 rw-p 00000000 00:00 0 
7f3354021000-7f3358000000 ---p 00000000 00:00 0 
7f3358000000-7f3358021000 rw-p 00000000 00:00 0 
7f3358021000-7f335c000000 ---p 00000000 00:00 0 
7f335c000000-7f335c021000 rw-p 00000000 00:00 0 
7f335c021000-7f3360000000 ---p 00000000 00:00 0 
7f3360062000-7f33600e6000 rw-p 00000000 00:00 0 
7f33600e6000-7f33602c0000 r--s 03d6f000 08:06 10888034                   /usr/lib/jvm/jdk1.8.0_201/jre/lib/rt.jar
7f33602c0000-7f3364000000 rw-p 00000000 00:00 0 
7f3364000000-7f3364021000 rw-p 00000000 00:00 0 
7f3364021000-7f3368000000 ---p 00000000 00:00 0 
7f3368000000-7f3368021000 rw-p 00000000 00:00 0 
7f3368021000-7f336c000000 ---p 00000000 00:00 0 
7f336c000000-7f336c021000 rw-p 00000000 00:00 0 
7f336c021000-7f3370000000 ---p 00000000 00:00 0 
7f3370000000-7f3370021000 rw-p 00000000 00:00 0 
7f3370021000-7f3374000000 ---p 00000000 00:00 0 
7f3374000000-7f3374021000 rw-p 00000000 00:00 0 
7f3374021000-7f3378000000 ---p 00000000 00:00 0 
7f3378010000-7f3378195000 rw-p 00000000 00:00 0 
7f3378195000-7f3378196000 ---p 00000000 00:00 0 
7f3378196000-7f3378296000 rw-p 00000000 00:00 0 
7f3378296000-7f3378297000 ---p 00000000 00:00 0 
7f3378297000-7f3378397000 rw-p 00000000 00:00 0 
7f3378397000-7f3378398000 ---p 00000000 00:00 0 
7f3378398000-7f3378498000 rw-p 00000000 00:00 0 
7f3378498000-7f3378499000 ---p 00000000 00:00 0 
7f3378499000-7f3378599000 rw-p 00000000 00:00 0 
7f3378599000-7f337859a000 ---p 00000000 00:00 0 
7f337859a000-7f337869a000 rw-p 00000000 00:00 0 
7f337869a000-7f337869b000 ---p 00000000 00:00 0 
7f337869b000-7f337879b000 rw-p 00000000 00:00 0 
7f337879b000-7f337879c000 ---p 00000000 00:00 0 
7f337879c000-7f337889c000 rw-p 00000000 00:00 0 
7f337889c000-7f337889d000 ---p 00000000 00:00 0 
7f337889d000-7f33789c7000 rw-p 00000000 00:00 0 
7f33789c7000-7f3378c2b000 ---p 00000000 00:00 0 
7f3378c2b000-7f3378c55000 rw-p 00000000 00:00 0 
7f3378c55000-7f3378eb8000 ---p 00000000 00:00 0 
7f3378eb8000-7f3378ecd000 rw-p 00000000 00:00 0 
7f3378ecd000-7f3378fff000 ---p 00000000 00:00 0 
7f3378fff000-7f3379000000 rw-p 00000000 00:00 0 
7f3379000000-7f3379270000 rwxp 00000000 00:00 0 
7f3379270000-7f3388000000 ---p 00000000 00:00 0 
7f3388000000-7f3388145000 rw-p 00000000 00:00 0 
7f3388145000-7f338c000000 ---p 00000000 00:00 0 
7f338c00f000-7f338c0de000 rw-p 00000000 00:00 0 
7f338c0de000-7f338c494000 ---p 00000000 00:00 0 
7f338c494000-7f338c4af000 r-xp 00000000 08:06 10888324                   /usr/lib/jvm/jdk1.8.0_201/jre/lib/amd64/libzip.so
7f338c4af000-7f338c6ae000 ---p 0001b000 08:06 10888324                   /usr/lib/jvm/jdk1.8.0_201/jre/lib/amd64/libzip.so
7f338c6ae000-7f338c6af000 r--p 0001a000 08:06 10888324                   /usr/lib/jvm/jdk1.8.0_201/jre/lib/amd64/libzip.so
7f338c6af000-7f338c6b0000 rw-p 0001b000 08:06 10888324                   /usr/lib/jvm/jdk1.8.0_201/jre/lib/amd64/libzip.so
7f338c6b0000-7f338c6bb000 r-xp 00000000 08:06 3937066                    /lib/x86_64-linux-gnu/libnss_files-2.27.so
7f338c6bb000-7f338c8ba000 ---p 0000b000 08:06 3937066                    /lib/x86_64-linux-gnu/libnss_files-2.27.so
7f338c8ba000-7f338c8bb000 r--p 0000a000 08:06 3937066                    /lib/x86_64-linux-gnu/libnss_files-2.27.so
7f338c8bb000-7f338c8bc000 rw-p 0000b000 08:06 3937066                    /lib/x86_64-linux-gnu/libnss_files-2.27.so
7f338c8bc000-7f338c8c2000 rw-p 00000000 00:00 0 
7f338c8c2000-7f338c8d9000 r-xp 00000000 08:06 3937060                    /lib/x86_64-linux-gnu/libnsl-2.27.so
7f338c8d9000-7f338cad8000 ---p 00017000 08:06 3937060                    /lib/x86_64-linux-gnu/libnsl-2.27.so
7f338cad8000-7f338cad9000 r--p 00016000 08:06 3937060                    /lib/x86_64-linux-gnu/libnsl-2.27.so
7f338cad9000-7f338cada000 rw-p 00017000 08:06 3937060                    /lib/x86_64-linux-gnu/libnsl-2.27.so
7f338cada000-7f338cadc000 rw-p 00000000 00:00 0 
7f338cadc000-7f338cae7000 r-xp 00000000 08:06 3937077                    /lib/x86_64-linux-gnu/libnss_nis-2.27.so
7f338cae7000-7f338cce6000 ---p 0000b000 08:06 3937077                    /lib/x86_64-linux-gnu/libnss_nis-2.27.so
7f338cce6000-7f338cce7000 r--p 0000a000 08:06 3937077                    /lib/x86_64-linux-gnu/libnss_nis-2.27.so
7f338cce7000-7f338cce8000 rw-p 0000b000 08:06 3937077                    /lib/x86_64-linux-gnu/libnss_nis-2.27.so
7f338cce8000-7f338ccf0000 r-xp 00000000 08:06 3937062                    /lib/x86_64-linux-gnu/libnss_compat-2.27.so
7f338ccf0000-7f338cef0000 ---p 00008000 08:06 3937062                    /lib/x86_64-linux-gnu/libnss_compat-2.27.so
7f338cef0000-7f338cef1000 r--p 00008000 08:06 3937062                    /lib/x86_64-linux-gnu/libnss_compat-2.27.so
7f338cef1000-7f338cef2000 rw-p 00009000 08:06 3937062                    /lib/x86_64-linux-gnu/libnss_compat-2.27.so
7f338cef2000-7f338cf1e000 r-xp 00000000 08:06 10888318                   /usr/lib/jvm/jdk1.8.0_201/jre/lib/amd64/libjava.so
7f338cf1e000-7f338d11e000 ---p 0002c000 08:06 10888318                   /usr/lib/jvm/jdk1.8.0_201/jre/lib/amd64/libjava.so
7f338d11e000-7f338d11f000 r--p 0002c000 08:06 10888318                   /usr/lib/jvm/jdk1.8.0_201/jre/lib/amd64/libjava.so
7f338d11f000-7f338d121000 rw-p 0002d000 08:06 10888318                   /usr/lib/jvm/jdk1.8.0_201/jre/lib/amd64/libjava.so
7f338d121000-7f338d12e000 r-xp 00000000 08:06 10888323                   /usr/lib/jvm/jdk1.8.0_201/jre/lib/amd64/libverify.so
7f338d12e000-7f338d32d000 ---p 0000d000 08:06 10888323                   /usr/lib/jvm/jdk1.8.0_201/jre/lib/amd64/libverify.so
7f338d32d000-7f338d32f000 r--p 0000c000 08:06 10888323                   /usr/lib/jvm/jdk1.8.0_201/jre/lib/amd64/libverify.so
7f338d32f000-7f338d330000 rw-p 0000e000 08:06 10888323                   /usr/lib/jvm/jdk1.8.0_201/jre/lib/amd64/libverify.so
7f338d330000-7f338d337000 r-xp 00000000 08:06 3937117                    /lib/x86_64-linux-gnu/librt-2.27.so
7f338d337000-7f338d536000 ---p 00007000 08:06 3937117                    /lib/x86_64-linux-gnu/librt-2.27.so
7f338d536000-7f338d537000 r--p 00006000 08:06 3937117                    /lib/x86_64-linux-gnu/librt-2.27.so
7f338d537000-7f338d538000 rw-p 00007000 08:06 3937117                    /lib/x86_64-linux-gnu/librt-2.27.so
7f338d538000-7f338d6d5000 r-xp 00000000 08:06 3937039                    /lib/x86_64-linux-gnu/libm-2.27.so
7f338d6d5000-7f338d8d4000 ---p 0019d000 08:06 3937039                    /lib/x86_64-linux-gnu/libm-2.27.so
7f338d8d4000-7f338d8d5000 r--p 0019c000 08:06 3937039                    /lib/x86_64-linux-gnu/libm-2.27.so
7f338d8d5000-7f338d8d6000 rw-p 0019d000 08:06 3937039                    /lib/x86_64-linux-gnu/libm-2.27.so
7f338d8d6000-7f338e5be000 r-xp 00000000 08:06 10888346                   /usr/lib/jvm/jdk1.8.0_201/jre/lib/amd64/server/libjvm.so
7f338e5be000-7f338e7bd000 ---p 00ce8000 08:06 10888346                   /usr/lib/jvm/jdk1.8.0_201/jre/lib/amd64/server/libjvm.so
7f338e7bd000-7f338e853000 r--p 00ce7000 08:06 10888346                   /usr/lib/jvm/jdk1.8.0_201/jre/lib/amd64/server/libjvm.so
7f338e853000-7f338e884000 rw-p 00d7d000 08:06 10888346                   /usr/lib/jvm/jdk1.8.0_201/jre/lib/amd64/server/libjvm.so
7f338e884000-7f338e8bf000 rw-p 00000000 00:00 0 
7f338e8bf000-7f338eaa6000 r-xp 00000000 08:06 3936976                    /lib/x86_64-linux-gnu/libc-2.27.so
7f338eaa6000-7f338eca6000 ---p 001e7000 08:06 3936976                    /lib/x86_64-linux-gnu/libc-2.27.so
7f338eca6000-7f338ecaa000 r--p 001e7000 08:06 3936976                    /lib/x86_64-linux-gnu/libc-2.27.so
7f338ecaa000-7f338ecac000 rw-p 001eb000 08:06 3936976                    /lib/x86_64-linux-gnu/libc-2.27.so
7f338ecac000-7f338ecb0000 rw-p 00000000 00:00 0 
7f338ecb0000-7f338ecb3000 r-xp 00000000 08:06 3936999                    /lib/x86_64-linux-gnu/libdl-2.27.so
7f338ecb3000-7f338eeb2000 ---p 00003000 08:06 3936999                    /lib/x86_64-linux-gnu/libdl-2.27.so
7f338eeb2000-7f338eeb3000 r--p 00002000 08:06 3936999                    /lib/x86_64-linux-gnu/libdl-2.27.so
7f338eeb3000-7f338eeb4000 rw-p 00003000 08:06 3936999                    /lib/x86_64-linux-gnu/libdl-2.27.so
7f338eeb4000-7f338eecb000 r-xp 00000000 08:06 9054391                    /usr/lib/jvm/jdk1.8.0_201/lib/amd64/jli/libjli.so
7f338eecb000-7f338f0ca000 ---p 00017000 08:06 9054391                    /usr/lib/jvm/jdk1.8.0_201/lib/amd64/jli/libjli.so
7f338f0ca000-7f338f0cb000 r--p 00016000 08:06 9054391                    /usr/lib/jvm/jdk1.8.0_201/lib/amd64/jli/libjli.so
7f338f0cb000-7f338f0cc000 rw-p 00017000 08:06 9054391                    /usr/lib/jvm/jdk1.8.0_201/lib/amd64/jli/libjli.so
7f338f0cc000-7f338f0e6000 r-xp 00000000 08:06 3937109                    /lib/x86_64-linux-gnu/libpthread-2.27.so
7f338f0e6000-7f338f2e5000 ---p 0001a000 08:06 3937109                    /lib/x86_64-linux-gnu/libpthread-2.27.so
7f338f2e5000-7f338f2e6000 r--p 00019000 08:06 3937109                    /lib/x86_64-linux-gnu/libpthread-2.27.so
7f338f2e6000-7f338f2e7000 rw-p 0001a000 08:06 3937109                    /lib/x86_64-linux-gnu/libpthread-2.27.so
7f338f2e7000-7f338f2eb000 rw-p 00000000 00:00 0 
7f338f2eb000-7f338f312000 r-xp 00000000 08:06 3936948                    /lib/x86_64-linux-gnu/ld-2.27.so
7f338f328000-7f338f3f3000 rw-p 00000000 00:00 0 
7f338f3f3000-7f338f3f4000 ---p 00000000 00:00 0 
7f338f3f4000-7f338f3f7000 ---p 00000000 00:00 0 
7f338f3f7000-7f338f4f8000 rw-p 00000000 00:00 0 
7f338f506000-7f338f508000 r--s 0000c000 08:06 4234248                    /home/ermicho/projects/react-native/sidebar/android/gradle/wrapper/gradle-wrapper.jar
7f338f508000-7f338f510000 rw-s 00000000 08:06 13139595                   /tmp/hsperfdata_ermicho/20272
7f338f510000-7f338f511000 rw-p 00000000 00:00 0 
7f338f511000-7f338f512000 r--p 00000000 00:00 0 
7f338f512000-7f338f513000 r--p 00027000 08:06 3936948                    /lib/x86_64-linux-gnu/ld-2.27.so
7f338f513000-7f338f514000 rw-p 00028000 08:06 3936948                    /lib/x86_64-linux-gnu/ld-2.27.so
7f338f514000-7f338f515000 rw-p 00000000 00:00 0 
7ffc22b6b000-7ffc22b8e000 rw-p 00000000 00:00 0                          [stack]
7ffc22baa000-7ffc22bad000 r--p 00000000 00:00 0                          [vvar]
7ffc22bad000-7ffc22baf000 r-xp 00000000 00:00 0                          [vdso]
ffffffffff600000-ffffffffff601000 r-xp 00000000 00:00 0                  [vsyscall]

VM Arguments:
jvm_args: -Dorg.gradle.appname=gradlew 
java_command: org.gradle.wrapper.GradleWrapperMain app:installDebug
java_class_path (initial): /home/ermicho/projects/react-native/sidebar/android/gradle/wrapper/gradle-wrapper.jar
Launcher Type: SUN_STANDARD

Environment Variables:
JAVA_HOME=/usr/lib/jvm/jdk1.8.0_201
PATH=/home/ermicho/projects/react-native/sidebar/node_modules/.bin:/usr/local/lib/node_modules/npm/node_modules/npm-lifecycle/node-gyp-bin:/home/ermicho/projects/react-native/sidebar/node_modules/.bin:/usr/local/sbin:/usr/local/bin:/usr/sbin:/usr/bin:/sbin:/bin:/usr/games:/usr/local/games:/snap/bin:/home/ermicho/Android/Sdk/tools:/home/ermicho/Android/Sdk/tools/bin:/home/ermicho/Android/Sdk/platform-tools:/home/ermicho/Android/Sdk/emulator:/home/ermicho/Android/Sdk/tools/bin:/home/ermicho/Android/Sdk/platform-tools
USERNAME=ermicho
SHELL=/bin/bash
DISPLAY=:0

Signal Handlers:
SIGSEGV: [libjvm.so+0xad3e60], sa_mask[0]=11111111011111111101111111111110, sa_flags=SA_RESTART|SA_SIGINFO
SIGBUS: [libjvm.so+0xad3e60], sa_mask[0]=11111111011111111101111111111110, sa_flags=SA_RESTART|SA_SIGINFO
SIGFPE: [libjvm.so+0x90b880], sa_mask[0]=11111111011111111101111111111110, sa_flags=SA_RESTART|SA_SIGINFO
SIGPIPE: [libjvm.so+0x90b880], sa_mask[0]=11111111011111111101111111111110, sa_flags=SA_RESTART|SA_SIGINFO
SIGXFSZ: [libjvm.so+0x90b880], sa_mask[0]=11111111011111111101111111111110, sa_flags=SA_RESTART|SA_SIGINFO
SIGILL: [libjvm.so+0x90b880], sa_mask[0]=11111111011111111101111111111110, sa_flags=SA_RESTART|SA_SIGINFO
SIGUSR1: SIG_DFL, sa_mask[0]=00000000000000000000000000000000, sa_flags=none
SIGUSR2: [libjvm.so+0x90b750], sa_mask[0]=00000000000000000000000000000000, sa_flags=SA_RESTART|SA_SIGINFO
SIGHUP: [libjvm.so+0x90bd70], sa_mask[0]=11111111011111111101111111111110, sa_flags=SA_RESTART|SA_SIGINFO
SIGINT: [libjvm.so+0x90bd70], sa_mask[0]=11111111011111111101111111111110, sa_flags=SA_RESTART|SA_SIGINFO
SIGTERM: [libjvm.so+0x90bd70], sa_mask[0]=11111111011111111101111111111110, sa_flags=SA_RESTART|SA_SIGINFO
SIGQUIT: [libjvm.so+0x90bd70], sa_mask[0]=11111111011111111101111111111110, sa_flags=SA_RESTART|SA_SIGINFO


---------------  S Y S T E M  ---------------

OS:DISTRIB_ID=Ubuntu
DISTRIB_RELEASE=18.04
DISTRIB_CODENAME=bionic
DISTRIB_DESCRIPTION="Ubuntu 18.04.2 LTS"

uname:Linux 4.15.0-46-generic #49-Ubuntu SMP Wed Feb 6 09:33:07 UTC 2019 x86_64
libc:glibc 2.27 NPTL 2.27 
rlimit: STACK 8192k, CORE 0k, NPROC 30710, NOFILE 4096, AS infinity
load average:1.41 2.18 2.25

/proc/meminfo:
MemTotal:        8021540 kB
MemFree:          461156 kB
MemAvailable:    1659456 kB
Buffers:           27508 kB
Cached:          1870664 kB
SwapCached:            8 kB
Active:          5657952 kB
Inactive:        1384212 kB
Active(anon):    4770104 kB
Inactive(anon):   938884 kB
Active(file):     887848 kB
Inactive(file):   445328 kB
Unevictable:         344 kB
Mlocked:             344 kB
SwapTotal:       2097148 kB
SwapFree:        2095868 kB
Dirty:             15504 kB
Writeback:             0 kB
AnonPages:       5144096 kB
Mapped:          1112628 kB
Shmem:            584348 kB
Slab:             263280 kB
SReclaimable:     172952 kB
SUnreclaim:        90328 kB
KernelStack:       26652 kB
PageTables:       105564 kB
NFS_Unstable:          0 kB
Bounce:                0 kB
WritebackTmp:          0 kB
CommitLimit:     6107916 kB
Committed_AS:   18870096 kB
VmallocTotal:   34359738367 kB
VmallocUsed:           0 kB
VmallocChunk:          0 kB
HardwareCorrupted:     0 kB
AnonHugePages:         0 kB
ShmemHugePages:        0 kB
ShmemPmdMapped:        0 kB
CmaTotal:              0 kB
CmaFree:               0 kB
HugePages_Total:       0
HugePages_Free:        0
HugePages_Rsvd:        0
HugePages_Surp:        0
Hugepagesize:       2048 kB
DirectMap4k:      343492 kB
DirectMap2M:     7899136 kB
DirectMap1G:     1048576 kB

container (cgroup) information:
container_type: cgroupv1
cpu_cpuset_cpus: 0-7
cpu_memory_nodes: 0
active_processor_count: 8
cpu_quota: -1
cpu_period: 100000
cpu_shares: -1
memory_limit_in_bytes: -1
memory_and_swap_limit_in_bytes: -2
memory_soft_limit_in_bytes: -1
memory_usage_in_bytes: 7211769856
memory_max_usage_in_bytes: 85811200


CPU:total 8 (initial active 8) (4 cores per cpu, 2 threads per core) family 6 model 142 stepping 10, cmov, cx8, fxsr, mmx, sse, sse2, sse3, ssse3, sse4.1, sse4.2, popcnt, avx, avx2, aes, clmul, erms, 3dnowpref, lzcnt, ht, tsc, tscinvbit, bmi1, bmi2, adx

/proc/cpuinfo:
processor	: 0
vendor_id	: GenuineIntel
cpu family	: 6
model		: 142
model name	: Intel(R) Core(TM) i7-8550U CPU @ 1.80GHz
stepping	: 10
microcode	: 0x96
cpu MHz		: 3206.654
cache size	: 8192 KB
physical id	: 0
siblings	: 8
core id		: 0
cpu cores	: 4
apicid		: 0
initial apicid	: 0
fpu		: yes
fpu_exception	: yes
cpuid level	: 22
wp		: yes
flags		: fpu vme de pse tsc msr pae mce cx8 apic sep mtrr pge mca cmov pat pse36 clflush dts acpi mmx fxsr sse sse2 ss ht tm pbe syscall nx pdpe1gb rdtscp lm constant_tsc art arch_perfmon pebs bts rep_good nopl xtopology nonstop_tsc cpuid aperfmperf tsc_known_freq pni pclmulqdq dtes64 monitor ds_cpl vmx est tm2 ssse3 sdbg fma cx16 xtpr pdcm pcid sse4_1 sse4_2 x2apic movbe popcnt tsc_deadline_timer aes xsave avx f16c rdrand lahf_lm abm 3dnowprefetch cpuid_fault epb invpcid_single pti ssbd ibrs ibpb stibp tpr_shadow vnmi flexpriority ept vpid fsgsbase tsc_adjust bmi1 avx2 smep bmi2 erms invpcid mpx rdseed adx smap clflushopt intel_pt xsaveopt xsavec xgetbv1 xsaves dtherm ida arat pln pts hwp hwp_notify hwp_act_window hwp_epp flush_l1d
bugs		: cpu_meltdown spectre_v1 spectre_v2 spec_store_bypass l1tf
bogomips	: 3984.00
clflush size	: 64
cache_alignment	: 64
address sizes	: 39 bits physical, 48 bits virtual
power management:

processor	: 1
vendor_id	: GenuineIntel
cpu family	: 6
model		: 142
model name	: Intel(R) Core(TM) i7-8550U CPU @ 1.80GHz
stepping	: 10
microcode	: 0x96
cpu MHz		: 3270.646
cache size	: 8192 KB
physical id	: 0
siblings	: 8
core id		: 1
cpu cores	: 4
apicid		: 2
initial apicid	: 2
fpu		: yes
fpu_exception	: yes
cpuid level	: 22
wp		: yes
flags		: fpu vme de pse tsc msr pae mce cx8 apic sep mtrr pge mca cmov pat pse36 clflush dts acpi mmx fxsr sse sse2 ss ht tm pbe syscall nx pdpe1gb rdtscp lm constant_tsc art arch_perfmon pebs bts rep_good nopl xtopology nonstop_tsc cpuid aperfmperf tsc_known_freq pni pclmulqdq dtes64 monitor ds_cpl vmx est tm2 ssse3 sdbg fma cx16 xtpr pdcm pcid sse4_1 sse4_2 x2apic movbe popcnt tsc_deadline_timer aes xsave avx f16c rdrand lahf_lm abm 3dnowprefetch cpuid_fault epb invpcid_single pti ssbd ibrs ibpb stibp tpr_shadow vnmi flexpriority ept vpid fsgsbase tsc_adjust bmi1 avx2 smep bmi2 erms invpcid mpx rdseed adx smap clflushopt intel_pt xsaveopt xsavec xgetbv1 xsaves dtherm ida arat pln pts hwp hwp_notify hwp_act_window hwp_epp flush_l1d
bugs		: cpu_meltdown spectre_v1 spectre_v2 spec_store_bypass l1tf
bogomips	: 3984.00
clflush size	: 64
cache_alignment	: 64
address sizes	: 39 bits physical, 48 bits virtual
power management:

processor	: 2
vendor_id	: GenuineIntel
cpu family	: 6
model		: 142
model name	: Intel(R) Core(TM) i7-8550U CPU @ 1.80GHz
stepping	: 10
microcode	: 0x96
cpu MHz		: 3208.456
cache size	: 8192 KB
physical id	: 0
siblings	: 8
core id		: 2
cpu cores	: 4
apicid		: 4
initial apicid	: 4
fpu		: yes
fpu_exception	: yes
cpuid level	: 22
wp		: yes
flags		: fpu vme de pse tsc msr pae mce cx8 apic sep mtrr pge mca cmov pat pse36 clflush dts acpi mmx fxsr sse sse2 ss ht tm pbe syscall nx pdpe1gb rdtscp lm constant_tsc art arch_perfmon pebs bts rep_good nopl xtopology nonstop_tsc cpuid aperfmperf tsc_known_freq pni pclmulqdq dtes64 monitor ds_cpl vmx est tm2 ssse3 sdbg fma cx16 xtpr pdcm pcid sse4_1 sse4_2 x2apic movbe popcnt tsc_deadline_timer aes xsave avx f16c rdrand lahf_lm abm 3dnowprefetch cpuid_fault epb invpcid_single pti ssbd ibrs ibpb stibp tpr_shadow vnmi flexpriority ept vpid fsgsbase tsc_adjust bmi1 avx2 smep bmi2 erms invpcid mpx rdseed adx smap clflushopt intel_pt xsaveopt xsavec xgetbv1 xsaves dtherm ida arat pln pts hwp hwp_notify hwp_act_window hwp_epp flush_l1d
bugs		: cpu_meltdown spectre_v1 spectre_v2 spec_store_bypass l1tf
bogomips	: 3984.00
clflush size	: 64
cache_alignment	: 64
address sizes	: 39 bits physical, 48 bits virtual
power management:

processor	: 3
vendor_id	: GenuineIntel
cpu family	: 6
model		: 142
model name	: Intel(R) Core(TM) i7-8550U CPU @ 1.80GHz
stepping	: 10
microcode	: 0x96
cpu MHz		: 3229.039
cache size	: 8192 KB
physical id	: 0
siblings	: 8
core id		: 3
cpu cores	: 4
apicid		: 6
initial apicid	: 6
fpu		: yes
fpu_exception	: yes
cpuid level	: 22
wp		: yes
flags		: fpu vme de pse tsc msr pae mce cx8 apic sep mtrr pge mca cmov pat pse36 clflush dts acpi mmx fxsr sse sse2 ss ht tm pbe syscall nx pdpe1gb rdtscp lm constant_tsc art arch_perfmon pebs bts rep_good nopl xtopology nonstop_tsc cpuid aperfmperf tsc_known_freq pni pclmulqdq dtes64 monitor ds_cpl vmx est tm2 ssse3 sdbg fma cx16 xtpr pdcm pcid sse4_1 sse4_2 x2apic movbe popcnt tsc_deadline_timer aes xsave avx f16c rdrand lahf_lm abm 3dnowprefetch cpuid_fault epb invpcid_single pti ssbd ibrs ibpb stibp tpr_shadow vnmi flexpriority ept vpid fsgsbase tsc_adjust bmi1 avx2 smep bmi2 erms invpcid mpx rdseed adx smap clflushopt intel_pt xsaveopt xsavec xgetbv1 xsaves dtherm ida arat pln pts hwp hwp_notify hwp_act_window hwp_epp flush_l1d
bugs		: cpu_meltdown spectre_v1 spectre_v2 spec_store_bypass l1tf
bogomips	: 3984.00
clflush size	: 64
cache_alignment	: 64
address sizes	: 39 bits physical, 48 bits virtual
power management:

processor	: 4
vendor_id	: GenuineIntel
cpu family	: 6
model		: 142
model name	: Intel(R) Core(TM) i7-8550U CPU @ 1.80GHz
stepping	: 10
microcode	: 0x96
cpu MHz		: 3247.457
cache size	: 8192 KB
physical id	: 0
siblings	: 8
core id		: 0
cpu cores	: 4
apicid		: 1
initial apicid	: 1
fpu		: yes
fpu_exception	: yes
cpuid level	: 22
wp		: yes
flags		: fpu vme de pse tsc msr pae mce cx8 apic sep mtrr pge mca cmov pat pse36 clflush dts acpi mmx fxsr sse sse2 ss ht tm pbe syscall nx pdpe1gb rdtscp lm constant_tsc art arch_perfmon pebs bts rep_good nopl xtopology nonstop_tsc cpuid aperfmperf tsc_known_freq pni pclmulqdq dtes64 monitor ds_cpl vmx est tm2 ssse3 sdbg fma cx16 xtpr pdcm pcid sse4_1 sse4_2 x2apic movbe popcnt tsc_deadline_timer aes xsave avx f16c rdrand lahf_lm abm 3dnowprefetch cpuid_fault epb invpcid_single pti ssbd ibrs ibpb stibp tpr_shadow vnmi flexpriority ept vpid fsgsbase tsc_adjust bmi1 avx2 smep bmi2 erms invpcid mpx rdseed adx smap clflushopt intel_pt xsaveopt xsavec xgetbv1 xsaves dtherm ida arat pln pts hwp hwp_notify hwp_act_window hwp_epp flush_l1d
bugs		: cpu_meltdown spectre_v1 spectre_v2 spec_store_bypass l1tf
bogomips	: 3984.00
clflush size	: 64
cache_alignment	: 64
address sizes	: 39 bits physical, 48 bits virtual
power management:

processor	: 5
vendor_id	: GenuineIntel
cpu family	: 6
model		: 142
model name	: Intel(R) Core(TM) i7-8550U CPU @ 1.80GHz
stepping	: 10
microcode	: 0x96
cpu MHz		: 3187.090
cache size	: 8192 KB
physical id	: 0
siblings	: 8
core id		: 1
cpu cores	: 4
apicid		: 3
initial apicid	: 3
fpu		: yes
fpu_exception	: yes
cpuid level	: 22
wp		: yes
flags		: fpu vme de pse tsc msr pae mce cx8 apic sep mtrr pge mca cmov pat pse36 clflush dts acpi mmx fxsr sse sse2 ss ht tm pbe syscall nx pdpe1gb rdtscp lm constant_tsc art arch_perfmon pebs bts rep_good nopl xtopology nonstop_tsc cpuid aperfmperf tsc_known_freq pni pclmulqdq dtes64 monitor ds_cpl vmx est tm2 ssse3 sdbg fma cx16 xtpr pdcm pcid sse4_1 sse4_2 x2apic movbe popcnt tsc_deadline_timer aes xsave avx f16c rdrand lahf_lm abm 3dnowprefetch cpuid_fault epb invpcid_single pti ssbd ibrs ibpb stibp tpr_shadow vnmi flexpriority ept vpid fsgsbase tsc_adjust bmi1 avx2 smep bmi2 erms invpcid mpx rdseed adx smap clflushopt intel_pt xsaveopt xsavec xgetbv1 xsaves dtherm ida arat pln pts hwp hwp_notify hwp_act_window hwp_epp flush_l1d
bugs		: cpu_meltdown spectre_v1 spectre_v2 spec_store_bypass l1tf
bogomips	: 3984.00
clflush size	: 64
cache_alignment	: 64
address sizes	: 39 bits physical, 48 bits virtual
power management:

processor	: 6
vendor_id	: GenuineIntel
cpu family	: 6
model		: 142
model name	: Intel(R) Core(TM) i7-8550U CPU @ 1.80GHz
stepping	: 10
microcode	: 0x96
cpu MHz		: 3271.270
cache size	: 8192 KB
physical id	: 0
siblings	: 8
core id		: 2
cpu cores	: 4
apicid		: 5
initial apicid	: 5
fpu		: yes
fpu_exception	: yes
cpuid level	: 22
wp		: yes
flags		: fpu vme de pse tsc msr pae mce cx8 apic sep mtrr pge mca cmov pat pse36 clflush dts acpi mmx fxsr sse sse2 ss ht tm pbe syscall nx pdpe1gb rdtscp lm constant_tsc art arch_perfmon pebs bts rep_good nopl xtopology nonstop_tsc cpuid aperfmperf tsc_known_freq pni pclmulqdq dtes64 monitor ds_cpl vmx est tm2 ssse3 sdbg fma cx16 xtpr pdcm pcid sse4_1 sse4_2 x2apic movbe popcnt tsc_deadline_timer aes xsave avx f16c rdrand lahf_lm abm 3dnowprefetch cpuid_fault epb invpcid_single pti ssbd ibrs ibpb stibp tpr_shadow vnmi flexpriority ept vpid fsgsbase tsc_adjust bmi1 avx2 smep bmi2 erms invpcid mpx rdseed adx smap clflushopt intel_pt xsaveopt xsavec xgetbv1 xsaves dtherm ida arat pln pts hwp hwp_notify hwp_act_window hwp_epp flush_l1d
bugs		: cpu_meltdown spectre_v1 spectre_v2 spec_store_bypass l1tf
bogomips	: 3984.00
clflush size	: 64
cache_alignment	: 64
address sizes	: 39 bits physical, 48 bits virtual
power management:

processor	: 7
vendor_id	: GenuineIntel
cpu family	: 6
model		: 142
model name	: Intel(R) Core(TM) i7-8550U CPU @ 1.80GHz
stepping	: 10
microcode	: 0x96
cpu MHz		: 3222.658
cache size	: 8192 KB
physical id	: 0
siblings	: 8
core id		: 3
cpu cores	: 4
apicid		: 7
initial apicid	: 7
fpu		: yes
fpu_exception	: yes
cpuid level	: 22
wp		: yes
flags		: fpu vme de pse tsc msr pae mce cx8 apic sep mtrr pge mca cmov pat pse36 clflush dts acpi mmx fxsr sse sse2 ss ht tm pbe syscall nx pdpe1gb rdtscp lm constant_tsc art arch_perfmon pebs bts rep_good nopl xtopology nonstop_tsc cpuid aperfmperf tsc_known_freq pni pclmulqdq dtes64 monitor ds_cpl vmx est tm2 ssse3 sdbg fma cx16 xtpr pdcm pcid sse4_1 sse4_2 x2apic movbe popcnt tsc_deadline_timer aes xsave avx f16c rdrand lahf_lm abm 3dnowprefetch cpuid_fault epb invpcid_single pti ssbd ibrs ibpb stibp tpr_shadow vnmi flexpriority ept vpid fsgsbase tsc_adjust bmi1 avx2 smep bmi2 erms invpcid mpx rdseed adx smap clflushopt intel_pt xsaveopt xsavec xgetbv1 xsaves dtherm ida arat pln pts hwp hwp_notify hwp_act_window hwp_epp flush_l1d
bugs		: cpu_meltdown spectre_v1 spectre_v2 spec_store_bypass l1tf
bogomips	: 3984.00
clflush size	: 64
cache_alignment	: 64
address sizes	: 39 bits physical, 48 bits virtual
power management:



Memory: 4k page, physical 8021540k(459916k free), swap 2097148k(2095868k free)

vm_info: Java HotSpot(TM) 64-Bit Server VM (25.201-b09) for linux-amd64 JRE (1.8.0_201-b09), built on Dec 15 2018 11:35:59 by "java_re" with gcc 7.3.0

time: Sat Mar 16 12:45:43 2019
timezone: IST
elapsed time: 0 seconds (0d 0h 0m 0s)

