#
# A fatal error has been detected by the Java Runtime Environment:
#
#  SIGSEGV (0xb) at pc=0x00007fcae696a783, pid=15259, tid=0x00007fcae7c7db80
#
# JRE version: Java(TM) SE Runtime Environment (8.0_201-b09) (build 1.8.0_201-b09)
# Java VM: Java HotSpot(TM) 64-Bit Server VM (25.201-b09 mixed mode linux-amd64 compressed oops)
# Problematic frame:
# V  [libjvm.so+0x90b783]  SR_handler(int, siginfo*, ucontext*)+0x33
#
# Failed to write core dump. Core dumps have been disabled. To enable core dumping, try "ulimit -c unlimited" before starting Java again
#
# If you would like to submit a bug report, please visit:
#   http://bugreport.java.com/bugreport/crash.jsp
#

---------------  T H R E A D  ---------------

Current thread is native thread

siginfo: si_signo: 11 (SIGSEGV), si_code: 1 (SEGV_MAPERR), si_addr: 0x0000000000000128

Registers:
RAX=0x0000000000000000, RBX=0x00007fcae7c7c700, RCX=0x00007fcae785dd2d, RDX=0x00007fcae7c7dea0
RSP=0x00007ffdc52fd680, RBP=0x00007ffdc52fd730, RSI=0x00007ffdc52fd870, RDI=0x0000000000000001
R8 =0x00000000000000ca, R9 =0x00007fcae7c7c9d0, R10=0x0000000000000000, R11=0x0000000000000246
R12=0x00007fcae7c7db00, R13=0x0000000000000002, R14=0x00007ffdc52fd870, R15=0x00007ffdc52fd740
RIP=0x00007fcae696a783, EFLAGS=0x0000000000010246, CSGSFS=0x002b000000000033, ERR=0x0000000000000004
  TRAPNO=0x000000000000000e

Top of Stack: (sp=0x00007ffdc52fd680)
0x00007ffdc52fd680:   00007fcae70599d0 00007fcae7a82312
0x00007ffdc52fd690:   0000000000000000 0000ffff00001fa0
0x00007ffdc52fd6a0:   39353235312fdbd0 6c2d8d798de80a00
0x00007ffdc52fd6b0:   00007ffdc52fd6f0 00007ffdc52fd6f0
0x00007ffdc52fd6c0:   000000000000003f 00007fcae6bb9ca7
0x00007ffdc52fd6d0:   00007ffdc52fd888 00000000017815c0
0x00007ffdc52fd6e0:   00007ffdc52fd960 00007fcae70d0910
0x00007ffdc52fd6f0:   00000000fbad8001 00007ffdc52fd960
0x00007ffdc52fd700:   00007ffdc52fd960 00007fcae7c7c700
0x00007ffdc52fd710:   0000000000000000 00007ffdc52fde00
0x00007ffdc52fd720:   0000000000000000 0000000000000001
0x00007ffdc52fd730:   00007ffdc52fde68 00007fcae7867890
0x00007ffdc52fd740:   0000000000000007 0000000000000000
0x00007ffdc52fd750:   0000000000000000 00007fca00000002
0x00007ffdc52fd760:   0000000000000000 00000000000000ca
0x00007ffdc52fd770:   00007fcae7c7c9d0 0000000000000000
0x00007ffdc52fd780:   0000000000000246 0000000000000000
0x00007ffdc52fd790:   00007ffdc52fde00 0000000000000000
0x00007ffdc52fd7a0:   0000000000000001 00007fcae7c7c9d0
0x00007ffdc52fd7b0:   0000000000000000 00007ffdc52fde68
0x00007ffdc52fd7c0:   00007fcae7c7c700 0000000000003ba6
0x00007ffdc52fd7d0:   00000000000000ca 00007fcae785dd2d
0x00007ffdc52fd7e0:   00007ffdc52fddf0 00007fcae785dd2b
0x00007ffdc52fd7f0:   0000000000000246 002b000000000033
0x00007ffdc52fd800:   0000000000000000 0000000000000000
0x00007ffdc52fd810:   0000000000000000 0000000000000000
0x00007ffdc52fd820:   00007ffdc52fd900 00007ffdc52fd968
0x00007ffdc52fd830:   00007fcae7c80748 00007fcae7c7f000
0x00007ffdc52fd840:   0000000000000000 00007fcae7a7f1ef
0x00007ffdc52fd850:   0000000000000004 00007fcae7a85754
0x00007ffdc52fd860:   0000000000000001 0000000000000000
0x00007ffdc52fd870:   000000000000000c 00007fca00000000 

Instructions: (pc=0x00007fcae696a783)
0x00007fcae696a763:   48 81 ec 88 00 00 00 e8 81 1d 8f ff 44 8b 28 49
0x00007fcae696a773:   89 c4 48 8d 05 2c 61 68 00 8b 38 e8 15 2c 8f ff
0x00007fcae696a783:   48 8b 98 28 01 00 00 8b 83 a8 00 00 00 83 f8 01
0x00007fcae696a793:   74 1b 45 89 2c 24 48 81 c4 88 00 00 00 5b 41 5c 

Register to memory mapping:

RAX=0x0000000000000000 is an unknown value
RBX=0x00007fcae7c7c700 is pointing into the stack for thread: 0x00007fcae000b000
RCX=0x00007fcae785dd2d: <offset 0x8d2d> in /lib/x86_64-linux-gnu/libpthread.so.0 at 0x00007fcae7855000
RDX=0x00007fcae7c7dea0 is an unknown value
RSP=0x00007ffdc52fd680 is an unknown value
RBP=0x00007ffdc52fd730 is an unknown value
RSI=0x00007ffdc52fd870 is an unknown value
RDI=0x0000000000000001 is an unknown value
R8 =0x00000000000000ca is an unknown value
R9 =0x00007fcae7c7c9d0 is pointing into the stack for thread: 0x00007fcae000b000
R10=0x0000000000000000 is an unknown value
R11=0x0000000000000246 is an unknown value
R12=0x00007fcae7c7db00 is an unknown value
R13=0x0000000000000002 is an unknown value
R14=0x00007ffdc52fd870 is an unknown value
R15=0x00007ffdc52fd740 is an unknown value


Stack: [0x00007ffdc5206000,0x00007ffdc5306000],  sp=0x00007ffdc52fd680,  free space=989k
Native frames: (J=compiled Java code, j=interpreted, Vv=VM code, C=native code)
V  [libjvm.so+0x90b783]  SR_handler(int, siginfo*, ucontext*)+0x33
C  [libpthread.so.0+0x12890]


---------------  P R O C E S S  ---------------

VM state:not at safepoint (normal execution)

VM Mutex/Monitor currently owned by a thread: None

heap address: 0x0000000085800000, size: 1960 MB, Compressed Oops mode: 32-bit
Narrow klass base: 0x0000000000000000, Narrow klass shift: 3
Compressed class space size: 1073741824 Address: 0x0000000100000000

Heap:
 PSYoungGen      total 36864K, used 12303K [0x00000000d7300000, 0x00000000d9c00000, 0x0000000100000000)
  eden space 31744K, 22% used [0x00000000d7300000,0x00000000d7a0f5c8,0x00000000d9200000)
  from space 5120K, 99% used [0x00000000d9200000,0x00000000d96f4820,0x00000000d9700000)
  to   space 5120K, 0% used [0x00000000d9700000,0x00000000d9700000,0x00000000d9c00000)
 ParOldGen       total 84992K, used 16K [0x0000000085800000, 0x000000008ab00000, 0x00000000d7300000)
  object space 84992K, 0% used [0x0000000085800000,0x0000000085804000,0x000000008ab00000)
 Metaspace       used 10489K, capacity 10766K, committed 11008K, reserved 1058816K
  class space    used 1416K, capacity 1531K, committed 1536K, reserved 1048576K

Card table byte_map: [0x00007fcae4488000,0x00007fcae485d000] byte_map_base: 0x00007fcae405c000

Marking Bits: (ParMarkBitMap*) 0x00007fcae702ad80
 Begin Bits: [0x00007fcab02c0000, 0x00007fcab2160000)
 End Bits:   [0x00007fcab2160000, 0x00007fcab4000000)

Polling page: 0x00007fcae7c9a000

CodeCache: size=245760Kb used=3242Kb max_used=3244Kb free=242517Kb
 bounds [0x00007fcad1000000, 0x00007fcad1330000, 0x00007fcae0000000]
 total_blobs=1280 nmethods=943 adapters=251
 compilation: enabled

Compilation events (10 events):
Event: 5.864 Thread 0x00007fcae00c9000  939       3       com.google.common.collect.Lists$ReverseList$1::hasNext (10 bytes)
Event: 5.864 Thread 0x00007fcae00c9000 nmethod 939 0x00007fcad132c690 code [0x00007fcad132c800, 0x00007fcad132ca28]
Event: 5.864 Thread 0x00007fcae00c9000  940       3       java.util.ArrayList$ListItr::hasPrevious (13 bytes)
Event: 5.864 Thread 0x00007fcae00c9000 nmethod 940 0x00007fcad132c310 code [0x00007fcad132c480, 0x00007fcad132c630]
Event: 5.964 Thread 0x00007fcae00c9000  941       3       java.util.AbstractList::iterator (10 bytes)
Event: 5.964 Thread 0x00007fcae00c9000 nmethod 941 0x00007fcad132bd50 code [0x00007fcad132bec0, 0x00007fcad132c1b0]
Event: 5.964 Thread 0x00007fcae00c9000  942       3       org.gradle.internal.logging.console.DefaultRedrawableLabel::redraw (166 bytes)
Event: 5.965 Thread 0x00007fcae00c9000 nmethod 942 0x00007fcad132a990 code [0x00007fcad132abc0, 0x00007fcad132b758]
Event: 6.164 Thread 0x00007fcae00c9000  943       3       java.nio.CharBuffer::arrayOffset (35 bytes)
Event: 6.164 Thread 0x00007fcae00c9000 nmethod 943 0x00007fcad132a390 code [0x00007fcad132a520, 0x00007fcad132a838]

GC Heap History (2 events):
Event: 0.683 GC heap before
{Heap before GC invocations=1 (full 0):
 PSYoungGen      total 36864K, used 31744K [0x00000000d7300000, 0x00000000d9c00000, 0x0000000100000000)
  eden space 31744K, 100% used [0x00000000d7300000,0x00000000d9200000,0x00000000d9200000)
  from space 5120K, 0% used [0x00000000d9700000,0x00000000d9700000,0x00000000d9c00000)
  to   space 5120K, 0% used [0x00000000d9200000,0x00000000d9200000,0x00000000d9700000)
 ParOldGen       total 84992K, used 0K [0x0000000085800000, 0x000000008ab00000, 0x00000000d7300000)
  object space 84992K, 0% used [0x0000000085800000,0x0000000085800000,0x000000008ab00000)
 Metaspace       used 9012K, capacity 9198K, committed 9344K, reserved 1056768K
  class space    used 1235K, capacity 1325K, committed 1408K, reserved 1048576K
Event: 0.687 GC heap after
Heap after GC invocations=1 (full 0):
 PSYoungGen      total 36864K, used 5074K [0x00000000d7300000, 0x00000000d9c00000, 0x0000000100000000)
  eden space 31744K, 0% used [0x00000000d7300000,0x00000000d7300000,0x00000000d9200000)
  from space 5120K, 99% used [0x00000000d9200000,0x00000000d96f4820,0x00000000d9700000)
  to   space 5120K, 0% used [0x00000000d9700000,0x00000000d9700000,0x00000000d9c00000)
 ParOldGen       total 84992K, used 16K [0x0000000085800000, 0x000000008ab00000, 0x00000000d7300000)
  object space 84992K, 0% used [0x0000000085800000,0x0000000085804000,0x000000008ab00000)
 Metaspace       used 9012K, capacity 9198K, committed 9344K, reserved 1056768K
  class space    used 1235K, capacity 1325K, committed 1408K, reserved 1048576K
}

Deoptimization events (9 events):
Event: 0.288 Thread 0x00007fcae000b000 Uncommon trap: reason=unstable_if action=reinterpret pc=0x00007fcad119dbb4 method=java.lang.String.startsWith(Ljava/lang/String;I)Z @ 25
Event: 0.342 Thread 0x00007fcae000b000 Uncommon trap: reason=unstable_if action=reinterpret pc=0x00007fcad1188e3c method=java.util.regex.Matcher.reset()Ljava/util/regex/Matcher; @ 47
Event: 0.342 Thread 0x00007fcae000b000 Uncommon trap: reason=class_check action=maybe_recompile pc=0x00007fcad1189884 method=java.util.regex.Matcher.match(II)Z @ 86
Event: 0.486 Thread 0x00007fcae000b000 Uncommon trap: reason=class_check action=maybe_recompile pc=0x00007fcad1189884 method=java.util.regex.Matcher.match(II)Z @ 86
Event: 0.486 Thread 0x00007fcae000b000 Uncommon trap: reason=class_check action=maybe_recompile pc=0x00007fcad1189884 method=java.util.regex.Matcher.match(II)Z @ 86
Event: 0.486 Thread 0x00007fcae000b000 Uncommon trap: reason=class_check action=maybe_recompile pc=0x00007fcad1189884 method=java.util.regex.Matcher.match(II)Z @ 86
Event: 0.632 Thread 0x00007fcae000b000 Uncommon trap: reason=unstable_if action=reinterpret pc=0x00007fcad128ce9c method=java.util.HashMap.hash(Ljava/lang/Object;)I @ 1
Event: 0.677 Thread 0x00007fcae000b000 Uncommon trap: reason=unstable_if action=reinterpret pc=0x00007fcad123ae64 method=java.util.HashMap.getNode(ILjava/lang/Object;)Ljava/util/HashMap$Node; @ 129
Event: 0.677 Thread 0x00007fcae000b000 Uncommon trap: reason=bimorphic action=maybe_recompile pc=0x00007fcad129bd04 method=java.util.HashMap.putVal(ILjava/lang/Object;Ljava/lang/Object;ZZ)Ljava/lang/Object; @ 203

Classes redefined (0 events):
No events

Internal exceptions (10 events):
Event: 0.644 Thread 0x00007fcae000b000 Exception <a 'java/lang/ArrayIndexOutOfBoundsException'> (0x00000000d8d67f40) thrown at [/HUDSON/workspace/8-2-build-linux-amd64/jdk8u201/12317/hotspot/src/share/vm/runtime/sharedRuntime.cpp, line 605]
Event: 0.645 Thread 0x00007fcae000b000 Exception <a 'java/lang/ArrayIndexOutOfBoundsException'> (0x00000000d8d7cbd8) thrown at [/HUDSON/workspace/8-2-build-linux-amd64/jdk8u201/12317/hotspot/src/share/vm/runtime/sharedRuntime.cpp, line 605]
Event: 0.645 Thread 0x00007fcae000b000 Exception <a 'java/lang/ArrayIndexOutOfBoundsException'> (0x00000000d8d80de0) thrown at [/HUDSON/workspace/8-2-build-linux-amd64/jdk8u201/12317/hotspot/src/share/vm/runtime/sharedRuntime.cpp, line 605]
Event: 0.649 Thread 0x00007fcae000b000 Exception <a 'java/lang/ArrayIndexOutOfBoundsException'> (0x00000000d8decd60) thrown at [/HUDSON/workspace/8-2-build-linux-amd64/jdk8u201/12317/hotspot/src/share/vm/runtime/sharedRuntime.cpp, line 605]
Event: 0.650 Thread 0x00007fcae000b000 Exception <a 'java/lang/ArrayIndexOutOfBoundsException'> (0x00000000d8dee128) thrown at [/HUDSON/workspace/8-2-build-linux-amd64/jdk8u201/12317/hotspot/src/share/vm/runtime/sharedRuntime.cpp, line 605]
Event: 0.650 Thread 0x00007fcae000b000 Exception <a 'java/lang/ArrayIndexOutOfBoundsException'> (0x00000000d8def7a8) thrown at [/HUDSON/workspace/8-2-build-linux-amd64/jdk8u201/12317/hotspot/src/share/vm/runtime/sharedRuntime.cpp, line 605]
Event: 0.650 Thread 0x00007fcae000b000 Exception <a 'java/lang/ArrayIndexOutOfBoundsException'> (0x00000000d8df08e0) thrown at [/HUDSON/workspace/8-2-build-linux-amd64/jdk8u201/12317/hotspot/src/share/vm/runtime/sharedRuntime.cpp, line 605]
Event: 0.650 Thread 0x00007fcae000b000 Exception <a 'java/lang/ArrayIndexOutOfBoundsException'> (0x00000000d8df3f90) thrown at [/HUDSON/workspace/8-2-build-linux-amd64/jdk8u201/12317/hotspot/src/share/vm/runtime/sharedRuntime.cpp, line 605]
Event: 0.657 Thread 0x00007fcae000b000 Exception <a 'java/lang/NoClassDefFoundError': org/slf4j/impl/StaticMarkerBinder> (0x00000000d8eb53a8) thrown at [/HUDSON/workspace/8-2-build-linux-amd64/jdk8u201/12317/hotspot/src/share/vm/classfile/systemDictionary.cpp, line 199]
Event: 0.718 Thread 0x00007fcae000b000 Exception <a 'java/net/SocketException': Protocol family unavailable> (0x00000000d75c4328) thrown at [/HUDSON/workspace/8-2-build-linux-amd64/jdk8u201/12317/hotspot/src/share/vm/prims/jni.cpp, line 735]

Events (10 events):
Event: 2.409 loading class org/gradle/internal/serialize/ExceptionReplacingObjectInputStream$1
Event: 2.409 loading class org/gradle/internal/serialize/ExceptionReplacingObjectInputStream$1 done
Event: 3.564 loading class org/gradle/internal/logging/text/AbstractLineChoppingStyledTextOutput$StateContext
Event: 3.564 loading class org/gradle/internal/logging/text/AbstractLineChoppingStyledTextOutput$StateContext done
Event: 3.566 loading class org/gradle/internal/logging/console/DefaultTextArea$2
Event: 3.566 loading class org/gradle/internal/logging/console/DefaultTextArea$2 done
Event: 3.567 loading class org/gradle/internal/logging/console/DefaultTextArea$2$1
Event: 3.567 loading class org/gradle/internal/logging/console/DefaultTextArea$2$1 done
Event: 4.111 Executing VM operation: EnableBiasedLocking
Event: 4.111 Executing VM operation: EnableBiasedLocking done


Dynamic libraries:
00400000-00401000 r-xp 00000000 08:06 8013769                            /usr/lib/jvm/jdk1.8.0_201/bin/java
00600000-00601000 r--p 00000000 08:06 8013769                            /usr/lib/jvm/jdk1.8.0_201/bin/java
00601000-00602000 rw-p 00001000 08:06 8013769                            /usr/lib/jvm/jdk1.8.0_201/bin/java
01781000-01a4f000 rw-p 00000000 00:00 0                                  [heap]
85800000-8ab00000 rw-p 00000000 00:00 0 
8ab00000-d7300000 ---p 00000000 00:00 0 
d7300000-d9c00000 rw-p 00000000 00:00 0 
d9c00000-100000000 ---p 00000000 00:00 0 
100000000-100180000 rw-p 00000000 00:00 0 
100180000-140000000 ---p 00000000 00:00 0 
7fca70000000-7fca70021000 rw-p 00000000 00:00 0 
7fca70021000-7fca74000000 ---p 00000000 00:00 0 
7fca74000000-7fca74021000 rw-p 00000000 00:00 0 
7fca74021000-7fca78000000 ---p 00000000 00:00 0 
7fca78000000-7fca78028000 rw-p 00000000 00:00 0 
7fca78028000-7fca7c000000 ---p 00000000 00:00 0 
7fca7c000000-7fca7c021000 rw-p 00000000 00:00 0 
7fca7c021000-7fca80000000 ---p 00000000 00:00 0 
7fca82e88000-7fca82e8b000 ---p 00000000 00:00 0 
7fca82e8b000-7fca82f89000 rw-p 00000000 00:00 0 
7fca82f89000-7fca82f8c000 ---p 00000000 00:00 0 
7fca82f8c000-7fca831ca000 rw-p 00000000 00:00 0 
7fca831ca000-7fca8328a000 ---p 00000000 00:00 0 
7fca8328a000-7fca83293000 r-xp 00000000 08:06 10888336                   /usr/lib/jvm/jdk1.8.0_201/jre/lib/amd64/libmanagement.so
7fca83293000-7fca83492000 ---p 00009000 08:06 10888336                   /usr/lib/jvm/jdk1.8.0_201/jre/lib/amd64/libmanagement.so
7fca83492000-7fca83493000 r--p 00008000 08:06 10888336                   /usr/lib/jvm/jdk1.8.0_201/jre/lib/amd64/libmanagement.so
7fca83493000-7fca83494000 rw-p 00009000 08:06 10888336                   /usr/lib/jvm/jdk1.8.0_201/jre/lib/amd64/libmanagement.so
7fca83494000-7fca83497000 ---p 00000000 00:00 0 
7fca83497000-7fca83595000 rw-p 00000000 00:00 0 
7fca83595000-7fca83597000 r-xp 00000000 08:06 9065339                    /home/ermicho/.gradle/native/jansi/1.14/linux64/libjansi.so
7fca83597000-7fca83796000 ---p 00002000 08:06 9065339                    /home/ermicho/.gradle/native/jansi/1.14/linux64/libjansi.so
7fca83796000-7fca83797000 rw-p 00001000 08:06 9065339                    /home/ermicho/.gradle/native/jansi/1.14/linux64/libjansi.so
7fca83797000-7fca837bc000 r-xp 00000000 08:06 3937134                    /lib/x86_64-linux-gnu/libtinfo.so.5.9
7fca837bc000-7fca839bc000 ---p 00025000 08:06 3937134                    /lib/x86_64-linux-gnu/libtinfo.so.5.9
7fca839bc000-7fca839c0000 r--p 00025000 08:06 3937134                    /lib/x86_64-linux-gnu/libtinfo.so.5.9
7fca839c0000-7fca839c1000 rw-p 00029000 08:06 3937134                    /lib/x86_64-linux-gnu/libtinfo.so.5.9
7fca839c1000-7fca839e2000 r-xp 00000000 08:06 3937049                    /lib/x86_64-linux-gnu/libncurses.so.5.9
7fca839e2000-7fca83be2000 ---p 00021000 08:06 3937049                    /lib/x86_64-linux-gnu/libncurses.so.5.9
7fca83be2000-7fca83be3000 r--p 00021000 08:06 3937049                    /lib/x86_64-linux-gnu/libncurses.so.5.9
7fca83be3000-7fca83be4000 rw-p 00022000 08:06 3937049                    /lib/x86_64-linux-gnu/libncurses.so.5.9
7fca83be4000-7fca83be7000 r-xp 00000000 08:06 9065345                    /home/ermicho/.gradle/native/25/linux-amd64-ncurses5/libnative-platform-curses.so
7fca83be7000-7fca83de7000 ---p 00003000 08:06 9065345                    /home/ermicho/.gradle/native/25/linux-amd64-ncurses5/libnative-platform-curses.so
7fca83de7000-7fca83de8000 rw-p 00003000 08:06 9065345                    /home/ermicho/.gradle/native/25/linux-amd64-ncurses5/libnative-platform-curses.so
7fca83de8000-7fca83dff000 r-xp 00000000 08:06 3936880                    /lib/x86_64-linux-gnu/libgcc_s.so.1
7fca83dff000-7fca83ffe000 ---p 00017000 08:06 3936880                    /lib/x86_64-linux-gnu/libgcc_s.so.1
7fca83ffe000-7fca83fff000 r--p 00016000 08:06 3936880                    /lib/x86_64-linux-gnu/libgcc_s.so.1
7fca83fff000-7fca84000000 rw-p 00017000 08:06 3936880                    /lib/x86_64-linux-gnu/libgcc_s.so.1
7fca84000000-7fca84215000 rw-p 00000000 00:00 0 
7fca84215000-7fca88000000 ---p 00000000 00:00 0 
7fca88000000-7fca88021000 rw-p 00000000 00:00 0 
7fca88021000-7fca8c000000 ---p 00000000 00:00 0 
7fca8c000000-7fca8c1e3000 rw-p 00000000 00:00 0 
7fca8c1e3000-7fca90000000 ---p 00000000 00:00 0 
7fca90000000-7fca90290000 rw-p 00000000 00:00 0 
7fca90290000-7fca94000000 ---p 00000000 00:00 0 
7fca94000000-7fca94021000 rw-p 00000000 00:00 0 
7fca94021000-7fca98000000 ---p 00000000 00:00 0 
7fca98000000-7fca98309000 rw-p 00000000 00:00 0 
7fca98309000-7fca9c000000 ---p 00000000 00:00 0 
7fca9c000000-7fca9c021000 rw-p 00000000 00:00 0 
7fca9c021000-7fcaa0000000 ---p 00000000 00:00 0 
7fcaa0000000-7fcaa0021000 rw-p 00000000 00:00 0 
7fcaa0021000-7fcaa4000000 ---p 00000000 00:00 0 
7fcaa4000000-7fcaa4021000 rw-p 00000000 00:00 0 
7fcaa4021000-7fcaa8000000 ---p 00000000 00:00 0 
7fcaa805b000-7fcaa81d4000 r-xp 00000000 08:06 657556                     /usr/lib/x86_64-linux-gnu/libstdc++.so.6.0.25
7fcaa81d4000-7fcaa83d4000 ---p 00179000 08:06 657556                     /usr/lib/x86_64-linux-gnu/libstdc++.so.6.0.25
7fcaa83d4000-7fcaa83de000 r--p 00179000 08:06 657556                     /usr/lib/x86_64-linux-gnu/libstdc++.so.6.0.25
7fcaa83de000-7fcaa83e0000 rw-p 00183000 08:06 657556                     /usr/lib/x86_64-linux-gnu/libstdc++.so.6.0.25
7fcaa83e0000-7fcaa83e4000 rw-p 00000000 00:00 0 
7fcaa83f7000-7fcaa83fe000 r--s 00000000 08:06 920324                     /usr/lib/x86_64-linux-gnu/gconv/gconv-modules.cache
7fcaa83fe000-7fcaa8403000 r-xp 00000000 08:06 9065331                    /home/ermicho/.gradle/native/25/linux-amd64/libnative-platform.so
7fcaa8403000-7fcaa8602000 ---p 00005000 08:06 9065331                    /home/ermicho/.gradle/native/25/linux-amd64/libnative-platform.so
7fcaa8602000-7fcaa8603000 rw-p 00004000 08:06 9065331                    /home/ermicho/.gradle/native/25/linux-amd64/libnative-platform.so
7fcaa8603000-7fcaa8605000 r--s 00006000 08:06 131431                     /home/ermicho/.gradle/wrapper/dists/gradle-4.10.2-all/9fahxiiecdb76a5g3aw9oi8rv/gradle-4.10.2/lib/gradle-wrapper-4.10.2.jar
7fcaa8605000-7fcaa8614000 r--s 0004b000 08:06 131430                     /home/ermicho/.gradle/wrapper/dists/gradle-4.10.2-all/9fahxiiecdb76a5g3aw9oi8rv/gradle-4.10.2/lib/gradle-tooling-api-4.10.2.jar
7fcaa8614000-7fcaa8616000 r--s 00002000 08:06 131427                     /home/ermicho/.gradle/wrapper/dists/gradle-4.10.2-all/9fahxiiecdb76a5g3aw9oi8rv/gradle-4.10.2/lib/kotlin-stdlib-jdk8-1.2.61.jar
7fcaa8616000-7fcaa8617000 r--s 00000000 08:06 131426                     /home/ermicho/.gradle/wrapper/dists/gradle-4.10.2-all/9fahxiiecdb76a5g3aw9oi8rv/gradle-4.10.2/lib/kotlin-stdlib-jdk7-1.2.61.jar
7fcaa8617000-7fcaa861d000 r--s 00015000 08:06 131425                     /home/ermicho/.gradle/wrapper/dists/gradle-4.10.2-all/9fahxiiecdb76a5g3aw9oi8rv/gradle-4.10.2/lib/kotlin-stdlib-common-1.2.61.jar
7fcaa861d000-7fcaa862d000 r--s 000db000 08:06 131424                     /home/ermicho/.gradle/wrapper/dists/gradle-4.10.2-all/9fahxiiecdb76a5g3aw9oi8rv/gradle-4.10.2/lib/kotlin-stdlib-1.2.61.jar
7fcaa862d000-7fcaa862f000 r--s 00009000 08:06 131423                     /home/ermicho/.gradle/wrapper/dists/gradle-4.10.2-all/9fahxiiecdb76a5g3aw9oi8rv/gradle-4.10.2/lib/kotlin-script-runtime-1.2.61.jar
7fcaa862f000-7fcaa8630000 r--s 00002000 08:06 131422                     /home/ermicho/.gradle/wrapper/dists/gradle-4.10.2-all/9fahxiiecdb76a5g3aw9oi8rv/gradle-4.10.2/lib/kotlin-sam-with-receiver-compiler-plugin-1.2.61.jar
7fcaa8630000-7fcaa8665000 r--s 00241000 08:06 131421                     /home/ermicho/.gradle/wrapper/dists/gradle-4.10.2-all/9fahxiiecdb76a5g3aw9oi8rv/gradle-4.10.2/lib/kotlin-reflect-1.2.61.jar
7fcaa8665000-7fcaa8830000 r--s 019b7000 08:06 131420                     /home/ermicho/.gradle/wrapper/dists/gradle-4.10.2-all/9fahxiiecdb76a5g3aw9oi8rv/gradle-4.10.2/lib/kotlin-compiler-embeddable-1.2.61.jar
7fcaa8830000-7fcaa8832000 r--s 00000000 08:06 131419                     /home/ermicho/.gradle/wrapper/dists/gradle-4.10.2-all/9fahxiiecdb76a5g3aw9oi8rv/gradle-4.10.2/lib/gradle-kotlin-dsl-tooling-models-1.0-rc-6.jar
7fcaa8832000-7fcaa8834000 r--s 00003000 08:06 131415                     /home/ermicho/.gradle/wrapper/dists/gradle-4.10.2-all/9fahxiiecdb76a5g3aw9oi8rv/gradle-4.10.2/lib/annotations-13.0.jar
7fcaa8834000-7fcaa8848000 r--s 00109000 08:06 131416                     /home/ermicho/.gradle/wrapper/dists/gradle-4.10.2-all/9fahxiiecdb76a5g3aw9oi8rv/gradle-4.10.2/lib/gradle-kotlin-dsl-1.0-rc-6.jar
7fcaa8848000-7fcaa884c000 r--s 00013000 08:06 131436                     /home/ermicho/.gradle/wrapper/dists/gradle-4.10.2-all/9fahxiiecdb76a5g3aw9oi8rv/gradle-4.10.2/lib/gradle-build-cache-4.10.2.jar
7fcaa884c000-7fcaa8852000 r--s 00034000 08:06 131437                     /home/ermicho/.gradle/wrapper/dists/gradle-4.10.2-all/9fahxiiecdb76a5g3aw9oi8rv/gradle-4.10.2/lib/gradle-persistent-cache-4.10.2.jar
7fcaa8852000-7fcaa8857000 r--s 00015000 08:06 131440                     /home/ermicho/.gradle/wrapper/dists/gradle-4.10.2-all/9fahxiiecdb76a5g3aw9oi8rv/gradle-4.10.2/lib/gradle-resources-4.10.2.jar
7fcaa8857000-7fcaa8858000 r--s 00003000 08:06 131447                     /home/ermicho/.gradle/wrapper/dists/gradle-4.10.2-all/9fahxiiecdb76a5g3aw9oi8rv/gradle-4.10.2/lib/gradle-build-option-4.10.2.jar
7fcaa8858000-7fcaa8859000 r--s 00006000 08:06 131448                     /home/ermicho/.gradle/wrapper/dists/gradle-4.10.2-all/9fahxiiecdb76a5g3aw9oi8rv/gradle-4.10.2/lib/gradle-cli-4.10.2.jar
7fcaa8859000-7fcaa885b000 r--s 00004000 08:06 131460                     /home/ermicho/.gradle/wrapper/dists/gradle-4.10.2-all/9fahxiiecdb76a5g3aw9oi8rv/gradle-4.10.2/lib/log4j-over-slf4j-1.7.16.jar
7fcaa885b000-7fcaa885d000 r--s 00000000 08:06 131459                     /home/ermicho/.gradle/wrapper/dists/gradle-4.10.2-all/9fahxiiecdb76a5g3aw9oi8rv/gradle-4.10.2/lib/jul-to-slf4j-1.7.16.jar
7fcaa885d000-7fcaa885f000 r--s 00003000 08:06 131458                     /home/ermicho/.gradle/wrapper/dists/gradle-4.10.2-all/9fahxiiecdb76a5g3aw9oi8rv/gradle-4.10.2/lib/jcl-over-slf4j-1.7.16.jar
7fcaa885f000-7fcaa8867000 r--s 00035000 08:06 131438                     /home/ermicho/.gradle/wrapper/dists/gradle-4.10.2-all/9fahxiiecdb76a5g3aw9oi8rv/gradle-4.10.2/lib/gradle-logging-4.10.2.jar
7fcaa8867000-7fcaa8876000 r--s 00085000 08:06 131443                     /home/ermicho/.gradle/wrapper/dists/gradle-4.10.2-all/9fahxiiecdb76a5g3aw9oi8rv/gradle-4.10.2/lib/gradle-model-core-4.10.2.jar
7fcaa8876000-7fcaa8878000 r--s 00006000 08:06 131444                     /home/ermicho/.gradle/wrapper/dists/gradle-4.10.2-all/9fahxiiecdb76a5g3aw9oi8rv/gradle-4.10.2/lib/gradle-base-services-groovy-4.10.2.jar
7fcaa8878000-7fcaa887a000 r--s 00007000 08:06 131442                     /home/ermicho/.gradle/wrapper/dists/gradle-4.10.2-all/9fahxiiecdb76a5g3aw9oi8rv/gradle-4.10.2/lib/gradle-model-groovy-4.10.2.jar
7fcaa887a000-7fcaa887b000 r--s 00006000 08:06 131449                     /home/ermicho/.gradle/wrapper/dists/gradle-4.10.2-all/9fahxiiecdb76a5g3aw9oi8rv/gradle-4.10.2/lib/gradle-docs-4.10.2.jar
7fcaa887b000-7fcaa8884000 r--s 0002d000 08:06 131472                     /home/ermicho/.gradle/wrapper/dists/gradle-4.10.2-all/9fahxiiecdb76a5g3aw9oi8rv/gradle-4.10.2/lib/xml-apis-1.4.01.jar
7fcaa8884000-7fcaa8885000 r--s 00000000 08:06 131468                     /home/ermicho/.gradle/wrapper/dists/gradle-4.10.2-all/9fahxiiecdb76a5g3aw9oi8rv/gradle-4.10.2/lib/javax.inject-1.jar
7fcaa8885000-7fcaa88f6000 r--s 00665000 08:06 131466                     /home/ermicho/.gradle/wrapper/dists/gradle-4.10.2-all/9fahxiiecdb76a5g3aw9oi8rv/gradle-4.10.2/lib/groovy-all-2.4.15.jar
7fcaa88f6000-7fcaa8900000 r--s 00078000 08:06 131471                     /home/ermicho/.gradle/wrapper/dists/gradle-4.10.2-all/9fahxiiecdb76a5g3aw9oi8rv/gradle-4.10.2/lib/commons-compress-1.14.jar
7fcaa8900000-7fcaa890d000 r--s 00083000 08:06 131469                     /home/ermicho/.gradle/wrapper/dists/gradle-4.10.2-all/9fahxiiecdb76a5g3aw9oi8rv/gradle-4.10.2/lib/commons-collections-3.2.2.jar
7fcaa890d000-7fcaa890e000 r--s 00007000 08:06 131451                     /home/ermicho/.gradle/wrapper/dists/gradle-4.10.2-all/9fahxiiecdb76a5g3aw9oi8rv/gradle-4.10.2/lib/asm-analysis-6.2.jar
7fcaa890e000-7fcaa8910000 r--s 0000b000 08:06 131452                     /home/ermicho/.gradle/wrapper/dists/gradle-4.10.2-all/9fahxiiecdb76a5g3aw9oi8rv/gradle-4.10.2/lib/asm-tree-6.2.jar
7fcaa8910000-7fcaa8912000 r--s 00012000 08:06 131450                     /home/ermicho/.gradle/wrapper/dists/gradle-4.10.2-all/9fahxiiecdb76a5g3aw9oi8rv/gradle-4.10.2/lib/asm-commons-6.2.jar
7fcaa8912000-7fcaa8913000 r--s 00004000 08:06 131475                     /home/ermicho/.gradle/wrapper/dists/gradle-4.10.2-all/9fahxiiecdb76a5g3aw9oi8rv/gradle-4.10.2/lib/native-platform-freebsd-amd64-libcpp-0.14.jar
7fcaa8913000-7fcaa8914000 r--s 00004000 08:06 131476                     /home/ermicho/.gradle/wrapper/dists/gradle-4.10.2-all/9fahxiiecdb76a5g3aw9oi8rv/gradle-4.10.2/lib/native-platform-freebsd-amd64-libstdcpp-0.14.jar
7fcaa8914000-7fcaa8915000 r--s 00004000 08:06 131477                     /home/ermicho/.gradle/wrapper/dists/gradle-4.10.2-all/9fahxiiecdb76a5g3aw9oi8rv/gradle-4.10.2/lib/native-platform-freebsd-i386-libcpp-0.14.jar
7fcaa8915000-7fcaa8916000 r--s 00003000 08:06 131478                     /home/ermicho/.gradle/wrapper/dists/gradle-4.10.2-all/9fahxiiecdb76a5g3aw9oi8rv/gradle-4.10.2/lib/native-platform-freebsd-i386-libstdcpp-0.14.jar
7fcaa8916000-7fcaa8917000 r--s 00002000 08:06 131479                     /home/ermicho/.gradle/wrapper/dists/gradle-4.10.2-all/9fahxiiecdb76a5g3aw9oi8rv/gradle-4.10.2/lib/native-platform-linux-amd64-0.14.jar
7fcaa8917000-7fcaa8918000 r--s 00002000 08:06 131480                     /home/ermicho/.gradle/wrapper/dists/gradle-4.10.2-all/9fahxiiecdb76a5g3aw9oi8rv/gradle-4.10.2/lib/native-platform-linux-i386-0.14.jar
7fcaa8918000-7fcaa891a000 r--s 00002000 08:06 131481                     /home/ermicho/.gradle/wrapper/dists/gradle-4.10.2-all/9fahxiiecdb76a5g3aw9oi8rv/gradle-4.10.2/lib/native-platform-osx-amd64-0.14.jar
7fcaa891a000-7fcaa891b000 r--s 00003000 08:06 131482                     /home/ermicho/.gradle/wrapper/dists/gradle-4.10.2-all/9fahxiiecdb76a5g3aw9oi8rv/gradle-4.10.2/lib/native-platform-osx-i386-0.14.jar
7fcaa891b000-7fcaa891d000 r--s 0000b000 08:06 131483                     /home/ermicho/.gradle/wrapper/dists/gradle-4.10.2-all/9fahxiiecdb76a5g3aw9oi8rv/gradle-4.10.2/lib/native-platform-windows-amd64-0.14.jar
7fcaa891d000-7fcaa891e000 r--s 0000b000 08:06 131484                     /home/ermicho/.gradle/wrapper/dists/gradle-4.10.2-all/9fahxiiecdb76a5g3aw9oi8rv/gradle-4.10.2/lib/native-platform-windows-i386-0.14.jar
7fcaa891e000-7fcaa891f000 r--s 00001000 08:06 131485                     /home/ermicho/.gradle/wrapper/dists/gradle-4.10.2-all/9fahxiiecdb76a5g3aw9oi8rv/gradle-4.10.2/lib/native-platform-linux-amd64-ncurses5-0.14.jar
7fcaa891f000-7fcaa8920000 r--s 00001000 08:06 131486                     /home/ermicho/.gradle/wrapper/dists/gradle-4.10.2-all/9fahxiiecdb76a5g3aw9oi8rv/gradle-4.10.2/lib/native-platform-linux-amd64-ncurses6-0.14.jar
7fcaa8920000-7fcaa8921000 r--s 00001000 08:06 131487                     /home/ermicho/.gradle/wrapper/dists/gradle-4.10.2-all/9fahxiiecdb76a5g3aw9oi8rv/gradle-4.10.2/lib/native-platform-linux-i386-ncurses5-0.14.jar
7fcaa8921000-7fcaa8925000 r--s 00012000 08:06 131470                     /home/ermicho/.gradle/wrapper/dists/gradle-4.10.2-all/9fahxiiecdb76a5g3aw9oi8rv/gradle-4.10.2/lib/native-platform-0.14.jar
7fcaa8925000-7fcaa8929000 r--s 0000c000 08:06 131441                     /home/ermicho/.gradle/wrapper/dists/gradle-4.10.2-all/9fahxiiecdb76a5g3aw9oi8rv/gradle-4.10.2/lib/gradle-native-4.10.2.jar
7fcaa8929000-7fcaa8951000 r--s 001cf000 08:06 131462                     /home/ermicho/.gradle/wrapper/dists/gradle-4.10.2-all/9fahxiiecdb76a5g3aw9oi8rv/gradle-4.10.2/lib/guava-jdk5-17.0.jar
7fcaa8951000-7fcaa8970000 r--s 001d9000 08:06 131467                     /home/ermicho/.gradle/wrapper/dists/gradle-4.10.2-all/9fahxiiecdb76a5g3aw9oi8rv/gradle-4.10.2/lib/ant-1.9.11.jar
7fcaa8970000-7fcaa89b6000 r--s 00265000 08:06 131433                     /home/ermicho/.gradle/wrapper/dists/gradle-4.10.2-all/9fahxiiecdb76a5g3aw9oi8rv/gradle-4.10.2/lib/gradle-core-4.10.2.jar
7fcaa89b6000-7fcaa89c7000 r-xp 00000000 08:06 10888331                   /usr/lib/jvm/jdk1.8.0_201/jre/lib/amd64/libnio.so
7fcaa89c7000-7fcaa8bc6000 ---p 00011000 08:06 10888331                   /usr/lib/jvm/jdk1.8.0_201/jre/lib/amd64/libnio.so
7fcaa8bc6000-7fcaa8bc7000 r--p 00010000 08:06 10888331                   /usr/lib/jvm/jdk1.8.0_201/jre/lib/amd64/libnio.so
7fcaa8bc7000-7fcaa8bc8000 rw-p 00011000 08:06 10888331                   /usr/lib/jvm/jdk1.8.0_201/jre/lib/amd64/libnio.so
7fcaa8bc8000-7fcaa8bf9000 rw-p 00000000 00:00 0 
7fcaa8bf9000-7fcaa8c0f000 r-xp 00000000 08:06 10888328                   /usr/lib/jvm/jdk1.8.0_201/jre/lib/amd64/libnet.so
7fcaa8c0f000-7fcaa8e0f000 ---p 00016000 08:06 10888328                   /usr/lib/jvm/jdk1.8.0_201/jre/lib/amd64/libnet.so
7fcaa8e0f000-7fcaa8e10000 r--p 00016000 08:06 10888328                   /usr/lib/jvm/jdk1.8.0_201/jre/lib/amd64/libnet.so
7fcaa8e10000-7fcaa8e11000 rw-p 00017000 08:06 10888328                   /usr/lib/jvm/jdk1.8.0_201/jre/lib/amd64/libnet.so
7fcaa8e11000-7fcaa8e12000 ---p 00000000 00:00 0 
7fcaa8e12000-7fcaa8f12000 rw-p 00000000 00:00 0 
7fcaa8f12000-7fcaa8f15000 ---p 00000000 00:00 0 
7fcaa8f15000-7fcaa9013000 rw-p 00000000 00:00 0 
7fcaa9013000-7fcaa9014000 ---p 00000000 00:00 0 
7fcaa9014000-7fcaa9017000 ---p 00000000 00:00 0 
7fcaa9017000-7fcaa9114000 rw-p 00000000 00:00 0 
7fcaa9114000-7fcaa9115000 ---p 00000000 00:00 0 
7fcaa9115000-7fcaa9118000 ---p 00000000 00:00 0 
7fcaa9118000-7fcaa9215000 rw-p 00000000 00:00 0 
7fcaa9215000-7fcaa9216000 ---p 00000000 00:00 0 
7fcaa9216000-7fcaa9219000 ---p 00000000 00:00 0 
7fcaa9219000-7fcaa9316000 rw-p 00000000 00:00 0 
7fcaa9316000-7fcaa9317000 ---p 00000000 00:00 0 
7fcaa9317000-7fcaa931a000 ---p 00000000 00:00 0 
7fcaa931a000-7fcaa9417000 rw-p 00000000 00:00 0 
7fcaa9417000-7fcaa941a000 ---p 00000000 00:00 0 
7fcaa941a000-7fcaa9518000 rw-p 00000000 00:00 0 
7fcaa9518000-7fcaa9ee7000 r--p 00000000 08:06 662140                     /usr/lib/locale/locale-archive
7fcaa9ee7000-7fcaa9eea000 ---p 00000000 00:00 0 
7fcaa9eea000-7fcaa9fe8000 rw-p 00000000 00:00 0 
7fcaa9fe8000-7fcaa9feb000 ---p 00000000 00:00 0 
7fcaa9feb000-7fcaaa0e9000 rw-p 00000000 00:00 0 
7fcaaa0e9000-7fcaaa0ea000 ---p 00000000 00:00 0 
7fcaaa0ea000-7fcaac000000 rw-p 00000000 00:00 0 
7fcaac000000-7fcaac021000 rw-p 00000000 00:00 0 
7fcaac021000-7fcab0000000 ---p 00000000 00:00 0 
7fcab0000000-7fcab0003000 r--s 00023000 08:06 131473                     /home/ermicho/.gradle/wrapper/dists/gradle-4.10.2-all/9fahxiiecdb76a5g3aw9oi8rv/gradle-4.10.2/lib/jansi-1.14.jar
7fcab0003000-7fcab0005000 r--s 0000f000 08:06 131454                     /home/ermicho/.gradle/wrapper/dists/gradle-4.10.2-all/9fahxiiecdb76a5g3aw9oi8rv/gradle-4.10.2/lib/reflectasm-1.07-shaded.jar
7fcab0005000-7fcab000c000 r--s 0002d000 08:06 131445                     /home/ermicho/.gradle/wrapper/dists/gradle-4.10.2-all/9fahxiiecdb76a5g3aw9oi8rv/gradle-4.10.2/lib/gradle-messaging-4.10.2.jar
7fcab000c000-7fcab0019000 r--s 00037000 08:06 131435                     /home/ermicho/.gradle/wrapper/dists/gradle-4.10.2-all/9fahxiiecdb76a5g3aw9oi8rv/gradle-4.10.2/lib/gradle-core-api-4.10.2.jar
7fcab0019000-7fcab4000000 rw-p 00000000 00:00 0 
7fcab4000000-7fcab4021000 rw-p 00000000 00:00 0 
7fcab4021000-7fcab8000000 ---p 00000000 00:00 0 
7fcab8000000-7fcab8021000 rw-p 00000000 00:00 0 
7fcab8021000-7fcabc000000 ---p 00000000 00:00 0 
7fcabc000000-7fcabc021000 rw-p 00000000 00:00 0 
7fcabc021000-7fcac0000000 ---p 00000000 00:00 0 
7fcac0000000-7fcac0021000 rw-p 00000000 00:00 0 
7fcac0021000-7fcac4000000 ---p 00000000 00:00 0 
7fcac4000000-7fcac4021000 rw-p 00000000 00:00 0 
7fcac4021000-7fcac8000000 ---p 00000000 00:00 0 
7fcac8000000-7fcac8021000 rw-p 00000000 00:00 0 
7fcac8021000-7fcacc000000 ---p 00000000 00:00 0 
7fcacc000000-7fcacc021000 rw-p 00000000 00:00 0 
7fcacc021000-7fcad0000000 ---p 00000000 00:00 0 
7fcad0000000-7fcad0002000 r--s 00000000 08:06 131489                     /home/ermicho/.gradle/wrapper/dists/gradle-4.10.2-all/9fahxiiecdb76a5g3aw9oi8rv/gradle-4.10.2/lib/minlog-1.2.jar
7fcad0002000-7fcad0006000 r--s 00026000 08:06 131453                     /home/ermicho/.gradle/wrapper/dists/gradle-4.10.2-all/9fahxiiecdb76a5g3aw9oi8rv/gradle-4.10.2/lib/kryo-2.20.jar
7fcad0006000-7fcad034b000 rw-p 00000000 00:00 0 
7fcad034b000-7fcad0525000 r--s 03d6f000 08:06 10888034                   /usr/lib/jvm/jdk1.8.0_201/jre/lib/rt.jar
7fcad0525000-7fcad08f9000 rw-p 00000000 00:00 0 
7fcad08f9000-7fcad08fa000 ---p 00000000 00:00 0 
7fcad08fa000-7fcad09fa000 rw-p 00000000 00:00 0 
7fcad09fa000-7fcad09fb000 ---p 00000000 00:00 0 
7fcad09fb000-7fcad0afb000 rw-p 00000000 00:00 0 
7fcad0afb000-7fcad0afc000 ---p 00000000 00:00 0 
7fcad0afc000-7fcad0bfc000 rw-p 00000000 00:00 0 
7fcad0bfc000-7fcad0bfd000 ---p 00000000 00:00 0 
7fcad0bfd000-7fcad0cfd000 rw-p 00000000 00:00 0 
7fcad0cfd000-7fcad0cfe000 ---p 00000000 00:00 0 
7fcad0cfe000-7fcad0dfe000 rw-p 00000000 00:00 0 
7fcad0dfe000-7fcad0dff000 ---p 00000000 00:00 0 
7fcad0dff000-7fcad0eff000 rw-p 00000000 00:00 0 
7fcad0eff000-7fcad0f00000 ---p 00000000 00:00 0 
7fcad0f00000-7fcad1000000 rw-p 00000000 00:00 0 
7fcad1000000-7fcad1330000 rwxp 00000000 00:00 0 
7fcad1330000-7fcae0000000 ---p 00000000 00:00 0 
7fcae0000000-7fcae085d000 rw-p 00000000 00:00 0 
7fcae085d000-7fcae4000000 ---p 00000000 00:00 0 
7fcae4000000-7fcae4001000 r--s 00001000 08:06 131488                     /home/ermicho/.gradle/wrapper/dists/gradle-4.10.2-all/9fahxiiecdb76a5g3aw9oi8rv/gradle-4.10.2/lib/native-platform-linux-i386-ncurses6-0.14.jar
7fcae4001000-7fcae4003000 r--s 00007000 08:06 131490                     /home/ermicho/.gradle/wrapper/dists/gradle-4.10.2-all/9fahxiiecdb76a5g3aw9oi8rv/gradle-4.10.2/lib/objenesis-1.2.jar
7fcae4003000-7fcae4005000 r--s 00006000 08:06 131439                     /home/ermicho/.gradle/wrapper/dists/gradle-4.10.2-all/9fahxiiecdb76a5g3aw9oi8rv/gradle-4.10.2/lib/gradle-process-services-4.10.2.jar
7fcae4005000-7fcae4007000 r--s 00000000 08:06 131434                     /home/ermicho/.gradle/wrapper/dists/gradle-4.10.2-all/9fahxiiecdb76a5g3aw9oi8rv/gradle-4.10.2/lib/gradle-jvm-services-4.10.2.jar
7fcae4007000-7fcae4013000 r--s 00064000 08:06 131446                     /home/ermicho/.gradle/wrapper/dists/gradle-4.10.2-all/9fahxiiecdb76a5g3aw9oi8rv/gradle-4.10.2/lib/gradle-base-services-4.10.2.jar
7fcae4013000-7fcae40f9000 rw-p 00000000 00:00 0 
7fcae40f9000-7fcae40fa000 ---p 00000000 00:00 0 
7fcae40fa000-7fcae4224000 rw-p 00000000 00:00 0 
7fcae4224000-7fcae4488000 ---p 00000000 00:00 0 
7fcae4488000-7fcae44b2000 rw-p 00000000 00:00 0 
7fcae44b2000-7fcae4715000 ---p 00000000 00:00 0 
7fcae4715000-7fcae472a000 rw-p 00000000 00:00 0 
7fcae472a000-7fcae485c000 ---p 00000000 00:00 0 
7fcae485c000-7fcae486a000 rw-p 00000000 00:00 0 
7fcae486a000-7fcae4c1d000 ---p 00000000 00:00 0 
7fcae4c1d000-7fcae4c38000 r-xp 00000000 08:06 10888324                   /usr/lib/jvm/jdk1.8.0_201/jre/lib/amd64/libzip.so
7fcae4c38000-7fcae4e37000 ---p 0001b000 08:06 10888324                   /usr/lib/jvm/jdk1.8.0_201/jre/lib/amd64/libzip.so
7fcae4e37000-7fcae4e38000 r--p 0001a000 08:06 10888324                   /usr/lib/jvm/jdk1.8.0_201/jre/lib/amd64/libzip.so
7fcae4e38000-7fcae4e39000 rw-p 0001b000 08:06 10888324                   /usr/lib/jvm/jdk1.8.0_201/jre/lib/amd64/libzip.so
7fcae4e39000-7fcae4e44000 r-xp 00000000 08:06 3937066                    /lib/x86_64-linux-gnu/libnss_files-2.27.so
7fcae4e44000-7fcae5043000 ---p 0000b000 08:06 3937066                    /lib/x86_64-linux-gnu/libnss_files-2.27.so
7fcae5043000-7fcae5044000 r--p 0000a000 08:06 3937066                    /lib/x86_64-linux-gnu/libnss_files-2.27.so
7fcae5044000-7fcae5045000 rw-p 0000b000 08:06 3937066                    /lib/x86_64-linux-gnu/libnss_files-2.27.so
7fcae5045000-7fcae504b000 rw-p 00000000 00:00 0 
7fcae504b000-7fcae5062000 r-xp 00000000 08:06 3937060                    /lib/x86_64-linux-gnu/libnsl-2.27.so
7fcae5062000-7fcae5261000 ---p 00017000 08:06 3937060                    /lib/x86_64-linux-gnu/libnsl-2.27.so
7fcae5261000-7fcae5262000 r--p 00016000 08:06 3937060                    /lib/x86_64-linux-gnu/libnsl-2.27.so
7fcae5262000-7fcae5263000 rw-p 00017000 08:06 3937060                    /lib/x86_64-linux-gnu/libnsl-2.27.so
7fcae5263000-7fcae5265000 rw-p 00000000 00:00 0 
7fcae5265000-7fcae5270000 r-xp 00000000 08:06 3937077                    /lib/x86_64-linux-gnu/libnss_nis-2.27.so
7fcae5270000-7fcae546f000 ---p 0000b000 08:06 3937077                    /lib/x86_64-linux-gnu/libnss_nis-2.27.so
7fcae546f000-7fcae5470000 r--p 0000a000 08:06 3937077                    /lib/x86_64-linux-gnu/libnss_nis-2.27.so
7fcae5470000-7fcae5471000 rw-p 0000b000 08:06 3937077                    /lib/x86_64-linux-gnu/libnss_nis-2.27.so
7fcae5471000-7fcae5479000 r-xp 00000000 08:06 3937062                    /lib/x86_64-linux-gnu/libnss_compat-2.27.so
7fcae5479000-7fcae5679000 ---p 00008000 08:06 3937062                    /lib/x86_64-linux-gnu/libnss_compat-2.27.so
7fcae5679000-7fcae567a000 r--p 00008000 08:06 3937062                    /lib/x86_64-linux-gnu/libnss_compat-2.27.so
7fcae567a000-7fcae567b000 rw-p 00009000 08:06 3937062                    /lib/x86_64-linux-gnu/libnss_compat-2.27.so
7fcae567b000-7fcae56a7000 r-xp 00000000 08:06 10888318                   /usr/lib/jvm/jdk1.8.0_201/jre/lib/amd64/libjava.so
7fcae56a7000-7fcae58a7000 ---p 0002c000 08:06 10888318                   /usr/lib/jvm/jdk1.8.0_201/jre/lib/amd64/libjava.so
7fcae58a7000-7fcae58a8000 r--p 0002c000 08:06 10888318                   /usr/lib/jvm/jdk1.8.0_201/jre/lib/amd64/libjava.so
7fcae58a8000-7fcae58aa000 rw-p 0002d000 08:06 10888318                   /usr/lib/jvm/jdk1.8.0_201/jre/lib/amd64/libjava.so
7fcae58aa000-7fcae58b7000 r-xp 00000000 08:06 10888323                   /usr/lib/jvm/jdk1.8.0_201/jre/lib/amd64/libverify.so
7fcae58b7000-7fcae5ab6000 ---p 0000d000 08:06 10888323                   /usr/lib/jvm/jdk1.8.0_201/jre/lib/amd64/libverify.so
7fcae5ab6000-7fcae5ab8000 r--p 0000c000 08:06 10888323                   /usr/lib/jvm/jdk1.8.0_201/jre/lib/amd64/libverify.so
7fcae5ab8000-7fcae5ab9000 rw-p 0000e000 08:06 10888323                   /usr/lib/jvm/jdk1.8.0_201/jre/lib/amd64/libverify.so
7fcae5ab9000-7fcae5ac0000 r-xp 00000000 08:06 3937117                    /lib/x86_64-linux-gnu/librt-2.27.so
7fcae5ac0000-7fcae5cbf000 ---p 00007000 08:06 3937117                    /lib/x86_64-linux-gnu/librt-2.27.so
7fcae5cbf000-7fcae5cc0000 r--p 00006000 08:06 3937117                    /lib/x86_64-linux-gnu/librt-2.27.so
7fcae5cc0000-7fcae5cc1000 rw-p 00007000 08:06 3937117                    /lib/x86_64-linux-gnu/librt-2.27.so
7fcae5cc1000-7fcae5e5e000 r-xp 00000000 08:06 3937039                    /lib/x86_64-linux-gnu/libm-2.27.so
7fcae5e5e000-7fcae605d000 ---p 0019d000 08:06 3937039                    /lib/x86_64-linux-gnu/libm-2.27.so
7fcae605d000-7fcae605e000 r--p 0019c000 08:06 3937039                    /lib/x86_64-linux-gnu/libm-2.27.so
7fcae605e000-7fcae605f000 rw-p 0019d000 08:06 3937039                    /lib/x86_64-linux-gnu/libm-2.27.so
7fcae605f000-7fcae6d47000 r-xp 00000000 08:06 10888346                   /usr/lib/jvm/jdk1.8.0_201/jre/lib/amd64/server/libjvm.so
7fcae6d47000-7fcae6f46000 ---p 00ce8000 08:06 10888346                   /usr/lib/jvm/jdk1.8.0_201/jre/lib/amd64/server/libjvm.so
7fcae6f46000-7fcae6fdc000 r--p 00ce7000 08:06 10888346                   /usr/lib/jvm/jdk1.8.0_201/jre/lib/amd64/server/libjvm.so
7fcae6fdc000-7fcae700d000 rw-p 00d7d000 08:06 10888346                   /usr/lib/jvm/jdk1.8.0_201/jre/lib/amd64/server/libjvm.so
7fcae700d000-7fcae7048000 rw-p 00000000 00:00 0 
7fcae7048000-7fcae722f000 r-xp 00000000 08:06 3936976                    /lib/x86_64-linux-gnu/libc-2.27.so
7fcae722f000-7fcae742f000 ---p 001e7000 08:06 3936976                    /lib/x86_64-linux-gnu/libc-2.27.so
7fcae742f000-7fcae7433000 r--p 001e7000 08:06 3936976                    /lib/x86_64-linux-gnu/libc-2.27.so
7fcae7433000-7fcae7435000 rw-p 001eb000 08:06 3936976                    /lib/x86_64-linux-gnu/libc-2.27.so
7fcae7435000-7fcae7439000 rw-p 00000000 00:00 0 
7fcae7439000-7fcae743c000 r-xp 00000000 08:06 3936999                    /lib/x86_64-linux-gnu/libdl-2.27.so
7fcae743c000-7fcae763b000 ---p 00003000 08:06 3936999                    /lib/x86_64-linux-gnu/libdl-2.27.so
7fcae763b000-7fcae763c000 r--p 00002000 08:06 3936999                    /lib/x86_64-linux-gnu/libdl-2.27.so
7fcae763c000-7fcae763d000 rw-p 00003000 08:06 3936999                    /lib/x86_64-linux-gnu/libdl-2.27.so
7fcae763d000-7fcae7654000 r-xp 00000000 08:06 9054391                    /usr/lib/jvm/jdk1.8.0_201/lib/amd64/jli/libjli.so
7fcae7654000-7fcae7853000 ---p 00017000 08:06 9054391                    /usr/lib/jvm/jdk1.8.0_201/lib/amd64/jli/libjli.so
7fcae7853000-7fcae7854000 r--p 00016000 08:06 9054391                    /usr/lib/jvm/jdk1.8.0_201/lib/amd64/jli/libjli.so
7fcae7854000-7fcae7855000 rw-p 00017000 08:06 9054391                    /usr/lib/jvm/jdk1.8.0_201/lib/amd64/jli/libjli.so
7fcae7855000-7fcae786f000 r-xp 00000000 08:06 3937109                    /lib/x86_64-linux-gnu/libpthread-2.27.so
7fcae786f000-7fcae7a6e000 ---p 0001a000 08:06 3937109                    /lib/x86_64-linux-gnu/libpthread-2.27.so
7fcae7a6e000-7fcae7a6f000 r--p 00019000 08:06 3937109                    /lib/x86_64-linux-gnu/libpthread-2.27.so
7fcae7a6f000-7fcae7a70000 rw-p 0001a000 08:06 3937109                    /lib/x86_64-linux-gnu/libpthread-2.27.so
7fcae7a70000-7fcae7a74000 rw-p 00000000 00:00 0 
7fcae7a74000-7fcae7a9b000 r-xp 00000000 08:06 3936948                    /lib/x86_64-linux-gnu/ld-2.27.so
7fcae7a9b000-7fcae7a9d000 r--s 00006000 08:06 131463                     /home/ermicho/.gradle/wrapper/dists/gradle-4.10.2-all/9fahxiiecdb76a5g3aw9oi8rv/gradle-4.10.2/lib/jsr305-2.0.1.jar
7fcae7a9d000-7fcae7aa0000 r--s 0001a000 08:06 131464                     /home/ermicho/.gradle/wrapper/dists/gradle-4.10.2-all/9fahxiiecdb76a5g3aw9oi8rv/gradle-4.10.2/lib/fastutil-7.2.1-min.jar
7fcae7aa0000-7fcae7aa4000 r--s 0002a000 08:06 131456                     /home/ermicho/.gradle/wrapper/dists/gradle-4.10.2-all/9fahxiiecdb76a5g3aw9oi8rv/gradle-4.10.2/lib/commons-io-2.4.jar
7fcae7aa4000-7fcae7ab1000 r--s 00068000 08:06 131428                     /home/ermicho/.gradle/wrapper/dists/gradle-4.10.2-all/9fahxiiecdb76a5g3aw9oi8rv/gradle-4.10.2/lib/gradle-launcher-4.10.2.jar
7fcae7ab1000-7fcae7b7c000 rw-p 00000000 00:00 0 
7fcae7b7c000-7fcae7b7d000 ---p 00000000 00:00 0 
7fcae7b7d000-7fcae7b80000 ---p 00000000 00:00 0 
7fcae7b80000-7fcae7c81000 rw-p 00000000 00:00 0 
7fcae7c81000-7fcae7c82000 r--s 00000000 08:06 131465                     /home/ermicho/.gradle/wrapper/dists/gradle-4.10.2-all/9fahxiiecdb76a5g3aw9oi8rv/gradle-4.10.2/lib/jcip-annotations-1.0.jar
7fcae7c82000-7fcae7c84000 r--s 0001a000 08:06 131455                     /home/ermicho/.gradle/wrapper/dists/gradle-4.10.2-all/9fahxiiecdb76a5g3aw9oi8rv/gradle-4.10.2/lib/asm-6.2.jar
7fcae7c84000-7fcae7c85000 r--s 00009000 08:06 131461                     /home/ermicho/.gradle/wrapper/dists/gradle-4.10.2-all/9fahxiiecdb76a5g3aw9oi8rv/gradle-4.10.2/lib/slf4j-api-1.7.16.jar
7fcae7c85000-7fcae7c8a000 r--s 00041000 08:06 131457                     /home/ermicho/.gradle/wrapper/dists/gradle-4.10.2-all/9fahxiiecdb76a5g3aw9oi8rv/gradle-4.10.2/lib/commons-lang-2.6.jar
7fcae7c8a000-7fcae7c8b000 r--s 00004000 08:06 131474                     /home/ermicho/.gradle/wrapper/dists/gradle-4.10.2-all/9fahxiiecdb76a5g3aw9oi8rv/gradle-4.10.2/lib/ant-launcher-1.9.11.jar
7fcae7c8b000-7fcae7c8f000 r--s 000a1000 08:06 10888039                   /usr/lib/jvm/jdk1.8.0_201/jre/lib/jsse.jar
7fcae7c8f000-7fcae7c91000 r--s 0000c000 08:06 4234248                    /home/ermicho/projects/react-native/sidebar/android/gradle/wrapper/gradle-wrapper.jar
7fcae7c91000-7fcae7c99000 rw-s 00000000 08:06 13139561                   /tmp/hsperfdata_ermicho/15259
7fcae7c99000-7fcae7c9a000 rw-p 00000000 00:00 0 
7fcae7c9a000-7fcae7c9b000 r--p 00000000 00:00 0 
7fcae7c9b000-7fcae7c9c000 r--p 00027000 08:06 3936948                    /lib/x86_64-linux-gnu/ld-2.27.so
7fcae7c9c000-7fcae7c9d000 rw-p 00028000 08:06 3936948                    /lib/x86_64-linux-gnu/ld-2.27.so
7fcae7c9d000-7fcae7c9e000 rw-p 00000000 00:00 0 
7ffdc52e3000-7ffdc5306000 rw-p 00000000 00:00 0                          [stack]
7ffdc530c000-7ffdc530f000 r--p 00000000 00:00 0                          [vvar]
7ffdc530f000-7ffdc5311000 r-xp 00000000 00:00 0                          [vdso]
ffffffffff600000-ffffffffff601000 r-xp 00000000 00:00 0                  [vsyscall]

VM Arguments:
jvm_args: -Dorg.gradle.appname=gradlew 
java_command: org.gradle.wrapper.GradleWrapperMain app:installDebug
java_class_path (initial): /home/ermicho/projects/react-native/sidebar/android/gradle/wrapper/gradle-wrapper.jar
Launcher Type: SUN_STANDARD

Environment Variables:
JAVA_HOME=/usr/lib/jvm/jdk1.8.0_201
PATH=/home/ermicho/projects/react-native/sidebar/node_modules/.bin:/usr/local/lib/node_modules/npm/node_modules/npm-lifecycle/node-gyp-bin:/home/ermicho/projects/react-native/sidebar/node_modules/.bin:/usr/local/sbin:/usr/local/bin:/usr/sbin:/usr/bin:/sbin:/bin:/usr/games:/usr/local/games:/snap/bin:/home/ermicho/Android/Sdk/tools:/home/ermicho/Android/Sdk/tools/bin:/home/ermicho/Android/Sdk/platform-tools:/home/ermicho/Android/Sdk/emulator:/home/ermicho/Android/Sdk/tools/bin:/home/ermicho/Android/Sdk/platform-tools
USERNAME=ermicho
SHELL=/bin/bash
DISPLAY=:0

Signal Handlers:
SIGSEGV: [libjvm.so+0xad3e60], sa_mask[0]=11111111011111111101111111111110, sa_flags=SA_RESTART|SA_SIGINFO
SIGBUS: [libjvm.so+0xad3e60], sa_mask[0]=11111111011111111101111111111110, sa_flags=SA_RESTART|SA_SIGINFO
SIGFPE: [libjvm.so+0x90b880], sa_mask[0]=11111111011111111101111111111110, sa_flags=SA_RESTART|SA_SIGINFO
SIGPIPE: [libjvm.so+0x90b880], sa_mask[0]=11111111011111111101111111111110, sa_flags=SA_RESTART|SA_SIGINFO
SIGXFSZ: [libjvm.so+0x90b880], sa_mask[0]=11111111011111111101111111111110, sa_flags=SA_RESTART|SA_SIGINFO
SIGILL: [libjvm.so+0x90b880], sa_mask[0]=11111111011111111101111111111110, sa_flags=SA_RESTART|SA_SIGINFO
SIGUSR1: SIG_DFL, sa_mask[0]=00000000000000000000000000000000, sa_flags=none
SIGUSR2: [libjvm.so+0x90b750], sa_mask[0]=00000000000000000000000000000000, sa_flags=SA_RESTART|SA_SIGINFO
SIGHUP: [libjvm.so+0x90bd70], sa_mask[0]=11111111011111111101111111111110, sa_flags=SA_RESTART|SA_SIGINFO
SIGINT: [libjvm.so+0x90bd70], sa_mask[0]=11111111011111111101111111111110, sa_flags=SA_RESTART|SA_SIGINFO
SIGTERM: [libjvm.so+0x90bd70], sa_mask[0]=11111111011111111101111111111110, sa_flags=SA_RESTART|SA_SIGINFO
SIGQUIT: [libjvm.so+0x90bd70], sa_mask[0]=11111111011111111101111111111110, sa_flags=SA_RESTART|SA_SIGINFO


---------------  S Y S T E M  ---------------

OS:DISTRIB_ID=Ubuntu
DISTRIB_RELEASE=18.04
DISTRIB_CODENAME=bionic
DISTRIB_DESCRIPTION="Ubuntu 18.04.2 LTS"

uname:Linux 4.15.0-46-generic #49-Ubuntu SMP Wed Feb 6 09:33:07 UTC 2019 x86_64
libc:glibc 2.27 NPTL 2.27 
rlimit: STACK 8192k, CORE 0k, NPROC 30710, NOFILE 4096, AS infinity
load average:4.39 4.35 3.44

/proc/meminfo:
MemTotal:        8021540 kB
MemFree:          146472 kB
MemAvailable:    1344656 kB
Buffers:           31880 kB
Cached:          1842172 kB
SwapCached:            8 kB
Active:          5763092 kB
Inactive:        1612736 kB
Active(anon):    5115736 kB
Inactive(anon):   911548 kB
Active(file):     647356 kB
Inactive(file):   701188 kB
Unevictable:         344 kB
Mlocked:             344 kB
SwapTotal:       2097148 kB
SwapFree:        2095868 kB
Dirty:            118132 kB
Writeback:             0 kB
AnonPages:       5501888 kB
Mapped:          1105476 kB
Shmem:            552228 kB
Slab:             237240 kB
SReclaimable:     146000 kB
SUnreclaim:        91240 kB
KernelStack:       28896 kB
PageTables:       109212 kB
NFS_Unstable:          0 kB
Bounce:                0 kB
WritebackTmp:          0 kB
CommitLimit:     6107916 kB
Committed_AS:   19807412 kB
VmallocTotal:   34359738367 kB
VmallocUsed:           0 kB
VmallocChunk:          0 kB
HardwareCorrupted:     0 kB
AnonHugePages:         0 kB
ShmemHugePages:        0 kB
ShmemPmdMapped:        0 kB
CmaTotal:              0 kB
CmaFree:               0 kB
HugePages_Total:       0
HugePages_Free:        0
HugePages_Rsvd:        0
HugePages_Surp:        0
Hugepagesize:       2048 kB
DirectMap4k:      310724 kB
DirectMap2M:     7931904 kB
DirectMap1G:     1048576 kB

container (cgroup) information:
container_type: cgroupv1
cpu_cpuset_cpus: 0-7
cpu_memory_nodes: 0
active_processor_count: 8
cpu_quota: -1
cpu_period: 100000
cpu_shares: -1
memory_limit_in_bytes: -1
memory_and_swap_limit_in_bytes: -2
memory_soft_limit_in_bytes: -1
memory_usage_in_bytes: 7554904064
memory_max_usage_in_bytes: 6610944


CPU:total 8 (initial active 8) (4 cores per cpu, 2 threads per core) family 6 model 142 stepping 10, cmov, cx8, fxsr, mmx, sse, sse2, sse3, ssse3, sse4.1, sse4.2, popcnt, avx, avx2, aes, clmul, erms, 3dnowpref, lzcnt, ht, tsc, tscinvbit, bmi1, bmi2, adx

/proc/cpuinfo:
processor	: 0
vendor_id	: GenuineIntel
cpu family	: 6
model		: 142
model name	: Intel(R) Core(TM) i7-8550U CPU @ 1.80GHz
stepping	: 10
microcode	: 0x96
cpu MHz		: 3137.913
cache size	: 8192 KB
physical id	: 0
siblings	: 8
core id		: 0
cpu cores	: 4
apicid		: 0
initial apicid	: 0
fpu		: yes
fpu_exception	: yes
cpuid level	: 22
wp		: yes
flags		: fpu vme de pse tsc msr pae mce cx8 apic sep mtrr pge mca cmov pat pse36 clflush dts acpi mmx fxsr sse sse2 ss ht tm pbe syscall nx pdpe1gb rdtscp lm constant_tsc art arch_perfmon pebs bts rep_good nopl xtopology nonstop_tsc cpuid aperfmperf tsc_known_freq pni pclmulqdq dtes64 monitor ds_cpl vmx est tm2 ssse3 sdbg fma cx16 xtpr pdcm pcid sse4_1 sse4_2 x2apic movbe popcnt tsc_deadline_timer aes xsave avx f16c rdrand lahf_lm abm 3dnowprefetch cpuid_fault epb invpcid_single pti ssbd ibrs ibpb stibp tpr_shadow vnmi flexpriority ept vpid fsgsbase tsc_adjust bmi1 avx2 smep bmi2 erms invpcid mpx rdseed adx smap clflushopt intel_pt xsaveopt xsavec xgetbv1 xsaves dtherm ida arat pln pts hwp hwp_notify hwp_act_window hwp_epp flush_l1d
bugs		: cpu_meltdown spectre_v1 spectre_v2 spec_store_bypass l1tf
bogomips	: 3984.00
clflush size	: 64
cache_alignment	: 64
address sizes	: 39 bits physical, 48 bits virtual
power management:

processor	: 1
vendor_id	: GenuineIntel
cpu family	: 6
model		: 142
model name	: Intel(R) Core(TM) i7-8550U CPU @ 1.80GHz
stepping	: 10
microcode	: 0x96
cpu MHz		: 3126.141
cache size	: 8192 KB
physical id	: 0
siblings	: 8
core id		: 1
cpu cores	: 4
apicid		: 2
initial apicid	: 2
fpu		: yes
fpu_exception	: yes
cpuid level	: 22
wp		: yes
flags		: fpu vme de pse tsc msr pae mce cx8 apic sep mtrr pge mca cmov pat pse36 clflush dts acpi mmx fxsr sse sse2 ss ht tm pbe syscall nx pdpe1gb rdtscp lm constant_tsc art arch_perfmon pebs bts rep_good nopl xtopology nonstop_tsc cpuid aperfmperf tsc_known_freq pni pclmulqdq dtes64 monitor ds_cpl vmx est tm2 ssse3 sdbg fma cx16 xtpr pdcm pcid sse4_1 sse4_2 x2apic movbe popcnt tsc_deadline_timer aes xsave avx f16c rdrand lahf_lm abm 3dnowprefetch cpuid_fault epb invpcid_single pti ssbd ibrs ibpb stibp tpr_shadow vnmi flexpriority ept vpid fsgsbase tsc_adjust bmi1 avx2 smep bmi2 erms invpcid mpx rdseed adx smap clflushopt intel_pt xsaveopt xsavec xgetbv1 xsaves dtherm ida arat pln pts hwp hwp_notify hwp_act_window hwp_epp flush_l1d
bugs		: cpu_meltdown spectre_v1 spectre_v2 spec_store_bypass l1tf
bogomips	: 3984.00
clflush size	: 64
cache_alignment	: 64
address sizes	: 39 bits physical, 48 bits virtual
power management:

processor	: 2
vendor_id	: GenuineIntel
cpu family	: 6
model		: 142
model name	: Intel(R) Core(TM) i7-8550U CPU @ 1.80GHz
stepping	: 10
microcode	: 0x96
cpu MHz		: 3172.061
cache size	: 8192 KB
physical id	: 0
siblings	: 8
core id		: 2
cpu cores	: 4
apicid		: 4
initial apicid	: 4
fpu		: yes
fpu_exception	: yes
cpuid level	: 22
wp		: yes
flags		: fpu vme de pse tsc msr pae mce cx8 apic sep mtrr pge mca cmov pat pse36 clflush dts acpi mmx fxsr sse sse2 ss ht tm pbe syscall nx pdpe1gb rdtscp lm constant_tsc art arch_perfmon pebs bts rep_good nopl xtopology nonstop_tsc cpuid aperfmperf tsc_known_freq pni pclmulqdq dtes64 monitor ds_cpl vmx est tm2 ssse3 sdbg fma cx16 xtpr pdcm pcid sse4_1 sse4_2 x2apic movbe popcnt tsc_deadline_timer aes xsave avx f16c rdrand lahf_lm abm 3dnowprefetch cpuid_fault epb invpcid_single pti ssbd ibrs ibpb stibp tpr_shadow vnmi flexpriority ept vpid fsgsbase tsc_adjust bmi1 avx2 smep bmi2 erms invpcid mpx rdseed adx smap clflushopt intel_pt xsaveopt xsavec xgetbv1 xsaves dtherm ida arat pln pts hwp hwp_notify hwp_act_window hwp_epp flush_l1d
bugs		: cpu_meltdown spectre_v1 spectre_v2 spec_store_bypass l1tf
bogomips	: 3984.00
clflush size	: 64
cache_alignment	: 64
address sizes	: 39 bits physical, 48 bits virtual
power management:

processor	: 3
vendor_id	: GenuineIntel
cpu family	: 6
model		: 142
model name	: Intel(R) Core(TM) i7-8550U CPU @ 1.80GHz
stepping	: 10
microcode	: 0x96
cpu MHz		: 3156.093
cache size	: 8192 KB
physical id	: 0
siblings	: 8
core id		: 3
cpu cores	: 4
apicid		: 6
initial apicid	: 6
fpu		: yes
fpu_exception	: yes
cpuid level	: 22
wp		: yes
flags		: fpu vme de pse tsc msr pae mce cx8 apic sep mtrr pge mca cmov pat pse36 clflush dts acpi mmx fxsr sse sse2 ss ht tm pbe syscall nx pdpe1gb rdtscp lm constant_tsc art arch_perfmon pebs bts rep_good nopl xtopology nonstop_tsc cpuid aperfmperf tsc_known_freq pni pclmulqdq dtes64 monitor ds_cpl vmx est tm2 ssse3 sdbg fma cx16 xtpr pdcm pcid sse4_1 sse4_2 x2apic movbe popcnt tsc_deadline_timer aes xsave avx f16c rdrand lahf_lm abm 3dnowprefetch cpuid_fault epb invpcid_single pti ssbd ibrs ibpb stibp tpr_shadow vnmi flexpriority ept vpid fsgsbase tsc_adjust bmi1 avx2 smep bmi2 erms invpcid mpx rdseed adx smap clflushopt intel_pt xsaveopt xsavec xgetbv1 xsaves dtherm ida arat pln pts hwp hwp_notify hwp_act_window hwp_epp flush_l1d
bugs		: cpu_meltdown spectre_v1 spectre_v2 spec_store_bypass l1tf
bogomips	: 3984.00
clflush size	: 64
cache_alignment	: 64
address sizes	: 39 bits physical, 48 bits virtual
power management:

processor	: 4
vendor_id	: GenuineIntel
cpu family	: 6
model		: 142
model name	: Intel(R) Core(TM) i7-8550U CPU @ 1.80GHz
stepping	: 10
microcode	: 0x96
cpu MHz		: 3193.404
cache size	: 8192 KB
physical id	: 0
siblings	: 8
core id		: 0
cpu cores	: 4
apicid		: 1
initial apicid	: 1
fpu		: yes
fpu_exception	: yes
cpuid level	: 22
wp		: yes
flags		: fpu vme de pse tsc msr pae mce cx8 apic sep mtrr pge mca cmov pat pse36 clflush dts acpi mmx fxsr sse sse2 ss ht tm pbe syscall nx pdpe1gb rdtscp lm constant_tsc art arch_perfmon pebs bts rep_good nopl xtopology nonstop_tsc cpuid aperfmperf tsc_known_freq pni pclmulqdq dtes64 monitor ds_cpl vmx est tm2 ssse3 sdbg fma cx16 xtpr pdcm pcid sse4_1 sse4_2 x2apic movbe popcnt tsc_deadline_timer aes xsave avx f16c rdrand lahf_lm abm 3dnowprefetch cpuid_fault epb invpcid_single pti ssbd ibrs ibpb stibp tpr_shadow vnmi flexpriority ept vpid fsgsbase tsc_adjust bmi1 avx2 smep bmi2 erms invpcid mpx rdseed adx smap clflushopt intel_pt xsaveopt xsavec xgetbv1 xsaves dtherm ida arat pln pts hwp hwp_notify hwp_act_window hwp_epp flush_l1d
bugs		: cpu_meltdown spectre_v1 spectre_v2 spec_store_bypass l1tf
bogomips	: 3984.00
clflush size	: 64
cache_alignment	: 64
address sizes	: 39 bits physical, 48 bits virtual
power management:

processor	: 5
vendor_id	: GenuineIntel
cpu family	: 6
model		: 142
model name	: Intel(R) Core(TM) i7-8550U CPU @ 1.80GHz
stepping	: 10
microcode	: 0x96
cpu MHz		: 3149.865
cache size	: 8192 KB
physical id	: 0
siblings	: 8
core id		: 1
cpu cores	: 4
apicid		: 3
initial apicid	: 3
fpu		: yes
fpu_exception	: yes
cpuid level	: 22
wp		: yes
flags		: fpu vme de pse tsc msr pae mce cx8 apic sep mtrr pge mca cmov pat pse36 clflush dts acpi mmx fxsr sse sse2 ss ht tm pbe syscall nx pdpe1gb rdtscp lm constant_tsc art arch_perfmon pebs bts rep_good nopl xtopology nonstop_tsc cpuid aperfmperf tsc_known_freq pni pclmulqdq dtes64 monitor ds_cpl vmx est tm2 ssse3 sdbg fma cx16 xtpr pdcm pcid sse4_1 sse4_2 x2apic movbe popcnt tsc_deadline_timer aes xsave avx f16c rdrand lahf_lm abm 3dnowprefetch cpuid_fault epb invpcid_single pti ssbd ibrs ibpb stibp tpr_shadow vnmi flexpriority ept vpid fsgsbase tsc_adjust bmi1 avx2 smep bmi2 erms invpcid mpx rdseed adx smap clflushopt intel_pt xsaveopt xsavec xgetbv1 xsaves dtherm ida arat pln pts hwp hwp_notify hwp_act_window hwp_epp flush_l1d
bugs		: cpu_meltdown spectre_v1 spectre_v2 spec_store_bypass l1tf
bogomips	: 3984.00
clflush size	: 64
cache_alignment	: 64
address sizes	: 39 bits physical, 48 bits virtual
power management:

processor	: 6
vendor_id	: GenuineIntel
cpu family	: 6
model		: 142
model name	: Intel(R) Core(TM) i7-8550U CPU @ 1.80GHz
stepping	: 10
microcode	: 0x96
cpu MHz		: 3173.525
cache size	: 8192 KB
physical id	: 0
siblings	: 8
core id		: 2
cpu cores	: 4
apicid		: 5
initial apicid	: 5
fpu		: yes
fpu_exception	: yes
cpuid level	: 22
wp		: yes
flags		: fpu vme de pse tsc msr pae mce cx8 apic sep mtrr pge mca cmov pat pse36 clflush dts acpi mmx fxsr sse sse2 ss ht tm pbe syscall nx pdpe1gb rdtscp lm constant_tsc art arch_perfmon pebs bts rep_good nopl xtopology nonstop_tsc cpuid aperfmperf tsc_known_freq pni pclmulqdq dtes64 monitor ds_cpl vmx est tm2 ssse3 sdbg fma cx16 xtpr pdcm pcid sse4_1 sse4_2 x2apic movbe popcnt tsc_deadline_timer aes xsave avx f16c rdrand lahf_lm abm 3dnowprefetch cpuid_fault epb invpcid_single pti ssbd ibrs ibpb stibp tpr_shadow vnmi flexpriority ept vpid fsgsbase tsc_adjust bmi1 avx2 smep bmi2 erms invpcid mpx rdseed adx smap clflushopt intel_pt xsaveopt xsavec xgetbv1 xsaves dtherm ida arat pln pts hwp hwp_notify hwp_act_window hwp_epp flush_l1d
bugs		: cpu_meltdown spectre_v1 spectre_v2 spec_store_bypass l1tf
bogomips	: 3984.00
clflush size	: 64
cache_alignment	: 64
address sizes	: 39 bits physical, 48 bits virtual
power management:

processor	: 7
vendor_id	: GenuineIntel
cpu family	: 6
model		: 142
model name	: Intel(R) Core(TM) i7-8550U CPU @ 1.80GHz
stepping	: 10
microcode	: 0x96
cpu MHz		: 3153.497
cache size	: 8192 KB
physical id	: 0
siblings	: 8
core id		: 3
cpu cores	: 4
apicid		: 7
initial apicid	: 7
fpu		: yes
fpu_exception	: yes
cpuid level	: 22
wp		: yes
flags		: fpu vme de pse tsc msr pae mce cx8 apic sep mtrr pge mca cmov pat pse36 clflush dts acpi mmx fxsr sse sse2 ss ht tm pbe syscall nx pdpe1gb rdtscp lm constant_tsc art arch_perfmon pebs bts rep_good nopl xtopology nonstop_tsc cpuid aperfmperf tsc_known_freq pni pclmulqdq dtes64 monitor ds_cpl vmx est tm2 ssse3 sdbg fma cx16 xtpr pdcm pcid sse4_1 sse4_2 x2apic movbe popcnt tsc_deadline_timer aes xsave avx f16c rdrand lahf_lm abm 3dnowprefetch cpuid_fault epb invpcid_single pti ssbd ibrs ibpb stibp tpr_shadow vnmi flexpriority ept vpid fsgsbase tsc_adjust bmi1 avx2 smep bmi2 erms invpcid mpx rdseed adx smap clflushopt intel_pt xsaveopt xsavec xgetbv1 xsaves dtherm ida arat pln pts hwp hwp_notify hwp_act_window hwp_epp flush_l1d
bugs		: cpu_meltdown spectre_v1 spectre_v2 spec_store_bypass l1tf
bogomips	: 3984.00
clflush size	: 64
cache_alignment	: 64
address sizes	: 39 bits physical, 48 bits virtual
power management:



Memory: 4k page, physical 8021540k(140456k free), swap 2097148k(2095868k free)

vm_info: Java HotSpot(TM) 64-Bit Server VM (25.201-b09) for linux-amd64 JRE (1.8.0_201-b09), built on Dec 15 2018 11:35:59 by "java_re" with gcc 7.3.0

time: Sat Mar 16 12:08:59 2019
timezone: IST
elapsed time: 6 seconds (0d 0h 0m 6s)

