#
# A fatal error has been detected by the Java Runtime Environment:
#
#  SIGSEGV (0xb) at pc=0x00007f6bb7d9f783, pid=20323, tid=0x00007f6bb90b2b80
#
# JRE version: Java(TM) SE Runtime Environment (8.0_201-b09) (build 1.8.0_201-b09)
# Java VM: Java HotSpot(TM) 64-Bit Server VM (25.201-b09 mixed mode linux-amd64 compressed oops)
# Problematic frame:
# V  [libjvm.so+0x90b783]  SR_handler(int, siginfo*, ucontext*)+0x33
#
# Failed to write core dump. Core dumps have been disabled. To enable core dumping, try "ulimit -c unlimited" before starting Java again
#
# If you would like to submit a bug report, please visit:
#   http://bugreport.java.com/bugreport/crash.jsp
#

---------------  T H R E A D  ---------------

Current thread is native thread

siginfo: si_signo: 11 (SIGSEGV), si_code: 1 (SEGV_MAPERR), si_addr: 0x0000000000000128

Registers:
RAX=0x0000000000000000, RBX=0x00007f6bb90b1700, RCX=0x00007f6bb8c92d2d, RDX=0x00007f6bb90b2ea0
RSP=0x00007ffd31f63a80, RBP=0x00007ffd31f63b30, RSI=0x00007ffd31f63c70, RDI=0x0000000000000001
R8 =0x00000000000000ca, R9 =0x00007f6bb90b19d0, R10=0x0000000000000000, R11=0x0000000000000246
R12=0x00007f6bb90b2b00, R13=0x0000000000000002, R14=0x00007ffd31f63c70, R15=0x00007ffd31f63b40
RIP=0x00007f6bb7d9f783, EFLAGS=0x0000000000010246, CSGSFS=0x002b000000000033, ERR=0x0000000000000004
  TRAPNO=0x000000000000000e

Top of Stack: (sp=0x00007ffd31f63a80)
0x00007ffd31f63a80:   00007f6bb848e9d0 00007f6bb8eb7312
0x00007ffd31f63a90:   0000000000000000 0000ffff00001fa0
0x00007ffd31f63aa0:   3332333032f63fd0 28d1c4275bfaaa00
0x00007ffd31f63ab0:   00007ffd31f63af0 00007ffd31f63af0
0x00007ffd31f63ac0:   000000000000003f 00007f6bb7feeca7
0x00007ffd31f63ad0:   00007ffd31f63c88 0000000001ac05c0
0x00007ffd31f63ae0:   00007ffd31f63d60 00007f6bb8505910
0x00007ffd31f63af0:   00000000fbad8001 00007ffd31f63d60
0x00007ffd31f63b00:   00007ffd31f63d60 00007f6bb90b1700
0x00007ffd31f63b10:   0000000000000000 00007ffd31f64200
0x00007ffd31f63b20:   0000000000000000 0000000000000001
0x00007ffd31f63b30:   00007ffd31f64268 00007f6bb8c9c890
0x00007ffd31f63b40:   0000000000000007 0000000000000000
0x00007ffd31f63b50:   0000000000000000 00007f6b00000002
0x00007ffd31f63b60:   0000000000000000 00000000000000ca
0x00007ffd31f63b70:   00007f6bb90b19d0 0000000000000000
0x00007ffd31f63b80:   0000000000000246 0000000000000000
0x00007ffd31f63b90:   00007ffd31f64200 0000000000000000
0x00007ffd31f63ba0:   0000000000000001 00007f6bb90b19d0
0x00007ffd31f63bb0:   0000000000000000 00007ffd31f64268
0x00007ffd31f63bc0:   00007f6bb90b1700 0000000000004f6e
0x00007ffd31f63bd0:   00000000000000ca 00007f6bb8c92d2d
0x00007ffd31f63be0:   00007ffd31f641f0 00007f6bb8c92d2b
0x00007ffd31f63bf0:   0000000000000246 002b000000000033
0x00007ffd31f63c00:   0000000000000000 0000000000000000
0x00007ffd31f63c10:   0000000000000000 0000000000000000
0x00007ffd31f63c20:   00007ffd31f63d00 00007ffd31f63d68
0x00007ffd31f63c30:   00007f6bb90b5748 00007f6bb90b4000
0x00007ffd31f63c40:   0000000000000000 00007f6bb8eb41ef
0x00007ffd31f63c50:   0000000000000004 00007f6bb8eba754
0x00007ffd31f63c60:   0000000000000001 0000000000000000
0x00007ffd31f63c70:   000000000000000c 00007f6b00000000 

Instructions: (pc=0x00007f6bb7d9f783)
0x00007f6bb7d9f763:   48 81 ec 88 00 00 00 e8 81 1d 8f ff 44 8b 28 49
0x00007f6bb7d9f773:   89 c4 48 8d 05 2c 61 68 00 8b 38 e8 15 2c 8f ff
0x00007f6bb7d9f783:   48 8b 98 28 01 00 00 8b 83 a8 00 00 00 83 f8 01
0x00007f6bb7d9f793:   74 1b 45 89 2c 24 48 81 c4 88 00 00 00 5b 41 5c 

Register to memory mapping:

RAX=0x0000000000000000 is an unknown value
RBX=0x00007f6bb90b1700 is pointing into the stack for thread: 0x00007f6bb000b000
RCX=0x00007f6bb8c92d2d: <offset 0x8d2d> in /lib/x86_64-linux-gnu/libpthread.so.0 at 0x00007f6bb8c8a000
RDX=0x00007f6bb90b2ea0 is an unknown value
RSP=0x00007ffd31f63a80 is an unknown value
RBP=0x00007ffd31f63b30 is an unknown value
RSI=0x00007ffd31f63c70 is an unknown value
RDI=0x0000000000000001 is an unknown value
R8 =0x00000000000000ca is an unknown value
R9 =0x00007f6bb90b19d0 is pointing into the stack for thread: 0x00007f6bb000b000
R10=0x0000000000000000 is an unknown value
R11=0x0000000000000246 is an unknown value
R12=0x00007f6bb90b2b00 is an unknown value
R13=0x0000000000000002 is an unknown value
R14=0x00007ffd31f63c70 is an unknown value
R15=0x00007ffd31f63b40 is an unknown value


Stack: [0x00007ffd31e6c000,0x00007ffd31f6c000],  sp=0x00007ffd31f63a80,  free space=990k
Native frames: (J=compiled Java code, j=interpreted, Vv=VM code, C=native code)
V  [libjvm.so+0x90b783]  SR_handler(int, siginfo*, ucontext*)+0x33
C  [libpthread.so.0+0x12890]


---------------  P R O C E S S  ---------------

VM state:not at safepoint (normal execution)

VM Mutex/Monitor currently owned by a thread:  ([mutex/lock_event])
[0x00007f6bb0007ef0] AdapterHandlerLibrary_lock - owner thread: 0x0000000000000000

heap address: 0x0000000085800000, size: 1960 MB, Compressed Oops mode: 32-bit
Narrow klass base: 0x0000000000000000, Narrow klass shift: 3
Compressed class space size: 1073741824 Address: 0x0000000100000000

Heap:
 PSYoungGen      total 36864K, used 1269K [0x00000000d7300000, 0x00000000d9c00000, 0x0000000100000000)
  eden space 31744K, 4% used [0x00000000d7300000,0x00000000d743d728,0x00000000d9200000)
  from space 5120K, 0% used [0x00000000d9700000,0x00000000d9700000,0x00000000d9c00000)
  to   space 5120K, 0% used [0x00000000d9200000,0x00000000d9200000,0x00000000d9700000)
 ParOldGen       total 84992K, used 0K [0x0000000085800000, 0x000000008ab00000, 0x00000000d7300000)
  object space 84992K, 0% used [0x0000000085800000,0x0000000085800000,0x000000008ab00000)
 Metaspace       used 2812K, capacity 4566K, committed 4864K, reserved 1056768K
  class space    used 297K, capacity 390K, committed 512K, reserved 1048576K

Card table byte_map: [0x00007f6bb58bd000,0x00007f6bb5c92000] byte_map_base: 0x00007f6bb5491000

Marking Bits: (ParMarkBitMap*) 0x00007f6bb845fd80
 Begin Bits: [0x00007f6b8c2c0000, 0x00007f6b8e160000)
 End Bits:   [0x00007f6b8e160000, 0x00007f6b90000000)

Polling page: 0x00007f6bb90cf000

CodeCache: size=245760Kb used=1099Kb max_used=1099Kb free=244660Kb
 bounds [0x00007f6ba1000000, 0x00007f6ba1270000, 0x00007f6bb0000000]
 total_blobs=261 nmethods=24 adapters=152
 compilation: enabled

Compilation events (10 events):
Event: 0.040 Thread 0x00007f6bb00c9000   13       3       java.lang.String::getChars (62 bytes)
Event: 0.041 Thread 0x00007f6bb00c9000 nmethod 13 0x00007f6ba110e6d0 code [0x00007f6ba110e880, 0x00007f6ba110ecb8]
Event: 0.042 Thread 0x00007f6bb00c9000   14       3       java.util.jar.Attributes$Name::isValid (32 bytes)
Event: 0.043 Thread 0x00007f6bb00c9000 nmethod 14 0x00007f6ba110f2d0 code [0x00007f6ba110f460, 0x00007f6ba110f8f0]
Event: 0.043 Thread 0x00007f6bb00c9000   15       3       java.util.jar.Attributes$Name::isAlpha (30 bytes)
Event: 0.043 Thread 0x00007f6bb00c9000 nmethod 15 0x00007f6ba110f9d0 code [0x00007f6ba110fb40, 0x00007f6ba110fd70]
Event: 0.043 Thread 0x00007f6bb00c9000   16       1       java.lang.ThreadLocal::access$400 (5 bytes)
Event: 0.043 Thread 0x00007f6bb00c9000 nmethod 16 0x00007f6ba110fdd0 code [0x00007f6ba110ff20, 0x00007f6ba1110010]
Event: 0.046 Thread 0x00007f6bb00c9000   17       3       java.lang.String::indexOf (7 bytes)
Event: 0.046 Thread 0x00007f6bb00c9000 nmethod 17 0x00007f6ba1110d50 code [0x00007f6ba1110ec0, 0x00007f6ba11110c8]

GC Heap History (0 events):
No events

Deoptimization events (0 events):
No events

Classes redefined (0 events):
No events

Internal exceptions (2 events):
Event: 0.018 Thread 0x00007f6bb000b000 Exception <a 'java/lang/NoSuchMethodError': Method sun.misc.Unsafe.defineClass(Ljava/lang/String;[BII)Ljava/lang/Class; name or signature does not match> (0x00000000d7307cb0) thrown at [/HUDSON/workspace/8-2-build-linux-amd64/jdk8u201/12317/hotspot/src/sh
Event: 0.018 Thread 0x00007f6bb000b000 Exception <a 'java/lang/NoSuchMethodError': Method sun.misc.Unsafe.prefetchRead(Ljava/lang/Object;J)V name or signature does not match> (0x00000000d7307f98) thrown at [/HUDSON/workspace/8-2-build-linux-amd64/jdk8u201/12317/hotspot/src/share/vm/prims/jni.c

Events (10 events):
Event: 0.046 loading class java/util/regex/Pattern$BnM
Event: 0.046 loading class java/util/regex/Pattern$BnM done
Event: 0.046 loading class java/util/regex/Pattern$SliceS
Event: 0.046 loading class java/util/regex/Pattern$SliceS done
Event: 0.046 loading class java/util/regex/Matcher
Event: 0.046 loading class java/util/regex/MatchResult
Event: 0.046 loading class java/util/regex/MatchResult done
Event: 0.046 loading class java/util/regex/Matcher done
Event: 0.047 loading class org/gradle/cli/CommandLineParser
Event: 0.047 loading class org/gradle/cli/CommandLineParser done


Dynamic libraries:
00400000-00401000 r-xp 00000000 08:06 8013769                            /usr/lib/jvm/jdk1.8.0_201/bin/java
00600000-00601000 r--p 00000000 08:06 8013769                            /usr/lib/jvm/jdk1.8.0_201/bin/java
00601000-00602000 rw-p 00001000 08:06 8013769                            /usr/lib/jvm/jdk1.8.0_201/bin/java
01ac0000-01b04000 rw-p 00000000 00:00 0                                  [heap]
85800000-8ab00000 rw-p 00000000 00:00 0 
8ab00000-d7300000 ---p 00000000 00:00 0 
d7300000-d9c00000 rw-p 00000000 00:00 0 
d9c00000-100000000 ---p 00000000 00:00 0 
100000000-100080000 rw-p 00000000 00:00 0 
100080000-140000000 ---p 00000000 00:00 0 
7f6b48000000-7f6b48021000 rw-p 00000000 00:00 0 
7f6b48021000-7f6b4c000000 ---p 00000000 00:00 0 
7f6b4c000000-7f6b4c021000 rw-p 00000000 00:00 0 
7f6b4c021000-7f6b50000000 ---p 00000000 00:00 0 
7f6b50000000-7f6b50021000 rw-p 00000000 00:00 0 
7f6b50021000-7f6b54000000 ---p 00000000 00:00 0 
7f6b54000000-7f6b54026000 rw-p 00000000 00:00 0 
7f6b54026000-7f6b58000000 ---p 00000000 00:00 0 
7f6b58000000-7f6b5804e000 rw-p 00000000 00:00 0 
7f6b5804e000-7f6b5c000000 ---p 00000000 00:00 0 
7f6b5c000000-7f6b5c021000 rw-p 00000000 00:00 0 
7f6b5c021000-7f6b60000000 ---p 00000000 00:00 0 
7f6b60000000-7f6b60021000 rw-p 00000000 00:00 0 
7f6b60021000-7f6b64000000 ---p 00000000 00:00 0 
7f6b64000000-7f6b64021000 rw-p 00000000 00:00 0 
7f6b64021000-7f6b68000000 ---p 00000000 00:00 0 
7f6b68000000-7f6b68021000 rw-p 00000000 00:00 0 
7f6b68021000-7f6b6c000000 ---p 00000000 00:00 0 
7f6b6c000000-7f6b6c021000 rw-p 00000000 00:00 0 
7f6b6c021000-7f6b70000000 ---p 00000000 00:00 0 
7f6b70000000-7f6b70021000 rw-p 00000000 00:00 0 
7f6b70021000-7f6b74000000 ---p 00000000 00:00 0 
7f6b78000000-7f6b78021000 rw-p 00000000 00:00 0 
7f6b78021000-7f6b7c000000 ---p 00000000 00:00 0 
7f6b80000000-7f6b80021000 rw-p 00000000 00:00 0 
7f6b80021000-7f6b84000000 ---p 00000000 00:00 0 
7f6b85f88000-7f6b8621d000 rw-p 00000000 00:00 0 
7f6b8621d000-7f6b8621e000 ---p 00000000 00:00 0 
7f6b8621e000-7f6b8631e000 rw-p 00000000 00:00 0 
7f6b8631e000-7f6b86321000 ---p 00000000 00:00 0 
7f6b86321000-7f6b8641f000 rw-p 00000000 00:00 0 
7f6b8641f000-7f6b86420000 ---p 00000000 00:00 0 
7f6b86420000-7f6b86423000 ---p 00000000 00:00 0 
7f6b86423000-7f6b86520000 rw-p 00000000 00:00 0 
7f6b86520000-7f6b86521000 ---p 00000000 00:00 0 
7f6b86521000-7f6b86524000 ---p 00000000 00:00 0 
7f6b86524000-7f6b86621000 rw-p 00000000 00:00 0 
7f6b86621000-7f6b86622000 ---p 00000000 00:00 0 
7f6b86622000-7f6b86625000 ---p 00000000 00:00 0 
7f6b86625000-7f6b86722000 rw-p 00000000 00:00 0 
7f6b86722000-7f6b86723000 ---p 00000000 00:00 0 
7f6b86723000-7f6b86726000 ---p 00000000 00:00 0 
7f6b86726000-7f6b86823000 rw-p 00000000 00:00 0 
7f6b86823000-7f6b86826000 ---p 00000000 00:00 0 
7f6b86826000-7f6b86924000 rw-p 00000000 00:00 0 
7f6b86924000-7f6b872f3000 r--p 00000000 08:06 662140                     /usr/lib/locale/locale-archive
7f6b872f3000-7f6b872f6000 ---p 00000000 00:00 0 
7f6b872f6000-7f6b873f4000 rw-p 00000000 00:00 0 
7f6b873f4000-7f6b873f7000 ---p 00000000 00:00 0 
7f6b873f7000-7f6b874f5000 rw-p 00000000 00:00 0 
7f6b874f5000-7f6b874f6000 ---p 00000000 00:00 0 
7f6b874f6000-7f6b88000000 rw-p 00000000 00:00 0 
7f6b88000000-7f6b88021000 rw-p 00000000 00:00 0 
7f6b88021000-7f6b8c000000 ---p 00000000 00:00 0 
7f6b8c03a000-7f6b90000000 rw-p 00000000 00:00 0 
7f6b90000000-7f6b90021000 rw-p 00000000 00:00 0 
7f6b90021000-7f6b94000000 ---p 00000000 00:00 0 
7f6b94000000-7f6b94021000 rw-p 00000000 00:00 0 
7f6b94021000-7f6b98000000 ---p 00000000 00:00 0 
7f6b98000000-7f6b98021000 rw-p 00000000 00:00 0 
7f6b98021000-7f6b9c000000 ---p 00000000 00:00 0 
7f6b9c000000-7f6b9c021000 rw-p 00000000 00:00 0 
7f6b9c021000-7f6ba0000000 ---p 00000000 00:00 0 
7f6ba001e000-7f6ba1000000 rw-p 00000000 00:00 0 
7f6ba1000000-7f6ba1270000 rwxp 00000000 00:00 0 
7f6ba1270000-7f6bb0000000 ---p 00000000 00:00 0 
7f6bb0000000-7f6bb012a000 rw-p 00000000 00:00 0 
7f6bb012a000-7f6bb4000000 ---p 00000000 00:00 0 
7f6bb4003000-7f6bb41dd000 r--s 03d6f000 08:06 10888034                   /usr/lib/jvm/jdk1.8.0_201/jre/lib/rt.jar
7f6bb41dd000-7f6bb4693000 rw-p 00000000 00:00 0 
7f6bb4693000-7f6bb4a53000 ---p 00000000 00:00 0 
7f6bb4a53000-7f6bb4e27000 rw-p 00000000 00:00 0 
7f6bb4e27000-7f6bb4e28000 ---p 00000000 00:00 0 
7f6bb4e28000-7f6bb4f28000 rw-p 00000000 00:00 0 
7f6bb4f28000-7f6bb4f29000 ---p 00000000 00:00 0 
7f6bb4f29000-7f6bb5029000 rw-p 00000000 00:00 0 
7f6bb5029000-7f6bb502a000 ---p 00000000 00:00 0 
7f6bb502a000-7f6bb512a000 rw-p 00000000 00:00 0 
7f6bb512a000-7f6bb512b000 ---p 00000000 00:00 0 
7f6bb512b000-7f6bb522b000 rw-p 00000000 00:00 0 
7f6bb522b000-7f6bb522c000 ---p 00000000 00:00 0 
7f6bb522c000-7f6bb532c000 rw-p 00000000 00:00 0 
7f6bb532c000-7f6bb532d000 ---p 00000000 00:00 0 
7f6bb532d000-7f6bb542d000 rw-p 00000000 00:00 0 
7f6bb542d000-7f6bb542e000 ---p 00000000 00:00 0 
7f6bb542e000-7f6bb552e000 rw-p 00000000 00:00 0 
7f6bb552e000-7f6bb552f000 ---p 00000000 00:00 0 
7f6bb552f000-7f6bb5659000 rw-p 00000000 00:00 0 
7f6bb5659000-7f6bb58bd000 ---p 00000000 00:00 0 
7f6bb58bd000-7f6bb58e7000 rw-p 00000000 00:00 0 
7f6bb58e7000-7f6bb5b4a000 ---p 00000000 00:00 0 
7f6bb5b4a000-7f6bb5b5f000 rw-p 00000000 00:00 0 
7f6bb5b5f000-7f6bb5c91000 ---p 00000000 00:00 0 
7f6bb5c91000-7f6bb5c9c000 rw-p 00000000 00:00 0 
7f6bb5c9c000-7f6bb6052000 ---p 00000000 00:00 0 
7f6bb6052000-7f6bb606d000 r-xp 00000000 08:06 10888324                   /usr/lib/jvm/jdk1.8.0_201/jre/lib/amd64/libzip.so
7f6bb606d000-7f6bb626c000 ---p 0001b000 08:06 10888324                   /usr/lib/jvm/jdk1.8.0_201/jre/lib/amd64/libzip.so
7f6bb626c000-7f6bb626d000 r--p 0001a000 08:06 10888324                   /usr/lib/jvm/jdk1.8.0_201/jre/lib/amd64/libzip.so
7f6bb626d000-7f6bb626e000 rw-p 0001b000 08:06 10888324                   /usr/lib/jvm/jdk1.8.0_201/jre/lib/amd64/libzip.so
7f6bb626e000-7f6bb6279000 r-xp 00000000 08:06 3937066                    /lib/x86_64-linux-gnu/libnss_files-2.27.so
7f6bb6279000-7f6bb6478000 ---p 0000b000 08:06 3937066                    /lib/x86_64-linux-gnu/libnss_files-2.27.so
7f6bb6478000-7f6bb6479000 r--p 0000a000 08:06 3937066                    /lib/x86_64-linux-gnu/libnss_files-2.27.so
7f6bb6479000-7f6bb647a000 rw-p 0000b000 08:06 3937066                    /lib/x86_64-linux-gnu/libnss_files-2.27.so
7f6bb647a000-7f6bb6480000 rw-p 00000000 00:00 0 
7f6bb6480000-7f6bb6497000 r-xp 00000000 08:06 3937060                    /lib/x86_64-linux-gnu/libnsl-2.27.so
7f6bb6497000-7f6bb6696000 ---p 00017000 08:06 3937060                    /lib/x86_64-linux-gnu/libnsl-2.27.so
7f6bb6696000-7f6bb6697000 r--p 00016000 08:06 3937060                    /lib/x86_64-linux-gnu/libnsl-2.27.so
7f6bb6697000-7f6bb6698000 rw-p 00017000 08:06 3937060                    /lib/x86_64-linux-gnu/libnsl-2.27.so
7f6bb6698000-7f6bb669a000 rw-p 00000000 00:00 0 
7f6bb669a000-7f6bb66a5000 r-xp 00000000 08:06 3937077                    /lib/x86_64-linux-gnu/libnss_nis-2.27.so
7f6bb66a5000-7f6bb68a4000 ---p 0000b000 08:06 3937077                    /lib/x86_64-linux-gnu/libnss_nis-2.27.so
7f6bb68a4000-7f6bb68a5000 r--p 0000a000 08:06 3937077                    /lib/x86_64-linux-gnu/libnss_nis-2.27.so
7f6bb68a5000-7f6bb68a6000 rw-p 0000b000 08:06 3937077                    /lib/x86_64-linux-gnu/libnss_nis-2.27.so
7f6bb68a6000-7f6bb68ae000 r-xp 00000000 08:06 3937062                    /lib/x86_64-linux-gnu/libnss_compat-2.27.so
7f6bb68ae000-7f6bb6aae000 ---p 00008000 08:06 3937062                    /lib/x86_64-linux-gnu/libnss_compat-2.27.so
7f6bb6aae000-7f6bb6aaf000 r--p 00008000 08:06 3937062                    /lib/x86_64-linux-gnu/libnss_compat-2.27.so
7f6bb6aaf000-7f6bb6ab0000 rw-p 00009000 08:06 3937062                    /lib/x86_64-linux-gnu/libnss_compat-2.27.so
7f6bb6ab0000-7f6bb6adc000 r-xp 00000000 08:06 10888318                   /usr/lib/jvm/jdk1.8.0_201/jre/lib/amd64/libjava.so
7f6bb6adc000-7f6bb6cdc000 ---p 0002c000 08:06 10888318                   /usr/lib/jvm/jdk1.8.0_201/jre/lib/amd64/libjava.so
7f6bb6cdc000-7f6bb6cdd000 r--p 0002c000 08:06 10888318                   /usr/lib/jvm/jdk1.8.0_201/jre/lib/amd64/libjava.so
7f6bb6cdd000-7f6bb6cdf000 rw-p 0002d000 08:06 10888318                   /usr/lib/jvm/jdk1.8.0_201/jre/lib/amd64/libjava.so
7f6bb6cdf000-7f6bb6cec000 r-xp 00000000 08:06 10888323                   /usr/lib/jvm/jdk1.8.0_201/jre/lib/amd64/libverify.so
7f6bb6cec000-7f6bb6eeb000 ---p 0000d000 08:06 10888323                   /usr/lib/jvm/jdk1.8.0_201/jre/lib/amd64/libverify.so
7f6bb6eeb000-7f6bb6eed000 r--p 0000c000 08:06 10888323                   /usr/lib/jvm/jdk1.8.0_201/jre/lib/amd64/libverify.so
7f6bb6eed000-7f6bb6eee000 rw-p 0000e000 08:06 10888323                   /usr/lib/jvm/jdk1.8.0_201/jre/lib/amd64/libverify.so
7f6bb6eee000-7f6bb6ef5000 r-xp 00000000 08:06 3937117                    /lib/x86_64-linux-gnu/librt-2.27.so
7f6bb6ef5000-7f6bb70f4000 ---p 00007000 08:06 3937117                    /lib/x86_64-linux-gnu/librt-2.27.so
7f6bb70f4000-7f6bb70f5000 r--p 00006000 08:06 3937117                    /lib/x86_64-linux-gnu/librt-2.27.so
7f6bb70f5000-7f6bb70f6000 rw-p 00007000 08:06 3937117                    /lib/x86_64-linux-gnu/librt-2.27.so
7f6bb70f6000-7f6bb7293000 r-xp 00000000 08:06 3937039                    /lib/x86_64-linux-gnu/libm-2.27.so
7f6bb7293000-7f6bb7492000 ---p 0019d000 08:06 3937039                    /lib/x86_64-linux-gnu/libm-2.27.so
7f6bb7492000-7f6bb7493000 r--p 0019c000 08:06 3937039                    /lib/x86_64-linux-gnu/libm-2.27.so
7f6bb7493000-7f6bb7494000 rw-p 0019d000 08:06 3937039                    /lib/x86_64-linux-gnu/libm-2.27.so
7f6bb7494000-7f6bb817c000 r-xp 00000000 08:06 10888346                   /usr/lib/jvm/jdk1.8.0_201/jre/lib/amd64/server/libjvm.so
7f6bb817c000-7f6bb837b000 ---p 00ce8000 08:06 10888346                   /usr/lib/jvm/jdk1.8.0_201/jre/lib/amd64/server/libjvm.so
7f6bb837b000-7f6bb8411000 r--p 00ce7000 08:06 10888346                   /usr/lib/jvm/jdk1.8.0_201/jre/lib/amd64/server/libjvm.so
7f6bb8411000-7f6bb8442000 rw-p 00d7d000 08:06 10888346                   /usr/lib/jvm/jdk1.8.0_201/jre/lib/amd64/server/libjvm.so
7f6bb8442000-7f6bb847d000 rw-p 00000000 00:00 0 
7f6bb847d000-7f6bb8664000 r-xp 00000000 08:06 3936976                    /lib/x86_64-linux-gnu/libc-2.27.so
7f6bb8664000-7f6bb8864000 ---p 001e7000 08:06 3936976                    /lib/x86_64-linux-gnu/libc-2.27.so
7f6bb8864000-7f6bb8868000 r--p 001e7000 08:06 3936976                    /lib/x86_64-linux-gnu/libc-2.27.so
7f6bb8868000-7f6bb886a000 rw-p 001eb000 08:06 3936976                    /lib/x86_64-linux-gnu/libc-2.27.so
7f6bb886a000-7f6bb886e000 rw-p 00000000 00:00 0 
7f6bb886e000-7f6bb8871000 r-xp 00000000 08:06 3936999                    /lib/x86_64-linux-gnu/libdl-2.27.so
7f6bb8871000-7f6bb8a70000 ---p 00003000 08:06 3936999                    /lib/x86_64-linux-gnu/libdl-2.27.so
7f6bb8a70000-7f6bb8a71000 r--p 00002000 08:06 3936999                    /lib/x86_64-linux-gnu/libdl-2.27.so
7f6bb8a71000-7f6bb8a72000 rw-p 00003000 08:06 3936999                    /lib/x86_64-linux-gnu/libdl-2.27.so
7f6bb8a72000-7f6bb8a89000 r-xp 00000000 08:06 9054391                    /usr/lib/jvm/jdk1.8.0_201/lib/amd64/jli/libjli.so
7f6bb8a89000-7f6bb8c88000 ---p 00017000 08:06 9054391                    /usr/lib/jvm/jdk1.8.0_201/lib/amd64/jli/libjli.so
7f6bb8c88000-7f6bb8c89000 r--p 00016000 08:06 9054391                    /usr/lib/jvm/jdk1.8.0_201/lib/amd64/jli/libjli.so
7f6bb8c89000-7f6bb8c8a000 rw-p 00017000 08:06 9054391                    /usr/lib/jvm/jdk1.8.0_201/lib/amd64/jli/libjli.so
7f6bb8c8a000-7f6bb8ca4000 r-xp 00000000 08:06 3937109                    /lib/x86_64-linux-gnu/libpthread-2.27.so
7f6bb8ca4000-7f6bb8ea3000 ---p 0001a000 08:06 3937109                    /lib/x86_64-linux-gnu/libpthread-2.27.so
7f6bb8ea3000-7f6bb8ea4000 r--p 00019000 08:06 3937109                    /lib/x86_64-linux-gnu/libpthread-2.27.so
7f6bb8ea4000-7f6bb8ea5000 rw-p 0001a000 08:06 3937109                    /lib/x86_64-linux-gnu/libpthread-2.27.so
7f6bb8ea5000-7f6bb8ea9000 rw-p 00000000 00:00 0 
7f6bb8ea9000-7f6bb8ed0000 r-xp 00000000 08:06 3936948                    /lib/x86_64-linux-gnu/ld-2.27.so
7f6bb8ee6000-7f6bb8fb1000 rw-p 00000000 00:00 0 
7f6bb8fb1000-7f6bb8fb2000 ---p 00000000 00:00 0 
7f6bb8fb2000-7f6bb8fb5000 ---p 00000000 00:00 0 
7f6bb8fb5000-7f6bb90b6000 rw-p 00000000 00:00 0 
7f6bb90c4000-7f6bb90c6000 r--s 0000c000 08:06 4234248                    /home/ermicho/projects/react-native/sidebar/android/gradle/wrapper/gradle-wrapper.jar
7f6bb90c6000-7f6bb90ce000 rw-s 00000000 08:06 13139594                   /tmp/hsperfdata_ermicho/20323
7f6bb90ce000-7f6bb90cf000 rw-p 00000000 00:00 0 
7f6bb90cf000-7f6bb90d0000 r--p 00000000 00:00 0 
7f6bb90d0000-7f6bb90d1000 r--p 00027000 08:06 3936948                    /lib/x86_64-linux-gnu/ld-2.27.so
7f6bb90d1000-7f6bb90d2000 rw-p 00028000 08:06 3936948                    /lib/x86_64-linux-gnu/ld-2.27.so
7f6bb90d2000-7f6bb90d3000 rw-p 00000000 00:00 0 
7ffd31f49000-7ffd31f6c000 rw-p 00000000 00:00 0                          [stack]
7ffd31f81000-7ffd31f84000 r--p 00000000 00:00 0                          [vvar]
7ffd31f84000-7ffd31f86000 r-xp 00000000 00:00 0                          [vdso]
ffffffffff600000-ffffffffff601000 r-xp 00000000 00:00 0                  [vsyscall]

VM Arguments:
jvm_args: -Dorg.gradle.appname=gradlew 
java_command: org.gradle.wrapper.GradleWrapperMain app:installDebug
java_class_path (initial): /home/ermicho/projects/react-native/sidebar/android/gradle/wrapper/gradle-wrapper.jar
Launcher Type: SUN_STANDARD

Environment Variables:
JAVA_HOME=/usr/lib/jvm/jdk1.8.0_201
PATH=/home/ermicho/projects/react-native/sidebar/node_modules/.bin:/usr/local/lib/node_modules/npm/node_modules/npm-lifecycle/node-gyp-bin:/home/ermicho/projects/react-native/sidebar/node_modules/.bin:/usr/local/sbin:/usr/local/bin:/usr/sbin:/usr/bin:/sbin:/bin:/usr/games:/usr/local/games:/snap/bin:/home/ermicho/Android/Sdk/tools:/home/ermicho/Android/Sdk/tools/bin:/home/ermicho/Android/Sdk/platform-tools:/home/ermicho/Android/Sdk/emulator:/home/ermicho/Android/Sdk/tools/bin:/home/ermicho/Android/Sdk/platform-tools
USERNAME=ermicho
SHELL=/bin/bash
DISPLAY=:0

Signal Handlers:
SIGSEGV: [libjvm.so+0xad3e60], sa_mask[0]=11111111011111111101111111111110, sa_flags=SA_RESTART|SA_SIGINFO
SIGBUS: [libjvm.so+0xad3e60], sa_mask[0]=11111111011111111101111111111110, sa_flags=SA_RESTART|SA_SIGINFO
SIGFPE: [libjvm.so+0x90b880], sa_mask[0]=11111111011111111101111111111110, sa_flags=SA_RESTART|SA_SIGINFO
SIGPIPE: [libjvm.so+0x90b880], sa_mask[0]=11111111011111111101111111111110, sa_flags=SA_RESTART|SA_SIGINFO
SIGXFSZ: [libjvm.so+0x90b880], sa_mask[0]=11111111011111111101111111111110, sa_flags=SA_RESTART|SA_SIGINFO
SIGILL: [libjvm.so+0x90b880], sa_mask[0]=11111111011111111101111111111110, sa_flags=SA_RESTART|SA_SIGINFO
SIGUSR1: SIG_DFL, sa_mask[0]=00000000000000000000000000000000, sa_flags=none
SIGUSR2: [libjvm.so+0x90b750], sa_mask[0]=00000000000000000000000000000000, sa_flags=SA_RESTART|SA_SIGINFO
SIGHUP: [libjvm.so+0x90bd70], sa_mask[0]=11111111011111111101111111111110, sa_flags=SA_RESTART|SA_SIGINFO
SIGINT: [libjvm.so+0x90bd70], sa_mask[0]=11111111011111111101111111111110, sa_flags=SA_RESTART|SA_SIGINFO
SIGTERM: [libjvm.so+0x90bd70], sa_mask[0]=11111111011111111101111111111110, sa_flags=SA_RESTART|SA_SIGINFO
SIGQUIT: [libjvm.so+0x90bd70], sa_mask[0]=11111111011111111101111111111110, sa_flags=SA_RESTART|SA_SIGINFO


---------------  S Y S T E M  ---------------

OS:DISTRIB_ID=Ubuntu
DISTRIB_RELEASE=18.04
DISTRIB_CODENAME=bionic
DISTRIB_DESCRIPTION="Ubuntu 18.04.2 LTS"

uname:Linux 4.15.0-46-generic #49-Ubuntu SMP Wed Feb 6 09:33:07 UTC 2019 x86_64
libc:glibc 2.27 NPTL 2.27 
rlimit: STACK 8192k, CORE 0k, NPROC 30710, NOFILE 4096, AS infinity
load average:1.38 2.16 2.24

/proc/meminfo:
MemTotal:        8021540 kB
MemFree:          463236 kB
MemAvailable:    1661604 kB
Buffers:           27516 kB
Cached:          1870752 kB
SwapCached:            8 kB
Active:          5657384 kB
Inactive:        1383220 kB
Active(anon):    4768332 kB
Inactive(anon):   939028 kB
Active(file):     889052 kB
Inactive(file):   444192 kB
Unevictable:         344 kB
Mlocked:             344 kB
SwapTotal:       2097148 kB
SwapFree:        2095868 kB
Dirty:             15648 kB
Writeback:             0 kB
AnonPages:       5142520 kB
Mapped:          1112284 kB
Shmem:            584492 kB
Slab:             263288 kB
SReclaimable:     172952 kB
SUnreclaim:        90336 kB
KernelStack:       26608 kB
PageTables:       105332 kB
NFS_Unstable:          0 kB
Bounce:                0 kB
WritebackTmp:          0 kB
CommitLimit:     6107916 kB
Committed_AS:   18870992 kB
VmallocTotal:   34359738367 kB
VmallocUsed:           0 kB
VmallocChunk:          0 kB
HardwareCorrupted:     0 kB
AnonHugePages:         0 kB
ShmemHugePages:        0 kB
ShmemPmdMapped:        0 kB
CmaTotal:              0 kB
CmaFree:               0 kB
HugePages_Total:       0
HugePages_Free:        0
HugePages_Rsvd:        0
HugePages_Surp:        0
Hugepagesize:       2048 kB
DirectMap4k:      343492 kB
DirectMap2M:     7899136 kB
DirectMap1G:     1048576 kB

container (cgroup) information:
container_type: cgroupv1
cpu_cpuset_cpus: 0-7
cpu_memory_nodes: 0
active_processor_count: 8
cpu_quota: -1
cpu_period: 100000
cpu_shares: -1
memory_limit_in_bytes: -1
memory_and_swap_limit_in_bytes: -2
memory_soft_limit_in_bytes: -1
memory_usage_in_bytes: 7210586112
memory_max_usage_in_bytes: 85811200


CPU:total 8 (initial active 8) (4 cores per cpu, 2 threads per core) family 6 model 142 stepping 10, cmov, cx8, fxsr, mmx, sse, sse2, sse3, ssse3, sse4.1, sse4.2, popcnt, avx, avx2, aes, clmul, erms, 3dnowpref, lzcnt, ht, tsc, tscinvbit, bmi1, bmi2, adx

/proc/cpuinfo:
processor	: 0
vendor_id	: GenuineIntel
cpu family	: 6
model		: 142
model name	: Intel(R) Core(TM) i7-8550U CPU @ 1.80GHz
stepping	: 10
microcode	: 0x96
cpu MHz		: 3266.940
cache size	: 8192 KB
physical id	: 0
siblings	: 8
core id		: 0
cpu cores	: 4
apicid		: 0
initial apicid	: 0
fpu		: yes
fpu_exception	: yes
cpuid level	: 22
wp		: yes
flags		: fpu vme de pse tsc msr pae mce cx8 apic sep mtrr pge mca cmov pat pse36 clflush dts acpi mmx fxsr sse sse2 ss ht tm pbe syscall nx pdpe1gb rdtscp lm constant_tsc art arch_perfmon pebs bts rep_good nopl xtopology nonstop_tsc cpuid aperfmperf tsc_known_freq pni pclmulqdq dtes64 monitor ds_cpl vmx est tm2 ssse3 sdbg fma cx16 xtpr pdcm pcid sse4_1 sse4_2 x2apic movbe popcnt tsc_deadline_timer aes xsave avx f16c rdrand lahf_lm abm 3dnowprefetch cpuid_fault epb invpcid_single pti ssbd ibrs ibpb stibp tpr_shadow vnmi flexpriority ept vpid fsgsbase tsc_adjust bmi1 avx2 smep bmi2 erms invpcid mpx rdseed adx smap clflushopt intel_pt xsaveopt xsavec xgetbv1 xsaves dtherm ida arat pln pts hwp hwp_notify hwp_act_window hwp_epp flush_l1d
bugs		: cpu_meltdown spectre_v1 spectre_v2 spec_store_bypass l1tf
bogomips	: 3984.00
clflush size	: 64
cache_alignment	: 64
address sizes	: 39 bits physical, 48 bits virtual
power management:

processor	: 1
vendor_id	: GenuineIntel
cpu family	: 6
model		: 142
model name	: Intel(R) Core(TM) i7-8550U CPU @ 1.80GHz
stepping	: 10
microcode	: 0x96
cpu MHz		: 3251.312
cache size	: 8192 KB
physical id	: 0
siblings	: 8
core id		: 1
cpu cores	: 4
apicid		: 2
initial apicid	: 2
fpu		: yes
fpu_exception	: yes
cpuid level	: 22
wp		: yes
flags		: fpu vme de pse tsc msr pae mce cx8 apic sep mtrr pge mca cmov pat pse36 clflush dts acpi mmx fxsr sse sse2 ss ht tm pbe syscall nx pdpe1gb rdtscp lm constant_tsc art arch_perfmon pebs bts rep_good nopl xtopology nonstop_tsc cpuid aperfmperf tsc_known_freq pni pclmulqdq dtes64 monitor ds_cpl vmx est tm2 ssse3 sdbg fma cx16 xtpr pdcm pcid sse4_1 sse4_2 x2apic movbe popcnt tsc_deadline_timer aes xsave avx f16c rdrand lahf_lm abm 3dnowprefetch cpuid_fault epb invpcid_single pti ssbd ibrs ibpb stibp tpr_shadow vnmi flexpriority ept vpid fsgsbase tsc_adjust bmi1 avx2 smep bmi2 erms invpcid mpx rdseed adx smap clflushopt intel_pt xsaveopt xsavec xgetbv1 xsaves dtherm ida arat pln pts hwp hwp_notify hwp_act_window hwp_epp flush_l1d
bugs		: cpu_meltdown spectre_v1 spectre_v2 spec_store_bypass l1tf
bogomips	: 3984.00
clflush size	: 64
cache_alignment	: 64
address sizes	: 39 bits physical, 48 bits virtual
power management:

processor	: 2
vendor_id	: GenuineIntel
cpu family	: 6
model		: 142
model name	: Intel(R) Core(TM) i7-8550U CPU @ 1.80GHz
stepping	: 10
microcode	: 0x96
cpu MHz		: 3281.232
cache size	: 8192 KB
physical id	: 0
siblings	: 8
core id		: 2
cpu cores	: 4
apicid		: 4
initial apicid	: 4
fpu		: yes
fpu_exception	: yes
cpuid level	: 22
wp		: yes
flags		: fpu vme de pse tsc msr pae mce cx8 apic sep mtrr pge mca cmov pat pse36 clflush dts acpi mmx fxsr sse sse2 ss ht tm pbe syscall nx pdpe1gb rdtscp lm constant_tsc art arch_perfmon pebs bts rep_good nopl xtopology nonstop_tsc cpuid aperfmperf tsc_known_freq pni pclmulqdq dtes64 monitor ds_cpl vmx est tm2 ssse3 sdbg fma cx16 xtpr pdcm pcid sse4_1 sse4_2 x2apic movbe popcnt tsc_deadline_timer aes xsave avx f16c rdrand lahf_lm abm 3dnowprefetch cpuid_fault epb invpcid_single pti ssbd ibrs ibpb stibp tpr_shadow vnmi flexpriority ept vpid fsgsbase tsc_adjust bmi1 avx2 smep bmi2 erms invpcid mpx rdseed adx smap clflushopt intel_pt xsaveopt xsavec xgetbv1 xsaves dtherm ida arat pln pts hwp hwp_notify hwp_act_window hwp_epp flush_l1d
bugs		: cpu_meltdown spectre_v1 spectre_v2 spec_store_bypass l1tf
bogomips	: 3984.00
clflush size	: 64
cache_alignment	: 64
address sizes	: 39 bits physical, 48 bits virtual
power management:

processor	: 3
vendor_id	: GenuineIntel
cpu family	: 6
model		: 142
model name	: Intel(R) Core(TM) i7-8550U CPU @ 1.80GHz
stepping	: 10
microcode	: 0x96
cpu MHz		: 3295.035
cache size	: 8192 KB
physical id	: 0
siblings	: 8
core id		: 3
cpu cores	: 4
apicid		: 6
initial apicid	: 6
fpu		: yes
fpu_exception	: yes
cpuid level	: 22
wp		: yes
flags		: fpu vme de pse tsc msr pae mce cx8 apic sep mtrr pge mca cmov pat pse36 clflush dts acpi mmx fxsr sse sse2 ss ht tm pbe syscall nx pdpe1gb rdtscp lm constant_tsc art arch_perfmon pebs bts rep_good nopl xtopology nonstop_tsc cpuid aperfmperf tsc_known_freq pni pclmulqdq dtes64 monitor ds_cpl vmx est tm2 ssse3 sdbg fma cx16 xtpr pdcm pcid sse4_1 sse4_2 x2apic movbe popcnt tsc_deadline_timer aes xsave avx f16c rdrand lahf_lm abm 3dnowprefetch cpuid_fault epb invpcid_single pti ssbd ibrs ibpb stibp tpr_shadow vnmi flexpriority ept vpid fsgsbase tsc_adjust bmi1 avx2 smep bmi2 erms invpcid mpx rdseed adx smap clflushopt intel_pt xsaveopt xsavec xgetbv1 xsaves dtherm ida arat pln pts hwp hwp_notify hwp_act_window hwp_epp flush_l1d
bugs		: cpu_meltdown spectre_v1 spectre_v2 spec_store_bypass l1tf
bogomips	: 3984.00
clflush size	: 64
cache_alignment	: 64
address sizes	: 39 bits physical, 48 bits virtual
power management:

processor	: 4
vendor_id	: GenuineIntel
cpu family	: 6
model		: 142
model name	: Intel(R) Core(TM) i7-8550U CPU @ 1.80GHz
stepping	: 10
microcode	: 0x96
cpu MHz		: 3279.610
cache size	: 8192 KB
physical id	: 0
siblings	: 8
core id		: 0
cpu cores	: 4
apicid		: 1
initial apicid	: 1
fpu		: yes
fpu_exception	: yes
cpuid level	: 22
wp		: yes
flags		: fpu vme de pse tsc msr pae mce cx8 apic sep mtrr pge mca cmov pat pse36 clflush dts acpi mmx fxsr sse sse2 ss ht tm pbe syscall nx pdpe1gb rdtscp lm constant_tsc art arch_perfmon pebs bts rep_good nopl xtopology nonstop_tsc cpuid aperfmperf tsc_known_freq pni pclmulqdq dtes64 monitor ds_cpl vmx est tm2 ssse3 sdbg fma cx16 xtpr pdcm pcid sse4_1 sse4_2 x2apic movbe popcnt tsc_deadline_timer aes xsave avx f16c rdrand lahf_lm abm 3dnowprefetch cpuid_fault epb invpcid_single pti ssbd ibrs ibpb stibp tpr_shadow vnmi flexpriority ept vpid fsgsbase tsc_adjust bmi1 avx2 smep bmi2 erms invpcid mpx rdseed adx smap clflushopt intel_pt xsaveopt xsavec xgetbv1 xsaves dtherm ida arat pln pts hwp hwp_notify hwp_act_window hwp_epp flush_l1d
bugs		: cpu_meltdown spectre_v1 spectre_v2 spec_store_bypass l1tf
bogomips	: 3984.00
clflush size	: 64
cache_alignment	: 64
address sizes	: 39 bits physical, 48 bits virtual
power management:

processor	: 5
vendor_id	: GenuineIntel
cpu family	: 6
model		: 142
model name	: Intel(R) Core(TM) i7-8550U CPU @ 1.80GHz
stepping	: 10
microcode	: 0x96
cpu MHz		: 3263.312
cache size	: 8192 KB
physical id	: 0
siblings	: 8
core id		: 1
cpu cores	: 4
apicid		: 3
initial apicid	: 3
fpu		: yes
fpu_exception	: yes
cpuid level	: 22
wp		: yes
flags		: fpu vme de pse tsc msr pae mce cx8 apic sep mtrr pge mca cmov pat pse36 clflush dts acpi mmx fxsr sse sse2 ss ht tm pbe syscall nx pdpe1gb rdtscp lm constant_tsc art arch_perfmon pebs bts rep_good nopl xtopology nonstop_tsc cpuid aperfmperf tsc_known_freq pni pclmulqdq dtes64 monitor ds_cpl vmx est tm2 ssse3 sdbg fma cx16 xtpr pdcm pcid sse4_1 sse4_2 x2apic movbe popcnt tsc_deadline_timer aes xsave avx f16c rdrand lahf_lm abm 3dnowprefetch cpuid_fault epb invpcid_single pti ssbd ibrs ibpb stibp tpr_shadow vnmi flexpriority ept vpid fsgsbase tsc_adjust bmi1 avx2 smep bmi2 erms invpcid mpx rdseed adx smap clflushopt intel_pt xsaveopt xsavec xgetbv1 xsaves dtherm ida arat pln pts hwp hwp_notify hwp_act_window hwp_epp flush_l1d
bugs		: cpu_meltdown spectre_v1 spectre_v2 spec_store_bypass l1tf
bogomips	: 3984.00
clflush size	: 64
cache_alignment	: 64
address sizes	: 39 bits physical, 48 bits virtual
power management:

processor	: 6
vendor_id	: GenuineIntel
cpu family	: 6
model		: 142
model name	: Intel(R) Core(TM) i7-8550U CPU @ 1.80GHz
stepping	: 10
microcode	: 0x96
cpu MHz		: 3297.830
cache size	: 8192 KB
physical id	: 0
siblings	: 8
core id		: 2
cpu cores	: 4
apicid		: 5
initial apicid	: 5
fpu		: yes
fpu_exception	: yes
cpuid level	: 22
wp		: yes
flags		: fpu vme de pse tsc msr pae mce cx8 apic sep mtrr pge mca cmov pat pse36 clflush dts acpi mmx fxsr sse sse2 ss ht tm pbe syscall nx pdpe1gb rdtscp lm constant_tsc art arch_perfmon pebs bts rep_good nopl xtopology nonstop_tsc cpuid aperfmperf tsc_known_freq pni pclmulqdq dtes64 monitor ds_cpl vmx est tm2 ssse3 sdbg fma cx16 xtpr pdcm pcid sse4_1 sse4_2 x2apic movbe popcnt tsc_deadline_timer aes xsave avx f16c rdrand lahf_lm abm 3dnowprefetch cpuid_fault epb invpcid_single pti ssbd ibrs ibpb stibp tpr_shadow vnmi flexpriority ept vpid fsgsbase tsc_adjust bmi1 avx2 smep bmi2 erms invpcid mpx rdseed adx smap clflushopt intel_pt xsaveopt xsavec xgetbv1 xsaves dtherm ida arat pln pts hwp hwp_notify hwp_act_window hwp_epp flush_l1d
bugs		: cpu_meltdown spectre_v1 spectre_v2 spec_store_bypass l1tf
bogomips	: 3984.00
clflush size	: 64
cache_alignment	: 64
address sizes	: 39 bits physical, 48 bits virtual
power management:

processor	: 7
vendor_id	: GenuineIntel
cpu family	: 6
model		: 142
model name	: Intel(R) Core(TM) i7-8550U CPU @ 1.80GHz
stepping	: 10
microcode	: 0x96
cpu MHz		: 3297.272
cache size	: 8192 KB
physical id	: 0
siblings	: 8
core id		: 3
cpu cores	: 4
apicid		: 7
initial apicid	: 7
fpu		: yes
fpu_exception	: yes
cpuid level	: 22
wp		: yes
flags		: fpu vme de pse tsc msr pae mce cx8 apic sep mtrr pge mca cmov pat pse36 clflush dts acpi mmx fxsr sse sse2 ss ht tm pbe syscall nx pdpe1gb rdtscp lm constant_tsc art arch_perfmon pebs bts rep_good nopl xtopology nonstop_tsc cpuid aperfmperf tsc_known_freq pni pclmulqdq dtes64 monitor ds_cpl vmx est tm2 ssse3 sdbg fma cx16 xtpr pdcm pcid sse4_1 sse4_2 x2apic movbe popcnt tsc_deadline_timer aes xsave avx f16c rdrand lahf_lm abm 3dnowprefetch cpuid_fault epb invpcid_single pti ssbd ibrs ibpb stibp tpr_shadow vnmi flexpriority ept vpid fsgsbase tsc_adjust bmi1 avx2 smep bmi2 erms invpcid mpx rdseed adx smap clflushopt intel_pt xsaveopt xsavec xgetbv1 xsaves dtherm ida arat pln pts hwp hwp_notify hwp_act_window hwp_epp flush_l1d
bugs		: cpu_meltdown spectre_v1 spectre_v2 spec_store_bypass l1tf
bogomips	: 3984.00
clflush size	: 64
cache_alignment	: 64
address sizes	: 39 bits physical, 48 bits virtual
power management:



Memory: 4k page, physical 8021540k(463236k free), swap 2097148k(2095868k free)

vm_info: Java HotSpot(TM) 64-Bit Server VM (25.201-b09) for linux-amd64 JRE (1.8.0_201-b09), built on Dec 15 2018 11:35:59 by "java_re" with gcc 7.3.0

time: Sat Mar 16 12:45:43 2019
timezone: IST
elapsed time: 0 seconds (0d 0h 0m 0s)

