#
# A fatal error has been detected by the Java Runtime Environment:
#
#  SIGSEGV (0xb) at pc=0x00007fb4392ad783, pid=17613, tid=0x00007fb43a5c0b80
#
# JRE version: Java(TM) SE Runtime Environment (8.0_201-b09) (build 1.8.0_201-b09)
# Java VM: Java HotSpot(TM) 64-Bit Server VM (25.201-b09 mixed mode linux-amd64 compressed oops)
# Problematic frame:
# V  [libjvm.so+0x90b783]  SR_handler(int, siginfo*, ucontext*)+0x33
#
# Failed to write core dump. Core dumps have been disabled. To enable core dumping, try "ulimit -c unlimited" before starting Java again
#
# If you would like to submit a bug report, please visit:
#   http://bugreport.java.com/bugreport/crash.jsp
#

---------------  T H R E A D  ---------------

Current thread is native thread

siginfo: si_signo: 11 (SIGSEGV), si_code: 1 (SEGV_MAPERR), si_addr: 0x0000000000000128

Registers:
RAX=0x0000000000000000, RBX=0x00007fb43a5bf700, RCX=0x00007fb43a1a0d2d, RDX=0x00007fb43a5c0ea0
RSP=0x00007ffd306085c0, RBP=0x00007ffd30608670, RSI=0x00007ffd306087b0, RDI=0x0000000000000001
R8 =0x00000000000000ca, R9 =0x00007fb43a5bf9d0, R10=0x0000000000000000, R11=0x0000000000000246
R12=0x00007fb43a5c0b00, R13=0x0000000000000002, R14=0x00007ffd306087b0, R15=0x00007ffd30608680
RIP=0x00007fb4392ad783, EFLAGS=0x0000000000010246, CSGSFS=0x002b000000000033, ERR=0x0000000000000004
  TRAPNO=0x000000000000000e

Top of Stack: (sp=0x00007ffd306085c0)
0x00007ffd306085c0:   00007fb4399a275a 0000000000000000
0x00007ffd306085d0:   00007fb43999c9d0 0000ffff00001fa0
0x00007ffd306085e0:   0000000000000000 00007fb439af22df
0x00007ffd306085f0:   3331363731608b20 f83aacebeaa25f00
0x00007ffd30608600:   00007ffd30608640 00007ffd30608640
0x00007ffd30608610:   000000000000003f 00007fb4394fcca7
0x00007ffd30608620:   00007ffd306087d8 00000000024ec5c0
0x00007ffd30608630:   00007ffd306088b0 00007fb439a13910
0x00007ffd30608640:   00000000fbad8001 00007fb43a5bf700
0x00007ffd30608650:   0000000000000000 00007ffd30608d50
0x00007ffd30608660:   0000000000000000 0000000000000001
0x00007ffd30608670:   00007ffd30608db8 00007fb43a1aa890
0x00007ffd30608680:   0000000000000007 0000000000000000
0x00007ffd30608690:   0000000000000000 00007fb400000002
0x00007ffd306086a0:   0000000000000000 00000000000000ca
0x00007ffd306086b0:   00007fb43a5bf9d0 0000000000000000
0x00007ffd306086c0:   0000000000000246 0000000000000000
0x00007ffd306086d0:   00007ffd30608d50 0000000000000000
0x00007ffd306086e0:   0000000000000001 00007fb43a5bf9d0
0x00007ffd306086f0:   0000000000000000 00007ffd30608db8
0x00007ffd30608700:   00007fb43a5bf700 00000000000044d8
0x00007ffd30608710:   00000000000000ca 00007fb43a1a0d2d
0x00007ffd30608720:   00007ffd30608d40 00007fb43a1a0d2b
0x00007ffd30608730:   0000000000000246 002b000000000033
0x00007ffd30608740:   0000000000000000 0000000000000000
0x00007ffd30608750:   0000000000000000 0000000000000000
0x00007ffd30608760:   00007ffd30608840 00007ffd306088a8
0x00007ffd30608770:   00007fb43a5c3748 00007fb43a5c2000
0x00007ffd30608780:   0000000000000000 00007fb43a3c21ef
0x00007ffd30608790:   0000000000000004 00007fb43a3c8754
0x00007ffd306087a0:   0000000000000001 0000000000000000
0x00007ffd306087b0:   000000000000000c 00007fb400000000 

Instructions: (pc=0x00007fb4392ad783)
0x00007fb4392ad763:   48 81 ec 88 00 00 00 e8 81 1d 8f ff 44 8b 28 49
0x00007fb4392ad773:   89 c4 48 8d 05 2c 61 68 00 8b 38 e8 15 2c 8f ff
0x00007fb4392ad783:   48 8b 98 28 01 00 00 8b 83 a8 00 00 00 83 f8 01
0x00007fb4392ad793:   74 1b 45 89 2c 24 48 81 c4 88 00 00 00 5b 41 5c 

Register to memory mapping:

RAX=0x0000000000000000 is an unknown value
RBX=0x00007fb43a5bf700 is pointing into the stack for thread: 0x00007fb43400b000
RCX=0x00007fb43a1a0d2d: <offset 0x8d2d> in /lib/x86_64-linux-gnu/libpthread.so.0 at 0x00007fb43a198000
RDX=0x00007fb43a5c0ea0 is an unknown value
RSP=0x00007ffd306085c0 is an unknown value
RBP=0x00007ffd30608670 is an unknown value
RSI=0x00007ffd306087b0 is an unknown value
RDI=0x0000000000000001 is an unknown value
R8 =0x00000000000000ca is an unknown value
R9 =0x00007fb43a5bf9d0 is pointing into the stack for thread: 0x00007fb43400b000
R10=0x0000000000000000 is an unknown value
R11=0x0000000000000246 is an unknown value
R12=0x00007fb43a5c0b00 is an unknown value
R13=0x0000000000000002 is an unknown value
R14=0x00007ffd306087b0 is an unknown value
R15=0x00007ffd30608680 is an unknown value


Stack: [0x00007ffd30510000,0x00007ffd30610000],  sp=0x00007ffd306085c0,  free space=993k
Native frames: (J=compiled Java code, j=interpreted, Vv=VM code, C=native code)
V  [libjvm.so+0x90b783]  SR_handler(int, siginfo*, ucontext*)+0x33
C  [libpthread.so.0+0x12890]


---------------  P R O C E S S  ---------------

VM state:not at safepoint (normal execution)

VM Mutex/Monitor currently owned by a thread: None

heap address: 0x0000000085800000, size: 1960 MB, Compressed Oops mode: 32-bit
Narrow klass base: 0x0000000000000000, Narrow klass shift: 3
Compressed class space size: 1073741824 Address: 0x0000000100000000

Heap:
 PSYoungGen      total 36864K, used 11996K [0x00000000d7300000, 0x00000000d9c00000, 0x0000000100000000)
  eden space 31744K, 21% used [0x00000000d7300000,0x00000000d79be8a8,0x00000000d9200000)
  from space 5120K, 99% used [0x00000000d9200000,0x00000000d96f8810,0x00000000d9700000)
  to   space 5120K, 0% used [0x00000000d9700000,0x00000000d9700000,0x00000000d9c00000)
 ParOldGen       total 84992K, used 74K [0x0000000085800000, 0x000000008ab00000, 0x00000000d7300000)
  object space 84992K, 0% used [0x0000000085800000,0x00000000858129b8,0x000000008ab00000)
 Metaspace       used 10485K, capacity 10774K, committed 11008K, reserved 1058816K
  class space    used 1417K, capacity 1531K, committed 1536K, reserved 1048576K

Card table byte_map: [0x00007fb423bde000,0x00007fb423fb3000] byte_map_base: 0x00007fb4237b2000

Marking Bits: (ParMarkBitMap*) 0x00007fb43996dd80
 Begin Bits: [0x00007fb3fc2c0000, 0x00007fb3fe160000)
 End Bits:   [0x00007fb3fe160000, 0x00007fb400000000)

Polling page: 0x00007fb43a5dd000

CodeCache: size=245760Kb used=3201Kb max_used=3201Kb free=242558Kb
 bounds [0x00007fb424373000, 0x00007fb4246a3000, 0x00007fb433373000]
 total_blobs=1259 nmethods=922 adapters=251
 compilation: enabled

Compilation events (10 events):
Event: 3.286 Thread 0x00007fb4340c9000  918       3       java.util.concurrent.locks.AbstractOwnableSynchronizer::setExclusiveOwnerThread (6 bytes)
Event: 3.287 Thread 0x00007fb4340c9000 nmethod 918 0x00007fb424692e90 code [0x00007fb424692fe0, 0x00007fb424693150]
Event: 3.287 Thread 0x00007fb4340c9000  919       1       java.util.concurrent.locks.AbstractOwnableSynchronizer::getExclusiveOwnerThread (5 bytes)
Event: 3.287 Thread 0x00007fb4340c9000 nmethod 919 0x00007fb4246931d0 code [0x00007fb424693320, 0x00007fb424693430]
Event: 3.487 Thread 0x00007fb4340c9000  920       3       java.lang.AbstractStringBuilder::append (54 bytes)
Event: 3.488 Thread 0x00007fb4340c9000 nmethod 920 0x00007fb424693490 code [0x00007fb424693660, 0x00007fb424693f68]
Event: 3.488 Thread 0x00007fb4340c9000  921       1       org.gradle.internal.logging.events.StyledTextOutputEvent$Span::getStyle (5 bytes)
Event: 3.488 Thread 0x00007fb4340c9000 nmethod 921 0x00007fb4246940d0 code [0x00007fb424694220, 0x00007fb424694330]
Event: 3.586 Thread 0x00007fb4340c9000  922       3       java.lang.Integer::toString (48 bytes)
Event: 3.587 Thread 0x00007fb4340c9000 nmethod 922 0x00007fb424694390 code [0x00007fb424694560, 0x00007fb424694ba8]

GC Heap History (2 events):
Event: 0.603 GC heap before
{Heap before GC invocations=1 (full 0):
 PSYoungGen      total 36864K, used 31744K [0x00000000d7300000, 0x00000000d9c00000, 0x0000000100000000)
  eden space 31744K, 100% used [0x00000000d7300000,0x00000000d9200000,0x00000000d9200000)
  from space 5120K, 0% used [0x00000000d9700000,0x00000000d9700000,0x00000000d9c00000)
  to   space 5120K, 0% used [0x00000000d9200000,0x00000000d9200000,0x00000000d9700000)
 ParOldGen       total 84992K, used 0K [0x0000000085800000, 0x000000008ab00000, 0x00000000d7300000)
  object space 84992K, 0% used [0x0000000085800000,0x0000000085800000,0x000000008ab00000)
 Metaspace       used 9013K, capacity 9206K, committed 9344K, reserved 1056768K
  class space    used 1235K, capacity 1325K, committed 1408K, reserved 1048576K
Event: 0.607 GC heap after
Heap after GC invocations=1 (full 0):
 PSYoungGen      total 36864K, used 5090K [0x00000000d7300000, 0x00000000d9c00000, 0x0000000100000000)
  eden space 31744K, 0% used [0x00000000d7300000,0x00000000d7300000,0x00000000d9200000)
  from space 5120K, 99% used [0x00000000d9200000,0x00000000d96f8810,0x00000000d9700000)
  to   space 5120K, 0% used [0x00000000d9700000,0x00000000d9700000,0x00000000d9c00000)
 ParOldGen       total 84992K, used 74K [0x0000000085800000, 0x000000008ab00000, 0x00000000d7300000)
  object space 84992K, 0% used [0x0000000085800000,0x00000000858129b8,0x000000008ab00000)
 Metaspace       used 9013K, capacity 9206K, committed 9344K, reserved 1056768K
  class space    used 1235K, capacity 1325K, committed 1408K, reserved 1048576K
}

Deoptimization events (10 events):
Event: 0.254 Thread 0x00007fb43400b000 Uncommon trap: reason=unstable_if action=reinterpret pc=0x00007fb424513274 method=java.lang.String.startsWith(Ljava/lang/String;I)Z @ 25
Event: 0.287 Thread 0x00007fb43400b000 Uncommon trap: reason=unstable_if action=reinterpret pc=0x00007fb4244fecfc method=java.util.regex.Matcher.reset()Ljava/util/regex/Matcher; @ 47
Event: 0.287 Thread 0x00007fb43400b000 Uncommon trap: reason=class_check action=maybe_recompile pc=0x00007fb424506b84 method=java.util.regex.Matcher.match(II)Z @ 86
Event: 0.417 Thread 0x00007fb43400b000 Uncommon trap: reason=class_check action=maybe_recompile pc=0x00007fb424506b84 method=java.util.regex.Matcher.match(II)Z @ 86
Event: 0.417 Thread 0x00007fb43400b000 Uncommon trap: reason=class_check action=maybe_recompile pc=0x00007fb424506b84 method=java.util.regex.Matcher.match(II)Z @ 86
Event: 0.417 Thread 0x00007fb43400b000 Uncommon trap: reason=class_check action=maybe_recompile pc=0x00007fb424506b84 method=java.util.regex.Matcher.match(II)Z @ 86
Event: 0.552 Thread 0x00007fb43400b000 Uncommon trap: reason=unstable_if action=reinterpret pc=0x00007fb4245fa21c method=java.util.HashMap.hash(Ljava/lang/Object;)I @ 1
Event: 0.552 Thread 0x00007fb43400b000 Uncommon trap: reason=unstable_if action=reinterpret pc=0x00007fb42457bd28 method=java.util.HashMap.hash(Ljava/lang/Object;)I @ 1
Event: 0.599 Thread 0x00007fb43400b000 Uncommon trap: reason=unstable_if action=reinterpret pc=0x00007fb4245a82e4 method=java.util.HashMap.getNode(ILjava/lang/Object;)Ljava/util/HashMap$Node; @ 129
Event: 0.599 Thread 0x00007fb43400b000 Uncommon trap: reason=bimorphic action=maybe_recompile pc=0x00007fb424609c44 method=java.util.HashMap.putVal(ILjava/lang/Object;Ljava/lang/Object;ZZ)Ljava/lang/Object; @ 203

Classes redefined (0 events):
No events

Internal exceptions (10 events):
Event: 0.563 Thread 0x00007fb43400b000 Exception <a 'java/lang/ArrayIndexOutOfBoundsException'> (0x00000000d8d68298) thrown at [/HUDSON/workspace/8-2-build-linux-amd64/jdk8u201/12317/hotspot/src/share/vm/runtime/sharedRuntime.cpp, line 605]
Event: 0.564 Thread 0x00007fb43400b000 Exception <a 'java/lang/ArrayIndexOutOfBoundsException'> (0x00000000d8d7cd30) thrown at [/HUDSON/workspace/8-2-build-linux-amd64/jdk8u201/12317/hotspot/src/share/vm/runtime/sharedRuntime.cpp, line 605]
Event: 0.565 Thread 0x00007fb43400b000 Exception <a 'java/lang/ArrayIndexOutOfBoundsException'> (0x00000000d8d80f38) thrown at [/HUDSON/workspace/8-2-build-linux-amd64/jdk8u201/12317/hotspot/src/share/vm/runtime/sharedRuntime.cpp, line 605]
Event: 0.569 Thread 0x00007fb43400b000 Exception <a 'java/lang/ArrayIndexOutOfBoundsException'> (0x00000000d8deceb8) thrown at [/HUDSON/workspace/8-2-build-linux-amd64/jdk8u201/12317/hotspot/src/share/vm/runtime/sharedRuntime.cpp, line 605]
Event: 0.569 Thread 0x00007fb43400b000 Exception <a 'java/lang/ArrayIndexOutOfBoundsException'> (0x00000000d8dee280) thrown at [/HUDSON/workspace/8-2-build-linux-amd64/jdk8u201/12317/hotspot/src/share/vm/runtime/sharedRuntime.cpp, line 605]
Event: 0.569 Thread 0x00007fb43400b000 Exception <a 'java/lang/ArrayIndexOutOfBoundsException'> (0x00000000d8def900) thrown at [/HUDSON/workspace/8-2-build-linux-amd64/jdk8u201/12317/hotspot/src/share/vm/runtime/sharedRuntime.cpp, line 605]
Event: 0.569 Thread 0x00007fb43400b000 Exception <a 'java/lang/ArrayIndexOutOfBoundsException'> (0x00000000d8df0a38) thrown at [/HUDSON/workspace/8-2-build-linux-amd64/jdk8u201/12317/hotspot/src/share/vm/runtime/sharedRuntime.cpp, line 605]
Event: 0.569 Thread 0x00007fb43400b000 Exception <a 'java/lang/ArrayIndexOutOfBoundsException'> (0x00000000d8df40e8) thrown at [/HUDSON/workspace/8-2-build-linux-amd64/jdk8u201/12317/hotspot/src/share/vm/runtime/sharedRuntime.cpp, line 605]
Event: 0.576 Thread 0x00007fb43400b000 Exception <a 'java/lang/NoClassDefFoundError': org/slf4j/impl/StaticMarkerBinder> (0x00000000d8eb5500) thrown at [/HUDSON/workspace/8-2-build-linux-amd64/jdk8u201/12317/hotspot/src/share/vm/classfile/systemDictionary.cpp, line 199]
Event: 0.636 Thread 0x00007fb43400b000 Exception <a 'java/net/SocketException': Protocol family unavailable> (0x00000000d75c4348) thrown at [/HUDSON/workspace/8-2-build-linux-amd64/jdk8u201/12317/hotspot/src/share/vm/prims/jni.cpp, line 735]

Events (10 events):
Event: 1.474 loading class java/io/Bits
Event: 1.474 loading class java/io/Bits done
Event: 1.474 loading class org/gradle/internal/serialize/ExceptionReplacingObjectInputStream$1
Event: 1.474 loading class org/gradle/internal/serialize/ExceptionReplacingObjectInputStream$1 done
Event: 3.186 loading class org/gradle/internal/logging/text/AbstractLineChoppingStyledTextOutput$StateContext
Event: 3.186 loading class org/gradle/internal/logging/text/AbstractLineChoppingStyledTextOutput$StateContext done
Event: 3.187 loading class org/gradle/internal/logging/console/DefaultTextArea$2
Event: 3.187 loading class org/gradle/internal/logging/console/DefaultTextArea$2 done
Event: 3.188 loading class org/gradle/internal/logging/console/DefaultTextArea$2$1
Event: 3.188 loading class org/gradle/internal/logging/console/DefaultTextArea$2$1 done


Dynamic libraries:
00400000-00401000 r-xp 00000000 08:06 8013769                            /usr/lib/jvm/jdk1.8.0_201/bin/java
00600000-00601000 r--p 00000000 08:06 8013769                            /usr/lib/jvm/jdk1.8.0_201/bin/java
00601000-00602000 rw-p 00001000 08:06 8013769                            /usr/lib/jvm/jdk1.8.0_201/bin/java
024ec000-027ba000 rw-p 00000000 00:00 0                                  [heap]
85800000-8ab00000 rw-p 00000000 00:00 0 
8ab00000-d7300000 ---p 00000000 00:00 0 
d7300000-d9c00000 rw-p 00000000 00:00 0 
d9c00000-100000000 ---p 00000000 00:00 0 
100000000-100180000 rw-p 00000000 00:00 0 
100180000-140000000 ---p 00000000 00:00 0 
7fb3c0000000-7fb3c0021000 rw-p 00000000 00:00 0 
7fb3c0021000-7fb3c4000000 ---p 00000000 00:00 0 
7fb3c8000000-7fb3c802a000 rw-p 00000000 00:00 0 
7fb3c802a000-7fb3cc000000 ---p 00000000 00:00 0 
7fb3cc000000-7fb3cc021000 rw-p 00000000 00:00 0 
7fb3cc021000-7fb3d0000000 ---p 00000000 00:00 0 
7fb3d0000000-7fb3d0021000 rw-p 00000000 00:00 0 
7fb3d0021000-7fb3d4000000 ---p 00000000 00:00 0 
7fb3d4000000-7fb3d4021000 rw-p 00000000 00:00 0 
7fb3d4021000-7fb3d8000000 ---p 00000000 00:00 0 
7fb3d8000000-7fb3d8228000 rw-p 00000000 00:00 0 
7fb3d8228000-7fb3dc000000 ---p 00000000 00:00 0 
7fb3dc000000-7fb3dc205000 rw-p 00000000 00:00 0 
7fb3dc205000-7fb3e0000000 ---p 00000000 00:00 0 
7fb3e0000000-7fb3e029b000 rw-p 00000000 00:00 0 
7fb3e029b000-7fb3e4000000 ---p 00000000 00:00 0 
7fb3e4000000-7fb3e42ca000 rw-p 00000000 00:00 0 
7fb3e42ca000-7fb3e8000000 ---p 00000000 00:00 0 
7fb3e8000000-7fb3e8021000 rw-p 00000000 00:00 0 
7fb3e8021000-7fb3ec000000 ---p 00000000 00:00 0 
7fb3ed826000-7fb3ed829000 ---p 00000000 00:00 0 
7fb3ed829000-7fb3ed927000 rw-p 00000000 00:00 0 
7fb3ed927000-7fb3ed92a000 ---p 00000000 00:00 0 
7fb3ed92a000-7fb3edb68000 rw-p 00000000 00:00 0 
7fb3edb68000-7fb3edc28000 ---p 00000000 00:00 0 
7fb3edc28000-7fb3edc31000 r-xp 00000000 08:06 10888336                   /usr/lib/jvm/jdk1.8.0_201/jre/lib/amd64/libmanagement.so
7fb3edc31000-7fb3ede30000 ---p 00009000 08:06 10888336                   /usr/lib/jvm/jdk1.8.0_201/jre/lib/amd64/libmanagement.so
7fb3ede30000-7fb3ede31000 r--p 00008000 08:06 10888336                   /usr/lib/jvm/jdk1.8.0_201/jre/lib/amd64/libmanagement.so
7fb3ede31000-7fb3ede32000 rw-p 00009000 08:06 10888336                   /usr/lib/jvm/jdk1.8.0_201/jre/lib/amd64/libmanagement.so
7fb3ede32000-7fb3ede35000 ---p 00000000 00:00 0 
7fb3ede35000-7fb3edf33000 rw-p 00000000 00:00 0 
7fb3edf33000-7fb3edf35000 r-xp 00000000 08:06 9065339                    /home/ermicho/.gradle/native/jansi/1.14/linux64/libjansi.so
7fb3edf35000-7fb3ee134000 ---p 00002000 08:06 9065339                    /home/ermicho/.gradle/native/jansi/1.14/linux64/libjansi.so
7fb3ee134000-7fb3ee135000 rw-p 00001000 08:06 9065339                    /home/ermicho/.gradle/native/jansi/1.14/linux64/libjansi.so
7fb3ee135000-7fb3ee15a000 r-xp 00000000 08:06 3937134                    /lib/x86_64-linux-gnu/libtinfo.so.5.9
7fb3ee15a000-7fb3ee35a000 ---p 00025000 08:06 3937134                    /lib/x86_64-linux-gnu/libtinfo.so.5.9
7fb3ee35a000-7fb3ee35e000 r--p 00025000 08:06 3937134                    /lib/x86_64-linux-gnu/libtinfo.so.5.9
7fb3ee35e000-7fb3ee35f000 rw-p 00029000 08:06 3937134                    /lib/x86_64-linux-gnu/libtinfo.so.5.9
7fb3ee35f000-7fb3ee380000 r-xp 00000000 08:06 3937049                    /lib/x86_64-linux-gnu/libncurses.so.5.9
7fb3ee380000-7fb3ee580000 ---p 00021000 08:06 3937049                    /lib/x86_64-linux-gnu/libncurses.so.5.9
7fb3ee580000-7fb3ee581000 r--p 00021000 08:06 3937049                    /lib/x86_64-linux-gnu/libncurses.so.5.9
7fb3ee581000-7fb3ee582000 rw-p 00022000 08:06 3937049                    /lib/x86_64-linux-gnu/libncurses.so.5.9
7fb3ee582000-7fb3ee585000 r-xp 00000000 08:06 9065345                    /home/ermicho/.gradle/native/25/linux-amd64-ncurses5/libnative-platform-curses.so
7fb3ee585000-7fb3ee785000 ---p 00003000 08:06 9065345                    /home/ermicho/.gradle/native/25/linux-amd64-ncurses5/libnative-platform-curses.so
7fb3ee785000-7fb3ee786000 rw-p 00003000 08:06 9065345                    /home/ermicho/.gradle/native/25/linux-amd64-ncurses5/libnative-platform-curses.so
7fb3ee786000-7fb3ee79d000 r-xp 00000000 08:06 3936880                    /lib/x86_64-linux-gnu/libgcc_s.so.1
7fb3ee79d000-7fb3ee99c000 ---p 00017000 08:06 3936880                    /lib/x86_64-linux-gnu/libgcc_s.so.1
7fb3ee99c000-7fb3ee99d000 r--p 00016000 08:06 3936880                    /lib/x86_64-linux-gnu/libgcc_s.so.1
7fb3ee99d000-7fb3ee99e000 rw-p 00017000 08:06 3936880                    /lib/x86_64-linux-gnu/libgcc_s.so.1
7fb3ee99e000-7fb3eeb17000 r-xp 00000000 08:06 657556                     /usr/lib/x86_64-linux-gnu/libstdc++.so.6.0.25
7fb3eeb17000-7fb3eed17000 ---p 00179000 08:06 657556                     /usr/lib/x86_64-linux-gnu/libstdc++.so.6.0.25
7fb3eed17000-7fb3eed21000 r--p 00179000 08:06 657556                     /usr/lib/x86_64-linux-gnu/libstdc++.so.6.0.25
7fb3eed21000-7fb3eed23000 rw-p 00183000 08:06 657556                     /usr/lib/x86_64-linux-gnu/libstdc++.so.6.0.25
7fb3eed23000-7fb3eed27000 rw-p 00000000 00:00 0 
7fb3eed3a000-7fb3eed41000 r--s 00000000 08:06 920324                     /usr/lib/x86_64-linux-gnu/gconv/gconv-modules.cache
7fb3eed41000-7fb3eed46000 r-xp 00000000 08:06 9065331                    /home/ermicho/.gradle/native/25/linux-amd64/libnative-platform.so
7fb3eed46000-7fb3eef45000 ---p 00005000 08:06 9065331                    /home/ermicho/.gradle/native/25/linux-amd64/libnative-platform.so
7fb3eef45000-7fb3eef46000 rw-p 00004000 08:06 9065331                    /home/ermicho/.gradle/native/25/linux-amd64/libnative-platform.so
7fb3eef46000-7fb3eef48000 r--s 00006000 08:06 131431                     /home/ermicho/.gradle/wrapper/dists/gradle-4.10.2-all/9fahxiiecdb76a5g3aw9oi8rv/gradle-4.10.2/lib/gradle-wrapper-4.10.2.jar
7fb3eef48000-7fb3eef57000 r--s 0004b000 08:06 131430                     /home/ermicho/.gradle/wrapper/dists/gradle-4.10.2-all/9fahxiiecdb76a5g3aw9oi8rv/gradle-4.10.2/lib/gradle-tooling-api-4.10.2.jar
7fb3eef57000-7fb3eef59000 r--s 00002000 08:06 131427                     /home/ermicho/.gradle/wrapper/dists/gradle-4.10.2-all/9fahxiiecdb76a5g3aw9oi8rv/gradle-4.10.2/lib/kotlin-stdlib-jdk8-1.2.61.jar
7fb3eef59000-7fb3eef5a000 r--s 00000000 08:06 131426                     /home/ermicho/.gradle/wrapper/dists/gradle-4.10.2-all/9fahxiiecdb76a5g3aw9oi8rv/gradle-4.10.2/lib/kotlin-stdlib-jdk7-1.2.61.jar
7fb3eef5a000-7fb3eef60000 r--s 00015000 08:06 131425                     /home/ermicho/.gradle/wrapper/dists/gradle-4.10.2-all/9fahxiiecdb76a5g3aw9oi8rv/gradle-4.10.2/lib/kotlin-stdlib-common-1.2.61.jar
7fb3eef60000-7fb3eef70000 r--s 000db000 08:06 131424                     /home/ermicho/.gradle/wrapper/dists/gradle-4.10.2-all/9fahxiiecdb76a5g3aw9oi8rv/gradle-4.10.2/lib/kotlin-stdlib-1.2.61.jar
7fb3eef70000-7fb3eef72000 r--s 00009000 08:06 131423                     /home/ermicho/.gradle/wrapper/dists/gradle-4.10.2-all/9fahxiiecdb76a5g3aw9oi8rv/gradle-4.10.2/lib/kotlin-script-runtime-1.2.61.jar
7fb3eef72000-7fb3eef73000 r--s 00002000 08:06 131422                     /home/ermicho/.gradle/wrapper/dists/gradle-4.10.2-all/9fahxiiecdb76a5g3aw9oi8rv/gradle-4.10.2/lib/kotlin-sam-with-receiver-compiler-plugin-1.2.61.jar
7fb3eef73000-7fb3eefa8000 r--s 00241000 08:06 131421                     /home/ermicho/.gradle/wrapper/dists/gradle-4.10.2-all/9fahxiiecdb76a5g3aw9oi8rv/gradle-4.10.2/lib/kotlin-reflect-1.2.61.jar
7fb3eefa8000-7fb3ef173000 r--s 019b7000 08:06 131420                     /home/ermicho/.gradle/wrapper/dists/gradle-4.10.2-all/9fahxiiecdb76a5g3aw9oi8rv/gradle-4.10.2/lib/kotlin-compiler-embeddable-1.2.61.jar
7fb3ef173000-7fb3ef175000 r--s 00000000 08:06 131419                     /home/ermicho/.gradle/wrapper/dists/gradle-4.10.2-all/9fahxiiecdb76a5g3aw9oi8rv/gradle-4.10.2/lib/gradle-kotlin-dsl-tooling-models-1.0-rc-6.jar
7fb3ef175000-7fb3ef177000 r--s 00003000 08:06 131415                     /home/ermicho/.gradle/wrapper/dists/gradle-4.10.2-all/9fahxiiecdb76a5g3aw9oi8rv/gradle-4.10.2/lib/annotations-13.0.jar
7fb3ef177000-7fb3ef18b000 r--s 00109000 08:06 131416                     /home/ermicho/.gradle/wrapper/dists/gradle-4.10.2-all/9fahxiiecdb76a5g3aw9oi8rv/gradle-4.10.2/lib/gradle-kotlin-dsl-1.0-rc-6.jar
7fb3ef18b000-7fb3ef191000 r--s 00034000 08:06 131437                     /home/ermicho/.gradle/wrapper/dists/gradle-4.10.2-all/9fahxiiecdb76a5g3aw9oi8rv/gradle-4.10.2/lib/gradle-persistent-cache-4.10.2.jar
7fb3ef191000-7fb3ef196000 r--s 00015000 08:06 131440                     /home/ermicho/.gradle/wrapper/dists/gradle-4.10.2-all/9fahxiiecdb76a5g3aw9oi8rv/gradle-4.10.2/lib/gradle-resources-4.10.2.jar
7fb3ef196000-7fb3ef207000 r--s 00665000 08:06 131466                     /home/ermicho/.gradle/wrapper/dists/gradle-4.10.2-all/9fahxiiecdb76a5g3aw9oi8rv/gradle-4.10.2/lib/groovy-all-2.4.15.jar
7fb3ef207000-7fb3ef218000 r-xp 00000000 08:06 10888331                   /usr/lib/jvm/jdk1.8.0_201/jre/lib/amd64/libnio.so
7fb3ef218000-7fb3ef417000 ---p 00011000 08:06 10888331                   /usr/lib/jvm/jdk1.8.0_201/jre/lib/amd64/libnio.so
7fb3ef417000-7fb3ef418000 r--p 00010000 08:06 10888331                   /usr/lib/jvm/jdk1.8.0_201/jre/lib/amd64/libnio.so
7fb3ef418000-7fb3ef419000 rw-p 00011000 08:06 10888331                   /usr/lib/jvm/jdk1.8.0_201/jre/lib/amd64/libnio.so
7fb3ef419000-7fb3ef42f000 r-xp 00000000 08:06 10888328                   /usr/lib/jvm/jdk1.8.0_201/jre/lib/amd64/libnet.so
7fb3ef42f000-7fb3ef62f000 ---p 00016000 08:06 10888328                   /usr/lib/jvm/jdk1.8.0_201/jre/lib/amd64/libnet.so
7fb3ef62f000-7fb3ef630000 r--p 00016000 08:06 10888328                   /usr/lib/jvm/jdk1.8.0_201/jre/lib/amd64/libnet.so
7fb3ef630000-7fb3ef631000 rw-p 00017000 08:06 10888328                   /usr/lib/jvm/jdk1.8.0_201/jre/lib/amd64/libnet.so
7fb3ef631000-7fb3f0000000 r--p 00000000 08:06 662140                     /usr/lib/locale/locale-archive
7fb3f0000000-7fb3f0021000 rw-p 00000000 00:00 0 
7fb3f0021000-7fb3f4000000 ---p 00000000 00:00 0 
7fb3f4000000-7fb3f4021000 rw-p 00000000 00:00 0 
7fb3f4021000-7fb3f8000000 ---p 00000000 00:00 0 
7fb3f8000000-7fb3f8021000 rw-p 00000000 00:00 0 
7fb3f8021000-7fb3fc000000 ---p 00000000 00:00 0 
7fb3fc000000-7fb3fc004000 r--s 00013000 08:06 131436                     /home/ermicho/.gradle/wrapper/dists/gradle-4.10.2-all/9fahxiiecdb76a5g3aw9oi8rv/gradle-4.10.2/lib/gradle-build-cache-4.10.2.jar
7fb3fc004000-7fb3fc005000 r--s 00003000 08:06 131447                     /home/ermicho/.gradle/wrapper/dists/gradle-4.10.2-all/9fahxiiecdb76a5g3aw9oi8rv/gradle-4.10.2/lib/gradle-build-option-4.10.2.jar
7fb3fc005000-7fb3fc006000 r--s 00006000 08:06 131448                     /home/ermicho/.gradle/wrapper/dists/gradle-4.10.2-all/9fahxiiecdb76a5g3aw9oi8rv/gradle-4.10.2/lib/gradle-cli-4.10.2.jar
7fb3fc006000-7fb3fc008000 r--s 00004000 08:06 131460                     /home/ermicho/.gradle/wrapper/dists/gradle-4.10.2-all/9fahxiiecdb76a5g3aw9oi8rv/gradle-4.10.2/lib/log4j-over-slf4j-1.7.16.jar
7fb3fc008000-7fb3fc00a000 r--s 00000000 08:06 131459                     /home/ermicho/.gradle/wrapper/dists/gradle-4.10.2-all/9fahxiiecdb76a5g3aw9oi8rv/gradle-4.10.2/lib/jul-to-slf4j-1.7.16.jar
7fb3fc00a000-7fb3fc00c000 r--s 00003000 08:06 131458                     /home/ermicho/.gradle/wrapper/dists/gradle-4.10.2-all/9fahxiiecdb76a5g3aw9oi8rv/gradle-4.10.2/lib/jcl-over-slf4j-1.7.16.jar
7fb3fc00c000-7fb3fc014000 r--s 00035000 08:06 131438                     /home/ermicho/.gradle/wrapper/dists/gradle-4.10.2-all/9fahxiiecdb76a5g3aw9oi8rv/gradle-4.10.2/lib/gradle-logging-4.10.2.jar
7fb3fc014000-7fb3fc023000 r--s 00085000 08:06 131443                     /home/ermicho/.gradle/wrapper/dists/gradle-4.10.2-all/9fahxiiecdb76a5g3aw9oi8rv/gradle-4.10.2/lib/gradle-model-core-4.10.2.jar
7fb3fc023000-7fb3fc025000 r--s 00006000 08:06 131444                     /home/ermicho/.gradle/wrapper/dists/gradle-4.10.2-all/9fahxiiecdb76a5g3aw9oi8rv/gradle-4.10.2/lib/gradle-base-services-groovy-4.10.2.jar
7fb3fc025000-7fb3fc027000 r--s 00007000 08:06 131442                     /home/ermicho/.gradle/wrapper/dists/gradle-4.10.2-all/9fahxiiecdb76a5g3aw9oi8rv/gradle-4.10.2/lib/gradle-model-groovy-4.10.2.jar
7fb3fc027000-7fb3fc028000 r--s 00006000 08:06 131449                     /home/ermicho/.gradle/wrapper/dists/gradle-4.10.2-all/9fahxiiecdb76a5g3aw9oi8rv/gradle-4.10.2/lib/gradle-docs-4.10.2.jar
7fb3fc028000-7fb3fc031000 r--s 0002d000 08:06 131472                     /home/ermicho/.gradle/wrapper/dists/gradle-4.10.2-all/9fahxiiecdb76a5g3aw9oi8rv/gradle-4.10.2/lib/xml-apis-1.4.01.jar
7fb3fc031000-7fb3fc032000 r--s 00000000 08:06 131468                     /home/ermicho/.gradle/wrapper/dists/gradle-4.10.2-all/9fahxiiecdb76a5g3aw9oi8rv/gradle-4.10.2/lib/javax.inject-1.jar
7fb3fc032000-7fb3fc03c000 r--s 00078000 08:06 131471                     /home/ermicho/.gradle/wrapper/dists/gradle-4.10.2-all/9fahxiiecdb76a5g3aw9oi8rv/gradle-4.10.2/lib/commons-compress-1.14.jar
7fb3fc03c000-7fb3fc049000 r--s 00083000 08:06 131469                     /home/ermicho/.gradle/wrapper/dists/gradle-4.10.2-all/9fahxiiecdb76a5g3aw9oi8rv/gradle-4.10.2/lib/commons-collections-3.2.2.jar
7fb3fc049000-7fb3fc04a000 r--s 00007000 08:06 131451                     /home/ermicho/.gradle/wrapper/dists/gradle-4.10.2-all/9fahxiiecdb76a5g3aw9oi8rv/gradle-4.10.2/lib/asm-analysis-6.2.jar
7fb3fc04a000-7fb3fc04c000 r--s 0000b000 08:06 131452                     /home/ermicho/.gradle/wrapper/dists/gradle-4.10.2-all/9fahxiiecdb76a5g3aw9oi8rv/gradle-4.10.2/lib/asm-tree-6.2.jar
7fb3fc04c000-7fb3fc04e000 r--s 00012000 08:06 131450                     /home/ermicho/.gradle/wrapper/dists/gradle-4.10.2-all/9fahxiiecdb76a5g3aw9oi8rv/gradle-4.10.2/lib/asm-commons-6.2.jar
7fb3fc04e000-7fb3fc04f000 r--s 00004000 08:06 131475                     /home/ermicho/.gradle/wrapper/dists/gradle-4.10.2-all/9fahxiiecdb76a5g3aw9oi8rv/gradle-4.10.2/lib/native-platform-freebsd-amd64-libcpp-0.14.jar
7fb3fc04f000-7fb3fc050000 r--s 00004000 08:06 131476                     /home/ermicho/.gradle/wrapper/dists/gradle-4.10.2-all/9fahxiiecdb76a5g3aw9oi8rv/gradle-4.10.2/lib/native-platform-freebsd-amd64-libstdcpp-0.14.jar
7fb3fc050000-7fb3fc051000 r--s 00004000 08:06 131477                     /home/ermicho/.gradle/wrapper/dists/gradle-4.10.2-all/9fahxiiecdb76a5g3aw9oi8rv/gradle-4.10.2/lib/native-platform-freebsd-i386-libcpp-0.14.jar
7fb3fc051000-7fb3fc052000 r--s 00003000 08:06 131478                     /home/ermicho/.gradle/wrapper/dists/gradle-4.10.2-all/9fahxiiecdb76a5g3aw9oi8rv/gradle-4.10.2/lib/native-platform-freebsd-i386-libstdcpp-0.14.jar
7fb3fc052000-7fb3fc053000 r--s 00002000 08:06 131479                     /home/ermicho/.gradle/wrapper/dists/gradle-4.10.2-all/9fahxiiecdb76a5g3aw9oi8rv/gradle-4.10.2/lib/native-platform-linux-amd64-0.14.jar
7fb3fc053000-7fb3fc054000 r--s 00002000 08:06 131480                     /home/ermicho/.gradle/wrapper/dists/gradle-4.10.2-all/9fahxiiecdb76a5g3aw9oi8rv/gradle-4.10.2/lib/native-platform-linux-i386-0.14.jar
7fb3fc054000-7fb3fc056000 r--s 00002000 08:06 131481                     /home/ermicho/.gradle/wrapper/dists/gradle-4.10.2-all/9fahxiiecdb76a5g3aw9oi8rv/gradle-4.10.2/lib/native-platform-osx-amd64-0.14.jar
7fb3fc056000-7fb3fc057000 r--s 00003000 08:06 131482                     /home/ermicho/.gradle/wrapper/dists/gradle-4.10.2-all/9fahxiiecdb76a5g3aw9oi8rv/gradle-4.10.2/lib/native-platform-osx-i386-0.14.jar
7fb3fc057000-7fb3fc059000 r--s 0000b000 08:06 131483                     /home/ermicho/.gradle/wrapper/dists/gradle-4.10.2-all/9fahxiiecdb76a5g3aw9oi8rv/gradle-4.10.2/lib/native-platform-windows-amd64-0.14.jar
7fb3fc059000-7fb3fc05a000 r--s 0000b000 08:06 131484                     /home/ermicho/.gradle/wrapper/dists/gradle-4.10.2-all/9fahxiiecdb76a5g3aw9oi8rv/gradle-4.10.2/lib/native-platform-windows-i386-0.14.jar
7fb3fc05a000-7fb3fc05b000 r--s 00001000 08:06 131485                     /home/ermicho/.gradle/wrapper/dists/gradle-4.10.2-all/9fahxiiecdb76a5g3aw9oi8rv/gradle-4.10.2/lib/native-platform-linux-amd64-ncurses5-0.14.jar
7fb3fc05b000-7fb3fc05c000 r--s 00001000 08:06 131486                     /home/ermicho/.gradle/wrapper/dists/gradle-4.10.2-all/9fahxiiecdb76a5g3aw9oi8rv/gradle-4.10.2/lib/native-platform-linux-amd64-ncurses6-0.14.jar
7fb3fc05c000-7fb3fc05d000 r--s 00001000 08:06 131487                     /home/ermicho/.gradle/wrapper/dists/gradle-4.10.2-all/9fahxiiecdb76a5g3aw9oi8rv/gradle-4.10.2/lib/native-platform-linux-i386-ncurses5-0.14.jar
7fb3fc05d000-7fb3fc061000 r--s 00012000 08:06 131470                     /home/ermicho/.gradle/wrapper/dists/gradle-4.10.2-all/9fahxiiecdb76a5g3aw9oi8rv/gradle-4.10.2/lib/native-platform-0.14.jar
7fb3fc061000-7fb3fc064000 r--s 00023000 08:06 131473                     /home/ermicho/.gradle/wrapper/dists/gradle-4.10.2-all/9fahxiiecdb76a5g3aw9oi8rv/gradle-4.10.2/lib/jansi-1.14.jar
7fb3fc064000-7fb3fc068000 r--s 0000c000 08:06 131441                     /home/ermicho/.gradle/wrapper/dists/gradle-4.10.2-all/9fahxiiecdb76a5g3aw9oi8rv/gradle-4.10.2/lib/gradle-native-4.10.2.jar
7fb3fc068000-7fb3fc06a000 r--s 0000f000 08:06 131454                     /home/ermicho/.gradle/wrapper/dists/gradle-4.10.2-all/9fahxiiecdb76a5g3aw9oi8rv/gradle-4.10.2/lib/reflectasm-1.07-shaded.jar
7fb3fc06a000-7fb3fc06c000 r--s 00000000 08:06 131489                     /home/ermicho/.gradle/wrapper/dists/gradle-4.10.2-all/9fahxiiecdb76a5g3aw9oi8rv/gradle-4.10.2/lib/minlog-1.2.jar
7fb3fc06c000-7fb3fc070000 r--s 00026000 08:06 131453                     /home/ermicho/.gradle/wrapper/dists/gradle-4.10.2-all/9fahxiiecdb76a5g3aw9oi8rv/gradle-4.10.2/lib/kryo-2.20.jar
7fb3fc070000-7fb3fc077000 r--s 0002d000 08:06 131445                     /home/ermicho/.gradle/wrapper/dists/gradle-4.10.2-all/9fahxiiecdb76a5g3aw9oi8rv/gradle-4.10.2/lib/gradle-messaging-4.10.2.jar
7fb3fc077000-7fb3fc09f000 r--s 001cf000 08:06 131462                     /home/ermicho/.gradle/wrapper/dists/gradle-4.10.2-all/9fahxiiecdb76a5g3aw9oi8rv/gradle-4.10.2/lib/guava-jdk5-17.0.jar
7fb3fc09f000-7fb3fc0be000 r--s 001d9000 08:06 131467                     /home/ermicho/.gradle/wrapper/dists/gradle-4.10.2-all/9fahxiiecdb76a5g3aw9oi8rv/gradle-4.10.2/lib/ant-1.9.11.jar
7fb3fc0be000-7fb3fc0bf000 ---p 00000000 00:00 0 
7fb3fc0bf000-7fb3fc1bf000 rw-p 00000000 00:00 0 
7fb3fc1bf000-7fb3fc1c2000 ---p 00000000 00:00 0 
7fb3fc1c2000-7fb400000000 rw-p 00000000 00:00 0 
7fb400000000-7fb400021000 rw-p 00000000 00:00 0 
7fb400021000-7fb404000000 ---p 00000000 00:00 0 
7fb404000000-7fb404021000 rw-p 00000000 00:00 0 
7fb404021000-7fb408000000 ---p 00000000 00:00 0 
7fb408000000-7fb408021000 rw-p 00000000 00:00 0 
7fb408021000-7fb40c000000 ---p 00000000 00:00 0 
7fb40c000000-7fb40c021000 rw-p 00000000 00:00 0 
7fb40c021000-7fb410000000 ---p 00000000 00:00 0 
7fb410000000-7fb410021000 rw-p 00000000 00:00 0 
7fb410021000-7fb414000000 ---p 00000000 00:00 0 
7fb414000000-7fb414021000 rw-p 00000000 00:00 0 
7fb414021000-7fb418000000 ---p 00000000 00:00 0 
7fb418000000-7fb418021000 rw-p 00000000 00:00 0 
7fb418021000-7fb41c000000 ---p 00000000 00:00 0 
7fb41c000000-7fb41c021000 rw-p 00000000 00:00 0 
7fb41c021000-7fb420000000 ---p 00000000 00:00 0 
7fb420000000-7fb420001000 r--s 00001000 08:06 131488                     /home/ermicho/.gradle/wrapper/dists/gradle-4.10.2-all/9fahxiiecdb76a5g3aw9oi8rv/gradle-4.10.2/lib/native-platform-linux-i386-ncurses6-0.14.jar
7fb420001000-7fb420047000 r--s 00265000 08:06 131433                     /home/ermicho/.gradle/wrapper/dists/gradle-4.10.2-all/9fahxiiecdb76a5g3aw9oi8rv/gradle-4.10.2/lib/gradle-core-4.10.2.jar
7fb420047000-7fb420054000 r--s 00037000 08:06 131435                     /home/ermicho/.gradle/wrapper/dists/gradle-4.10.2-all/9fahxiiecdb76a5g3aw9oi8rv/gradle-4.10.2/lib/gradle-core-api-4.10.2.jar
7fb420054000-7fb420060000 r--s 00064000 08:06 131446                     /home/ermicho/.gradle/wrapper/dists/gradle-4.10.2-all/9fahxiiecdb76a5g3aw9oi8rv/gradle-4.10.2/lib/gradle-base-services-4.10.2.jar
7fb420060000-7fb420091000 rw-p 00000000 00:00 0 
7fb420091000-7fb420092000 ---p 00000000 00:00 0 
7fb420092000-7fb420095000 ---p 00000000 00:00 0 
7fb420095000-7fb420192000 rw-p 00000000 00:00 0 
7fb420192000-7fb420193000 ---p 00000000 00:00 0 
7fb420193000-7fb420196000 ---p 00000000 00:00 0 
7fb420196000-7fb420293000 rw-p 00000000 00:00 0 
7fb420293000-7fb420294000 ---p 00000000 00:00 0 
7fb420294000-7fb420297000 ---p 00000000 00:00 0 
7fb420297000-7fb420394000 rw-p 00000000 00:00 0 
7fb420394000-7fb420395000 ---p 00000000 00:00 0 
7fb420395000-7fb420398000 ---p 00000000 00:00 0 
7fb420398000-7fb420495000 rw-p 00000000 00:00 0 
7fb420495000-7fb420498000 ---p 00000000 00:00 0 
7fb420498000-7fb420596000 rw-p 00000000 00:00 0 
7fb420596000-7fb420599000 ---p 00000000 00:00 0 
7fb420599000-7fb420697000 rw-p 00000000 00:00 0 
7fb420697000-7fb42069a000 ---p 00000000 00:00 0 
7fb42069a000-7fb420798000 rw-p 00000000 00:00 0 
7fb420798000-7fb420799000 ---p 00000000 00:00 0 
7fb420799000-7fb42249b000 rw-p 00000000 00:00 0 
7fb42249b000-7fb422675000 r--s 03d6f000 08:06 10888034                   /usr/lib/jvm/jdk1.8.0_201/jre/lib/rt.jar
7fb422675000-7fb423249000 rw-p 00000000 00:00 0 
7fb423249000-7fb42324a000 ---p 00000000 00:00 0 
7fb42324a000-7fb42334a000 rw-p 00000000 00:00 0 
7fb42334a000-7fb42334b000 ---p 00000000 00:00 0 
7fb42334b000-7fb42344b000 rw-p 00000000 00:00 0 
7fb42344b000-7fb42344c000 ---p 00000000 00:00 0 
7fb42344c000-7fb42354c000 rw-p 00000000 00:00 0 
7fb42354c000-7fb42354d000 ---p 00000000 00:00 0 
7fb42354d000-7fb42364d000 rw-p 00000000 00:00 0 
7fb42364d000-7fb42364e000 ---p 00000000 00:00 0 
7fb42364e000-7fb42374e000 rw-p 00000000 00:00 0 
7fb42374e000-7fb42374f000 ---p 00000000 00:00 0 
7fb42374f000-7fb42384f000 rw-p 00000000 00:00 0 
7fb42384f000-7fb423850000 ---p 00000000 00:00 0 
7fb423850000-7fb42397a000 rw-p 00000000 00:00 0 
7fb42397a000-7fb423bde000 ---p 00000000 00:00 0 
7fb423bde000-7fb423c08000 rw-p 00000000 00:00 0 
7fb423c08000-7fb423e6b000 ---p 00000000 00:00 0 
7fb423e6b000-7fb423e80000 rw-p 00000000 00:00 0 
7fb423e80000-7fb423fb2000 ---p 00000000 00:00 0 
7fb423fb2000-7fb423fc0000 rw-p 00000000 00:00 0 
7fb423fc0000-7fb424373000 ---p 00000000 00:00 0 
7fb424373000-7fb4246a3000 rwxp 00000000 00:00 0 
7fb4246a3000-7fb433373000 ---p 00000000 00:00 0 
7fb433373000-7fb43338e000 r-xp 00000000 08:06 10888324                   /usr/lib/jvm/jdk1.8.0_201/jre/lib/amd64/libzip.so
7fb43338e000-7fb43358d000 ---p 0001b000 08:06 10888324                   /usr/lib/jvm/jdk1.8.0_201/jre/lib/amd64/libzip.so
7fb43358d000-7fb43358e000 r--p 0001a000 08:06 10888324                   /usr/lib/jvm/jdk1.8.0_201/jre/lib/amd64/libzip.so
7fb43358e000-7fb43358f000 rw-p 0001b000 08:06 10888324                   /usr/lib/jvm/jdk1.8.0_201/jre/lib/amd64/libzip.so
7fb43358f000-7fb43359a000 r-xp 00000000 08:06 3937066                    /lib/x86_64-linux-gnu/libnss_files-2.27.so
7fb43359a000-7fb433799000 ---p 0000b000 08:06 3937066                    /lib/x86_64-linux-gnu/libnss_files-2.27.so
7fb433799000-7fb43379a000 r--p 0000a000 08:06 3937066                    /lib/x86_64-linux-gnu/libnss_files-2.27.so
7fb43379a000-7fb43379b000 rw-p 0000b000 08:06 3937066                    /lib/x86_64-linux-gnu/libnss_files-2.27.so
7fb43379b000-7fb4337a1000 rw-p 00000000 00:00 0 
7fb4337a1000-7fb4337b8000 r-xp 00000000 08:06 3937060                    /lib/x86_64-linux-gnu/libnsl-2.27.so
7fb4337b8000-7fb4339b7000 ---p 00017000 08:06 3937060                    /lib/x86_64-linux-gnu/libnsl-2.27.so
7fb4339b7000-7fb4339b8000 r--p 00016000 08:06 3937060                    /lib/x86_64-linux-gnu/libnsl-2.27.so
7fb4339b8000-7fb4339b9000 rw-p 00017000 08:06 3937060                    /lib/x86_64-linux-gnu/libnsl-2.27.so
7fb4339b9000-7fb4339bb000 rw-p 00000000 00:00 0 
7fb4339bb000-7fb4339c6000 r-xp 00000000 08:06 3937077                    /lib/x86_64-linux-gnu/libnss_nis-2.27.so
7fb4339c6000-7fb433bc5000 ---p 0000b000 08:06 3937077                    /lib/x86_64-linux-gnu/libnss_nis-2.27.so
7fb433bc5000-7fb433bc6000 r--p 0000a000 08:06 3937077                    /lib/x86_64-linux-gnu/libnss_nis-2.27.so
7fb433bc6000-7fb433bc7000 rw-p 0000b000 08:06 3937077                    /lib/x86_64-linux-gnu/libnss_nis-2.27.so
7fb433bc7000-7fb433bcf000 r-xp 00000000 08:06 3937062                    /lib/x86_64-linux-gnu/libnss_compat-2.27.so
7fb433bcf000-7fb433dcf000 ---p 00008000 08:06 3937062                    /lib/x86_64-linux-gnu/libnss_compat-2.27.so
7fb433dcf000-7fb433dd0000 r--p 00008000 08:06 3937062                    /lib/x86_64-linux-gnu/libnss_compat-2.27.so
7fb433dd0000-7fb433dd1000 rw-p 00009000 08:06 3937062                    /lib/x86_64-linux-gnu/libnss_compat-2.27.so
7fb433dd1000-7fb433dfd000 r-xp 00000000 08:06 10888318                   /usr/lib/jvm/jdk1.8.0_201/jre/lib/amd64/libjava.so
7fb433dfd000-7fb433ffd000 ---p 0002c000 08:06 10888318                   /usr/lib/jvm/jdk1.8.0_201/jre/lib/amd64/libjava.so
7fb433ffd000-7fb433ffe000 r--p 0002c000 08:06 10888318                   /usr/lib/jvm/jdk1.8.0_201/jre/lib/amd64/libjava.so
7fb433ffe000-7fb434000000 rw-p 0002d000 08:06 10888318                   /usr/lib/jvm/jdk1.8.0_201/jre/lib/amd64/libjava.so
7fb434000000-7fb4348a5000 rw-p 00000000 00:00 0 
7fb4348a5000-7fb438000000 ---p 00000000 00:00 0 
7fb438000000-7fb438002000 r--s 00007000 08:06 131490                     /home/ermicho/.gradle/wrapper/dists/gradle-4.10.2-all/9fahxiiecdb76a5g3aw9oi8rv/gradle-4.10.2/lib/objenesis-1.2.jar
7fb438002000-7fb438004000 r--s 00006000 08:06 131439                     /home/ermicho/.gradle/wrapper/dists/gradle-4.10.2-all/9fahxiiecdb76a5g3aw9oi8rv/gradle-4.10.2/lib/gradle-process-services-4.10.2.jar
7fb438004000-7fb438006000 r--s 00000000 08:06 131434                     /home/ermicho/.gradle/wrapper/dists/gradle-4.10.2-all/9fahxiiecdb76a5g3aw9oi8rv/gradle-4.10.2/lib/gradle-jvm-services-4.10.2.jar
7fb438006000-7fb4380ec000 rw-p 00000000 00:00 0 
7fb4380ec000-7fb4380ed000 ---p 00000000 00:00 0 
7fb4380ed000-7fb4381ed000 rw-p 00000000 00:00 0 
7fb4381ed000-7fb4381fa000 r-xp 00000000 08:06 10888323                   /usr/lib/jvm/jdk1.8.0_201/jre/lib/amd64/libverify.so
7fb4381fa000-7fb4383f9000 ---p 0000d000 08:06 10888323                   /usr/lib/jvm/jdk1.8.0_201/jre/lib/amd64/libverify.so
7fb4383f9000-7fb4383fb000 r--p 0000c000 08:06 10888323                   /usr/lib/jvm/jdk1.8.0_201/jre/lib/amd64/libverify.so
7fb4383fb000-7fb4383fc000 rw-p 0000e000 08:06 10888323                   /usr/lib/jvm/jdk1.8.0_201/jre/lib/amd64/libverify.so
7fb4383fc000-7fb438403000 r-xp 00000000 08:06 3937117                    /lib/x86_64-linux-gnu/librt-2.27.so
7fb438403000-7fb438602000 ---p 00007000 08:06 3937117                    /lib/x86_64-linux-gnu/librt-2.27.so
7fb438602000-7fb438603000 r--p 00006000 08:06 3937117                    /lib/x86_64-linux-gnu/librt-2.27.so
7fb438603000-7fb438604000 rw-p 00007000 08:06 3937117                    /lib/x86_64-linux-gnu/librt-2.27.so
7fb438604000-7fb4387a1000 r-xp 00000000 08:06 3937039                    /lib/x86_64-linux-gnu/libm-2.27.so
7fb4387a1000-7fb4389a0000 ---p 0019d000 08:06 3937039                    /lib/x86_64-linux-gnu/libm-2.27.so
7fb4389a0000-7fb4389a1000 r--p 0019c000 08:06 3937039                    /lib/x86_64-linux-gnu/libm-2.27.so
7fb4389a1000-7fb4389a2000 rw-p 0019d000 08:06 3937039                    /lib/x86_64-linux-gnu/libm-2.27.so
7fb4389a2000-7fb43968a000 r-xp 00000000 08:06 10888346                   /usr/lib/jvm/jdk1.8.0_201/jre/lib/amd64/server/libjvm.so
7fb43968a000-7fb439889000 ---p 00ce8000 08:06 10888346                   /usr/lib/jvm/jdk1.8.0_201/jre/lib/amd64/server/libjvm.so
7fb439889000-7fb43991f000 r--p 00ce7000 08:06 10888346                   /usr/lib/jvm/jdk1.8.0_201/jre/lib/amd64/server/libjvm.so
7fb43991f000-7fb439950000 rw-p 00d7d000 08:06 10888346                   /usr/lib/jvm/jdk1.8.0_201/jre/lib/amd64/server/libjvm.so
7fb439950000-7fb43998b000 rw-p 00000000 00:00 0 
7fb43998b000-7fb439b72000 r-xp 00000000 08:06 3936976                    /lib/x86_64-linux-gnu/libc-2.27.so
7fb439b72000-7fb439d72000 ---p 001e7000 08:06 3936976                    /lib/x86_64-linux-gnu/libc-2.27.so
7fb439d72000-7fb439d76000 r--p 001e7000 08:06 3936976                    /lib/x86_64-linux-gnu/libc-2.27.so
7fb439d76000-7fb439d78000 rw-p 001eb000 08:06 3936976                    /lib/x86_64-linux-gnu/libc-2.27.so
7fb439d78000-7fb439d7c000 rw-p 00000000 00:00 0 
7fb439d7c000-7fb439d7f000 r-xp 00000000 08:06 3936999                    /lib/x86_64-linux-gnu/libdl-2.27.so
7fb439d7f000-7fb439f7e000 ---p 00003000 08:06 3936999                    /lib/x86_64-linux-gnu/libdl-2.27.so
7fb439f7e000-7fb439f7f000 r--p 00002000 08:06 3936999                    /lib/x86_64-linux-gnu/libdl-2.27.so
7fb439f7f000-7fb439f80000 rw-p 00003000 08:06 3936999                    /lib/x86_64-linux-gnu/libdl-2.27.so
7fb439f80000-7fb439f97000 r-xp 00000000 08:06 9054391                    /usr/lib/jvm/jdk1.8.0_201/lib/amd64/jli/libjli.so
7fb439f97000-7fb43a196000 ---p 00017000 08:06 9054391                    /usr/lib/jvm/jdk1.8.0_201/lib/amd64/jli/libjli.so
7fb43a196000-7fb43a197000 r--p 00016000 08:06 9054391                    /usr/lib/jvm/jdk1.8.0_201/lib/amd64/jli/libjli.so
7fb43a197000-7fb43a198000 rw-p 00017000 08:06 9054391                    /usr/lib/jvm/jdk1.8.0_201/lib/amd64/jli/libjli.so
7fb43a198000-7fb43a1b2000 r-xp 00000000 08:06 3937109                    /lib/x86_64-linux-gnu/libpthread-2.27.so
7fb43a1b2000-7fb43a3b1000 ---p 0001a000 08:06 3937109                    /lib/x86_64-linux-gnu/libpthread-2.27.so
7fb43a3b1000-7fb43a3b2000 r--p 00019000 08:06 3937109                    /lib/x86_64-linux-gnu/libpthread-2.27.so
7fb43a3b2000-7fb43a3b3000 rw-p 0001a000 08:06 3937109                    /lib/x86_64-linux-gnu/libpthread-2.27.so
7fb43a3b3000-7fb43a3b7000 rw-p 00000000 00:00 0 
7fb43a3b7000-7fb43a3de000 r-xp 00000000 08:06 3936948                    /lib/x86_64-linux-gnu/ld-2.27.so
7fb43a3de000-7fb43a3e0000 r--s 00006000 08:06 131463                     /home/ermicho/.gradle/wrapper/dists/gradle-4.10.2-all/9fahxiiecdb76a5g3aw9oi8rv/gradle-4.10.2/lib/jsr305-2.0.1.jar
7fb43a3e0000-7fb43a3e3000 r--s 0001a000 08:06 131464                     /home/ermicho/.gradle/wrapper/dists/gradle-4.10.2-all/9fahxiiecdb76a5g3aw9oi8rv/gradle-4.10.2/lib/fastutil-7.2.1-min.jar
7fb43a3e3000-7fb43a3e7000 r--s 0002a000 08:06 131456                     /home/ermicho/.gradle/wrapper/dists/gradle-4.10.2-all/9fahxiiecdb76a5g3aw9oi8rv/gradle-4.10.2/lib/commons-io-2.4.jar
7fb43a3e7000-7fb43a3f4000 r--s 00068000 08:06 131428                     /home/ermicho/.gradle/wrapper/dists/gradle-4.10.2-all/9fahxiiecdb76a5g3aw9oi8rv/gradle-4.10.2/lib/gradle-launcher-4.10.2.jar
7fb43a3f4000-7fb43a4bf000 rw-p 00000000 00:00 0 
7fb43a4bf000-7fb43a4c0000 ---p 00000000 00:00 0 
7fb43a4c0000-7fb43a4c3000 ---p 00000000 00:00 0 
7fb43a4c3000-7fb43a5c4000 rw-p 00000000 00:00 0 
7fb43a5c4000-7fb43a5c5000 r--s 00000000 08:06 131465                     /home/ermicho/.gradle/wrapper/dists/gradle-4.10.2-all/9fahxiiecdb76a5g3aw9oi8rv/gradle-4.10.2/lib/jcip-annotations-1.0.jar
7fb43a5c5000-7fb43a5c7000 r--s 0001a000 08:06 131455                     /home/ermicho/.gradle/wrapper/dists/gradle-4.10.2-all/9fahxiiecdb76a5g3aw9oi8rv/gradle-4.10.2/lib/asm-6.2.jar
7fb43a5c7000-7fb43a5c8000 r--s 00009000 08:06 131461                     /home/ermicho/.gradle/wrapper/dists/gradle-4.10.2-all/9fahxiiecdb76a5g3aw9oi8rv/gradle-4.10.2/lib/slf4j-api-1.7.16.jar
7fb43a5c8000-7fb43a5cd000 r--s 00041000 08:06 131457                     /home/ermicho/.gradle/wrapper/dists/gradle-4.10.2-all/9fahxiiecdb76a5g3aw9oi8rv/gradle-4.10.2/lib/commons-lang-2.6.jar
7fb43a5cd000-7fb43a5ce000 r--s 00004000 08:06 131474                     /home/ermicho/.gradle/wrapper/dists/gradle-4.10.2-all/9fahxiiecdb76a5g3aw9oi8rv/gradle-4.10.2/lib/ant-launcher-1.9.11.jar
7fb43a5ce000-7fb43a5d2000 r--s 000a1000 08:06 10888039                   /usr/lib/jvm/jdk1.8.0_201/jre/lib/jsse.jar
7fb43a5d2000-7fb43a5d4000 r--s 0000c000 08:06 4234248                    /home/ermicho/projects/react-native/sidebar/android/gradle/wrapper/gradle-wrapper.jar
7fb43a5d4000-7fb43a5dc000 rw-s 00000000 08:06 13139581                   /tmp/hsperfdata_ermicho/17613
7fb43a5dc000-7fb43a5dd000 rw-p 00000000 00:00 0 
7fb43a5dd000-7fb43a5de000 r--p 00000000 00:00 0 
7fb43a5de000-7fb43a5df000 r--p 00027000 08:06 3936948                    /lib/x86_64-linux-gnu/ld-2.27.so
7fb43a5df000-7fb43a5e0000 rw-p 00028000 08:06 3936948                    /lib/x86_64-linux-gnu/ld-2.27.so
7fb43a5e0000-7fb43a5e1000 rw-p 00000000 00:00 0 
7ffd305ed000-7ffd30610000 rw-p 00000000 00:00 0                          [stack]
7ffd3072d000-7ffd30730000 r--p 00000000 00:00 0                          [vvar]
7ffd30730000-7ffd30732000 r-xp 00000000 00:00 0                          [vdso]
ffffffffff600000-ffffffffff601000 r-xp 00000000 00:00 0                  [vsyscall]

VM Arguments:
jvm_args: -Dorg.gradle.appname=gradlew 
java_command: org.gradle.wrapper.GradleWrapperMain app:installDebug
java_class_path (initial): /home/ermicho/projects/react-native/sidebar/android/gradle/wrapper/gradle-wrapper.jar
Launcher Type: SUN_STANDARD

Environment Variables:
JAVA_HOME=/usr/lib/jvm/jdk1.8.0_201
PATH=/home/ermicho/projects/react-native/sidebar/node_modules/.bin:/usr/local/lib/node_modules/npm/node_modules/npm-lifecycle/node-gyp-bin:/home/ermicho/projects/react-native/sidebar/node_modules/.bin:/usr/local/sbin:/usr/local/bin:/usr/sbin:/usr/bin:/sbin:/bin:/usr/games:/usr/local/games:/snap/bin:/home/ermicho/Android/Sdk/tools:/home/ermicho/Android/Sdk/tools/bin:/home/ermicho/Android/Sdk/platform-tools:/home/ermicho/Android/Sdk/emulator:/home/ermicho/Android/Sdk/tools/bin:/home/ermicho/Android/Sdk/platform-tools
USERNAME=ermicho
SHELL=/bin/bash
DISPLAY=:0

Signal Handlers:
SIGSEGV: [libjvm.so+0xad3e60], sa_mask[0]=11111111011111111101111111111110, sa_flags=SA_RESTART|SA_SIGINFO
SIGBUS: [libjvm.so+0xad3e60], sa_mask[0]=11111111011111111101111111111110, sa_flags=SA_RESTART|SA_SIGINFO
SIGFPE: [libjvm.so+0x90b880], sa_mask[0]=11111111011111111101111111111110, sa_flags=SA_RESTART|SA_SIGINFO
SIGPIPE: [libjvm.so+0x90b880], sa_mask[0]=11111111011111111101111111111110, sa_flags=SA_RESTART|SA_SIGINFO
SIGXFSZ: [libjvm.so+0x90b880], sa_mask[0]=11111111011111111101111111111110, sa_flags=SA_RESTART|SA_SIGINFO
SIGILL: [libjvm.so+0x90b880], sa_mask[0]=11111111011111111101111111111110, sa_flags=SA_RESTART|SA_SIGINFO
SIGUSR1: SIG_DFL, sa_mask[0]=00000000000000000000000000000000, sa_flags=none
SIGUSR2: [libjvm.so+0x90b750], sa_mask[0]=00000000000000000000000000000000, sa_flags=SA_RESTART|SA_SIGINFO
SIGHUP: [libjvm.so+0x90bd70], sa_mask[0]=11111111011111111101111111111110, sa_flags=SA_RESTART|SA_SIGINFO
SIGINT: [libjvm.so+0x90bd70], sa_mask[0]=11111111011111111101111111111110, sa_flags=SA_RESTART|SA_SIGINFO
SIGTERM: [libjvm.so+0x90bd70], sa_mask[0]=11111111011111111101111111111110, sa_flags=SA_RESTART|SA_SIGINFO
SIGQUIT: [libjvm.so+0x90bd70], sa_mask[0]=11111111011111111101111111111110, sa_flags=SA_RESTART|SA_SIGINFO


---------------  S Y S T E M  ---------------

OS:DISTRIB_ID=Ubuntu
DISTRIB_RELEASE=18.04
DISTRIB_CODENAME=bionic
DISTRIB_DESCRIPTION="Ubuntu 18.04.2 LTS"

uname:Linux 4.15.0-46-generic #49-Ubuntu SMP Wed Feb 6 09:33:07 UTC 2019 x86_64
libc:glibc 2.27 NPTL 2.27 
rlimit: STACK 8192k, CORE 0k, NPROC 30710, NOFILE 4096, AS infinity
load average:1.39 1.73 1.96

/proc/meminfo:
MemTotal:        8021540 kB
MemFree:          142016 kB
MemAvailable:    1299488 kB
Buffers:           29364 kB
Cached:          1791484 kB
SwapCached:            8 kB
Active:          5645624 kB
Inactive:        1716372 kB
Active(anon):    5139396 kB
Inactive(anon):   925420 kB
Active(file):     506228 kB
Inactive(file):   790952 kB
Unevictable:         344 kB
Mlocked:             344 kB
SwapTotal:       2097148 kB
SwapFree:        2095868 kB
Dirty:             69480 kB
Writeback:             0 kB
AnonPages:       5542908 kB
Mapped:          1087572 kB
Shmem:            565888 kB
Slab:             258080 kB
SReclaimable:     167304 kB
SUnreclaim:        90776 kB
KernelStack:       28528 kB
PageTables:       108552 kB
NFS_Unstable:          0 kB
Bounce:                0 kB
WritebackTmp:          0 kB
CommitLimit:     6107916 kB
Committed_AS:   19742068 kB
VmallocTotal:   34359738367 kB
VmallocUsed:           0 kB
VmallocChunk:          0 kB
HardwareCorrupted:     0 kB
AnonHugePages:         0 kB
ShmemHugePages:        0 kB
ShmemPmdMapped:        0 kB
CmaTotal:              0 kB
CmaFree:               0 kB
HugePages_Total:       0
HugePages_Free:        0
HugePages_Rsvd:        0
HugePages_Surp:        0
Hugepagesize:       2048 kB
DirectMap4k:      331204 kB
DirectMap2M:     7911424 kB
DirectMap1G:     1048576 kB

container (cgroup) information:
container_type: cgroupv1
cpu_cpuset_cpus: 0-7
cpu_memory_nodes: 0
active_processor_count: 8
cpu_quota: -1
cpu_period: 100000
cpu_shares: -1
memory_limit_in_bytes: -1
memory_and_swap_limit_in_bytes: -2
memory_soft_limit_in_bytes: -1
memory_usage_in_bytes: 7541329920
memory_max_usage_in_bytes: 9723904


CPU:total 8 (initial active 8) (4 cores per cpu, 2 threads per core) family 6 model 142 stepping 10, cmov, cx8, fxsr, mmx, sse, sse2, sse3, ssse3, sse4.1, sse4.2, popcnt, avx, avx2, aes, clmul, erms, 3dnowpref, lzcnt, ht, tsc, tscinvbit, bmi1, bmi2, adx

/proc/cpuinfo:
processor	: 0
vendor_id	: GenuineIntel
cpu family	: 6
model		: 142
model name	: Intel(R) Core(TM) i7-8550U CPU @ 1.80GHz
stepping	: 10
microcode	: 0x96
cpu MHz		: 3150.506
cache size	: 8192 KB
physical id	: 0
siblings	: 8
core id		: 0
cpu cores	: 4
apicid		: 0
initial apicid	: 0
fpu		: yes
fpu_exception	: yes
cpuid level	: 22
wp		: yes
flags		: fpu vme de pse tsc msr pae mce cx8 apic sep mtrr pge mca cmov pat pse36 clflush dts acpi mmx fxsr sse sse2 ss ht tm pbe syscall nx pdpe1gb rdtscp lm constant_tsc art arch_perfmon pebs bts rep_good nopl xtopology nonstop_tsc cpuid aperfmperf tsc_known_freq pni pclmulqdq dtes64 monitor ds_cpl vmx est tm2 ssse3 sdbg fma cx16 xtpr pdcm pcid sse4_1 sse4_2 x2apic movbe popcnt tsc_deadline_timer aes xsave avx f16c rdrand lahf_lm abm 3dnowprefetch cpuid_fault epb invpcid_single pti ssbd ibrs ibpb stibp tpr_shadow vnmi flexpriority ept vpid fsgsbase tsc_adjust bmi1 avx2 smep bmi2 erms invpcid mpx rdseed adx smap clflushopt intel_pt xsaveopt xsavec xgetbv1 xsaves dtherm ida arat pln pts hwp hwp_notify hwp_act_window hwp_epp flush_l1d
bugs		: cpu_meltdown spectre_v1 spectre_v2 spec_store_bypass l1tf
bogomips	: 3984.00
clflush size	: 64
cache_alignment	: 64
address sizes	: 39 bits physical, 48 bits virtual
power management:

processor	: 1
vendor_id	: GenuineIntel
cpu family	: 6
model		: 142
model name	: Intel(R) Core(TM) i7-8550U CPU @ 1.80GHz
stepping	: 10
microcode	: 0x96
cpu MHz		: 3142.902
cache size	: 8192 KB
physical id	: 0
siblings	: 8
core id		: 1
cpu cores	: 4
apicid		: 2
initial apicid	: 2
fpu		: yes
fpu_exception	: yes
cpuid level	: 22
wp		: yes
flags		: fpu vme de pse tsc msr pae mce cx8 apic sep mtrr pge mca cmov pat pse36 clflush dts acpi mmx fxsr sse sse2 ss ht tm pbe syscall nx pdpe1gb rdtscp lm constant_tsc art arch_perfmon pebs bts rep_good nopl xtopology nonstop_tsc cpuid aperfmperf tsc_known_freq pni pclmulqdq dtes64 monitor ds_cpl vmx est tm2 ssse3 sdbg fma cx16 xtpr pdcm pcid sse4_1 sse4_2 x2apic movbe popcnt tsc_deadline_timer aes xsave avx f16c rdrand lahf_lm abm 3dnowprefetch cpuid_fault epb invpcid_single pti ssbd ibrs ibpb stibp tpr_shadow vnmi flexpriority ept vpid fsgsbase tsc_adjust bmi1 avx2 smep bmi2 erms invpcid mpx rdseed adx smap clflushopt intel_pt xsaveopt xsavec xgetbv1 xsaves dtherm ida arat pln pts hwp hwp_notify hwp_act_window hwp_epp flush_l1d
bugs		: cpu_meltdown spectre_v1 spectre_v2 spec_store_bypass l1tf
bogomips	: 3984.00
clflush size	: 64
cache_alignment	: 64
address sizes	: 39 bits physical, 48 bits virtual
power management:

processor	: 2
vendor_id	: GenuineIntel
cpu family	: 6
model		: 142
model name	: Intel(R) Core(TM) i7-8550U CPU @ 1.80GHz
stepping	: 10
microcode	: 0x96
cpu MHz		: 3167.741
cache size	: 8192 KB
physical id	: 0
siblings	: 8
core id		: 2
cpu cores	: 4
apicid		: 4
initial apicid	: 4
fpu		: yes
fpu_exception	: yes
cpuid level	: 22
wp		: yes
flags		: fpu vme de pse tsc msr pae mce cx8 apic sep mtrr pge mca cmov pat pse36 clflush dts acpi mmx fxsr sse sse2 ss ht tm pbe syscall nx pdpe1gb rdtscp lm constant_tsc art arch_perfmon pebs bts rep_good nopl xtopology nonstop_tsc cpuid aperfmperf tsc_known_freq pni pclmulqdq dtes64 monitor ds_cpl vmx est tm2 ssse3 sdbg fma cx16 xtpr pdcm pcid sse4_1 sse4_2 x2apic movbe popcnt tsc_deadline_timer aes xsave avx f16c rdrand lahf_lm abm 3dnowprefetch cpuid_fault epb invpcid_single pti ssbd ibrs ibpb stibp tpr_shadow vnmi flexpriority ept vpid fsgsbase tsc_adjust bmi1 avx2 smep bmi2 erms invpcid mpx rdseed adx smap clflushopt intel_pt xsaveopt xsavec xgetbv1 xsaves dtherm ida arat pln pts hwp hwp_notify hwp_act_window hwp_epp flush_l1d
bugs		: cpu_meltdown spectre_v1 spectre_v2 spec_store_bypass l1tf
bogomips	: 3984.00
clflush size	: 64
cache_alignment	: 64
address sizes	: 39 bits physical, 48 bits virtual
power management:

processor	: 3
vendor_id	: GenuineIntel
cpu family	: 6
model		: 142
model name	: Intel(R) Core(TM) i7-8550U CPU @ 1.80GHz
stepping	: 10
microcode	: 0x96
cpu MHz		: 3127.101
cache size	: 8192 KB
physical id	: 0
siblings	: 8
core id		: 3
cpu cores	: 4
apicid		: 6
initial apicid	: 6
fpu		: yes
fpu_exception	: yes
cpuid level	: 22
wp		: yes
flags		: fpu vme de pse tsc msr pae mce cx8 apic sep mtrr pge mca cmov pat pse36 clflush dts acpi mmx fxsr sse sse2 ss ht tm pbe syscall nx pdpe1gb rdtscp lm constant_tsc art arch_perfmon pebs bts rep_good nopl xtopology nonstop_tsc cpuid aperfmperf tsc_known_freq pni pclmulqdq dtes64 monitor ds_cpl vmx est tm2 ssse3 sdbg fma cx16 xtpr pdcm pcid sse4_1 sse4_2 x2apic movbe popcnt tsc_deadline_timer aes xsave avx f16c rdrand lahf_lm abm 3dnowprefetch cpuid_fault epb invpcid_single pti ssbd ibrs ibpb stibp tpr_shadow vnmi flexpriority ept vpid fsgsbase tsc_adjust bmi1 avx2 smep bmi2 erms invpcid mpx rdseed adx smap clflushopt intel_pt xsaveopt xsavec xgetbv1 xsaves dtherm ida arat pln pts hwp hwp_notify hwp_act_window hwp_epp flush_l1d
bugs		: cpu_meltdown spectre_v1 spectre_v2 spec_store_bypass l1tf
bogomips	: 3984.00
clflush size	: 64
cache_alignment	: 64
address sizes	: 39 bits physical, 48 bits virtual
power management:

processor	: 4
vendor_id	: GenuineIntel
cpu family	: 6
model		: 142
model name	: Intel(R) Core(TM) i7-8550U CPU @ 1.80GHz
stepping	: 10
microcode	: 0x96
cpu MHz		: 3175.184
cache size	: 8192 KB
physical id	: 0
siblings	: 8
core id		: 0
cpu cores	: 4
apicid		: 1
initial apicid	: 1
fpu		: yes
fpu_exception	: yes
cpuid level	: 22
wp		: yes
flags		: fpu vme de pse tsc msr pae mce cx8 apic sep mtrr pge mca cmov pat pse36 clflush dts acpi mmx fxsr sse sse2 ss ht tm pbe syscall nx pdpe1gb rdtscp lm constant_tsc art arch_perfmon pebs bts rep_good nopl xtopology nonstop_tsc cpuid aperfmperf tsc_known_freq pni pclmulqdq dtes64 monitor ds_cpl vmx est tm2 ssse3 sdbg fma cx16 xtpr pdcm pcid sse4_1 sse4_2 x2apic movbe popcnt tsc_deadline_timer aes xsave avx f16c rdrand lahf_lm abm 3dnowprefetch cpuid_fault epb invpcid_single pti ssbd ibrs ibpb stibp tpr_shadow vnmi flexpriority ept vpid fsgsbase tsc_adjust bmi1 avx2 smep bmi2 erms invpcid mpx rdseed adx smap clflushopt intel_pt xsaveopt xsavec xgetbv1 xsaves dtherm ida arat pln pts hwp hwp_notify hwp_act_window hwp_epp flush_l1d
bugs		: cpu_meltdown spectre_v1 spectre_v2 spec_store_bypass l1tf
bogomips	: 3984.00
clflush size	: 64
cache_alignment	: 64
address sizes	: 39 bits physical, 48 bits virtual
power management:

processor	: 5
vendor_id	: GenuineIntel
cpu family	: 6
model		: 142
model name	: Intel(R) Core(TM) i7-8550U CPU @ 1.80GHz
stepping	: 10
microcode	: 0x96
cpu MHz		: 3134.612
cache size	: 8192 KB
physical id	: 0
siblings	: 8
core id		: 1
cpu cores	: 4
apicid		: 3
initial apicid	: 3
fpu		: yes
fpu_exception	: yes
cpuid level	: 22
wp		: yes
flags		: fpu vme de pse tsc msr pae mce cx8 apic sep mtrr pge mca cmov pat pse36 clflush dts acpi mmx fxsr sse sse2 ss ht tm pbe syscall nx pdpe1gb rdtscp lm constant_tsc art arch_perfmon pebs bts rep_good nopl xtopology nonstop_tsc cpuid aperfmperf tsc_known_freq pni pclmulqdq dtes64 monitor ds_cpl vmx est tm2 ssse3 sdbg fma cx16 xtpr pdcm pcid sse4_1 sse4_2 x2apic movbe popcnt tsc_deadline_timer aes xsave avx f16c rdrand lahf_lm abm 3dnowprefetch cpuid_fault epb invpcid_single pti ssbd ibrs ibpb stibp tpr_shadow vnmi flexpriority ept vpid fsgsbase tsc_adjust bmi1 avx2 smep bmi2 erms invpcid mpx rdseed adx smap clflushopt intel_pt xsaveopt xsavec xgetbv1 xsaves dtherm ida arat pln pts hwp hwp_notify hwp_act_window hwp_epp flush_l1d
bugs		: cpu_meltdown spectre_v1 spectre_v2 spec_store_bypass l1tf
bogomips	: 3984.00
clflush size	: 64
cache_alignment	: 64
address sizes	: 39 bits physical, 48 bits virtual
power management:

processor	: 6
vendor_id	: GenuineIntel
cpu family	: 6
model		: 142
model name	: Intel(R) Core(TM) i7-8550U CPU @ 1.80GHz
stepping	: 10
microcode	: 0x96
cpu MHz		: 3165.876
cache size	: 8192 KB
physical id	: 0
siblings	: 8
core id		: 2
cpu cores	: 4
apicid		: 5
initial apicid	: 5
fpu		: yes
fpu_exception	: yes
cpuid level	: 22
wp		: yes
flags		: fpu vme de pse tsc msr pae mce cx8 apic sep mtrr pge mca cmov pat pse36 clflush dts acpi mmx fxsr sse sse2 ss ht tm pbe syscall nx pdpe1gb rdtscp lm constant_tsc art arch_perfmon pebs bts rep_good nopl xtopology nonstop_tsc cpuid aperfmperf tsc_known_freq pni pclmulqdq dtes64 monitor ds_cpl vmx est tm2 ssse3 sdbg fma cx16 xtpr pdcm pcid sse4_1 sse4_2 x2apic movbe popcnt tsc_deadline_timer aes xsave avx f16c rdrand lahf_lm abm 3dnowprefetch cpuid_fault epb invpcid_single pti ssbd ibrs ibpb stibp tpr_shadow vnmi flexpriority ept vpid fsgsbase tsc_adjust bmi1 avx2 smep bmi2 erms invpcid mpx rdseed adx smap clflushopt intel_pt xsaveopt xsavec xgetbv1 xsaves dtherm ida arat pln pts hwp hwp_notify hwp_act_window hwp_epp flush_l1d
bugs		: cpu_meltdown spectre_v1 spectre_v2 spec_store_bypass l1tf
bogomips	: 3984.00
clflush size	: 64
cache_alignment	: 64
address sizes	: 39 bits physical, 48 bits virtual
power management:

processor	: 7
vendor_id	: GenuineIntel
cpu family	: 6
model		: 142
model name	: Intel(R) Core(TM) i7-8550U CPU @ 1.80GHz
stepping	: 10
microcode	: 0x96
cpu MHz		: 3181.099
cache size	: 8192 KB
physical id	: 0
siblings	: 8
core id		: 3
cpu cores	: 4
apicid		: 7
initial apicid	: 7
fpu		: yes
fpu_exception	: yes
cpuid level	: 22
wp		: yes
flags		: fpu vme de pse tsc msr pae mce cx8 apic sep mtrr pge mca cmov pat pse36 clflush dts acpi mmx fxsr sse sse2 ss ht tm pbe syscall nx pdpe1gb rdtscp lm constant_tsc art arch_perfmon pebs bts rep_good nopl xtopology nonstop_tsc cpuid aperfmperf tsc_known_freq pni pclmulqdq dtes64 monitor ds_cpl vmx est tm2 ssse3 sdbg fma cx16 xtpr pdcm pcid sse4_1 sse4_2 x2apic movbe popcnt tsc_deadline_timer aes xsave avx f16c rdrand lahf_lm abm 3dnowprefetch cpuid_fault epb invpcid_single pti ssbd ibrs ibpb stibp tpr_shadow vnmi flexpriority ept vpid fsgsbase tsc_adjust bmi1 avx2 smep bmi2 erms invpcid mpx rdseed adx smap clflushopt intel_pt xsaveopt xsavec xgetbv1 xsaves dtherm ida arat pln pts hwp hwp_notify hwp_act_window hwp_epp flush_l1d
bugs		: cpu_meltdown spectre_v1 spectre_v2 spec_store_bypass l1tf
bogomips	: 3984.00
clflush size	: 64
cache_alignment	: 64
address sizes	: 39 bits physical, 48 bits virtual
power management:



Memory: 4k page, physical 8021540k(140048k free), swap 2097148k(2095868k free)

vm_info: Java HotSpot(TM) 64-Bit Server VM (25.201-b09) for linux-amd64 JRE (1.8.0_201-b09), built on Dec 15 2018 11:35:59 by "java_re" with gcc 7.3.0

time: Sat Mar 16 12:34:37 2019
timezone: IST
elapsed time: 3 seconds (0d 0h 0m 3s)

