#
# A fatal error has been detected by the Java Runtime Environment:
#
#  SIGSEGV (0xb) at pc=0x00007f0c0f2c5783, pid=19928, tid=0x00007f0c105d8b80
#
# JRE version: Java(TM) SE Runtime Environment (8.0_201-b09) (build 1.8.0_201-b09)
# Java VM: Java HotSpot(TM) 64-Bit Server VM (25.201-b09 mixed mode linux-amd64 compressed oops)
# Problematic frame:
# V  [libjvm.so+0x90b783]  SR_handler(int, siginfo*, ucontext*)+0x33
#
# Failed to write core dump. Core dumps have been disabled. To enable core dumping, try "ulimit -c unlimited" before starting Java again
#
# If you would like to submit a bug report, please visit:
#   http://bugreport.java.com/bugreport/crash.jsp
#

---------------  T H R E A D  ---------------

Current thread is native thread

siginfo: si_signo: 11 (SIGSEGV), si_code: 1 (SEGV_MAPERR), si_addr: 0x0000000000000128

Registers:
RAX=0x0000000000000000, RBX=0x00007f0c105d7700, RCX=0x00007f0c101b8d2d, RDX=0x00007f0c105d8ea0
RSP=0x00007ffee452d700, RBP=0x00007ffee452d7b0, RSI=0x00007ffee452d8f0, RDI=0x0000000000000001
R8 =0x00000000000000ca, R9 =0x00007f0c105d79d0, R10=0x0000000000000000, R11=0x0000000000000246
R12=0x00007f0c105d8b00, R13=0x0000000000000002, R14=0x00007ffee452d8f0, R15=0x00007ffee452d7c0
RIP=0x00007f0c0f2c5783, EFLAGS=0x0000000000010246, CSGSFS=0x002b000000000033, ERR=0x0000000000000004
  TRAPNO=0x000000000000000e

Top of Stack: (sp=0x00007ffee452d700)
0x00007ffee452d700:   00007f0c0f9ba75a 0000000000000000
0x00007ffee452d710:   00007f0c0f9b49d0 0000ffff00001fa0
0x00007ffee452d720:   0000000000000000 00007f0c0fb0a2df
0x00007ffee452d730:   383239393152dc60 67088830b87ecb00
0x00007ffee452d740:   00007ffee452d780 00007ffee452d780
0x00007ffee452d750:   000000000000003f 00007f0c0f514ca7
0x00007ffee452d760:   00007ffee452d918 00000000023415c0
0x00007ffee452d770:   00007ffee452d9f0 00007f0c0fa2b910
0x00007ffee452d780:   00000000fbad8001 00007f0c105d7700
0x00007ffee452d790:   0000000000000000 00007ffee452de90
0x00007ffee452d7a0:   0000000000000000 0000000000000001
0x00007ffee452d7b0:   00007ffee452def8 00007f0c101c2890
0x00007ffee452d7c0:   0000000000000007 0000000000000000
0x00007ffee452d7d0:   0000000000000000 00007f0c00000002
0x00007ffee452d7e0:   0000000000000000 00000000000000ca
0x00007ffee452d7f0:   00007f0c105d79d0 0000000000000000
0x00007ffee452d800:   0000000000000246 0000000000000000
0x00007ffee452d810:   00007ffee452de90 0000000000000000
0x00007ffee452d820:   0000000000000001 00007f0c105d79d0
0x00007ffee452d830:   0000000000000000 00007ffee452def8
0x00007ffee452d840:   00007f0c105d7700 0000000000004de3
0x00007ffee452d850:   00000000000000ca 00007f0c101b8d2d
0x00007ffee452d860:   00007ffee452de80 00007f0c101b8d2b
0x00007ffee452d870:   0000000000000246 002b000000000033
0x00007ffee452d880:   0000000000000000 0000000000000000
0x00007ffee452d890:   0000000000000000 0000000000000000
0x00007ffee452d8a0:   00007ffee452d980 00007ffee452d9e8
0x00007ffee452d8b0:   00007f0c105db748 00007f0c105da000
0x00007ffee452d8c0:   0000000000000000 00007f0c103da1ef
0x00007ffee452d8d0:   0000000000000004 00007f0c103e0754
0x00007ffee452d8e0:   0000000000000001 0000000000000000
0x00007ffee452d8f0:   000000000000000c 00007f0c00000000 

Instructions: (pc=0x00007f0c0f2c5783)
0x00007f0c0f2c5763:   48 81 ec 88 00 00 00 e8 81 1d 8f ff 44 8b 28 49
0x00007f0c0f2c5773:   89 c4 48 8d 05 2c 61 68 00 8b 38 e8 15 2c 8f ff
0x00007f0c0f2c5783:   48 8b 98 28 01 00 00 8b 83 a8 00 00 00 83 f8 01
0x00007f0c0f2c5793:   74 1b 45 89 2c 24 48 81 c4 88 00 00 00 5b 41 5c 

Register to memory mapping:

RAX=0x0000000000000000 is an unknown value
RBX=0x00007f0c105d7700 is pointing into the stack for thread: 0x00007f0c0800b000
RCX=0x00007f0c101b8d2d: <offset 0x8d2d> in /lib/x86_64-linux-gnu/libpthread.so.0 at 0x00007f0c101b0000
RDX=0x00007f0c105d8ea0 is an unknown value
RSP=0x00007ffee452d700 is an unknown value
RBP=0x00007ffee452d7b0 is an unknown value
RSI=0x00007ffee452d8f0 is an unknown value
RDI=0x0000000000000001 is an unknown value
R8 =0x00000000000000ca is an unknown value
R9 =0x00007f0c105d79d0 is pointing into the stack for thread: 0x00007f0c0800b000
R10=0x0000000000000000 is an unknown value
R11=0x0000000000000246 is an unknown value
R12=0x00007f0c105d8b00 is an unknown value
R13=0x0000000000000002 is an unknown value
R14=0x00007ffee452d8f0 is an unknown value
R15=0x00007ffee452d7c0 is an unknown value


Stack: [0x00007ffee4436000,0x00007ffee4536000],  sp=0x00007ffee452d700,  free space=989k
Native frames: (J=compiled Java code, j=interpreted, Vv=VM code, C=native code)
V  [libjvm.so+0x90b783]  SR_handler(int, siginfo*, ucontext*)+0x33
C  [libpthread.so.0+0x12890]


---------------  P R O C E S S  ---------------

VM state:not at safepoint (normal execution)

VM Mutex/Monitor currently owned by a thread: None

heap address: 0x0000000085800000, size: 1960 MB, Compressed Oops mode: 32-bit
Narrow klass base: 0x0000000000000000, Narrow klass shift: 3
Compressed class space size: 1073741824 Address: 0x0000000100000000

Heap:
 PSYoungGen      total 36864K, used 12085K [0x00000000d7300000, 0x00000000d9c00000, 0x0000000100000000)
  eden space 31744K, 21% used [0x00000000d7300000,0x00000000d79cf068,0x00000000d9200000)
  from space 5120K, 99% used [0x00000000d9200000,0x00000000d96fe5d8,0x00000000d9700000)
  to   space 5120K, 0% used [0x00000000d9700000,0x00000000d9700000,0x00000000d9c00000)
 ParOldGen       total 84992K, used 36K [0x0000000085800000, 0x000000008ab00000, 0x00000000d7300000)
  object space 84992K, 0% used [0x0000000085800000,0x00000000858090d8,0x000000008ab00000)
 Metaspace       used 10456K, capacity 10706K, committed 11008K, reserved 1058816K
  class space    used 1415K, capacity 1531K, committed 1536K, reserved 1048576K

Card table byte_map: [0x00007f0c0cde3000,0x00007f0c0d1b8000] byte_map_base: 0x00007f0c0c9b7000

Marking Bits: (ParMarkBitMap*) 0x00007f0c0f985d80
 Begin Bits: [0x00007f0bd82c0000, 0x00007f0bda160000)
 End Bits:   [0x00007f0bda160000, 0x00007f0bdc000000)

Polling page: 0x00007f0c105f5000

CodeCache: size=245760Kb used=3085Kb max_used=3085Kb free=242674Kb
 bounds [0x00007f0bf9000000, 0x00007f0bf9310000, 0x00007f0c08000000]
 total_blobs=1204 nmethods=867 adapters=251
 compilation: enabled

Compilation events (10 events):
Event: 0.934 Thread 0x00007f0c080c9000  862       3       jdk.internal.org.objectweb.asm.MethodWriter::visitAnnotation (82 bytes)
Event: 0.935 Thread 0x00007f0c080c9000 nmethod 862 0x00007f0bf92febd0 code [0x00007f0bf92feda0, 0x00007f0bf92ff458]
Event: 0.936 Thread 0x00007f0c080c9000  864       3       jdk.internal.org.objectweb.asm.Label::resolve (214 bytes)
Event: 0.937 Thread 0x00007f0c080c9000 nmethod 864 0x00007f0bf92ffb10 code [0x00007f0bf92ffca0, 0x00007f0bf9300170]
Event: 0.938 Thread 0x00007f0c080c9000  867       3       jdk.internal.org.objectweb.asm.Type::getDescriptor (87 bytes)
Event: 0.940 Thread 0x00007f0c080c9000 nmethod 867 0x00007f0bf93005d0 code [0x00007f0bf93008a0, 0x00007f0bf9302458]
Event: 0.940 Thread 0x00007f0c080c9000  865       3       jdk.internal.org.objectweb.asm.Frame::pop (45 bytes)
Event: 0.940 Thread 0x00007f0c080c9000 nmethod 865 0x00007f0bf9303510 code [0x00007f0bf9303680, 0x00007f0bf9303850]
Event: 0.940 Thread 0x00007f0c080c9000  866       3       jdk.internal.org.objectweb.asm.ClassWriter::addType (103 bytes)
Event: 0.941 Thread 0x00007f0c080c9000 nmethod 866 0x00007f0bf9303910 code [0x00007f0bf9303ac0, 0x00007f0bf93040e8]

GC Heap History (2 events):
Event: 0.402 GC heap before
{Heap before GC invocations=1 (full 0):
 PSYoungGen      total 36864K, used 31744K [0x00000000d7300000, 0x00000000d9c00000, 0x0000000100000000)
  eden space 31744K, 100% used [0x00000000d7300000,0x00000000d9200000,0x00000000d9200000)
  from space 5120K, 0% used [0x00000000d9700000,0x00000000d9700000,0x00000000d9c00000)
  to   space 5120K, 0% used [0x00000000d9200000,0x00000000d9200000,0x00000000d9700000)
 ParOldGen       total 84992K, used 0K [0x0000000085800000, 0x000000008ab00000, 0x00000000d7300000)
  object space 84992K, 0% used [0x0000000085800000,0x0000000085800000,0x000000008ab00000)
 Metaspace       used 8946K, capacity 9202K, committed 9344K, reserved 1056768K
  class space    used 1224K, capacity 1325K, committed 1408K, reserved 1048576K
Event: 0.406 GC heap after
Heap after GC invocations=1 (full 0):
 PSYoungGen      total 36864K, used 5113K [0x00000000d7300000, 0x00000000d9c00000, 0x0000000100000000)
  eden space 31744K, 0% used [0x00000000d7300000,0x00000000d7300000,0x00000000d9200000)
  from space 5120K, 99% used [0x00000000d9200000,0x00000000d96fe5d8,0x00000000d9700000)
  to   space 5120K, 0% used [0x00000000d9700000,0x00000000d9700000,0x00000000d9c00000)
 ParOldGen       total 84992K, used 36K [0x0000000085800000, 0x000000008ab00000, 0x00000000d7300000)
  object space 84992K, 0% used [0x0000000085800000,0x00000000858090d8,0x000000008ab00000)
 Metaspace       used 8946K, capacity 9202K, committed 9344K, reserved 1056768K
  class space    used 1224K, capacity 1325K, committed 1408K, reserved 1048576K
}

Deoptimization events (8 events):
Event: 0.127 Thread 0x00007f0c0800b000 Uncommon trap: reason=unstable_if action=reinterpret pc=0x00007f0bf91956b4 method=java.lang.String.startsWith(Ljava/lang/String;I)Z @ 25
Event: 0.178 Thread 0x00007f0c0800b000 Uncommon trap: reason=unstable_if action=reinterpret pc=0x00007f0bf917cf7c method=java.util.regex.Matcher.reset()Ljava/util/regex/Matcher; @ 47
Event: 0.179 Thread 0x00007f0c0800b000 Uncommon trap: reason=class_check action=maybe_recompile pc=0x00007f0bf917fbc4 method=java.util.regex.Matcher.match(II)Z @ 86
Event: 0.260 Thread 0x00007f0c0800b000 Uncommon trap: reason=class_check action=maybe_recompile pc=0x00007f0bf917fbc4 method=java.util.regex.Matcher.match(II)Z @ 86
Event: 0.260 Thread 0x00007f0c0800b000 Uncommon trap: reason=class_check action=maybe_recompile pc=0x00007f0bf917fbc4 method=java.util.regex.Matcher.match(II)Z @ 86
Event: 0.261 Thread 0x00007f0c0800b000 Uncommon trap: reason=class_check action=maybe_recompile pc=0x00007f0bf917fbc4 method=java.util.regex.Matcher.match(II)Z @ 86
Event: 0.363 Thread 0x00007f0c0800b000 Uncommon trap: reason=unstable_if action=reinterpret pc=0x00007f0bf927dc1c method=java.util.HashMap.hash(Ljava/lang/Object;)I @ 1
Event: 0.395 Thread 0x00007f0c0800b000 Uncommon trap: reason=unstable_if action=reinterpret pc=0x00007f0bf9235224 method=java.util.HashMap.getNode(ILjava/lang/Object;)Ljava/util/HashMap$Node; @ 129

Classes redefined (0 events):
No events

Internal exceptions (10 events):
Event: 0.370 Thread 0x00007f0c0800b000 Exception <a 'java/lang/ArrayIndexOutOfBoundsException'> (0x00000000d8d69880) thrown at [/HUDSON/workspace/8-2-build-linux-amd64/jdk8u201/12317/hotspot/src/share/vm/runtime/sharedRuntime.cpp, line 605]
Event: 0.370 Thread 0x00007f0c0800b000 Exception <a 'java/lang/ArrayIndexOutOfBoundsException'> (0x00000000d8d7e318) thrown at [/HUDSON/workspace/8-2-build-linux-amd64/jdk8u201/12317/hotspot/src/share/vm/runtime/sharedRuntime.cpp, line 605]
Event: 0.371 Thread 0x00007f0c0800b000 Exception <a 'java/lang/ArrayIndexOutOfBoundsException'> (0x00000000d8d82520) thrown at [/HUDSON/workspace/8-2-build-linux-amd64/jdk8u201/12317/hotspot/src/share/vm/runtime/sharedRuntime.cpp, line 605]
Event: 0.373 Thread 0x00007f0c0800b000 Exception <a 'java/lang/ArrayIndexOutOfBoundsException'> (0x00000000d8dee520) thrown at [/HUDSON/workspace/8-2-build-linux-amd64/jdk8u201/12317/hotspot/src/share/vm/runtime/sharedRuntime.cpp, line 605]
Event: 0.373 Thread 0x00007f0c0800b000 Exception <a 'java/lang/ArrayIndexOutOfBoundsException'> (0x00000000d8def8e8) thrown at [/HUDSON/workspace/8-2-build-linux-amd64/jdk8u201/12317/hotspot/src/share/vm/runtime/sharedRuntime.cpp, line 605]
Event: 0.374 Thread 0x00007f0c0800b000 Exception <a 'java/lang/ArrayIndexOutOfBoundsException'> (0x00000000d8df0f68) thrown at [/HUDSON/workspace/8-2-build-linux-amd64/jdk8u201/12317/hotspot/src/share/vm/runtime/sharedRuntime.cpp, line 605]
Event: 0.374 Thread 0x00007f0c0800b000 Exception <a 'java/lang/ArrayIndexOutOfBoundsException'> (0x00000000d8df20a0) thrown at [/HUDSON/workspace/8-2-build-linux-amd64/jdk8u201/12317/hotspot/src/share/vm/runtime/sharedRuntime.cpp, line 605]
Event: 0.374 Thread 0x00007f0c0800b000 Exception <a 'java/lang/ArrayIndexOutOfBoundsException'> (0x00000000d8df5750) thrown at [/HUDSON/workspace/8-2-build-linux-amd64/jdk8u201/12317/hotspot/src/share/vm/runtime/sharedRuntime.cpp, line 605]
Event: 0.380 Thread 0x00007f0c0800b000 Exception <a 'java/lang/NoClassDefFoundError': org/slf4j/impl/StaticMarkerBinder> (0x00000000d8eb6278) thrown at [/HUDSON/workspace/8-2-build-linux-amd64/jdk8u201/12317/hotspot/src/share/vm/classfile/systemDictionary.cpp, line 199]
Event: 0.425 Thread 0x00007f0c0800b000 Exception <a 'java/net/SocketException': Protocol family unavailable> (0x00000000d7642448) thrown at [/HUDSON/workspace/8-2-build-linux-amd64/jdk8u201/12317/hotspot/src/share/vm/prims/jni.cpp, line 735]

Events (10 events):
Event: 0.937 loading class java/io/ObjectInputStream$ValidationList
Event: 0.937 loading class java/io/ObjectInputStream$ValidationList done
Event: 0.938 loading class sun/misc/ObjectInputFilter$Config
Event: 0.938 loading class sun/misc/ObjectInputFilter$Config done
Event: 0.938 loading class sun/misc/ObjectInputFilter
Event: 0.938 loading class sun/misc/ObjectInputFilter done
Event: 0.939 loading class java/io/Bits
Event: 0.939 loading class java/io/Bits done
Event: 0.939 loading class org/gradle/internal/serialize/ExceptionReplacingObjectInputStream$1
Event: 0.939 loading class org/gradle/internal/serialize/ExceptionReplacingObjectInputStream$1 done


Dynamic libraries:
00400000-00401000 r-xp 00000000 08:06 8013769                            /usr/lib/jvm/jdk1.8.0_201/bin/java
00600000-00601000 r--p 00000000 08:06 8013769                            /usr/lib/jvm/jdk1.8.0_201/bin/java
00601000-00602000 rw-p 00001000 08:06 8013769                            /usr/lib/jvm/jdk1.8.0_201/bin/java
02341000-0260f000 rw-p 00000000 00:00 0                                  [heap]
85800000-8ab00000 rw-p 00000000 00:00 0 
8ab00000-d7300000 ---p 00000000 00:00 0 
d7300000-d9c00000 rw-p 00000000 00:00 0 
d9c00000-100000000 ---p 00000000 00:00 0 
100000000-100180000 rw-p 00000000 00:00 0 
100180000-140000000 ---p 00000000 00:00 0 
7f0b98000000-7f0b98021000 rw-p 00000000 00:00 0 
7f0b98021000-7f0b9c000000 ---p 00000000 00:00 0 
7f0b9c000000-7f0b9c021000 rw-p 00000000 00:00 0 
7f0b9c021000-7f0ba0000000 ---p 00000000 00:00 0 
7f0ba0000000-7f0ba0027000 rw-p 00000000 00:00 0 
7f0ba0027000-7f0ba4000000 ---p 00000000 00:00 0 
7f0ba4000000-7f0ba4021000 rw-p 00000000 00:00 0 
7f0ba4021000-7f0ba8000000 ---p 00000000 00:00 0 
7f0bab7f2000-7f0bab7f5000 ---p 00000000 00:00 0 
7f0bab7f5000-7f0bab8f3000 rw-p 00000000 00:00 0 
7f0bab8f3000-7f0bab8f6000 ---p 00000000 00:00 0 
7f0bab8f6000-7f0babb34000 rw-p 00000000 00:00 0 
7f0babb34000-7f0babbf4000 ---p 00000000 00:00 0 
7f0babbf4000-7f0babbfd000 r-xp 00000000 08:06 10888336                   /usr/lib/jvm/jdk1.8.0_201/jre/lib/amd64/libmanagement.so
7f0babbfd000-7f0babdfc000 ---p 00009000 08:06 10888336                   /usr/lib/jvm/jdk1.8.0_201/jre/lib/amd64/libmanagement.so
7f0babdfc000-7f0babdfd000 r--p 00008000 08:06 10888336                   /usr/lib/jvm/jdk1.8.0_201/jre/lib/amd64/libmanagement.so
7f0babdfd000-7f0babdfe000 rw-p 00009000 08:06 10888336                   /usr/lib/jvm/jdk1.8.0_201/jre/lib/amd64/libmanagement.so
7f0babdfe000-7f0babe00000 r-xp 00000000 08:06 9065339                    /home/ermicho/.gradle/native/jansi/1.14/linux64/libjansi.so
7f0babe00000-7f0babfff000 ---p 00002000 08:06 9065339                    /home/ermicho/.gradle/native/jansi/1.14/linux64/libjansi.so
7f0babfff000-7f0bac000000 rw-p 00001000 08:06 9065339                    /home/ermicho/.gradle/native/jansi/1.14/linux64/libjansi.so
7f0bac000000-7f0bac277000 rw-p 00000000 00:00 0 
7f0bac277000-7f0bb0000000 ---p 00000000 00:00 0 
7f0bb0000000-7f0bb0021000 rw-p 00000000 00:00 0 
7f0bb0021000-7f0bb4000000 ---p 00000000 00:00 0 
7f0bb4000000-7f0bb4214000 rw-p 00000000 00:00 0 
7f0bb4214000-7f0bb8000000 ---p 00000000 00:00 0 
7f0bb8000000-7f0bb8285000 rw-p 00000000 00:00 0 
7f0bb8285000-7f0bbc000000 ---p 00000000 00:00 0 
7f0bbc000000-7f0bbc021000 rw-p 00000000 00:00 0 
7f0bbc021000-7f0bc0000000 ---p 00000000 00:00 0 
7f0bc0000000-7f0bc0261000 rw-p 00000000 00:00 0 
7f0bc0261000-7f0bc4000000 ---p 00000000 00:00 0 
7f0bc4000000-7f0bc4021000 rw-p 00000000 00:00 0 
7f0bc4021000-7f0bc8000000 ---p 00000000 00:00 0 
7f0bc8000000-7f0bc8021000 rw-p 00000000 00:00 0 
7f0bc8021000-7f0bcc000000 ---p 00000000 00:00 0 
7f0bcc000000-7f0bcc021000 rw-p 00000000 00:00 0 
7f0bcc021000-7f0bd0000000 ---p 00000000 00:00 0 
7f0bd007d000-7f0bd0080000 ---p 00000000 00:00 0 
7f0bd0080000-7f0bd017e000 rw-p 00000000 00:00 0 
7f0bd017e000-7f0bd01a3000 r-xp 00000000 08:06 3937134                    /lib/x86_64-linux-gnu/libtinfo.so.5.9
7f0bd01a3000-7f0bd03a3000 ---p 00025000 08:06 3937134                    /lib/x86_64-linux-gnu/libtinfo.so.5.9
7f0bd03a3000-7f0bd03a7000 r--p 00025000 08:06 3937134                    /lib/x86_64-linux-gnu/libtinfo.so.5.9
7f0bd03a7000-7f0bd03a8000 rw-p 00029000 08:06 3937134                    /lib/x86_64-linux-gnu/libtinfo.so.5.9
7f0bd03a8000-7f0bd03c9000 r-xp 00000000 08:06 3937049                    /lib/x86_64-linux-gnu/libncurses.so.5.9
7f0bd03c9000-7f0bd05c9000 ---p 00021000 08:06 3937049                    /lib/x86_64-linux-gnu/libncurses.so.5.9
7f0bd05c9000-7f0bd05ca000 r--p 00021000 08:06 3937049                    /lib/x86_64-linux-gnu/libncurses.so.5.9
7f0bd05ca000-7f0bd05cb000 rw-p 00022000 08:06 3937049                    /lib/x86_64-linux-gnu/libncurses.so.5.9
7f0bd05cb000-7f0bd05ce000 r-xp 00000000 08:06 9065345                    /home/ermicho/.gradle/native/25/linux-amd64-ncurses5/libnative-platform-curses.so
7f0bd05ce000-7f0bd07ce000 ---p 00003000 08:06 9065345                    /home/ermicho/.gradle/native/25/linux-amd64-ncurses5/libnative-platform-curses.so
7f0bd07ce000-7f0bd07cf000 rw-p 00003000 08:06 9065345                    /home/ermicho/.gradle/native/25/linux-amd64-ncurses5/libnative-platform-curses.so
7f0bd07cf000-7f0bd07e6000 r-xp 00000000 08:06 3936880                    /lib/x86_64-linux-gnu/libgcc_s.so.1
7f0bd07e6000-7f0bd09e5000 ---p 00017000 08:06 3936880                    /lib/x86_64-linux-gnu/libgcc_s.so.1
7f0bd09e5000-7f0bd09e6000 r--p 00016000 08:06 3936880                    /lib/x86_64-linux-gnu/libgcc_s.so.1
7f0bd09e6000-7f0bd09e7000 rw-p 00017000 08:06 3936880                    /lib/x86_64-linux-gnu/libgcc_s.so.1
7f0bd09e7000-7f0bd0b60000 r-xp 00000000 08:06 657556                     /usr/lib/x86_64-linux-gnu/libstdc++.so.6.0.25
7f0bd0b60000-7f0bd0d60000 ---p 00179000 08:06 657556                     /usr/lib/x86_64-linux-gnu/libstdc++.so.6.0.25
7f0bd0d60000-7f0bd0d6a000 r--p 00179000 08:06 657556                     /usr/lib/x86_64-linux-gnu/libstdc++.so.6.0.25
7f0bd0d6a000-7f0bd0d6c000 rw-p 00183000 08:06 657556                     /usr/lib/x86_64-linux-gnu/libstdc++.so.6.0.25
7f0bd0d6c000-7f0bd0d70000 rw-p 00000000 00:00 0 
7f0bd0d83000-7f0bd0d8a000 r--s 00000000 08:06 920324                     /usr/lib/x86_64-linux-gnu/gconv/gconv-modules.cache
7f0bd0d8a000-7f0bd0d8f000 r-xp 00000000 08:06 9065331                    /home/ermicho/.gradle/native/25/linux-amd64/libnative-platform.so
7f0bd0d8f000-7f0bd0f8e000 ---p 00005000 08:06 9065331                    /home/ermicho/.gradle/native/25/linux-amd64/libnative-platform.so
7f0bd0f8e000-7f0bd0f8f000 rw-p 00004000 08:06 9065331                    /home/ermicho/.gradle/native/25/linux-amd64/libnative-platform.so
7f0bd0f8f000-7f0bd0f91000 r--s 00006000 08:06 131431                     /home/ermicho/.gradle/wrapper/dists/gradle-4.10.2-all/9fahxiiecdb76a5g3aw9oi8rv/gradle-4.10.2/lib/gradle-wrapper-4.10.2.jar
7f0bd0f91000-7f0bd0fa0000 r--s 0004b000 08:06 131430                     /home/ermicho/.gradle/wrapper/dists/gradle-4.10.2-all/9fahxiiecdb76a5g3aw9oi8rv/gradle-4.10.2/lib/gradle-tooling-api-4.10.2.jar
7f0bd0fa0000-7f0bd0fa2000 r--s 00002000 08:06 131427                     /home/ermicho/.gradle/wrapper/dists/gradle-4.10.2-all/9fahxiiecdb76a5g3aw9oi8rv/gradle-4.10.2/lib/kotlin-stdlib-jdk8-1.2.61.jar
7f0bd0fa2000-7f0bd0fa3000 r--s 00000000 08:06 131426                     /home/ermicho/.gradle/wrapper/dists/gradle-4.10.2-all/9fahxiiecdb76a5g3aw9oi8rv/gradle-4.10.2/lib/kotlin-stdlib-jdk7-1.2.61.jar
7f0bd0fa3000-7f0bd0fa9000 r--s 00015000 08:06 131425                     /home/ermicho/.gradle/wrapper/dists/gradle-4.10.2-all/9fahxiiecdb76a5g3aw9oi8rv/gradle-4.10.2/lib/kotlin-stdlib-common-1.2.61.jar
7f0bd0fa9000-7f0bd0fb9000 r--s 000db000 08:06 131424                     /home/ermicho/.gradle/wrapper/dists/gradle-4.10.2-all/9fahxiiecdb76a5g3aw9oi8rv/gradle-4.10.2/lib/kotlin-stdlib-1.2.61.jar
7f0bd0fb9000-7f0bd0fbb000 r--s 00009000 08:06 131423                     /home/ermicho/.gradle/wrapper/dists/gradle-4.10.2-all/9fahxiiecdb76a5g3aw9oi8rv/gradle-4.10.2/lib/kotlin-script-runtime-1.2.61.jar
7f0bd0fbb000-7f0bd0fbc000 r--s 00002000 08:06 131422                     /home/ermicho/.gradle/wrapper/dists/gradle-4.10.2-all/9fahxiiecdb76a5g3aw9oi8rv/gradle-4.10.2/lib/kotlin-sam-with-receiver-compiler-plugin-1.2.61.jar
7f0bd0fbc000-7f0bd0ff1000 r--s 00241000 08:06 131421                     /home/ermicho/.gradle/wrapper/dists/gradle-4.10.2-all/9fahxiiecdb76a5g3aw9oi8rv/gradle-4.10.2/lib/kotlin-reflect-1.2.61.jar
7f0bd0ff1000-7f0bd11bc000 r--s 019b7000 08:06 131420                     /home/ermicho/.gradle/wrapper/dists/gradle-4.10.2-all/9fahxiiecdb76a5g3aw9oi8rv/gradle-4.10.2/lib/kotlin-compiler-embeddable-1.2.61.jar
7f0bd11bc000-7f0bd11be000 r--s 00000000 08:06 131419                     /home/ermicho/.gradle/wrapper/dists/gradle-4.10.2-all/9fahxiiecdb76a5g3aw9oi8rv/gradle-4.10.2/lib/gradle-kotlin-dsl-tooling-models-1.0-rc-6.jar
7f0bd11be000-7f0bd11c0000 r--s 00003000 08:06 131415                     /home/ermicho/.gradle/wrapper/dists/gradle-4.10.2-all/9fahxiiecdb76a5g3aw9oi8rv/gradle-4.10.2/lib/annotations-13.0.jar
7f0bd11c0000-7f0bd11d4000 r--s 00109000 08:06 131416                     /home/ermicho/.gradle/wrapper/dists/gradle-4.10.2-all/9fahxiiecdb76a5g3aw9oi8rv/gradle-4.10.2/lib/gradle-kotlin-dsl-1.0-rc-6.jar
7f0bd11d4000-7f0bd11d8000 r--s 00013000 08:06 131436                     /home/ermicho/.gradle/wrapper/dists/gradle-4.10.2-all/9fahxiiecdb76a5g3aw9oi8rv/gradle-4.10.2/lib/gradle-build-cache-4.10.2.jar
7f0bd11d8000-7f0bd11de000 r--s 00034000 08:06 131437                     /home/ermicho/.gradle/wrapper/dists/gradle-4.10.2-all/9fahxiiecdb76a5g3aw9oi8rv/gradle-4.10.2/lib/gradle-persistent-cache-4.10.2.jar
7f0bd11de000-7f0bd11e3000 r--s 00015000 08:06 131440                     /home/ermicho/.gradle/wrapper/dists/gradle-4.10.2-all/9fahxiiecdb76a5g3aw9oi8rv/gradle-4.10.2/lib/gradle-resources-4.10.2.jar
7f0bd11e3000-7f0bd11e4000 r--s 00003000 08:06 131447                     /home/ermicho/.gradle/wrapper/dists/gradle-4.10.2-all/9fahxiiecdb76a5g3aw9oi8rv/gradle-4.10.2/lib/gradle-build-option-4.10.2.jar
7f0bd11e4000-7f0bd11e5000 r--s 00006000 08:06 131448                     /home/ermicho/.gradle/wrapper/dists/gradle-4.10.2-all/9fahxiiecdb76a5g3aw9oi8rv/gradle-4.10.2/lib/gradle-cli-4.10.2.jar
7f0bd11e5000-7f0bd11e7000 r--s 00004000 08:06 131460                     /home/ermicho/.gradle/wrapper/dists/gradle-4.10.2-all/9fahxiiecdb76a5g3aw9oi8rv/gradle-4.10.2/lib/log4j-over-slf4j-1.7.16.jar
7f0bd11e7000-7f0bd11e9000 r--s 00000000 08:06 131459                     /home/ermicho/.gradle/wrapper/dists/gradle-4.10.2-all/9fahxiiecdb76a5g3aw9oi8rv/gradle-4.10.2/lib/jul-to-slf4j-1.7.16.jar
7f0bd11e9000-7f0bd11eb000 r--s 00003000 08:06 131458                     /home/ermicho/.gradle/wrapper/dists/gradle-4.10.2-all/9fahxiiecdb76a5g3aw9oi8rv/gradle-4.10.2/lib/jcl-over-slf4j-1.7.16.jar
7f0bd11eb000-7f0bd11f3000 r--s 00035000 08:06 131438                     /home/ermicho/.gradle/wrapper/dists/gradle-4.10.2-all/9fahxiiecdb76a5g3aw9oi8rv/gradle-4.10.2/lib/gradle-logging-4.10.2.jar
7f0bd11f3000-7f0bd1202000 r--s 00085000 08:06 131443                     /home/ermicho/.gradle/wrapper/dists/gradle-4.10.2-all/9fahxiiecdb76a5g3aw9oi8rv/gradle-4.10.2/lib/gradle-model-core-4.10.2.jar
7f0bd1202000-7f0bd1204000 r--s 00006000 08:06 131444                     /home/ermicho/.gradle/wrapper/dists/gradle-4.10.2-all/9fahxiiecdb76a5g3aw9oi8rv/gradle-4.10.2/lib/gradle-base-services-groovy-4.10.2.jar
7f0bd1204000-7f0bd1206000 r--s 00007000 08:06 131442                     /home/ermicho/.gradle/wrapper/dists/gradle-4.10.2-all/9fahxiiecdb76a5g3aw9oi8rv/gradle-4.10.2/lib/gradle-model-groovy-4.10.2.jar
7f0bd1206000-7f0bd1207000 r--s 00006000 08:06 131449                     /home/ermicho/.gradle/wrapper/dists/gradle-4.10.2-all/9fahxiiecdb76a5g3aw9oi8rv/gradle-4.10.2/lib/gradle-docs-4.10.2.jar
7f0bd1207000-7f0bd1210000 r--s 0002d000 08:06 131472                     /home/ermicho/.gradle/wrapper/dists/gradle-4.10.2-all/9fahxiiecdb76a5g3aw9oi8rv/gradle-4.10.2/lib/xml-apis-1.4.01.jar
7f0bd1210000-7f0bd1211000 r--s 00000000 08:06 131468                     /home/ermicho/.gradle/wrapper/dists/gradle-4.10.2-all/9fahxiiecdb76a5g3aw9oi8rv/gradle-4.10.2/lib/javax.inject-1.jar
7f0bd1211000-7f0bd1282000 r--s 00665000 08:06 131466                     /home/ermicho/.gradle/wrapper/dists/gradle-4.10.2-all/9fahxiiecdb76a5g3aw9oi8rv/gradle-4.10.2/lib/groovy-all-2.4.15.jar
7f0bd1282000-7f0bd128c000 r--s 00078000 08:06 131471                     /home/ermicho/.gradle/wrapper/dists/gradle-4.10.2-all/9fahxiiecdb76a5g3aw9oi8rv/gradle-4.10.2/lib/commons-compress-1.14.jar
7f0bd128c000-7f0bd1299000 r--s 00083000 08:06 131469                     /home/ermicho/.gradle/wrapper/dists/gradle-4.10.2-all/9fahxiiecdb76a5g3aw9oi8rv/gradle-4.10.2/lib/commons-collections-3.2.2.jar
7f0bd1299000-7f0bd129a000 r--s 00007000 08:06 131451                     /home/ermicho/.gradle/wrapper/dists/gradle-4.10.2-all/9fahxiiecdb76a5g3aw9oi8rv/gradle-4.10.2/lib/asm-analysis-6.2.jar
7f0bd129a000-7f0bd129c000 r--s 0000b000 08:06 131452                     /home/ermicho/.gradle/wrapper/dists/gradle-4.10.2-all/9fahxiiecdb76a5g3aw9oi8rv/gradle-4.10.2/lib/asm-tree-6.2.jar
7f0bd129c000-7f0bd129e000 r--s 00012000 08:06 131450                     /home/ermicho/.gradle/wrapper/dists/gradle-4.10.2-all/9fahxiiecdb76a5g3aw9oi8rv/gradle-4.10.2/lib/asm-commons-6.2.jar
7f0bd129e000-7f0bd129f000 r--s 00004000 08:06 131475                     /home/ermicho/.gradle/wrapper/dists/gradle-4.10.2-all/9fahxiiecdb76a5g3aw9oi8rv/gradle-4.10.2/lib/native-platform-freebsd-amd64-libcpp-0.14.jar
7f0bd129f000-7f0bd12a0000 r--s 00004000 08:06 131476                     /home/ermicho/.gradle/wrapper/dists/gradle-4.10.2-all/9fahxiiecdb76a5g3aw9oi8rv/gradle-4.10.2/lib/native-platform-freebsd-amd64-libstdcpp-0.14.jar
7f0bd12a0000-7f0bd12a1000 r--s 00004000 08:06 131477                     /home/ermicho/.gradle/wrapper/dists/gradle-4.10.2-all/9fahxiiecdb76a5g3aw9oi8rv/gradle-4.10.2/lib/native-platform-freebsd-i386-libcpp-0.14.jar
7f0bd12a1000-7f0bd12c9000 r--s 001cf000 08:06 131462                     /home/ermicho/.gradle/wrapper/dists/gradle-4.10.2-all/9fahxiiecdb76a5g3aw9oi8rv/gradle-4.10.2/lib/guava-jdk5-17.0.jar
7f0bd12c9000-7f0bd12e8000 r--s 001d9000 08:06 131467                     /home/ermicho/.gradle/wrapper/dists/gradle-4.10.2-all/9fahxiiecdb76a5g3aw9oi8rv/gradle-4.10.2/lib/ant-1.9.11.jar
7f0bd12e8000-7f0bd12f9000 r-xp 00000000 08:06 10888331                   /usr/lib/jvm/jdk1.8.0_201/jre/lib/amd64/libnio.so
7f0bd12f9000-7f0bd14f8000 ---p 00011000 08:06 10888331                   /usr/lib/jvm/jdk1.8.0_201/jre/lib/amd64/libnio.so
7f0bd14f8000-7f0bd14f9000 r--p 00010000 08:06 10888331                   /usr/lib/jvm/jdk1.8.0_201/jre/lib/amd64/libnio.so
7f0bd14f9000-7f0bd14fa000 rw-p 00011000 08:06 10888331                   /usr/lib/jvm/jdk1.8.0_201/jre/lib/amd64/libnio.so
7f0bd14fa000-7f0bd1510000 r-xp 00000000 08:06 10888328                   /usr/lib/jvm/jdk1.8.0_201/jre/lib/amd64/libnet.so
7f0bd1510000-7f0bd1710000 ---p 00016000 08:06 10888328                   /usr/lib/jvm/jdk1.8.0_201/jre/lib/amd64/libnet.so
7f0bd1710000-7f0bd1711000 r--p 00016000 08:06 10888328                   /usr/lib/jvm/jdk1.8.0_201/jre/lib/amd64/libnet.so
7f0bd1711000-7f0bd1712000 rw-p 00017000 08:06 10888328                   /usr/lib/jvm/jdk1.8.0_201/jre/lib/amd64/libnet.so
7f0bd1712000-7f0bd1713000 ---p 00000000 00:00 0 
7f0bd1713000-7f0bd1813000 rw-p 00000000 00:00 0 
7f0bd1813000-7f0bd1816000 ---p 00000000 00:00 0 
7f0bd1816000-7f0bd1914000 rw-p 00000000 00:00 0 
7f0bd1914000-7f0bd1915000 ---p 00000000 00:00 0 
7f0bd1915000-7f0bd1918000 ---p 00000000 00:00 0 
7f0bd1918000-7f0bd1a15000 rw-p 00000000 00:00 0 
7f0bd1a15000-7f0bd1a16000 ---p 00000000 00:00 0 
7f0bd1a16000-7f0bd1a19000 ---p 00000000 00:00 0 
7f0bd1a19000-7f0bd1b16000 rw-p 00000000 00:00 0 
7f0bd1b16000-7f0bd1b17000 ---p 00000000 00:00 0 
7f0bd1b17000-7f0bd1b1a000 ---p 00000000 00:00 0 
7f0bd1b1a000-7f0bd1c17000 rw-p 00000000 00:00 0 
7f0bd1c17000-7f0bd1c18000 ---p 00000000 00:00 0 
7f0bd1c18000-7f0bd1c1b000 ---p 00000000 00:00 0 
7f0bd1c1b000-7f0bd1d18000 rw-p 00000000 00:00 0 
7f0bd1d18000-7f0bd1d1b000 ---p 00000000 00:00 0 
7f0bd1d1b000-7f0bd1e19000 rw-p 00000000 00:00 0 
7f0bd1e19000-7f0bd27e8000 r--p 00000000 08:06 662140                     /usr/lib/locale/locale-archive
7f0bd27e8000-7f0bd27eb000 ---p 00000000 00:00 0 
7f0bd27eb000-7f0bd28e9000 rw-p 00000000 00:00 0 
7f0bd28e9000-7f0bd28ec000 ---p 00000000 00:00 0 
7f0bd28ec000-7f0bd29ea000 rw-p 00000000 00:00 0 
7f0bd29ea000-7f0bd29eb000 ---p 00000000 00:00 0 
7f0bd29eb000-7f0bd4000000 rw-p 00000000 00:00 0 
7f0bd4000000-7f0bd4021000 rw-p 00000000 00:00 0 
7f0bd4021000-7f0bd8000000 ---p 00000000 00:00 0 
7f0bd8000000-7f0bd8001000 r--s 00003000 08:06 131478                     /home/ermicho/.gradle/wrapper/dists/gradle-4.10.2-all/9fahxiiecdb76a5g3aw9oi8rv/gradle-4.10.2/lib/native-platform-freebsd-i386-libstdcpp-0.14.jar
7f0bd8001000-7f0bd8002000 r--s 00002000 08:06 131479                     /home/ermicho/.gradle/wrapper/dists/gradle-4.10.2-all/9fahxiiecdb76a5g3aw9oi8rv/gradle-4.10.2/lib/native-platform-linux-amd64-0.14.jar
7f0bd8002000-7f0bd8003000 r--s 00002000 08:06 131480                     /home/ermicho/.gradle/wrapper/dists/gradle-4.10.2-all/9fahxiiecdb76a5g3aw9oi8rv/gradle-4.10.2/lib/native-platform-linux-i386-0.14.jar
7f0bd8003000-7f0bd8005000 r--s 00002000 08:06 131481                     /home/ermicho/.gradle/wrapper/dists/gradle-4.10.2-all/9fahxiiecdb76a5g3aw9oi8rv/gradle-4.10.2/lib/native-platform-osx-amd64-0.14.jar
7f0bd8005000-7f0bd8006000 r--s 00003000 08:06 131482                     /home/ermicho/.gradle/wrapper/dists/gradle-4.10.2-all/9fahxiiecdb76a5g3aw9oi8rv/gradle-4.10.2/lib/native-platform-osx-i386-0.14.jar
7f0bd8006000-7f0bd8008000 r--s 0000b000 08:06 131483                     /home/ermicho/.gradle/wrapper/dists/gradle-4.10.2-all/9fahxiiecdb76a5g3aw9oi8rv/gradle-4.10.2/lib/native-platform-windows-amd64-0.14.jar
7f0bd8008000-7f0bd8009000 r--s 0000b000 08:06 131484                     /home/ermicho/.gradle/wrapper/dists/gradle-4.10.2-all/9fahxiiecdb76a5g3aw9oi8rv/gradle-4.10.2/lib/native-platform-windows-i386-0.14.jar
7f0bd8009000-7f0bd800a000 r--s 00001000 08:06 131485                     /home/ermicho/.gradle/wrapper/dists/gradle-4.10.2-all/9fahxiiecdb76a5g3aw9oi8rv/gradle-4.10.2/lib/native-platform-linux-amd64-ncurses5-0.14.jar
7f0bd800a000-7f0bd800b000 r--s 00001000 08:06 131486                     /home/ermicho/.gradle/wrapper/dists/gradle-4.10.2-all/9fahxiiecdb76a5g3aw9oi8rv/gradle-4.10.2/lib/native-platform-linux-amd64-ncurses6-0.14.jar
7f0bd800b000-7f0bd800c000 r--s 00001000 08:06 131487                     /home/ermicho/.gradle/wrapper/dists/gradle-4.10.2-all/9fahxiiecdb76a5g3aw9oi8rv/gradle-4.10.2/lib/native-platform-linux-i386-ncurses5-0.14.jar
7f0bd800c000-7f0bd8010000 r--s 00012000 08:06 131470                     /home/ermicho/.gradle/wrapper/dists/gradle-4.10.2-all/9fahxiiecdb76a5g3aw9oi8rv/gradle-4.10.2/lib/native-platform-0.14.jar
7f0bd8010000-7f0bd8013000 r--s 00023000 08:06 131473                     /home/ermicho/.gradle/wrapper/dists/gradle-4.10.2-all/9fahxiiecdb76a5g3aw9oi8rv/gradle-4.10.2/lib/jansi-1.14.jar
7f0bd8013000-7f0bd8017000 r--s 0000c000 08:06 131441                     /home/ermicho/.gradle/wrapper/dists/gradle-4.10.2-all/9fahxiiecdb76a5g3aw9oi8rv/gradle-4.10.2/lib/gradle-native-4.10.2.jar
7f0bd8017000-7f0bd8019000 r--s 0000f000 08:06 131454                     /home/ermicho/.gradle/wrapper/dists/gradle-4.10.2-all/9fahxiiecdb76a5g3aw9oi8rv/gradle-4.10.2/lib/reflectasm-1.07-shaded.jar
7f0bd8019000-7f0bd801b000 r--s 00000000 08:06 131489                     /home/ermicho/.gradle/wrapper/dists/gradle-4.10.2-all/9fahxiiecdb76a5g3aw9oi8rv/gradle-4.10.2/lib/minlog-1.2.jar
7f0bd801b000-7f0bd801d000 r--s 00007000 08:06 131490                     /home/ermicho/.gradle/wrapper/dists/gradle-4.10.2-all/9fahxiiecdb76a5g3aw9oi8rv/gradle-4.10.2/lib/objenesis-1.2.jar
7f0bd801d000-7f0bd8063000 r--s 00265000 08:06 131433                     /home/ermicho/.gradle/wrapper/dists/gradle-4.10.2-all/9fahxiiecdb76a5g3aw9oi8rv/gradle-4.10.2/lib/gradle-core-4.10.2.jar
7f0bd8063000-7f0bd8070000 r--s 00037000 08:06 131435                     /home/ermicho/.gradle/wrapper/dists/gradle-4.10.2-all/9fahxiiecdb76a5g3aw9oi8rv/gradle-4.10.2/lib/gradle-core-api-4.10.2.jar
7f0bd8070000-7f0bd807c000 r--s 00064000 08:06 131446                     /home/ermicho/.gradle/wrapper/dists/gradle-4.10.2-all/9fahxiiecdb76a5g3aw9oi8rv/gradle-4.10.2/lib/gradle-base-services-4.10.2.jar
7f0bd807c000-7f0bdc000000 rw-p 00000000 00:00 0 
7f0bdc000000-7f0bdc021000 rw-p 00000000 00:00 0 
7f0bdc021000-7f0be0000000 ---p 00000000 00:00 0 
7f0be0000000-7f0be0021000 rw-p 00000000 00:00 0 
7f0be0021000-7f0be4000000 ---p 00000000 00:00 0 
7f0be4000000-7f0be4021000 rw-p 00000000 00:00 0 
7f0be4021000-7f0be8000000 ---p 00000000 00:00 0 
7f0be8000000-7f0be8021000 rw-p 00000000 00:00 0 
7f0be8021000-7f0bec000000 ---p 00000000 00:00 0 
7f0bec000000-7f0bec021000 rw-p 00000000 00:00 0 
7f0bec021000-7f0bf0000000 ---p 00000000 00:00 0 
7f0bf0000000-7f0bf0021000 rw-p 00000000 00:00 0 
7f0bf0021000-7f0bf4000000 ---p 00000000 00:00 0 
7f0bf4000000-7f0bf4021000 rw-p 00000000 00:00 0 
7f0bf4021000-7f0bf8000000 ---p 00000000 00:00 0 
7f0bf8000000-7f0bf8007000 r--s 0002d000 08:06 131445                     /home/ermicho/.gradle/wrapper/dists/gradle-4.10.2-all/9fahxiiecdb76a5g3aw9oi8rv/gradle-4.10.2/lib/gradle-messaging-4.10.2.jar
7f0bf8007000-7f0bf9000000 rw-p 00000000 00:00 0 
7f0bf9000000-7f0bf9310000 rwxp 00000000 00:00 0 
7f0bf9310000-7f0c08000000 ---p 00000000 00:00 0 
7f0c08000000-7f0c0895e000 rw-p 00000000 00:00 0 
7f0c0895e000-7f0c0c000000 ---p 00000000 00:00 0 
7f0c0c000000-7f0c0c001000 r--s 00001000 08:06 131488                     /home/ermicho/.gradle/wrapper/dists/gradle-4.10.2-all/9fahxiiecdb76a5g3aw9oi8rv/gradle-4.10.2/lib/native-platform-linux-i386-ncurses6-0.14.jar
7f0c0c001000-7f0c0c005000 r--s 00026000 08:06 131453                     /home/ermicho/.gradle/wrapper/dists/gradle-4.10.2-all/9fahxiiecdb76a5g3aw9oi8rv/gradle-4.10.2/lib/kryo-2.20.jar
7f0c0c005000-7f0c0c007000 r--s 00006000 08:06 131439                     /home/ermicho/.gradle/wrapper/dists/gradle-4.10.2-all/9fahxiiecdb76a5g3aw9oi8rv/gradle-4.10.2/lib/gradle-process-services-4.10.2.jar
7f0c0c007000-7f0c0c009000 r--s 00000000 08:06 131434                     /home/ermicho/.gradle/wrapper/dists/gradle-4.10.2-all/9fahxiiecdb76a5g3aw9oi8rv/gradle-4.10.2/lib/gradle-jvm-services-4.10.2.jar
7f0c0c009000-7f0c0c0fd000 rw-p 00000000 00:00 0 
7f0c0c0fd000-7f0c0c2d7000 r--s 03d6f000 08:06 10888034                   /usr/lib/jvm/jdk1.8.0_201/jre/lib/rt.jar
7f0c0c2d7000-7f0c0c34d000 rw-p 00000000 00:00 0 
7f0c0c34d000-7f0c0c34e000 ---p 00000000 00:00 0 
7f0c0c34e000-7f0c0c44e000 rw-p 00000000 00:00 0 
7f0c0c44e000-7f0c0c44f000 ---p 00000000 00:00 0 
7f0c0c44f000-7f0c0c54f000 rw-p 00000000 00:00 0 
7f0c0c54f000-7f0c0c550000 ---p 00000000 00:00 0 
7f0c0c550000-7f0c0c650000 rw-p 00000000 00:00 0 
7f0c0c650000-7f0c0c651000 ---p 00000000 00:00 0 
7f0c0c651000-7f0c0c751000 rw-p 00000000 00:00 0 
7f0c0c751000-7f0c0c752000 ---p 00000000 00:00 0 
7f0c0c752000-7f0c0c852000 rw-p 00000000 00:00 0 
7f0c0c852000-7f0c0c853000 ---p 00000000 00:00 0 
7f0c0c853000-7f0c0c953000 rw-p 00000000 00:00 0 
7f0c0c953000-7f0c0c954000 ---p 00000000 00:00 0 
7f0c0c954000-7f0c0ca54000 rw-p 00000000 00:00 0 
7f0c0ca54000-7f0c0ca55000 ---p 00000000 00:00 0 
7f0c0ca55000-7f0c0cb7f000 rw-p 00000000 00:00 0 
7f0c0cb7f000-7f0c0cde3000 ---p 00000000 00:00 0 
7f0c0cde3000-7f0c0ce0d000 rw-p 00000000 00:00 0 
7f0c0ce0d000-7f0c0d070000 ---p 00000000 00:00 0 
7f0c0d070000-7f0c0d085000 rw-p 00000000 00:00 0 
7f0c0d085000-7f0c0d1b7000 ---p 00000000 00:00 0 
7f0c0d1b7000-7f0c0d1c5000 rw-p 00000000 00:00 0 
7f0c0d1c5000-7f0c0d578000 ---p 00000000 00:00 0 
7f0c0d578000-7f0c0d593000 r-xp 00000000 08:06 10888324                   /usr/lib/jvm/jdk1.8.0_201/jre/lib/amd64/libzip.so
7f0c0d593000-7f0c0d792000 ---p 0001b000 08:06 10888324                   /usr/lib/jvm/jdk1.8.0_201/jre/lib/amd64/libzip.so
7f0c0d792000-7f0c0d793000 r--p 0001a000 08:06 10888324                   /usr/lib/jvm/jdk1.8.0_201/jre/lib/amd64/libzip.so
7f0c0d793000-7f0c0d794000 rw-p 0001b000 08:06 10888324                   /usr/lib/jvm/jdk1.8.0_201/jre/lib/amd64/libzip.so
7f0c0d794000-7f0c0d79f000 r-xp 00000000 08:06 3937066                    /lib/x86_64-linux-gnu/libnss_files-2.27.so
7f0c0d79f000-7f0c0d99e000 ---p 0000b000 08:06 3937066                    /lib/x86_64-linux-gnu/libnss_files-2.27.so
7f0c0d99e000-7f0c0d99f000 r--p 0000a000 08:06 3937066                    /lib/x86_64-linux-gnu/libnss_files-2.27.so
7f0c0d99f000-7f0c0d9a0000 rw-p 0000b000 08:06 3937066                    /lib/x86_64-linux-gnu/libnss_files-2.27.so
7f0c0d9a0000-7f0c0d9a6000 rw-p 00000000 00:00 0 
7f0c0d9a6000-7f0c0d9bd000 r-xp 00000000 08:06 3937060                    /lib/x86_64-linux-gnu/libnsl-2.27.so
7f0c0d9bd000-7f0c0dbbc000 ---p 00017000 08:06 3937060                    /lib/x86_64-linux-gnu/libnsl-2.27.so
7f0c0dbbc000-7f0c0dbbd000 r--p 00016000 08:06 3937060                    /lib/x86_64-linux-gnu/libnsl-2.27.so
7f0c0dbbd000-7f0c0dbbe000 rw-p 00017000 08:06 3937060                    /lib/x86_64-linux-gnu/libnsl-2.27.so
7f0c0dbbe000-7f0c0dbc0000 rw-p 00000000 00:00 0 
7f0c0dbc0000-7f0c0dbcb000 r-xp 00000000 08:06 3937077                    /lib/x86_64-linux-gnu/libnss_nis-2.27.so
7f0c0dbcb000-7f0c0ddca000 ---p 0000b000 08:06 3937077                    /lib/x86_64-linux-gnu/libnss_nis-2.27.so
7f0c0ddca000-7f0c0ddcb000 r--p 0000a000 08:06 3937077                    /lib/x86_64-linux-gnu/libnss_nis-2.27.so
7f0c0ddcb000-7f0c0ddcc000 rw-p 0000b000 08:06 3937077                    /lib/x86_64-linux-gnu/libnss_nis-2.27.so
7f0c0ddcc000-7f0c0ddd4000 r-xp 00000000 08:06 3937062                    /lib/x86_64-linux-gnu/libnss_compat-2.27.so
7f0c0ddd4000-7f0c0dfd4000 ---p 00008000 08:06 3937062                    /lib/x86_64-linux-gnu/libnss_compat-2.27.so
7f0c0dfd4000-7f0c0dfd5000 r--p 00008000 08:06 3937062                    /lib/x86_64-linux-gnu/libnss_compat-2.27.so
7f0c0dfd5000-7f0c0dfd6000 rw-p 00009000 08:06 3937062                    /lib/x86_64-linux-gnu/libnss_compat-2.27.so
7f0c0dfd6000-7f0c0e002000 r-xp 00000000 08:06 10888318                   /usr/lib/jvm/jdk1.8.0_201/jre/lib/amd64/libjava.so
7f0c0e002000-7f0c0e202000 ---p 0002c000 08:06 10888318                   /usr/lib/jvm/jdk1.8.0_201/jre/lib/amd64/libjava.so
7f0c0e202000-7f0c0e203000 r--p 0002c000 08:06 10888318                   /usr/lib/jvm/jdk1.8.0_201/jre/lib/amd64/libjava.so
7f0c0e203000-7f0c0e205000 rw-p 0002d000 08:06 10888318                   /usr/lib/jvm/jdk1.8.0_201/jre/lib/amd64/libjava.so
7f0c0e205000-7f0c0e212000 r-xp 00000000 08:06 10888323                   /usr/lib/jvm/jdk1.8.0_201/jre/lib/amd64/libverify.so
7f0c0e212000-7f0c0e411000 ---p 0000d000 08:06 10888323                   /usr/lib/jvm/jdk1.8.0_201/jre/lib/amd64/libverify.so
7f0c0e411000-7f0c0e413000 r--p 0000c000 08:06 10888323                   /usr/lib/jvm/jdk1.8.0_201/jre/lib/amd64/libverify.so
7f0c0e413000-7f0c0e414000 rw-p 0000e000 08:06 10888323                   /usr/lib/jvm/jdk1.8.0_201/jre/lib/amd64/libverify.so
7f0c0e414000-7f0c0e41b000 r-xp 00000000 08:06 3937117                    /lib/x86_64-linux-gnu/librt-2.27.so
7f0c0e41b000-7f0c0e61a000 ---p 00007000 08:06 3937117                    /lib/x86_64-linux-gnu/librt-2.27.so
7f0c0e61a000-7f0c0e61b000 r--p 00006000 08:06 3937117                    /lib/x86_64-linux-gnu/librt-2.27.so
7f0c0e61b000-7f0c0e61c000 rw-p 00007000 08:06 3937117                    /lib/x86_64-linux-gnu/librt-2.27.so
7f0c0e61c000-7f0c0e7b9000 r-xp 00000000 08:06 3937039                    /lib/x86_64-linux-gnu/libm-2.27.so
7f0c0e7b9000-7f0c0e9b8000 ---p 0019d000 08:06 3937039                    /lib/x86_64-linux-gnu/libm-2.27.so
7f0c0e9b8000-7f0c0e9b9000 r--p 0019c000 08:06 3937039                    /lib/x86_64-linux-gnu/libm-2.27.so
7f0c0e9b9000-7f0c0e9ba000 rw-p 0019d000 08:06 3937039                    /lib/x86_64-linux-gnu/libm-2.27.so
7f0c0e9ba000-7f0c0f6a2000 r-xp 00000000 08:06 10888346                   /usr/lib/jvm/jdk1.8.0_201/jre/lib/amd64/server/libjvm.so
7f0c0f6a2000-7f0c0f8a1000 ---p 00ce8000 08:06 10888346                   /usr/lib/jvm/jdk1.8.0_201/jre/lib/amd64/server/libjvm.so
7f0c0f8a1000-7f0c0f937000 r--p 00ce7000 08:06 10888346                   /usr/lib/jvm/jdk1.8.0_201/jre/lib/amd64/server/libjvm.so
7f0c0f937000-7f0c0f968000 rw-p 00d7d000 08:06 10888346                   /usr/lib/jvm/jdk1.8.0_201/jre/lib/amd64/server/libjvm.so
7f0c0f968000-7f0c0f9a3000 rw-p 00000000 00:00 0 
7f0c0f9a3000-7f0c0fb8a000 r-xp 00000000 08:06 3936976                    /lib/x86_64-linux-gnu/libc-2.27.so
7f0c0fb8a000-7f0c0fd8a000 ---p 001e7000 08:06 3936976                    /lib/x86_64-linux-gnu/libc-2.27.so
7f0c0fd8a000-7f0c0fd8e000 r--p 001e7000 08:06 3936976                    /lib/x86_64-linux-gnu/libc-2.27.so
7f0c0fd8e000-7f0c0fd90000 rw-p 001eb000 08:06 3936976                    /lib/x86_64-linux-gnu/libc-2.27.so
7f0c0fd90000-7f0c0fd94000 rw-p 00000000 00:00 0 
7f0c0fd94000-7f0c0fd97000 r-xp 00000000 08:06 3936999                    /lib/x86_64-linux-gnu/libdl-2.27.so
7f0c0fd97000-7f0c0ff96000 ---p 00003000 08:06 3936999                    /lib/x86_64-linux-gnu/libdl-2.27.so
7f0c0ff96000-7f0c0ff97000 r--p 00002000 08:06 3936999                    /lib/x86_64-linux-gnu/libdl-2.27.so
7f0c0ff97000-7f0c0ff98000 rw-p 00003000 08:06 3936999                    /lib/x86_64-linux-gnu/libdl-2.27.so
7f0c0ff98000-7f0c0ffaf000 r-xp 00000000 08:06 9054391                    /usr/lib/jvm/jdk1.8.0_201/lib/amd64/jli/libjli.so
7f0c0ffaf000-7f0c101ae000 ---p 00017000 08:06 9054391                    /usr/lib/jvm/jdk1.8.0_201/lib/amd64/jli/libjli.so
7f0c101ae000-7f0c101af000 r--p 00016000 08:06 9054391                    /usr/lib/jvm/jdk1.8.0_201/lib/amd64/jli/libjli.so
7f0c101af000-7f0c101b0000 rw-p 00017000 08:06 9054391                    /usr/lib/jvm/jdk1.8.0_201/lib/amd64/jli/libjli.so
7f0c101b0000-7f0c101ca000 r-xp 00000000 08:06 3937109                    /lib/x86_64-linux-gnu/libpthread-2.27.so
7f0c101ca000-7f0c103c9000 ---p 0001a000 08:06 3937109                    /lib/x86_64-linux-gnu/libpthread-2.27.so
7f0c103c9000-7f0c103ca000 r--p 00019000 08:06 3937109                    /lib/x86_64-linux-gnu/libpthread-2.27.so
7f0c103ca000-7f0c103cb000 rw-p 0001a000 08:06 3937109                    /lib/x86_64-linux-gnu/libpthread-2.27.so
7f0c103cb000-7f0c103cf000 rw-p 00000000 00:00 0 
7f0c103cf000-7f0c103f6000 r-xp 00000000 08:06 3936948                    /lib/x86_64-linux-gnu/ld-2.27.so
7f0c103f6000-7f0c103f8000 r--s 00006000 08:06 131463                     /home/ermicho/.gradle/wrapper/dists/gradle-4.10.2-all/9fahxiiecdb76a5g3aw9oi8rv/gradle-4.10.2/lib/jsr305-2.0.1.jar
7f0c103f8000-7f0c103fb000 r--s 0001a000 08:06 131464                     /home/ermicho/.gradle/wrapper/dists/gradle-4.10.2-all/9fahxiiecdb76a5g3aw9oi8rv/gradle-4.10.2/lib/fastutil-7.2.1-min.jar
7f0c103fb000-7f0c103ff000 r--s 0002a000 08:06 131456                     /home/ermicho/.gradle/wrapper/dists/gradle-4.10.2-all/9fahxiiecdb76a5g3aw9oi8rv/gradle-4.10.2/lib/commons-io-2.4.jar
7f0c103ff000-7f0c1040c000 r--s 00068000 08:06 131428                     /home/ermicho/.gradle/wrapper/dists/gradle-4.10.2-all/9fahxiiecdb76a5g3aw9oi8rv/gradle-4.10.2/lib/gradle-launcher-4.10.2.jar
7f0c1040c000-7f0c104d7000 rw-p 00000000 00:00 0 
7f0c104d7000-7f0c104d8000 ---p 00000000 00:00 0 
7f0c104d8000-7f0c104db000 ---p 00000000 00:00 0 
7f0c104db000-7f0c105dc000 rw-p 00000000 00:00 0 
7f0c105dc000-7f0c105dd000 r--s 00000000 08:06 131465                     /home/ermicho/.gradle/wrapper/dists/gradle-4.10.2-all/9fahxiiecdb76a5g3aw9oi8rv/gradle-4.10.2/lib/jcip-annotations-1.0.jar
7f0c105dd000-7f0c105df000 r--s 0001a000 08:06 131455                     /home/ermicho/.gradle/wrapper/dists/gradle-4.10.2-all/9fahxiiecdb76a5g3aw9oi8rv/gradle-4.10.2/lib/asm-6.2.jar
7f0c105df000-7f0c105e0000 r--s 00009000 08:06 131461                     /home/ermicho/.gradle/wrapper/dists/gradle-4.10.2-all/9fahxiiecdb76a5g3aw9oi8rv/gradle-4.10.2/lib/slf4j-api-1.7.16.jar
7f0c105e0000-7f0c105e5000 r--s 00041000 08:06 131457                     /home/ermicho/.gradle/wrapper/dists/gradle-4.10.2-all/9fahxiiecdb76a5g3aw9oi8rv/gradle-4.10.2/lib/commons-lang-2.6.jar
7f0c105e5000-7f0c105e6000 r--s 00004000 08:06 131474                     /home/ermicho/.gradle/wrapper/dists/gradle-4.10.2-all/9fahxiiecdb76a5g3aw9oi8rv/gradle-4.10.2/lib/ant-launcher-1.9.11.jar
7f0c105e6000-7f0c105ea000 r--s 000a1000 08:06 10888039                   /usr/lib/jvm/jdk1.8.0_201/jre/lib/jsse.jar
7f0c105ea000-7f0c105ec000 r--s 0000c000 08:06 4234248                    /home/ermicho/projects/react-native/sidebar/android/gradle/wrapper/gradle-wrapper.jar
7f0c105ec000-7f0c105f4000 rw-s 00000000 08:06 13139590                   /tmp/hsperfdata_ermicho/19928
7f0c105f4000-7f0c105f5000 rw-p 00000000 00:00 0 
7f0c105f5000-7f0c105f6000 r--p 00000000 00:00 0 
7f0c105f6000-7f0c105f7000 r--p 00027000 08:06 3936948                    /lib/x86_64-linux-gnu/ld-2.27.so
7f0c105f7000-7f0c105f8000 rw-p 00028000 08:06 3936948                    /lib/x86_64-linux-gnu/ld-2.27.so
7f0c105f8000-7f0c105f9000 rw-p 00000000 00:00 0 
7ffee4513000-7ffee4536000 rw-p 00000000 00:00 0                          [stack]
7ffee45ee000-7ffee45f1000 r--p 00000000 00:00 0                          [vvar]
7ffee45f1000-7ffee45f3000 r-xp 00000000 00:00 0                          [vdso]
ffffffffff600000-ffffffffff601000 r-xp 00000000 00:00 0                  [vsyscall]

VM Arguments:
jvm_args: -Dorg.gradle.appname=gradlew 
java_command: org.gradle.wrapper.GradleWrapperMain app:installDebug
java_class_path (initial): /home/ermicho/projects/react-native/sidebar/android/gradle/wrapper/gradle-wrapper.jar
Launcher Type: SUN_STANDARD

Environment Variables:
JAVA_HOME=/usr/lib/jvm/jdk1.8.0_201
PATH=/home/ermicho/projects/react-native/sidebar/node_modules/.bin:/usr/local/lib/node_modules/npm/node_modules/npm-lifecycle/node-gyp-bin:/home/ermicho/projects/react-native/sidebar/node_modules/.bin:/usr/local/sbin:/usr/local/bin:/usr/sbin:/usr/bin:/sbin:/bin:/usr/games:/usr/local/games:/snap/bin:/home/ermicho/Android/Sdk/tools:/home/ermicho/Android/Sdk/tools/bin:/home/ermicho/Android/Sdk/platform-tools:/home/ermicho/Android/Sdk/emulator:/home/ermicho/Android/Sdk/tools/bin:/home/ermicho/Android/Sdk/platform-tools
USERNAME=ermicho
SHELL=/bin/bash
DISPLAY=:0

Signal Handlers:
SIGSEGV: [libjvm.so+0xad3e60], sa_mask[0]=11111111011111111101111111111110, sa_flags=SA_RESTART|SA_SIGINFO
SIGBUS: [libjvm.so+0xad3e60], sa_mask[0]=11111111011111111101111111111110, sa_flags=SA_RESTART|SA_SIGINFO
SIGFPE: [libjvm.so+0x90b880], sa_mask[0]=11111111011111111101111111111110, sa_flags=SA_RESTART|SA_SIGINFO
SIGPIPE: [libjvm.so+0x90b880], sa_mask[0]=11111111011111111101111111111110, sa_flags=SA_RESTART|SA_SIGINFO
SIGXFSZ: [libjvm.so+0x90b880], sa_mask[0]=11111111011111111101111111111110, sa_flags=SA_RESTART|SA_SIGINFO
SIGILL: [libjvm.so+0x90b880], sa_mask[0]=11111111011111111101111111111110, sa_flags=SA_RESTART|SA_SIGINFO
SIGUSR1: SIG_DFL, sa_mask[0]=00000000000000000000000000000000, sa_flags=none
SIGUSR2: [libjvm.so+0x90b750], sa_mask[0]=00000000000000000000000000000000, sa_flags=SA_RESTART|SA_SIGINFO
SIGHUP: [libjvm.so+0x90bd70], sa_mask[0]=11111111011111111101111111111110, sa_flags=SA_RESTART|SA_SIGINFO
SIGINT: [libjvm.so+0x90bd70], sa_mask[0]=11111111011111111101111111111110, sa_flags=SA_RESTART|SA_SIGINFO
SIGTERM: [libjvm.so+0x90bd70], sa_mask[0]=11111111011111111101111111111110, sa_flags=SA_RESTART|SA_SIGINFO
SIGQUIT: [libjvm.so+0x90bd70], sa_mask[0]=11111111011111111101111111111110, sa_flags=SA_RESTART|SA_SIGINFO


---------------  S Y S T E M  ---------------

OS:DISTRIB_ID=Ubuntu
DISTRIB_RELEASE=18.04
DISTRIB_CODENAME=bionic
DISTRIB_DESCRIPTION="Ubuntu 18.04.2 LTS"

uname:Linux 4.15.0-46-generic #49-Ubuntu SMP Wed Feb 6 09:33:07 UTC 2019 x86_64
libc:glibc 2.27 NPTL 2.27 
rlimit: STACK 8192k, CORE 0k, NPROC 30710, NOFILE 4096, AS infinity
load average:2.97 2.63 2.38

/proc/meminfo:
MemTotal:        8021540 kB
MemFree:          136628 kB
MemAvailable:    1707136 kB
Buffers:           22376 kB
Cached:          2192032 kB
SwapCached:            8 kB
Active:          5593204 kB
Inactive:        1776064 kB
Active(anon):    4755968 kB
Inactive(anon):   907004 kB
Active(file):     837236 kB
Inactive(file):   869060 kB
Unevictable:         344 kB
Mlocked:             344 kB
SwapTotal:       2097148 kB
SwapFree:        2095868 kB
Dirty:            149784 kB
Writeback:             0 kB
AnonPages:       5155340 kB
Mapped:          1387012 kB
Shmem:            552896 kB
Slab:             262456 kB
SReclaimable:     172040 kB
SUnreclaim:        90416 kB
KernelStack:       26960 kB
PageTables:       104616 kB
NFS_Unstable:          0 kB
Bounce:                0 kB
WritebackTmp:          0 kB
CommitLimit:     6107916 kB
Committed_AS:   18650148 kB
VmallocTotal:   34359738367 kB
VmallocUsed:           0 kB
VmallocChunk:          0 kB
HardwareCorrupted:     0 kB
AnonHugePages:         0 kB
ShmemHugePages:        0 kB
ShmemPmdMapped:        0 kB
CmaTotal:              0 kB
CmaFree:               0 kB
HugePages_Total:       0
HugePages_Free:        0
HugePages_Rsvd:        0
HugePages_Surp:        0
Hugepagesize:       2048 kB
DirectMap4k:      343492 kB
DirectMap2M:     7899136 kB
DirectMap1G:     1048576 kB

container (cgroup) information:
container_type: cgroupv1
cpu_cpuset_cpus: 0-7
cpu_memory_nodes: 0
active_processor_count: 8
cpu_quota: -1
cpu_period: 100000
cpu_shares: -1
memory_limit_in_bytes: -1
memory_and_swap_limit_in_bytes: -2
memory_soft_limit_in_bytes: -1
memory_usage_in_bytes: 7547293696
memory_max_usage_in_bytes: 85811200


CPU:total 8 (initial active 8) (4 cores per cpu, 2 threads per core) family 6 model 142 stepping 10, cmov, cx8, fxsr, mmx, sse, sse2, sse3, ssse3, sse4.1, sse4.2, popcnt, avx, avx2, aes, clmul, erms, 3dnowpref, lzcnt, ht, tsc, tscinvbit, bmi1, bmi2, adx

/proc/cpuinfo:
processor	: 0
vendor_id	: GenuineIntel
cpu family	: 6
model		: 142
model name	: Intel(R) Core(TM) i7-8550U CPU @ 1.80GHz
stepping	: 10
microcode	: 0x96
cpu MHz		: 3212.314
cache size	: 8192 KB
physical id	: 0
siblings	: 8
core id		: 0
cpu cores	: 4
apicid		: 0
initial apicid	: 0
fpu		: yes
fpu_exception	: yes
cpuid level	: 22
wp		: yes
flags		: fpu vme de pse tsc msr pae mce cx8 apic sep mtrr pge mca cmov pat pse36 clflush dts acpi mmx fxsr sse sse2 ss ht tm pbe syscall nx pdpe1gb rdtscp lm constant_tsc art arch_perfmon pebs bts rep_good nopl xtopology nonstop_tsc cpuid aperfmperf tsc_known_freq pni pclmulqdq dtes64 monitor ds_cpl vmx est tm2 ssse3 sdbg fma cx16 xtpr pdcm pcid sse4_1 sse4_2 x2apic movbe popcnt tsc_deadline_timer aes xsave avx f16c rdrand lahf_lm abm 3dnowprefetch cpuid_fault epb invpcid_single pti ssbd ibrs ibpb stibp tpr_shadow vnmi flexpriority ept vpid fsgsbase tsc_adjust bmi1 avx2 smep bmi2 erms invpcid mpx rdseed adx smap clflushopt intel_pt xsaveopt xsavec xgetbv1 xsaves dtherm ida arat pln pts hwp hwp_notify hwp_act_window hwp_epp flush_l1d
bugs		: cpu_meltdown spectre_v1 spectre_v2 spec_store_bypass l1tf
bogomips	: 3984.00
clflush size	: 64
cache_alignment	: 64
address sizes	: 39 bits physical, 48 bits virtual
power management:

processor	: 1
vendor_id	: GenuineIntel
cpu family	: 6
model		: 142
model name	: Intel(R) Core(TM) i7-8550U CPU @ 1.80GHz
stepping	: 10
microcode	: 0x96
cpu MHz		: 3213.862
cache size	: 8192 KB
physical id	: 0
siblings	: 8
core id		: 1
cpu cores	: 4
apicid		: 2
initial apicid	: 2
fpu		: yes
fpu_exception	: yes
cpuid level	: 22
wp		: yes
flags		: fpu vme de pse tsc msr pae mce cx8 apic sep mtrr pge mca cmov pat pse36 clflush dts acpi mmx fxsr sse sse2 ss ht tm pbe syscall nx pdpe1gb rdtscp lm constant_tsc art arch_perfmon pebs bts rep_good nopl xtopology nonstop_tsc cpuid aperfmperf tsc_known_freq pni pclmulqdq dtes64 monitor ds_cpl vmx est tm2 ssse3 sdbg fma cx16 xtpr pdcm pcid sse4_1 sse4_2 x2apic movbe popcnt tsc_deadline_timer aes xsave avx f16c rdrand lahf_lm abm 3dnowprefetch cpuid_fault epb invpcid_single pti ssbd ibrs ibpb stibp tpr_shadow vnmi flexpriority ept vpid fsgsbase tsc_adjust bmi1 avx2 smep bmi2 erms invpcid mpx rdseed adx smap clflushopt intel_pt xsaveopt xsavec xgetbv1 xsaves dtherm ida arat pln pts hwp hwp_notify hwp_act_window hwp_epp flush_l1d
bugs		: cpu_meltdown spectre_v1 spectre_v2 spec_store_bypass l1tf
bogomips	: 3984.00
clflush size	: 64
cache_alignment	: 64
address sizes	: 39 bits physical, 48 bits virtual
power management:

processor	: 2
vendor_id	: GenuineIntel
cpu family	: 6
model		: 142
model name	: Intel(R) Core(TM) i7-8550U CPU @ 1.80GHz
stepping	: 10
microcode	: 0x96
cpu MHz		: 3211.064
cache size	: 8192 KB
physical id	: 0
siblings	: 8
core id		: 2
cpu cores	: 4
apicid		: 4
initial apicid	: 4
fpu		: yes
fpu_exception	: yes
cpuid level	: 22
wp		: yes
flags		: fpu vme de pse tsc msr pae mce cx8 apic sep mtrr pge mca cmov pat pse36 clflush dts acpi mmx fxsr sse sse2 ss ht tm pbe syscall nx pdpe1gb rdtscp lm constant_tsc art arch_perfmon pebs bts rep_good nopl xtopology nonstop_tsc cpuid aperfmperf tsc_known_freq pni pclmulqdq dtes64 monitor ds_cpl vmx est tm2 ssse3 sdbg fma cx16 xtpr pdcm pcid sse4_1 sse4_2 x2apic movbe popcnt tsc_deadline_timer aes xsave avx f16c rdrand lahf_lm abm 3dnowprefetch cpuid_fault epb invpcid_single pti ssbd ibrs ibpb stibp tpr_shadow vnmi flexpriority ept vpid fsgsbase tsc_adjust bmi1 avx2 smep bmi2 erms invpcid mpx rdseed adx smap clflushopt intel_pt xsaveopt xsavec xgetbv1 xsaves dtherm ida arat pln pts hwp hwp_notify hwp_act_window hwp_epp flush_l1d
bugs		: cpu_meltdown spectre_v1 spectre_v2 spec_store_bypass l1tf
bogomips	: 3984.00
clflush size	: 64
cache_alignment	: 64
address sizes	: 39 bits physical, 48 bits virtual
power management:

processor	: 3
vendor_id	: GenuineIntel
cpu family	: 6
model		: 142
model name	: Intel(R) Core(TM) i7-8550U CPU @ 1.80GHz
stepping	: 10
microcode	: 0x96
cpu MHz		: 3200.980
cache size	: 8192 KB
physical id	: 0
siblings	: 8
core id		: 3
cpu cores	: 4
apicid		: 6
initial apicid	: 6
fpu		: yes
fpu_exception	: yes
cpuid level	: 22
wp		: yes
flags		: fpu vme de pse tsc msr pae mce cx8 apic sep mtrr pge mca cmov pat pse36 clflush dts acpi mmx fxsr sse sse2 ss ht tm pbe syscall nx pdpe1gb rdtscp lm constant_tsc art arch_perfmon pebs bts rep_good nopl xtopology nonstop_tsc cpuid aperfmperf tsc_known_freq pni pclmulqdq dtes64 monitor ds_cpl vmx est tm2 ssse3 sdbg fma cx16 xtpr pdcm pcid sse4_1 sse4_2 x2apic movbe popcnt tsc_deadline_timer aes xsave avx f16c rdrand lahf_lm abm 3dnowprefetch cpuid_fault epb invpcid_single pti ssbd ibrs ibpb stibp tpr_shadow vnmi flexpriority ept vpid fsgsbase tsc_adjust bmi1 avx2 smep bmi2 erms invpcid mpx rdseed adx smap clflushopt intel_pt xsaveopt xsavec xgetbv1 xsaves dtherm ida arat pln pts hwp hwp_notify hwp_act_window hwp_epp flush_l1d
bugs		: cpu_meltdown spectre_v1 spectre_v2 spec_store_bypass l1tf
bogomips	: 3984.00
clflush size	: 64
cache_alignment	: 64
address sizes	: 39 bits physical, 48 bits virtual
power management:

processor	: 4
vendor_id	: GenuineIntel
cpu family	: 6
model		: 142
model name	: Intel(R) Core(TM) i7-8550U CPU @ 1.80GHz
stepping	: 10
microcode	: 0x96
cpu MHz		: 3216.836
cache size	: 8192 KB
physical id	: 0
siblings	: 8
core id		: 0
cpu cores	: 4
apicid		: 1
initial apicid	: 1
fpu		: yes
fpu_exception	: yes
cpuid level	: 22
wp		: yes
flags		: fpu vme de pse tsc msr pae mce cx8 apic sep mtrr pge mca cmov pat pse36 clflush dts acpi mmx fxsr sse sse2 ss ht tm pbe syscall nx pdpe1gb rdtscp lm constant_tsc art arch_perfmon pebs bts rep_good nopl xtopology nonstop_tsc cpuid aperfmperf tsc_known_freq pni pclmulqdq dtes64 monitor ds_cpl vmx est tm2 ssse3 sdbg fma cx16 xtpr pdcm pcid sse4_1 sse4_2 x2apic movbe popcnt tsc_deadline_timer aes xsave avx f16c rdrand lahf_lm abm 3dnowprefetch cpuid_fault epb invpcid_single pti ssbd ibrs ibpb stibp tpr_shadow vnmi flexpriority ept vpid fsgsbase tsc_adjust bmi1 avx2 smep bmi2 erms invpcid mpx rdseed adx smap clflushopt intel_pt xsaveopt xsavec xgetbv1 xsaves dtherm ida arat pln pts hwp hwp_notify hwp_act_window hwp_epp flush_l1d
bugs		: cpu_meltdown spectre_v1 spectre_v2 spec_store_bypass l1tf
bogomips	: 3984.00
clflush size	: 64
cache_alignment	: 64
address sizes	: 39 bits physical, 48 bits virtual
power management:

processor	: 5
vendor_id	: GenuineIntel
cpu family	: 6
model		: 142
model name	: Intel(R) Core(TM) i7-8550U CPU @ 1.80GHz
stepping	: 10
microcode	: 0x96
cpu MHz		: 3218.986
cache size	: 8192 KB
physical id	: 0
siblings	: 8
core id		: 1
cpu cores	: 4
apicid		: 3
initial apicid	: 3
fpu		: yes
fpu_exception	: yes
cpuid level	: 22
wp		: yes
flags		: fpu vme de pse tsc msr pae mce cx8 apic sep mtrr pge mca cmov pat pse36 clflush dts acpi mmx fxsr sse sse2 ss ht tm pbe syscall nx pdpe1gb rdtscp lm constant_tsc art arch_perfmon pebs bts rep_good nopl xtopology nonstop_tsc cpuid aperfmperf tsc_known_freq pni pclmulqdq dtes64 monitor ds_cpl vmx est tm2 ssse3 sdbg fma cx16 xtpr pdcm pcid sse4_1 sse4_2 x2apic movbe popcnt tsc_deadline_timer aes xsave avx f16c rdrand lahf_lm abm 3dnowprefetch cpuid_fault epb invpcid_single pti ssbd ibrs ibpb stibp tpr_shadow vnmi flexpriority ept vpid fsgsbase tsc_adjust bmi1 avx2 smep bmi2 erms invpcid mpx rdseed adx smap clflushopt intel_pt xsaveopt xsavec xgetbv1 xsaves dtherm ida arat pln pts hwp hwp_notify hwp_act_window hwp_epp flush_l1d
bugs		: cpu_meltdown spectre_v1 spectre_v2 spec_store_bypass l1tf
bogomips	: 3984.00
clflush size	: 64
cache_alignment	: 64
address sizes	: 39 bits physical, 48 bits virtual
power management:

processor	: 6
vendor_id	: GenuineIntel
cpu family	: 6
model		: 142
model name	: Intel(R) Core(TM) i7-8550U CPU @ 1.80GHz
stepping	: 10
microcode	: 0x96
cpu MHz		: 3216.039
cache size	: 8192 KB
physical id	: 0
siblings	: 8
core id		: 2
cpu cores	: 4
apicid		: 5
initial apicid	: 5
fpu		: yes
fpu_exception	: yes
cpuid level	: 22
wp		: yes
flags		: fpu vme de pse tsc msr pae mce cx8 apic sep mtrr pge mca cmov pat pse36 clflush dts acpi mmx fxsr sse sse2 ss ht tm pbe syscall nx pdpe1gb rdtscp lm constant_tsc art arch_perfmon pebs bts rep_good nopl xtopology nonstop_tsc cpuid aperfmperf tsc_known_freq pni pclmulqdq dtes64 monitor ds_cpl vmx est tm2 ssse3 sdbg fma cx16 xtpr pdcm pcid sse4_1 sse4_2 x2apic movbe popcnt tsc_deadline_timer aes xsave avx f16c rdrand lahf_lm abm 3dnowprefetch cpuid_fault epb invpcid_single pti ssbd ibrs ibpb stibp tpr_shadow vnmi flexpriority ept vpid fsgsbase tsc_adjust bmi1 avx2 smep bmi2 erms invpcid mpx rdseed adx smap clflushopt intel_pt xsaveopt xsavec xgetbv1 xsaves dtherm ida arat pln pts hwp hwp_notify hwp_act_window hwp_epp flush_l1d
bugs		: cpu_meltdown spectre_v1 spectre_v2 spec_store_bypass l1tf
bogomips	: 3984.00
clflush size	: 64
cache_alignment	: 64
address sizes	: 39 bits physical, 48 bits virtual
power management:

processor	: 7
vendor_id	: GenuineIntel
cpu family	: 6
model		: 142
model name	: Intel(R) Core(TM) i7-8550U CPU @ 1.80GHz
stepping	: 10
microcode	: 0x96
cpu MHz		: 3215.708
cache size	: 8192 KB
physical id	: 0
siblings	: 8
core id		: 3
cpu cores	: 4
apicid		: 7
initial apicid	: 7
fpu		: yes
fpu_exception	: yes
cpuid level	: 22
wp		: yes
flags		: fpu vme de pse tsc msr pae mce cx8 apic sep mtrr pge mca cmov pat pse36 clflush dts acpi mmx fxsr sse sse2 ss ht tm pbe syscall nx pdpe1gb rdtscp lm constant_tsc art arch_perfmon pebs bts rep_good nopl xtopology nonstop_tsc cpuid aperfmperf tsc_known_freq pni pclmulqdq dtes64 monitor ds_cpl vmx est tm2 ssse3 sdbg fma cx16 xtpr pdcm pcid sse4_1 sse4_2 x2apic movbe popcnt tsc_deadline_timer aes xsave avx f16c rdrand lahf_lm abm 3dnowprefetch cpuid_fault epb invpcid_single pti ssbd ibrs ibpb stibp tpr_shadow vnmi flexpriority ept vpid fsgsbase tsc_adjust bmi1 avx2 smep bmi2 erms invpcid mpx rdseed adx smap clflushopt intel_pt xsaveopt xsavec xgetbv1 xsaves dtherm ida arat pln pts hwp hwp_notify hwp_act_window hwp_epp flush_l1d
bugs		: cpu_meltdown spectre_v1 spectre_v2 spec_store_bypass l1tf
bogomips	: 3984.00
clflush size	: 64
cache_alignment	: 64
address sizes	: 39 bits physical, 48 bits virtual
power management:



Memory: 4k page, physical 8021540k(134560k free), swap 2097148k(2095868k free)

vm_info: Java HotSpot(TM) 64-Bit Server VM (25.201-b09) for linux-amd64 JRE (1.8.0_201-b09), built on Dec 15 2018 11:35:59 by "java_re" with gcc 7.3.0

time: Sat Mar 16 12:43:32 2019
timezone: IST
elapsed time: 1 seconds (0d 0h 0m 1s)

