#
# A fatal error has been detected by the Java Runtime Environment:
#
#  SIGSEGV (0xb) at pc=0x00007fd6ca5f7783, pid=29686, tid=0x00007fd6cb90ab80
#
# JRE version: Java(TM) SE Runtime Environment (8.0_201-b09) (build 1.8.0_201-b09)
# Java VM: Java HotSpot(TM) 64-Bit Server VM (25.201-b09 mixed mode linux-amd64 compressed oops)
# Problematic frame:
# V  [libjvm.so+0x90b783]  SR_handler(int, siginfo*, ucontext*)+0x33
#
# Failed to write core dump. Core dumps have been disabled. To enable core dumping, try "ulimit -c unlimited" before starting Java again
#
# If you would like to submit a bug report, please visit:
#   http://bugreport.java.com/bugreport/crash.jsp
#

---------------  T H R E A D  ---------------

Current thread is native thread

siginfo: si_signo: 11 (SIGSEGV), si_code: 1 (SEGV_MAPERR), si_addr: 0x0000000000000128

Registers:
RAX=0x0000000000000000, RBX=0x00007fd6cb909700, RCX=0x00007fd6cb4ead2d, RDX=0x00007fd6cb90aea0
RSP=0x00007fff0633c080, RBP=0x00007fff0633c130, RSI=0x00007fff0633c270, RDI=0x0000000000000001
R8 =0x00000000000000ca, R9 =0x00007fd6cb9099d0, R10=0x0000000000000000, R11=0x0000000000000246
R12=0x00007fd6cb90ab00, R13=0x0000000000000002, R14=0x00007fff0633c270, R15=0x00007fff0633c140
RIP=0x00007fd6ca5f7783, EFLAGS=0x0000000000010246, CSGSFS=0x002b000000000033, ERR=0x0000000000000004
  TRAPNO=0x000000000000000e

Top of Stack: (sp=0x00007fff0633c080)
0x00007fff0633c080:   0000000000000000 0000000000000000
0x00007fff0633c090:   00007fff0633c260 0000000000000000
0x00007fff0633c0a0:   00007fd600000000 ffffffffffffff80
0x00007fff0633c0b0:   00007fffffffffff 0000000100000001
0x00007fff0633c0c0:   00007fd6cb0c1560 00007fff00000043
0x00007fff0633c0d0:   00007fd600000000 00007fff00000000
0x00007fff0633c0e0:   00007fff0633c340 00007fff0633c284
0x00007fff0633c0f0:   00007fd6cb4f4840 00007fff0633c6e0
0x00007fff0633c100:   00007fff00000000 00007fd6cb909700
0x00007fff0633c110:   0000000000000000 00007fff0633c7e0
0x00007fff0633c120:   0000000000000000 0000000000000001
0x00007fff0633c130:   00007fff0633c848 00007fd6cb4f4890
0x00007fff0633c140:   0000000000000007 0000000000000000
0x00007fff0633c150:   0000000000000000 00007fd600000002
0x00007fff0633c160:   0000000000000000 00000000000000ca
0x00007fff0633c170:   00007fd6cb9099d0 0000000000000000
0x00007fff0633c180:   0000000000000246 0000000000000000
0x00007fff0633c190:   00007fff0633c7e0 0000000000000000
0x00007fff0633c1a0:   0000000000000001 00007fd6cb9099d0
0x00007fff0633c1b0:   0000000000000000 00007fff0633c848
0x00007fff0633c1c0:   00007fd6cb909700 00000000000073f8
0x00007fff0633c1d0:   00000000000000ca 00007fd6cb4ead2d
0x00007fff0633c1e0:   00007fff0633c7d0 00007fd6cb4ead2b
0x00007fff0633c1f0:   0000000000000246 002b000000000033
0x00007fff0633c200:   0000000000000004 000000000000000e
0x00007fff0633c210:   0000000000000004 0000000000000008
0x00007fff0633c220:   00007fff0633c300 00007fd6cb92a170
0x00007fff0633c230:   0000000000000000 00007fd6cb70bf5f
0x00007fff0633c240:   00007fd6cb90c000 00007fd6cb70c1ef
0x00007fff0633c250:   0000000000000004 00007fd6cb4e4f58
0x00007fff0633c260:   000000000017501c 0000000000000004
0x00007fff0633c270:   000000000000000c 00007fd600000000 

Instructions: (pc=0x00007fd6ca5f7783)
0x00007fd6ca5f7763:   48 81 ec 88 00 00 00 e8 81 1d 8f ff 44 8b 28 49
0x00007fd6ca5f7773:   89 c4 48 8d 05 2c 61 68 00 8b 38 e8 15 2c 8f ff
0x00007fd6ca5f7783:   48 8b 98 28 01 00 00 8b 83 a8 00 00 00 83 f8 01
0x00007fd6ca5f7793:   74 1b 45 89 2c 24 48 81 c4 88 00 00 00 5b 41 5c 

Register to memory mapping:

RAX=0x0000000000000000 is an unknown value
RBX=0x00007fd6cb909700 is pointing into the stack for thread: 0x00007fd6c400b800
RCX=0x00007fd6cb4ead2d: <offset 0x8d2d> in /lib/x86_64-linux-gnu/libpthread.so.0 at 0x00007fd6cb4e2000
RDX=0x00007fd6cb90aea0 is an unknown value
RSP=0x00007fff0633c080 is an unknown value
RBP=0x00007fff0633c130 is an unknown value
RSI=0x00007fff0633c270 is an unknown value
RDI=0x0000000000000001 is an unknown value
R8 =0x00000000000000ca is an unknown value
R9 =0x00007fd6cb9099d0 is pointing into the stack for thread: 0x00007fd6c400b800
R10=0x0000000000000000 is an unknown value
R11=0x0000000000000246 is an unknown value
R12=0x00007fd6cb90ab00 is an unknown value
R13=0x0000000000000002 is an unknown value
R14=0x00007fff0633c270 is an unknown value
R15=0x00007fff0633c140 is an unknown value


Stack: [0x00007fff06245000,0x00007fff06345000],  sp=0x00007fff0633c080,  free space=988k
Native frames: (J=compiled Java code, j=interpreted, Vv=VM code, C=native code)
V  [libjvm.so+0x90b783]  SR_handler(int, siginfo*, ucontext*)+0x33
C  [libpthread.so.0+0x12890]


---------------  P R O C E S S  ---------------

VM state:not at safepoint (normal execution)

VM Mutex/Monitor currently owned by a thread: None

heap address: 0x00000000c0000000, size: 1024 MB, Compressed Oops mode: 32-bit
Narrow klass base: 0x0000000000000000, Narrow klass shift: 3
Compressed class space size: 1073741824 Address: 0x0000000100000000

Heap:
 PSYoungGen      total 68608K, used 22604K [0x00000000eab00000, 0x00000000f3100000, 0x0000000100000000)
  eden space 63488K, 27% used [0x00000000eab00000,0x00000000ebc17388,0x00000000ee900000)
  from space 5120K, 99% used [0x00000000ee900000,0x00000000eedfc010,0x00000000eee00000)
  to   space 5120K, 0% used [0x00000000f2c00000,0x00000000f2c00000,0x00000000f3100000)
 ParOldGen       total 84992K, used 5331K [0x00000000c0000000, 0x00000000c5300000, 0x00000000eab00000)
  object space 84992K, 6% used [0x00000000c0000000,0x00000000c0534fc8,0x00000000c5300000)
 Metaspace       used 17396K, capacity 17722K, committed 17920K, reserved 1064960K
  class space    used 2584K, capacity 2737K, committed 2816K, reserved 1048576K

Card table byte_map: [0x00007fd6c82e9000,0x00007fd6c84ea000] byte_map_base: 0x00007fd6c7ce9000

Marking Bits: (ParMarkBitMap*) 0x00007fd6cacb7d80
 Begin Bits: [0x00007fd6ae000000, 0x00007fd6af000000)
 End Bits:   [0x00007fd6af000000, 0x00007fd6b0000000)

Polling page: 0x00007fd6cb927000

CodeCache: size=245760Kb used=5017Kb max_used=5067Kb free=240742Kb
 bounds [0x00007fd6b5000000, 0x00007fd6b5500000, 0x00007fd6c4000000]
 total_blobs=1852 nmethods=1464 adapters=301
 compilation: enabled

Compilation events (10 events):
Event: 1.912 Thread 0x00007fd6c40c8800 nmethod 1455 0x00007fd6b54c5a10 code [0x00007fd6b54c5b80, 0x00007fd6b54c5d50]
Event: 1.912 Thread 0x00007fd6c40c8800 1460       1       org.gradle.api.internal.AbstractClassGenerator$PropertyMetaData::getName (5 bytes)
Event: 1.912 Thread 0x00007fd6c40c8800 nmethod 1460 0x00007fd6b54bab90 code [0x00007fd6b54bace0, 0x00007fd6b54badf0]
Event: 1.912 Thread 0x00007fd6c40c8800 1461       3       org.objectweb.asm.Label::<init> (5 bytes)
Event: 1.912 Thread 0x00007fd6c40c8800 nmethod 1461 0x00007fd6b54c5e10 code [0x00007fd6b54c5f80, 0x00007fd6b54c6130]
Event: 1.912 Thread 0x00007fd6c40c8800 1463       3       java.lang.StringBuilder::append (10 bytes)
Event: 1.912 Thread 0x00007fd6c40c8800 nmethod 1463 0x00007fd6b54c61d0 code [0x00007fd6b54c6340, 0x00007fd6b54c64c8]
Event: 1.915 Thread 0x00007fd6c40c8800 1464       3       java.util.regex.Pattern$Branch::match (66 bytes)
Event: 1.916 Thread 0x00007fd6c40c8800 nmethod 1464 0x00007fd6b54c6a50 code [0x00007fd6b54c6c00, 0x00007fd6b54c70d8]
Event: 1.934 Thread 0x00007fd6c40c7000 nmethod 1202 0x00007fd6b54d3f90 code [0x00007fd6b54d4d00, 0x00007fd6b54e0f08]

GC Heap History (6 events):
Event: 0.442 GC heap before
{Heap before GC invocations=1 (full 0):
 PSYoungGen      total 36864K, used 31744K [0x00000000eab00000, 0x00000000ed400000, 0x0000000100000000)
  eden space 31744K, 100% used [0x00000000eab00000,0x00000000eca00000,0x00000000eca00000)
  from space 5120K, 0% used [0x00000000ecf00000,0x00000000ecf00000,0x00000000ed400000)
  to   space 5120K, 0% used [0x00000000eca00000,0x00000000eca00000,0x00000000ecf00000)
 ParOldGen       total 84992K, used 0K [0x00000000c0000000, 0x00000000c5300000, 0x00000000eab00000)
  object space 84992K, 0% used [0x00000000c0000000,0x00000000c0000000,0x00000000c5300000)
 Metaspace       used 6754K, capacity 6864K, committed 7168K, reserved 1056768K
  class space    used 851K, capacity 908K, committed 1024K, reserved 1048576K
Event: 0.447 GC heap after
Heap after GC invocations=1 (full 0):
 PSYoungGen      total 36864K, used 4118K [0x00000000eab00000, 0x00000000ef300000, 0x0000000100000000)
  eden space 31744K, 0% used [0x00000000eab00000,0x00000000eab00000,0x00000000eca00000)
  from space 5120K, 80% used [0x00000000eca00000,0x00000000ece05908,0x00000000ecf00000)
  to   space 5120K, 0% used [0x00000000eee00000,0x00000000eee00000,0x00000000ef300000)
 ParOldGen       total 84992K, used 8K [0x00000000c0000000, 0x00000000c5300000, 0x00000000eab00000)
  object space 84992K, 0% used [0x00000000c0000000,0x00000000c0002000,0x00000000c5300000)
 Metaspace       used 6754K, capacity 6864K, committed 7168K, reserved 1056768K
  class space    used 851K, capacity 908K, committed 1024K, reserved 1048576K
}
Event: 0.936 GC heap before
{Heap before GC invocations=2 (full 0):
 PSYoungGen      total 36864K, used 35862K [0x00000000eab00000, 0x00000000ef300000, 0x0000000100000000)
  eden space 31744K, 100% used [0x00000000eab00000,0x00000000eca00000,0x00000000eca00000)
  from space 5120K, 80% used [0x00000000eca00000,0x00000000ece05908,0x00000000ecf00000)
  to   space 5120K, 0% used [0x00000000eee00000,0x00000000eee00000,0x00000000ef300000)
 ParOldGen       total 84992K, used 8K [0x00000000c0000000, 0x00000000c5300000, 0x00000000eab00000)
  object space 84992K, 0% used [0x00000000c0000000,0x00000000c0002000,0x00000000c5300000)
 Metaspace       used 9971K, capacity 10244K, committed 10496K, reserved 1058816K
  class space    used 1370K, capacity 1454K, committed 1536K, reserved 1048576K
Event: 0.942 GC heap after
Heap after GC invocations=2 (full 0):
 PSYoungGen      total 68608K, used 5112K [0x00000000eab00000, 0x00000000ef300000, 0x0000000100000000)
  eden space 63488K, 0% used [0x00000000eab00000,0x00000000eab00000,0x00000000ee900000)
  from space 5120K, 99% used [0x00000000eee00000,0x00000000ef2fe1a0,0x00000000ef300000)
  to   space 5120K, 0% used [0x00000000ee900000,0x00000000ee900000,0x00000000eee00000)
 ParOldGen       total 84992K, used 29K [0x00000000c0000000, 0x00000000c5300000, 0x00000000eab00000)
  object space 84992K, 0% used [0x00000000c0000000,0x00000000c00077f0,0x00000000c5300000)
 Metaspace       used 9971K, capacity 10244K, committed 10496K, reserved 1058816K
  class space    used 1370K, capacity 1454K, committed 1536K, reserved 1048576K
}
Event: 1.600 GC heap before
{Heap before GC invocations=3 (full 0):
 PSYoungGen      total 68608K, used 68600K [0x00000000eab00000, 0x00000000ef300000, 0x0000000100000000)
  eden space 63488K, 100% used [0x00000000eab00000,0x00000000ee900000,0x00000000ee900000)
  from space 5120K, 99% used [0x00000000eee00000,0x00000000ef2fe1a0,0x00000000ef300000)
  to   space 5120K, 0% used [0x00000000ee900000,0x00000000ee900000,0x00000000eee00000)
 ParOldGen       total 84992K, used 29K [0x00000000c0000000, 0x00000000c5300000, 0x00000000eab00000)
  object space 84992K, 0% used [0x00000000c0000000,0x00000000c00077f0,0x00000000c5300000)
 Metaspace       used 15710K, capacity 16020K, committed 16384K, reserved 1062912K
  class space    used 2327K, capacity 2448K, committed 2560K, reserved 1048576K
Event: 1.633 GC heap after
Heap after GC invocations=3 (full 0):
 PSYoungGen      total 68608K, used 5104K [0x00000000eab00000, 0x00000000f3100000, 0x0000000100000000)
  eden space 63488K, 0% used [0x00000000eab00000,0x00000000eab00000,0x00000000ee900000)
  from space 5120K, 99% used [0x00000000ee900000,0x00000000eedfc010,0x00000000eee00000)
  to   space 5120K, 0% used [0x00000000f2c00000,0x00000000f2c00000,0x00000000f3100000)
 ParOldGen       total 84992K, used 5331K [0x00000000c0000000, 0x00000000c5300000, 0x00000000eab00000)
  object space 84992K, 6% used [0x00000000c0000000,0x00000000c0534fc8,0x00000000c5300000)
 Metaspace       used 15710K, capacity 16020K, committed 16384K, reserved 1062912K
  class space    used 2327K, capacity 2448K, committed 2560K, reserved 1048576K
}

Deoptimization events (10 events):
Event: 1.003 Thread 0x00007fd65400a800 Uncommon trap: reason=bimorphic action=maybe_recompile pc=0x00007fd6b5267748 method=java.util.HashMap.putVal(ILjava/lang/Object;Ljava/lang/Object;ZZ)Ljava/lang/Object; @ 203
Event: 1.003 Thread 0x00007fd65400a800 Uncommon trap: reason=bimorphic action=maybe_recompile pc=0x00007fd6b5267748 method=java.util.HashMap.putVal(ILjava/lang/Object;Ljava/lang/Object;ZZ)Ljava/lang/Object; @ 203
Event: 1.003 Thread 0x00007fd65400a800 Uncommon trap: reason=bimorphic action=maybe_recompile pc=0x00007fd6b5267748 method=java.util.HashMap.putVal(ILjava/lang/Object;Ljava/lang/Object;ZZ)Ljava/lang/Object; @ 203
Event: 1.243 Thread 0x00007fd65400a800 Uncommon trap: reason=class_check action=maybe_recompile pc=0x00007fd6b52937b0 method=java.util.regex.Matcher.match(II)Z @ 86
Event: 1.260 Thread 0x00007fd65400a800 Uncommon trap: reason=class_check action=maybe_recompile pc=0x00007fd6b52937b0 method=java.util.regex.Matcher.match(II)Z @ 86
Event: 1.260 Thread 0x00007fd65400a800 Uncommon trap: reason=class_check action=maybe_recompile pc=0x00007fd6b52937b0 method=java.util.regex.Matcher.match(II)Z @ 86
Event: 1.261 Thread 0x00007fd65400a800 Uncommon trap: reason=class_check action=maybe_recompile pc=0x00007fd6b526cac4 method=java.util.regex.Matcher.match(II)Z @ 86
Event: 1.367 Thread 0x00007fd65400a800 Uncommon trap: reason=unstable_if action=reinterpret pc=0x00007fd6b53a0114 method=java.lang.String.lastIndexOf([CII[CIII)I @ 66
Event: 1.499 Thread 0x00007fd65400a800 Uncommon trap: reason=unstable_if action=reinterpret pc=0x00007fd6b53f5b60 method=java.util.jar.JarFile.maybeInstantiateVerifier()V @ 21
Event: 1.862 Thread 0x00007fd65400a800 Uncommon trap: reason=unstable_if action=reinterpret pc=0x00007fd6b52851a8 method=java.io.File.getName()Ljava/lang/String; @ 16

Classes redefined (0 events):
No events

Internal exceptions (10 events):
Event: 0.293 Thread 0x00007fd6c400b800 Exception <a 'java/lang/ArrayIndexOutOfBoundsException'> (0x00000000ebacba78) thrown at [/HUDSON/workspace/8-2-build-linux-amd64/jdk8u201/12317/hotspot/src/share/vm/runtime/sharedRuntime.cpp, line 605]
Event: 0.293 Thread 0x00007fd6c400b800 Exception <a 'java/lang/ArrayIndexOutOfBoundsException'> (0x00000000ebacdbb8) thrown at [/HUDSON/workspace/8-2-build-linux-amd64/jdk8u201/12317/hotspot/src/share/vm/runtime/sharedRuntime.cpp, line 605]
Event: 0.293 Thread 0x00007fd6c400b800 Exception <a 'java/lang/ArrayIndexOutOfBoundsException'> (0x00000000ebadb298) thrown at [/HUDSON/workspace/8-2-build-linux-amd64/jdk8u201/12317/hotspot/src/share/vm/runtime/sharedRuntime.cpp, line 605]
Event: 0.294 Thread 0x00007fd6c400b800 Exception <a 'java/lang/ArrayIndexOutOfBoundsException'> (0x00000000ebae80a8) thrown at [/HUDSON/workspace/8-2-build-linux-amd64/jdk8u201/12317/hotspot/src/share/vm/runtime/sharedRuntime.cpp, line 605]
Event: 0.294 Thread 0x00007fd6c400b800 Exception <a 'java/lang/ArrayIndexOutOfBoundsException'> (0x00000000ebaea148) thrown at [/HUDSON/workspace/8-2-build-linux-amd64/jdk8u201/12317/hotspot/src/share/vm/runtime/sharedRuntime.cpp, line 605]
Event: 0.294 Thread 0x00007fd6c400b800 Exception <a 'java/lang/ArrayIndexOutOfBoundsException'> (0x00000000ebaebf70) thrown at [/HUDSON/workspace/8-2-build-linux-amd64/jdk8u201/12317/hotspot/src/share/vm/runtime/sharedRuntime.cpp, line 605]
Event: 0.721 Thread 0x00007fd6c400b800 Implicit null exception at 0x00007fd6b52541b4 to 0x00007fd6b5254245
Event: 0.843 Thread 0x00007fd6c400b800 Exception <a 'java/lang/NoSuchFieldError': method resolution failed> (0x00000000ec49a488) thrown at [/HUDSON/workspace/8-2-build-linux-amd64/jdk8u201/12317/hotspot/src/share/vm/prims/methodHandles.cpp, line 1167]
Event: 0.845 Thread 0x00007fd6c400b800 Exception <a 'java/lang/NoSuchFieldError': method resolution failed> (0x00000000ec4a8208) thrown at [/HUDSON/workspace/8-2-build-linux-amd64/jdk8u201/12317/hotspot/src/share/vm/prims/methodHandles.cpp, line 1167]
Event: 1.499 Thread 0x00007fd65400a800 Implicit null exception at 0x00007fd6b53f575b to 0x00007fd6b53f5b51

Events (10 events):
Event: 1.952 loading class java/beans/PropertyDescriptor
Event: 1.956 loading class java/beans/PropertyDescriptor done
Event: 1.956 loading class org/codehaus/groovy/reflection/ClassInfo
Event: 1.956 loading class org/codehaus/groovy/reflection/ClassInfo done
Event: 1.957 loading class org/codehaus/groovy/util/Finalizable
Event: 1.957 loading class org/codehaus/groovy/util/Finalizable done
Event: 1.958 loading class org/codehaus/groovy/ast/ClassNode
Event: 1.958 loading class org/codehaus/groovy/ast/ClassNode done
Event: 1.971 loading class groovyjarjarasm/asm/Opcodes
Event: 1.971 loading class groovyjarjarasm/asm/Opcodes done


Dynamic libraries:
00400000-00401000 r-xp 00000000 08:06 8013769                            /usr/lib/jvm/jdk1.8.0_201/bin/java
00600000-00601000 r--p 00000000 08:06 8013769                            /usr/lib/jvm/jdk1.8.0_201/bin/java
00601000-00602000 rw-p 00001000 08:06 8013769                            /usr/lib/jvm/jdk1.8.0_201/bin/java
01ee2000-021b0000 rw-p 00000000 00:00 0                                  [heap]
c0000000-c5300000 rw-p 00000000 00:00 0 
c5300000-eab00000 ---p 00000000 00:00 0 
eab00000-f3100000 rw-p 00000000 00:00 0 
f3100000-100000000 ---p 00000000 00:00 0 
100000000-1002c0000 rw-p 00000000 00:00 0 
1002c0000-140000000 ---p 00000000 00:00 0 
7fd628000000-7fd628021000 rw-p 00000000 00:00 0 
7fd628021000-7fd62c000000 ---p 00000000 00:00 0 
7fd630000000-7fd630021000 rw-p 00000000 00:00 0 
7fd630021000-7fd634000000 ---p 00000000 00:00 0 
7fd634000000-7fd634021000 rw-p 00000000 00:00 0 
7fd634021000-7fd638000000 ---p 00000000 00:00 0 
7fd638000000-7fd638021000 rw-p 00000000 00:00 0 
7fd638021000-7fd63c000000 ---p 00000000 00:00 0 
7fd63c000000-7fd63c021000 rw-p 00000000 00:00 0 
7fd63c021000-7fd640000000 ---p 00000000 00:00 0 
7fd640000000-7fd640a8c000 rw-p 00000000 00:00 0 
7fd640a8c000-7fd644000000 ---p 00000000 00:00 0 
7fd644000000-7fd644021000 rw-p 00000000 00:00 0 
7fd644021000-7fd648000000 ---p 00000000 00:00 0 
7fd648000000-7fd648021000 rw-p 00000000 00:00 0 
7fd648021000-7fd64c000000 ---p 00000000 00:00 0 
7fd64c000000-7fd64c021000 rw-p 00000000 00:00 0 
7fd64c021000-7fd650000000 ---p 00000000 00:00 0 
7fd650000000-7fd650021000 rw-p 00000000 00:00 0 
7fd650021000-7fd654000000 ---p 00000000 00:00 0 
7fd654000000-7fd654021000 rw-p 00000000 00:00 0 
7fd654021000-7fd658000000 ---p 00000000 00:00 0 
7fd658000000-7fd658021000 rw-p 00000000 00:00 0 
7fd658021000-7fd65c000000 ---p 00000000 00:00 0 
7fd65c000000-7fd65c05b000 rw-p 00000000 00:00 0 
7fd65c05b000-7fd660000000 ---p 00000000 00:00 0 
7fd660000000-7fd660021000 rw-p 00000000 00:00 0 
7fd660021000-7fd664000000 ---p 00000000 00:00 0 
7fd664000000-7fd664021000 rw-p 00000000 00:00 0 
7fd664021000-7fd668000000 ---p 00000000 00:00 0 
7fd668000000-7fd66996f000 rw-p 00000000 00:00 0 
7fd66996f000-7fd66c000000 ---p 00000000 00:00 0 
7fd66c000000-7fd66c7af000 rw-p 00000000 00:00 0 
7fd66c7af000-7fd670000000 ---p 00000000 00:00 0 
7fd670000000-7fd67082a000 rw-p 00000000 00:00 0 
7fd67082a000-7fd674000000 ---p 00000000 00:00 0 
7fd674000000-7fd675638000 rw-p 00000000 00:00 0 
7fd675638000-7fd678000000 ---p 00000000 00:00 0 
7fd678000000-7fd678021000 rw-p 00000000 00:00 0 
7fd678021000-7fd67c000000 ---p 00000000 00:00 0 
7fd67c000000-7fd67c021000 rw-p 00000000 00:00 0 
7fd67c021000-7fd680000000 ---p 00000000 00:00 0 
7fd680000000-7fd680021000 rw-p 00000000 00:00 0 
7fd680021000-7fd684000000 ---p 00000000 00:00 0 
7fd684000000-7fd684021000 rw-p 00000000 00:00 0 
7fd684021000-7fd688000000 ---p 00000000 00:00 0 
7fd688000000-7fd688021000 rw-p 00000000 00:00 0 
7fd688021000-7fd68c000000 ---p 00000000 00:00 0 
7fd68c000000-7fd68c021000 rw-p 00000000 00:00 0 
7fd68c021000-7fd690000000 ---p 00000000 00:00 0 
7fd690000000-7fd690021000 rw-p 00000000 00:00 0 
7fd690021000-7fd694000000 ---p 00000000 00:00 0 
7fd698000000-7fd698021000 rw-p 00000000 00:00 0 
7fd698021000-7fd69c000000 ---p 00000000 00:00 0 
7fd69c000000-7fd69c021000 rw-p 00000000 00:00 0 
7fd69c021000-7fd6a0000000 ---p 00000000 00:00 0 
7fd6a0000000-7fd6a0021000 rw-p 00000000 00:00 0 
7fd6a0021000-7fd6a4000000 ---p 00000000 00:00 0 
7fd6a4004000-7fd6a40c4000 rw-p 00000000 00:00 0 
7fd6a40c4000-7fd6a4204000 ---p 00000000 00:00 0 
7fd6a4204000-7fd6a427d000 r--s 010fd000 08:06 8145524                    /usr/lib/jvm/jdk1.8.0_201/lib/tools.jar
7fd6a4532000-7fd6a4535000 ---p 00000000 00:00 0 
7fd6a4535000-7fd6a4633000 rw-p 00000000 00:00 0 
7fd6a4633000-7fd6a4636000 ---p 00000000 00:00 0 
7fd6a4636000-7fd6a4934000 rw-p 00000000 00:00 0 
7fd6a4934000-7fd6a4937000 ---p 00000000 00:00 0 
7fd6a4937000-7fd6a4a35000 rw-p 00000000 00:00 0 
7fd6a4a35000-7fd6a4a38000 ---p 00000000 00:00 0 
7fd6a4a38000-7fd6a4d36000 rw-p 00000000 00:00 0 
7fd6a4d36000-7fd6a4d39000 ---p 00000000 00:00 0 
7fd6a4d39000-7fd6a4e37000 rw-p 00000000 00:00 0 
7fd6a4e37000-7fd6a4e3a000 ---p 00000000 00:00 0 
7fd6a4e3a000-7fd6a4f38000 rw-p 00000000 00:00 0 
7fd6a4f38000-7fd6a4f3b000 ---p 00000000 00:00 0 
7fd6a4f3b000-7fd6a5039000 rw-p 00000000 00:00 0 
7fd6a5039000-7fd6a503c000 ---p 00000000 00:00 0 
7fd6a503c000-7fd6a513a000 rw-p 00000000 00:00 0 
7fd6a513a000-7fd6a513d000 ---p 00000000 00:00 0 
7fd6a513d000-7fd6a523b000 rw-p 00000000 00:00 0 
7fd6a523b000-7fd6a523e000 ---p 00000000 00:00 0 
7fd6a523e000-7fd6a533c000 rw-p 00000000 00:00 0 
7fd6a533c000-7fd6a533f000 ---p 00000000 00:00 0 
7fd6a533f000-7fd6a543d000 rw-p 00000000 00:00 0 
7fd6a543d000-7fd6a5444000 r--s 00000000 08:06 920324                     /usr/lib/x86_64-linux-gnu/gconv/gconv-modules.cache
7fd6a5444000-7fd6a5447000 ---p 00000000 00:00 0 
7fd6a5447000-7fd6a5545000 rw-p 00000000 00:00 0 
7fd6a5545000-7fd6a5549000 r--s 000a1000 08:06 10888039                   /usr/lib/jvm/jdk1.8.0_201/jre/lib/jsse.jar
7fd6a5549000-7fd6a5749000 rw-p 00000000 00:00 0 
7fd6a5749000-7fd6a574c000 ---p 00000000 00:00 0 
7fd6a574c000-7fd6a584a000 rw-p 00000000 00:00 0 
7fd6a584a000-7fd6a5853000 r-xp 00000000 08:06 10888336                   /usr/lib/jvm/jdk1.8.0_201/jre/lib/amd64/libmanagement.so
7fd6a5853000-7fd6a5a52000 ---p 00009000 08:06 10888336                   /usr/lib/jvm/jdk1.8.0_201/jre/lib/amd64/libmanagement.so
7fd6a5a52000-7fd6a5a53000 r--p 00008000 08:06 10888336                   /usr/lib/jvm/jdk1.8.0_201/jre/lib/amd64/libmanagement.so
7fd6a5a53000-7fd6a5a54000 rw-p 00009000 08:06 10888336                   /usr/lib/jvm/jdk1.8.0_201/jre/lib/amd64/libmanagement.so
7fd6a5a54000-7fd6a5a56000 r--s 00009000 08:06 131515                     /home/ermicho/.gradle/wrapper/dists/gradle-4.10.2-all/9fahxiiecdb76a5g3aw9oi8rv/gradle-4.10.2/lib/plugins/gradle-tooling-api-builders-4.10.2.jar
7fd6a5a56000-7fd6a5a58000 r--s 00003000 08:06 131498                     /home/ermicho/.gradle/wrapper/dists/gradle-4.10.2-all/9fahxiiecdb76a5g3aw9oi8rv/gradle-4.10.2/lib/plugins/gradle-tooling-native-4.10.2.jar
7fd6a5a58000-7fd6a5a5c000 r--s 00019000 08:06 131500                     /home/ermicho/.gradle/wrapper/dists/gradle-4.10.2-all/9fahxiiecdb76a5g3aw9oi8rv/gradle-4.10.2/lib/plugins/gradle-testing-native-4.10.2.jar
7fd6a5a5c000-7fd6a5a5e000 r--s 0000d000 08:06 131608                     /home/ermicho/.gradle/wrapper/dists/gradle-4.10.2-all/9fahxiiecdb76a5g3aw9oi8rv/gradle-4.10.2/lib/plugins/jcommander-1.47.jar
7fd6a5a5e000-7fd6a5a67000 r--s 00089000 08:06 131571                     /home/ermicho/.gradle/wrapper/dists/gradle-4.10.2-all/9fahxiiecdb76a5g3aw9oi8rv/gradle-4.10.2/lib/plugins/testng-6.3.1.jar
7fd6a5a67000-7fd6a5a6c000 r--s 0005a000 08:06 131575                     /home/ermicho/.gradle/wrapper/dists/gradle-4.10.2-all/9fahxiiecdb76a5g3aw9oi8rv/gradle-4.10.2/lib/plugins/bsh-2.0b6.jar
7fd6a5a6c000-7fd6a5a70000 r--s 0001c000 08:06 131520                     /home/ermicho/.gradle/wrapper/dists/gradle-4.10.2-all/9fahxiiecdb76a5g3aw9oi8rv/gradle-4.10.2/lib/plugins/gradle-testing-jvm-4.10.2.jar
7fd6a5a70000-7fd6a5a72000 r--s 0000e000 08:06 131606                     /home/ermicho/.gradle/wrapper/dists/gradle-4.10.2-all/9fahxiiecdb76a5g3aw9oi8rv/gradle-4.10.2/lib/plugins/junit-platform-commons-1.0.3.jar
7fd6a5a72000-7fd6a5a73000 r--s 00001000 08:06 131611                     /home/ermicho/.gradle/wrapper/dists/gradle-4.10.2-all/9fahxiiecdb76a5g3aw9oi8rv/gradle-4.10.2/lib/plugins/opentest4j-1.0.0.jar
7fd6a5a73000-7fd6a5a76000 r--s 00013000 08:06 131605                     /home/ermicho/.gradle/wrapper/dists/gradle-4.10.2-all/9fahxiiecdb76a5g3aw9oi8rv/gradle-4.10.2/lib/plugins/junit-platform-engine-1.0.3.jar
7fd6a5a76000-7fd6a5a77000 r--s 00000000 08:06 131607                     /home/ermicho/.gradle/wrapper/dists/gradle-4.10.2-all/9fahxiiecdb76a5g3aw9oi8rv/gradle-4.10.2/lib/plugins/apiguardian-api-1.0.0.jar
7fd6a5a77000-7fd6a5a79000 r--s 0000c000 08:06 131576                     /home/ermicho/.gradle/wrapper/dists/gradle-4.10.2-all/9fahxiiecdb76a5g3aw9oi8rv/gradle-4.10.2/lib/plugins/junit-platform-launcher-1.0.3.jar
7fd6a5a79000-7fd6a5a7a000 r--s 00003000 08:06 131519                     /home/ermicho/.gradle/wrapper/dists/gradle-4.10.2-all/9fahxiiecdb76a5g3aw9oi8rv/gradle-4.10.2/lib/plugins/gradle-testing-junit-platform-4.10.2.jar
7fd6a5a7a000-7fd6a5a82000 r--s 00034000 08:06 131527                     /home/ermicho/.gradle/wrapper/dists/gradle-4.10.2-all/9fahxiiecdb76a5g3aw9oi8rv/gradle-4.10.2/lib/plugins/gradle-testing-base-4.10.2.jar
7fd6a5a82000-7fd6a5a89000 r--s 00043000 08:06 131566                     /home/ermicho/.gradle/wrapper/dists/gradle-4.10.2-all/9fahxiiecdb76a5g3aw9oi8rv/gradle-4.10.2/lib/plugins/bcpg-jdk15on-1.58.jar
7fd6a5a89000-7fd6a5a8c000 r--s 00010000 08:06 131497                     /home/ermicho/.gradle/wrapper/dists/gradle-4.10.2-all/9fahxiiecdb76a5g3aw9oi8rv/gradle-4.10.2/lib/plugins/gradle-signing-4.10.2.jar
7fd6a5a8c000-7fd6a5a8e000 r--s 00009000 08:06 131506                     /home/ermicho/.gradle/wrapper/dists/gradle-4.10.2-all/9fahxiiecdb76a5g3aw9oi8rv/gradle-4.10.2/lib/plugins/gradle-scala-4.10.2.jar
7fd6a5a8e000-7fd6a5a8f000 r--s 00004000 08:06 131538                     /home/ermicho/.gradle/wrapper/dists/gradle-4.10.2-all/9fahxiiecdb76a5g3aw9oi8rv/gradle-4.10.2/lib/plugins/gradle-resources-sftp-4.10.2.jar
7fd6a5a8f000-7fd6a5a98000 r--s 0005a000 08:06 131541                     /home/ermicho/.gradle/wrapper/dists/gradle-4.10.2-all/9fahxiiecdb76a5g3aw9oi8rv/gradle-4.10.2/lib/plugins/aws-java-sdk-kms-1.11.267.jar
7fd6a5a98000-7fd6a5a9a000 r--s 00005000 08:06 131581                     /home/ermicho/.gradle/wrapper/dists/gradle-4.10.2-all/9fahxiiecdb76a5g3aw9oi8rv/gradle-4.10.2/lib/plugins/jmespath-java-1.11.267.jar
7fd6a5a9a000-7fd6a5aac000 r--s 000bb000 08:06 131540                     /home/ermicho/.gradle/wrapper/dists/gradle-4.10.2-all/9fahxiiecdb76a5g3aw9oi8rv/gradle-4.10.2/lib/plugins/aws-java-sdk-s3-1.11.267.jar
7fd6a5aac000-7fd6a5ab6000 r--s 00081000 08:06 131602                     /home/ermicho/.gradle/wrapper/dists/gradle-4.10.2-all/9fahxiiecdb76a5g3aw9oi8rv/gradle-4.10.2/lib/plugins/ion-java-1.0.2.jar
7fd6a5ab6000-7fd6a5acb000 r--s 000bd000 08:06 131542                     /home/ermicho/.gradle/wrapper/dists/gradle-4.10.2-all/9fahxiiecdb76a5g3aw9oi8rv/gradle-4.10.2/lib/plugins/aws-java-sdk-core-1.11.267.jar
7fd6a5acb000-7fd6a5acd000 r--s 00004000 08:06 131534                     /home/ermicho/.gradle/wrapper/dists/gradle-4.10.2-all/9fahxiiecdb76a5g3aw9oi8rv/gradle-4.10.2/lib/plugins/gradle-resources-s3-4.10.2.jar
7fd6a5acd000-7fd6a5add000 r--s 00088000 08:06 131585                     /home/ermicho/.gradle/wrapper/dists/gradle-4.10.2-all/9fahxiiecdb76a5g3aw9oi8rv/gradle-4.10.2/lib/plugins/joda-time-2.8.2.jar
7fd6a5add000-7fd6a5af0000 r--s 00136000 08:06 131582                     /home/ermicho/.gradle/wrapper/dists/gradle-4.10.2-all/9fahxiiecdb76a5g3aw9oi8rv/gradle-4.10.2/lib/plugins/jackson-databind-2.9.4.jar
7fd6a5af0000-7fd6a5af3000 r--s 0000e000 08:06 131584                     /home/ermicho/.gradle/wrapper/dists/gradle-4.10.2-all/9fahxiiecdb76a5g3aw9oi8rv/gradle-4.10.2/lib/plugins/jackson-annotations-2.9.4.jar
7fd6a5af3000-7fd6a5af7000 r--s 0004b000 08:06 131583                     /home/ermicho/.gradle/wrapper/dists/gradle-4.10.2-all/9fahxiiecdb76a5g3aw9oi8rv/gradle-4.10.2/lib/plugins/jackson-core-2.9.4.jar
7fd6a5af7000-7fd6a5af8000 r--s 00001000 08:06 131549                     /home/ermicho/.gradle/wrapper/dists/gradle-4.10.2-all/9fahxiiecdb76a5g3aw9oi8rv/gradle-4.10.2/lib/plugins/google-http-client-jackson2-1.23.0.jar
7fd6a5af8000-7fd6a5b01000 r--s 0004f000 08:06 131550                     /home/ermicho/.gradle/wrapper/dists/gradle-4.10.2-all/9fahxiiecdb76a5g3aw9oi8rv/gradle-4.10.2/lib/plugins/google-http-client-1.23.0.jar
7fd6a5b01000-7fd6a5b04000 r--s 0000d000 08:06 131548                     /home/ermicho/.gradle/wrapper/dists/gradle-4.10.2-all/9fahxiiecdb76a5g3aw9oi8rv/gradle-4.10.2/lib/plugins/google-oauth-client-1.23.0.jar
7fd6a5b04000-7fd6a5b09000 r--s 0002c000 08:06 131547                     /home/ermicho/.gradle/wrapper/dists/gradle-4.10.2-all/9fahxiiecdb76a5g3aw9oi8rv/gradle-4.10.2/lib/plugins/google-api-client-1.23.0.jar
7fd6a5b09000-7fd6a5b0d000 r--s 0001c000 08:06 131546                     /home/ermicho/.gradle/wrapper/dists/gradle-4.10.2-all/9fahxiiecdb76a5g3aw9oi8rv/gradle-4.10.2/lib/plugins/google-api-services-storage-v1-rev116-1.23.0.jar
7fd6a5b0d000-7fd6a5b0f000 r--s 00003000 08:06 131535                     /home/ermicho/.gradle/wrapper/dists/gradle-4.10.2-all/9fahxiiecdb76a5g3aw9oi8rv/gradle-4.10.2/lib/plugins/gradle-resources-gcs-4.10.2.jar
7fd6a5b0f000-7fd6a5b12000 r--s 0000f000 08:06 131533                     /home/ermicho/.gradle/wrapper/dists/gradle-4.10.2-all/9fahxiiecdb76a5g3aw9oi8rv/gradle-4.10.2/lib/plugins/gradle-reporting-4.10.2.jar
7fd6a5b12000-7fd6a5b14000 r--s 00007000 08:06 131526                     /home/ermicho/.gradle/wrapper/dists/gradle-4.10.2-all/9fahxiiecdb76a5g3aw9oi8rv/gradle-4.10.2/lib/plugins/gradle-publish-4.10.2.jar
7fd6a5b14000-7fd6a5b16000 r--s 00009000 08:06 131557                     /home/ermicho/.gradle/wrapper/dists/gradle-4.10.2-all/9fahxiiecdb76a5g3aw9oi8rv/gradle-4.10.2/lib/plugins/commons-cli-1.2.jar
7fd6a5b16000-7fd6a5b1c000 r--s 0003e000 08:06 131514                     /home/ermicho/.gradle/wrapper/dists/gradle-4.10.2-all/9fahxiiecdb76a5g3aw9oi8rv/gradle-4.10.2/lib/plugins/gradle-plugins-4.10.2.jar
7fd6a5b1c000-7fd6a5b1e000 r--s 0000b000 08:06 131502                     /home/ermicho/.gradle/wrapper/dists/gradle-4.10.2-all/9fahxiiecdb76a5g3aw9oi8rv/gradle-4.10.2/lib/plugins/gradle-plugin-development-4.10.2.jar
7fd6a5b1e000-7fd6a5b24000 r--s 00030000 08:06 131509                     /home/ermicho/.gradle/wrapper/dists/gradle-4.10.2-all/9fahxiiecdb76a5g3aw9oi8rv/gradle-4.10.2/lib/plugins/gradle-platform-play-4.10.2.jar
7fd6a5b24000-7fd6a5b2a000 r--s 00033000 08:06 131572                     /home/ermicho/.gradle/wrapper/dists/gradle-4.10.2-all/9fahxiiecdb76a5g3aw9oi8rv/gradle-4.10.2/lib/plugins/snakeyaml-1.6.jar
7fd6a5b2a000-7fd6a5b3b000 r--s 00075000 08:06 131524                     /home/ermicho/.gradle/wrapper/dists/gradle-4.10.2-all/9fahxiiecdb76a5g3aw9oi8rv/gradle-4.10.2/lib/plugins/gradle-platform-native-4.10.2.jar
7fd6a5b3b000-7fd6a5b3f000 r--s 0001b000 08:06 131523                     /home/ermicho/.gradle/wrapper/dists/gradle-4.10.2-all/9fahxiiecdb76a5g3aw9oi8rv/gradle-4.10.2/lib/plugins/gradle-platform-jvm-4.10.2.jar
7fd6a5b3f000-7fd6a5b46000 r--s 00029000 08:06 131528                     /home/ermicho/.gradle/wrapper/dists/gradle-4.10.2-all/9fahxiiecdb76a5g3aw9oi8rv/gradle-4.10.2/lib/plugins/gradle-platform-base-4.10.2.jar
7fd6a5b46000-7fd6a5b71000 r--s 00247000 08:06 131558                     /home/ermicho/.gradle/wrapper/dists/gradle-4.10.2-all/9fahxiiecdb76a5g3aw9oi8rv/gradle-4.10.2/lib/plugins/biz.aQute.bndlib-3.4.0.jar
7fd6a5b71000-7fd6a5b72000 r--s 00004000 08:06 131496                     /home/ermicho/.gradle/wrapper/dists/gradle-4.10.2-all/9fahxiiecdb76a5g3aw9oi8rv/gradle-4.10.2/lib/plugins/gradle-osgi-4.10.2.jar
7fd6a5b72000-7fd6a5b75000 r--s 0000c000 08:06 131563                     /home/ermicho/.gradle/wrapper/dists/gradle-4.10.2-all/9fahxiiecdb76a5g3aw9oi8rv/gradle-4.10.2/lib/plugins/pmaven-groovy-0.8-20100325.jar
7fd6a5b75000-7fd6a5b76000 r--s 00004000 08:06 131562                     /home/ermicho/.gradle/wrapper/dists/gradle-4.10.2-all/9fahxiiecdb76a5g3aw9oi8rv/gradle-4.10.2/lib/plugins/pmaven-common-0.8-20100325.jar
7fd6a5b76000-7fd6a5b77000 r--s 00007000 08:06 131545                     /home/ermicho/.gradle/wrapper/dists/gradle-4.10.2-all/9fahxiiecdb76a5g3aw9oi8rv/gradle-4.10.2/lib/plugins/wagon-http-shared4-2.4.jar
7fd6a5b77000-7fd6a5b78000 r--s 00002000 08:06 131544                     /home/ermicho/.gradle/wrapper/dists/gradle-4.10.2-all/9fahxiiecdb76a5g3aw9oi8rv/gradle-4.10.2/lib/plugins/wagon-http-2.4.jar
7fd6a5b78000-7fd6a5b79000 r--s 00002000 08:06 131564                     /home/ermicho/.gradle/wrapper/dists/gradle-4.10.2-all/9fahxiiecdb76a5g3aw9oi8rv/gradle-4.10.2/lib/plugins/wagon-file-2.4.jar
7fd6a5b79000-7fd6a5b7b000 r--s 00006000 08:06 131565                     /home/ermicho/.gradle/wrapper/dists/gradle-4.10.2-all/9fahxiiecdb76a5g3aw9oi8rv/gradle-4.10.2/lib/plugins/aether-connector-wagon-1.13.1.jar
7fd6a5b7b000-7fd6a5b82000 r--s 0002d000 08:06 131503                     /home/ermicho/.gradle/wrapper/dists/gradle-4.10.2-all/9fahxiiecdb76a5g3aw9oi8rv/gradle-4.10.2/lib/plugins/gradle-maven-4.10.2.jar
7fd6a5b82000-7fd6a5b85000 r--s 0000b000 08:06 131518                     /home/ermicho/.gradle/wrapper/dists/gradle-4.10.2-all/9fahxiiecdb76a5g3aw9oi8rv/gradle-4.10.2/lib/plugins/gradle-language-scala-4.10.2.jar
7fd6a5b85000-7fd6a5b91000 r--s 0005d000 08:06 131501                     /home/ermicho/.gradle/wrapper/dists/gradle-4.10.2-all/9fahxiiecdb76a5g3aw9oi8rv/gradle-4.10.2/lib/plugins/gradle-language-native-4.10.2.jar
7fd6a5b91000-7fd6a5b93000 r--s 00005000 08:06 131522                     /home/ermicho/.gradle/wrapper/dists/gradle-4.10.2-all/9fahxiiecdb76a5g3aw9oi8rv/gradle-4.10.2/lib/plugins/gradle-language-jvm-4.10.2.jar
7fd6a5b93000-7fd6a5b9b000 r--s 0003e000 08:06 131521                     /home/ermicho/.gradle/wrapper/dists/gradle-4.10.2-all/9fahxiiecdb76a5g3aw9oi8rv/gradle-4.10.2/lib/plugins/gradle-language-java-4.10.2.jar
7fd6a5b9b000-7fd6a5b9d000 r--s 0000b000 08:06 131517                     /home/ermicho/.gradle/wrapper/dists/gradle-4.10.2-all/9fahxiiecdb76a5g3aw9oi8rv/gradle-4.10.2/lib/plugins/gradle-language-groovy-4.10.2.jar
7fd6a5b9d000-7fd6a5ba4000 r--s 00035000 08:06 131569                     /home/ermicho/.gradle/wrapper/dists/gradle-4.10.2-all/9fahxiiecdb76a5g3aw9oi8rv/gradle-4.10.2/lib/plugins/simple-4.1.21.jar
7fd6a5ba4000-7fd6a5bb0000 r--s 00100000 08:06 131567                     /home/ermicho/.gradle/wrapper/dists/gradle-4.10.2-all/9fahxiiecdb76a5g3aw9oi8rv/gradle-4.10.2/lib/plugins/rhino-1.7R3.jar
7fd6a5bb0000-7fd6a5bb4000 r--s 00012000 08:06 131510                     /home/ermicho/.gradle/wrapper/dists/gradle-4.10.2-all/9fahxiiecdb76a5g3aw9oi8rv/gradle-4.10.2/lib/plugins/gradle-javascript-4.10.2.jar
7fd6a5bb4000-7fd6a5bb8000 r--s 00010000 08:06 131512                     /home/ermicho/.gradle/wrapper/dists/gradle-4.10.2-all/9fahxiiecdb76a5g3aw9oi8rv/gradle-4.10.2/lib/plugins/gradle-jacoco-4.10.2.jar
7fd6a5bb8000-7fd6a5bbb000 r--s 00013000 08:06 131511                     /home/ermicho/.gradle/wrapper/dists/gradle-4.10.2-all/9fahxiiecdb76a5g3aw9oi8rv/gradle-4.10.2/lib/plugins/gradle-ivy-4.10.2.jar
7fd6a5bbb000-7fd6a5bbc000 r--s 00002000 08:06 131504                     /home/ermicho/.gradle/wrapper/dists/gradle-4.10.2-all/9fahxiiecdb76a5g3aw9oi8rv/gradle-4.10.2/lib/plugins/gradle-ide-play-4.10.2.jar
7fd6a5bbc000-7fd6a5bbd000 r--s 00011000 08:06 131573                     /home/ermicho/.gradle/wrapper/dists/gradle-4.10.2-all/9fahxiiecdb76a5g3aw9oi8rv/gradle-4.10.2/lib/plugins/dd-plist-1.20.jar
7fd6a5bbd000-7fd6a5bc4000 r--s 00032000 08:06 131499                     /home/ermicho/.gradle/wrapper/dists/gradle-4.10.2-all/9fahxiiecdb76a5g3aw9oi8rv/gradle-4.10.2/lib/plugins/gradle-ide-native-4.10.2.jar
7fd6a5bc4000-7fd6a5bce000 r--s 0005c000 08:06 131505                     /home/ermicho/.gradle/wrapper/dists/gradle-4.10.2-all/9fahxiiecdb76a5g3aw9oi8rv/gradle-4.10.2/lib/plugins/gradle-ide-4.10.2.jar
7fd6a5bce000-7fd6a5bd0000 r--s 00008000 08:06 131508                     /home/ermicho/.gradle/wrapper/dists/gradle-4.10.2-all/9fahxiiecdb76a5g3aw9oi8rv/gradle-4.10.2/lib/plugins/gradle-ear-4.10.2.jar
7fd6a5bd0000-7fd6a5bd2000 r--s 00005000 08:06 131556                     /home/ermicho/.gradle/wrapper/dists/gradle-4.10.2-all/9fahxiiecdb76a5g3aw9oi8rv/gradle-4.10.2/lib/plugins/jatl-0.2.2.jar
7fd6a5bd2000-7fd6a5bd9000 r--s 0003d000 08:06 131525                     /home/ermicho/.gradle/wrapper/dists/gradle-4.10.2-all/9fahxiiecdb76a5g3aw9oi8rv/gradle-4.10.2/lib/plugins/gradle-diagnostics-4.10.2.jar
7fd6a5bd9000-7fd6a5bde000 r--s 00028000 08:06 131495                     /home/ermicho/.gradle/wrapper/dists/gradle-4.10.2-all/9fahxiiecdb76a5g3aw9oi8rv/gradle-4.10.2/lib/plugins/gradle-code-quality-4.10.2.jar
7fd6a5bde000-7fd6a5be0000 r--s 0000b000 08:06 131570                     /home/ermicho/.gradle/wrapper/dists/gradle-4.10.2-all/9fahxiiecdb76a5g3aw9oi8rv/gradle-4.10.2/lib/plugins/maven-plugin-api-3.0.4.jar
7fd6a5be0000-7fd6a5be2000 r--s 0000b000 08:06 131592                     /home/ermicho/.gradle/wrapper/dists/gradle-4.10.2-all/9fahxiiecdb76a5g3aw9oi8rv/gradle-4.10.2/lib/plugins/wagon-provider-api-2.4.jar
7fd6a5be2000-7fd6a5be8000 r--s 0003f000 08:06 131560                     /home/ermicho/.gradle/wrapper/dists/gradle-4.10.2-all/9fahxiiecdb76a5g3aw9oi8rv/gradle-4.10.2/lib/plugins/maven-compat-3.0.4.jar
7fd6a5be8000-7fd6a5bec000 r--s 0001d000 08:06 131554                     /home/ermicho/.gradle/wrapper/dists/gradle-4.10.2-all/9fahxiiecdb76a5g3aw9oi8rv/gradle-4.10.2/lib/plugins/xbean-reflect-3.4.jar
7fd6a5bec000-7fd6a5bee000 r--s 00009000 08:06 131604                     /home/ermicho/.gradle/wrapper/dists/gradle-4.10.2-all/9fahxiiecdb76a5g3aw9oi8rv/gradle-4.10.2/lib/plugins/hamcrest-core-1.3.jar
7fd6a5bee000-7fd6a5bf6000 r--s 00045000 08:06 131574                     /home/ermicho/.gradle/wrapper/dists/gradle-4.10.2-all/9fahxiiecdb76a5g3aw9oi8rv/gradle-4.10.2/lib/plugins/junit-4.12.jar
7fd6a5bf6000-7fd6a5bf8000 r--s 0000a000 08:06 131593                     /home/ermicho/.gradle/wrapper/dists/gradle-4.10.2-all/9fahxiiecdb76a5g3aw9oi8rv/gradle-4.10.2/lib/plugins/plexus-classworlds-2.4.jar
7fd6a5bf8000-7fd6a5bff000 r--s 0002e000 08:06 131553                     /home/ermicho/.gradle/wrapper/dists/gradle-4.10.2-all/9fahxiiecdb76a5g3aw9oi8rv/gradle-4.10.2/lib/plugins/plexus-container-default-1.5.5.jar
7fd6a5bff000-7fd6a5c05000 r--s 00026000 08:06 131513                     /home/ermicho/.gradle/wrapper/dists/gradle-4.10.2-all/9fahxiiecdb76a5g3aw9oi8rv/gradle-4.10.2/lib/plugins/gradle-build-init-4.10.2.jar
7fd6a5c05000-7fd6a5c0c000 r--s 0002d000 08:06 131507                     /home/ermicho/.gradle/wrapper/dists/gradle-4.10.2-all/9fahxiiecdb76a5g3aw9oi8rv/gradle-4.10.2/lib/plugins/gradle-build-comparison-4.10.2.jar
7fd6a5c0c000-7fd6a5c0d000 r--s 00002000 08:06 131536                     /home/ermicho/.gradle/wrapper/dists/gradle-4.10.2-all/9fahxiiecdb76a5g3aw9oi8rv/gradle-4.10.2/lib/plugins/gradle-build-cache-http-4.10.2.jar
7fd6a5c0d000-7fd6a5c0f000 r--s 00009000 08:06 131494                     /home/ermicho/.gradle/wrapper/dists/gradle-4.10.2-all/9fahxiiecdb76a5g3aw9oi8rv/gradle-4.10.2/lib/plugins/gradle-antlr-4.10.2.jar
7fd6a5c0f000-7fd6a5c11000 r--s 00004000 08:06 131493                     /home/ermicho/.gradle/wrapper/dists/gradle-4.10.2-all/9fahxiiecdb76a5g3aw9oi8rv/gradle-4.10.2/lib/plugins/gradle-announce-4.10.2.jar
7fd6a5c11000-7fd6a5c13000 r--s 00011000 08:06 131418                     /home/ermicho/.gradle/wrapper/dists/gradle-4.10.2-all/9fahxiiecdb76a5g3aw9oi8rv/gradle-4.10.2/lib/gradle-kotlin-dsl-tooling-builders-1.0-rc-6.jar
7fd6a5c13000-7fd6a5c15000 r--s 00005000 08:06 131417                     /home/ermicho/.gradle/wrapper/dists/gradle-4.10.2-all/9fahxiiecdb76a5g3aw9oi8rv/gradle-4.10.2/lib/gradle-kotlin-dsl-provider-plugins-1.0-rc-6.jar
7fd6a5c15000-7fd6a5c17000 r--s 0000c000 08:06 131529                     /home/ermicho/.gradle/wrapper/dists/gradle-4.10.2-all/9fahxiiecdb76a5g3aw9oi8rv/gradle-4.10.2/lib/plugins/gradle-plugin-use-4.10.2.jar
7fd6a5c17000-7fd6a5c18000 r--s 00000000 08:06 131429                     /home/ermicho/.gradle/wrapper/dists/gradle-4.10.2-all/9fahxiiecdb76a5g3aw9oi8rv/gradle-4.10.2/lib/gradle-runtime-api-info-4.10.2.jar
7fd6a5c18000-7fd6a5c31000 r--s 0013a000 08:06 131579                     /home/ermicho/.gradle/wrapper/dists/gradle-4.10.2-all/9fahxiiecdb76a5g3aw9oi8rv/gradle-4.10.2/lib/plugins/xercesImpl-2.12.0.jar
7fd6a5c31000-7fd6a5c34000 r--s 0001c000 08:06 131578                     /home/ermicho/.gradle/wrapper/dists/gradle-4.10.2-all/9fahxiiecdb76a5g3aw9oi8rv/gradle-4.10.2/lib/plugins/nekohtml-1.9.20.jar
7fd6a5c34000-7fd6a5c3a000 r--s 0005b000 08:06 131577                     /home/ermicho/.gradle/wrapper/dists/gradle-4.10.2-all/9fahxiiecdb76a5g3aw9oi8rv/gradle-4.10.2/lib/plugins/jcifs-1.3.17.jar
7fd6a5c3a000-7fd6a5c3d000 r--s 0000d000 08:06 131537                     /home/ermicho/.gradle/wrapper/dists/gradle-4.10.2-all/9fahxiiecdb76a5g3aw9oi8rv/gradle-4.10.2/lib/plugins/gradle-resources-http-4.10.2.jar
7fd6a5c3d000-7fd6a5c42000 r--s 00040000 08:06 131580                     /home/ermicho/.gradle/wrapper/dists/gradle-4.10.2-all/9fahxiiecdb76a5g3aw9oi8rv/gradle-4.10.2/lib/plugins/jsch-0.1.54.jar
7fd6a5c42000-7fd6a5c65000 r--s 00223000 08:06 131543                     /home/ermicho/.gradle/wrapper/dists/gradle-4.10.2-all/9fahxiiecdb76a5g3aw9oi8rv/gradle-4.10.2/lib/plugins/org.eclipse.jgit-4.5.3.201708160445-r.jar
7fd6a5c65000-7fd6a5c6c000 r--s 00049000 08:06 131603                     /home/ermicho/.gradle/wrapper/dists/gradle-4.10.2-all/9fahxiiecdb76a5g3aw9oi8rv/gradle-4.10.2/lib/plugins/httpcore-4.4.9.jar
7fd6a5c6c000-7fd6a5c73000 r--s 0003f000 08:06 131552                     /home/ermicho/.gradle/wrapper/dists/gradle-4.10.2-all/9fahxiiecdb76a5g3aw9oi8rv/gradle-4.10.2/lib/plugins/commons-codec-1.10.jar
7fd6a5c73000-7fd6a5c81000 r--s 000ae000 08:06 131551                     /home/ermicho/.gradle/wrapper/dists/gradle-4.10.2-all/9fahxiiecdb76a5g3aw9oi8rv/gradle-4.10.2/lib/plugins/httpclient-4.5.5.jar
7fd6a5c81000-7fd6a5c83000 r--s 0000c000 08:06 131530                     /home/ermicho/.gradle/wrapper/dists/gradle-4.10.2-all/9fahxiiecdb76a5g3aw9oi8rv/gradle-4.10.2/lib/plugins/gradle-version-control-4.10.2.jar
7fd6a5c83000-7fd6a5c85000 r--s 0000d000 08:06 131532                     /home/ermicho/.gradle/wrapper/dists/gradle-4.10.2-all/9fahxiiecdb76a5g3aw9oi8rv/gradle-4.10.2/lib/plugins/gradle-composite-builds-4.10.2.jar
7fd6a5c85000-7fd6a5c86000 r--s 00000000 08:06 131432                     /home/ermicho/.gradle/wrapper/dists/gradle-4.10.2-all/9fahxiiecdb76a5g3aw9oi8rv/gradle-4.10.2/lib/gradle-installation-beacon-4.10.2.jar
7fd6a5c86000-7fd6a5c88000 r--s 00006000 08:06 131600                     /home/ermicho/.gradle/wrapper/dists/gradle-4.10.2-all/9fahxiiecdb76a5g3aw9oi8rv/gradle-4.10.2/lib/plugins/maven-repository-metadata-3.0.4.jar
7fd6a5c88000-7fd6a5c8a000 r--s 0000c000 08:06 131587                     /home/ermicho/.gradle/wrapper/dists/gradle-4.10.2-all/9fahxiiecdb76a5g3aw9oi8rv/gradle-4.10.2/lib/plugins/maven-aether-provider-3.0.4.jar
7fd6a5c8a000-7fd6a5c8e000 r--s 00021000 08:06 131594                     /home/ermicho/.gradle/wrapper/dists/gradle-4.10.2-all/9fahxiiecdb76a5g3aw9oi8rv/gradle-4.10.2/lib/plugins/maven-model-builder-3.0.4.jar
7fd6a5c8e000-7fd6a5c90000 r--s 00026000 08:06 131595                     /home/ermicho/.gradle/wrapper/dists/gradle-4.10.2-all/9fahxiiecdb76a5g3aw9oi8rv/gradle-4.10.2/lib/plugins/maven-model-3.0.4.jar
7fd6a5c90000-7fd6a5c92000 r--s 0000a000 08:06 131598                     /home/ermicho/.gradle/wrapper/dists/gradle-4.10.2-all/9fahxiiecdb76a5g3aw9oi8rv/gradle-4.10.2/lib/plugins/maven-settings-3.0.4.jar
7fd6a5c92000-7fd6a5c94000 r--s 00002000 08:06 131612                     /home/ermicho/.gradle/wrapper/dists/gradle-4.10.2-all/9fahxiiecdb76a5g3aw9oi8rv/gradle-4.10.2/lib/plugins/plexus-cipher-1.7.jar
7fd6a5c94000-7fd6a5c96000 r--s 0000d000 08:06 131609                     /home/ermicho/.gradle/wrapper/dists/gradle-4.10.2-all/9fahxiiecdb76a5g3aw9oi8rv/gradle-4.10.2/lib/plugins/plexus-interpolation-1.14.jar
7fd6a5c96000-7fd6a5c98000 r--s 00000000 08:06 131610                     /home/ermicho/.gradle/wrapper/dists/gradle-4.10.2-all/9fahxiiecdb76a5g3aw9oi8rv/gradle-4.10.2/lib/plugins/plexus-component-annotations-1.5.5.jar
7fd6a5c98000-7fd6a5c9b000 r--s 00008000 08:06 131596                     /home/ermicho/.gradle/wrapper/dists/gradle-4.10.2-all/9fahxiiecdb76a5g3aw9oi8rv/gradle-4.10.2/lib/plugins/maven-settings-builder-3.0.4.jar
7fd6a5c9b000-7fd6a5c9f000 r--s 00035000 08:06 131601                     /home/ermicho/.gradle/wrapper/dists/gradle-4.10.2-all/9fahxiiecdb76a5g3aw9oi8rv/gradle-4.10.2/lib/plugins/plexus-utils-3.0.8.jar
7fd6a5c9f000-7fd6a5ca1000 r--s 0000b000 08:06 131597                     /home/ermicho/.gradle/wrapper/dists/gradle-4.10.2-all/9fahxiiecdb76a5g3aw9oi8rv/gradle-4.10.2/lib/plugins/maven-artifact-3.0.4.jar
7fd6a5ca1000-7fd6a5ca4000 r--s 0001d000 08:06 131588                     /home/ermicho/.gradle/wrapper/dists/gradle-4.10.2-all/9fahxiiecdb76a5g3aw9oi8rv/gradle-4.10.2/lib/plugins/aether-impl-1.13.1.jar
7fd6a5ca4000-7fd6a5ca8000 r--s 0001c000 08:06 131590                     /home/ermicho/.gradle/wrapper/dists/gradle-4.10.2-all/9fahxiiecdb76a5g3aw9oi8rv/gradle-4.10.2/lib/plugins/aether-util-1.13.1.jar
7fd6a5ca8000-7fd6a5cab000 r--s 00013000 08:06 131591                     /home/ermicho/.gradle/wrapper/dists/gradle-4.10.2-all/9fahxiiecdb76a5g3aw9oi8rv/gradle-4.10.2/lib/plugins/aether-api-1.13.1.jar
7fd6a5cab000-7fd6a5cb7000 r--s 0007d000 08:06 131561                     /home/ermicho/.gradle/wrapper/dists/gradle-4.10.2-all/9fahxiiecdb76a5g3aw9oi8rv/gradle-4.10.2/lib/plugins/maven-core-3.0.4.jar
7fd6a5cb7000-7fd6a5d0a000 r--s 00373000 08:06 131586                     /home/ermicho/.gradle/wrapper/dists/gradle-4.10.2-all/9fahxiiecdb76a5g3aw9oi8rv/gradle-4.10.2/lib/plugins/bcprov-jdk15on-1.58.jar
7fd6a5d0a000-7fd6a5d3a000 r--s 0018f000 08:06 131531                     /home/ermicho/.gradle/wrapper/dists/gradle-4.10.2-all/9fahxiiecdb76a5g3aw9oi8rv/gradle-4.10.2/lib/plugins/gradle-dependency-management-4.10.2.jar
7fd6a5d3a000-7fd6a5d51000 r-xp 00000000 08:06 3936880                    /lib/x86_64-linux-gnu/libgcc_s.so.1
7fd6a5d51000-7fd6a5f50000 ---p 00017000 08:06 3936880                    /lib/x86_64-linux-gnu/libgcc_s.so.1
7fd6a5f50000-7fd6a5f51000 r--p 00016000 08:06 3936880                    /lib/x86_64-linux-gnu/libgcc_s.so.1
7fd6a5f51000-7fd6a5f52000 rw-p 00017000 08:06 3936880                    /lib/x86_64-linux-gnu/libgcc_s.so.1
7fd6a5f52000-7fd6a60cb000 r-xp 00000000 08:06 657556                     /usr/lib/x86_64-linux-gnu/libstdc++.so.6.0.25
7fd6a60cb000-7fd6a62cb000 ---p 00179000 08:06 657556                     /usr/lib/x86_64-linux-gnu/libstdc++.so.6.0.25
7fd6a62cb000-7fd6a62d5000 r--p 00179000 08:06 657556                     /usr/lib/x86_64-linux-gnu/libstdc++.so.6.0.25
7fd6a62d5000-7fd6a62d7000 rw-p 00183000 08:06 657556                     /usr/lib/x86_64-linux-gnu/libstdc++.so.6.0.25
7fd6a62d7000-7fd6a62db000 rw-p 00000000 00:00 0 
7fd6a62db000-7fd6a62dc000 r--s 00006000 08:06 131599                     /home/ermicho/.gradle/wrapper/dists/gradle-4.10.2-all/9fahxiiecdb76a5g3aw9oi8rv/gradle-4.10.2/lib/plugins/plexus-sec-dispatcher-1.3.jar
7fd6a62dc000-7fd6a62dd000 r--s 00003000 08:06 131589                     /home/ermicho/.gradle/wrapper/dists/gradle-4.10.2-all/9fahxiiecdb76a5g3aw9oi8rv/gradle-4.10.2/lib/plugins/aether-spi-1.13.1.jar
7fd6a62dd000-7fd6a62ec000 r--s 000d9000 08:06 131559                     /home/ermicho/.gradle/wrapper/dists/gradle-4.10.2-all/9fahxiiecdb76a5g3aw9oi8rv/gradle-4.10.2/lib/plugins/ivy-2.2.0.jar
7fd6a62ec000-7fd6a62f1000 r--s 00034000 08:06 131568                     /home/ermicho/.gradle/wrapper/dists/gradle-4.10.2-all/9fahxiiecdb76a5g3aw9oi8rv/gradle-4.10.2/lib/plugins/gson-2.7.jar
7fd6a62f1000-7fd6a62f3000 r--s 00012000 08:06 131555                     /home/ermicho/.gradle/wrapper/dists/gradle-4.10.2-all/9fahxiiecdb76a5g3aw9oi8rv/gradle-4.10.2/lib/plugins/asm-util-6.2.jar
7fd6a62f3000-7fd6a62f5000 r--s 0000e000 08:06 131539                     /home/ermicho/.gradle/wrapper/dists/gradle-4.10.2-all/9fahxiiecdb76a5g3aw9oi8rv/gradle-4.10.2/lib/plugins/gradle-workers-4.10.2.jar
7fd6a62f5000-7fd6a62fa000 r-xp 00000000 08:06 9065331                    /home/ermicho/.gradle/native/25/linux-amd64/libnative-platform.so
7fd6a62fa000-7fd6a64f9000 ---p 00005000 08:06 9065331                    /home/ermicho/.gradle/native/25/linux-amd64/libnative-platform.so
7fd6a64f9000-7fd6a64fa000 rw-p 00004000 08:06 9065331                    /home/ermicho/.gradle/native/25/linux-amd64/libnative-platform.so
7fd6a64fa000-7fd6a650b000 r-xp 00000000 08:06 10888331                   /usr/lib/jvm/jdk1.8.0_201/jre/lib/amd64/libnio.so
7fd6a650b000-7fd6a670a000 ---p 00011000 08:06 10888331                   /usr/lib/jvm/jdk1.8.0_201/jre/lib/amd64/libnio.so
7fd6a670a000-7fd6a670b000 r--p 00010000 08:06 10888331                   /usr/lib/jvm/jdk1.8.0_201/jre/lib/amd64/libnio.so
7fd6a670b000-7fd6a670c000 rw-p 00011000 08:06 10888331                   /usr/lib/jvm/jdk1.8.0_201/jre/lib/amd64/libnio.so
7fd6a670c000-7fd6a6722000 r-xp 00000000 08:06 10888328                   /usr/lib/jvm/jdk1.8.0_201/jre/lib/amd64/libnet.so
7fd6a6722000-7fd6a6922000 ---p 00016000 08:06 10888328                   /usr/lib/jvm/jdk1.8.0_201/jre/lib/amd64/libnet.so
7fd6a6922000-7fd6a6923000 r--p 00016000 08:06 10888328                   /usr/lib/jvm/jdk1.8.0_201/jre/lib/amd64/libnet.so
7fd6a6923000-7fd6a6924000 rw-p 00017000 08:06 10888328                   /usr/lib/jvm/jdk1.8.0_201/jre/lib/amd64/libnet.so
7fd6a6924000-7fd6a6926000 r--s 00006000 08:06 131431                     /home/ermicho/.gradle/wrapper/dists/gradle-4.10.2-all/9fahxiiecdb76a5g3aw9oi8rv/gradle-4.10.2/lib/gradle-wrapper-4.10.2.jar
7fd6a6926000-7fd6a6935000 r--s 0004b000 08:06 131430                     /home/ermicho/.gradle/wrapper/dists/gradle-4.10.2-all/9fahxiiecdb76a5g3aw9oi8rv/gradle-4.10.2/lib/gradle-tooling-api-4.10.2.jar
7fd6a6935000-7fd6a6937000 r--s 00002000 08:06 131427                     /home/ermicho/.gradle/wrapper/dists/gradle-4.10.2-all/9fahxiiecdb76a5g3aw9oi8rv/gradle-4.10.2/lib/kotlin-stdlib-jdk8-1.2.61.jar
7fd6a6937000-7fd6a6938000 r--s 00000000 08:06 131426                     /home/ermicho/.gradle/wrapper/dists/gradle-4.10.2-all/9fahxiiecdb76a5g3aw9oi8rv/gradle-4.10.2/lib/kotlin-stdlib-jdk7-1.2.61.jar
7fd6a6938000-7fd6a693e000 r--s 00015000 08:06 131425                     /home/ermicho/.gradle/wrapper/dists/gradle-4.10.2-all/9fahxiiecdb76a5g3aw9oi8rv/gradle-4.10.2/lib/kotlin-stdlib-common-1.2.61.jar
7fd6a693e000-7fd6a694e000 r--s 000db000 08:06 131424                     /home/ermicho/.gradle/wrapper/dists/gradle-4.10.2-all/9fahxiiecdb76a5g3aw9oi8rv/gradle-4.10.2/lib/kotlin-stdlib-1.2.61.jar
7fd6a694e000-7fd6a6950000 r--s 00009000 08:06 131423                     /home/ermicho/.gradle/wrapper/dists/gradle-4.10.2-all/9fahxiiecdb76a5g3aw9oi8rv/gradle-4.10.2/lib/kotlin-script-runtime-1.2.61.jar
7fd6a6950000-7fd6a6951000 r--s 00002000 08:06 131422                     /home/ermicho/.gradle/wrapper/dists/gradle-4.10.2-all/9fahxiiecdb76a5g3aw9oi8rv/gradle-4.10.2/lib/kotlin-sam-with-receiver-compiler-plugin-1.2.61.jar
7fd6a6951000-7fd6a6986000 r--s 00241000 08:06 131421                     /home/ermicho/.gradle/wrapper/dists/gradle-4.10.2-all/9fahxiiecdb76a5g3aw9oi8rv/gradle-4.10.2/lib/kotlin-reflect-1.2.61.jar
7fd6a6986000-7fd6a6b51000 r--s 019b7000 08:06 131420                     /home/ermicho/.gradle/wrapper/dists/gradle-4.10.2-all/9fahxiiecdb76a5g3aw9oi8rv/gradle-4.10.2/lib/kotlin-compiler-embeddable-1.2.61.jar
7fd6a6b51000-7fd6a6b53000 r--s 00000000 08:06 131419                     /home/ermicho/.gradle/wrapper/dists/gradle-4.10.2-all/9fahxiiecdb76a5g3aw9oi8rv/gradle-4.10.2/lib/gradle-kotlin-dsl-tooling-models-1.0-rc-6.jar
7fd6a6b53000-7fd6a6b55000 r--s 00003000 08:06 131415                     /home/ermicho/.gradle/wrapper/dists/gradle-4.10.2-all/9fahxiiecdb76a5g3aw9oi8rv/gradle-4.10.2/lib/annotations-13.0.jar
7fd6a6b55000-7fd6a6b69000 r--s 00109000 08:06 131416                     /home/ermicho/.gradle/wrapper/dists/gradle-4.10.2-all/9fahxiiecdb76a5g3aw9oi8rv/gradle-4.10.2/lib/gradle-kotlin-dsl-1.0-rc-6.jar
7fd6a6b69000-7fd6a6b6d000 r--s 00013000 08:06 131436                     /home/ermicho/.gradle/wrapper/dists/gradle-4.10.2-all/9fahxiiecdb76a5g3aw9oi8rv/gradle-4.10.2/lib/gradle-build-cache-4.10.2.jar
7fd6a6b6d000-7fd6a6b73000 r--s 00034000 08:06 131437                     /home/ermicho/.gradle/wrapper/dists/gradle-4.10.2-all/9fahxiiecdb76a5g3aw9oi8rv/gradle-4.10.2/lib/gradle-persistent-cache-4.10.2.jar
7fd6a6b73000-7fd6a6b78000 r--s 00015000 08:06 131440                     /home/ermicho/.gradle/wrapper/dists/gradle-4.10.2-all/9fahxiiecdb76a5g3aw9oi8rv/gradle-4.10.2/lib/gradle-resources-4.10.2.jar
7fd6a6b78000-7fd6a6b79000 r--s 00003000 08:06 131447                     /home/ermicho/.gradle/wrapper/dists/gradle-4.10.2-all/9fahxiiecdb76a5g3aw9oi8rv/gradle-4.10.2/lib/gradle-build-option-4.10.2.jar
7fd6a6b79000-7fd6a6b7b000 r--s 00004000 08:06 131460                     /home/ermicho/.gradle/wrapper/dists/gradle-4.10.2-all/9fahxiiecdb76a5g3aw9oi8rv/gradle-4.10.2/lib/log4j-over-slf4j-1.7.16.jar
7fd6a6b7b000-7fd6a6b7d000 r--s 00000000 08:06 131459                     /home/ermicho/.gradle/wrapper/dists/gradle-4.10.2-all/9fahxiiecdb76a5g3aw9oi8rv/gradle-4.10.2/lib/jul-to-slf4j-1.7.16.jar
7fd6a6b7d000-7fd6a6b7f000 r--s 00003000 08:06 131458                     /home/ermicho/.gradle/wrapper/dists/gradle-4.10.2-all/9fahxiiecdb76a5g3aw9oi8rv/gradle-4.10.2/lib/jcl-over-slf4j-1.7.16.jar
7fd6a6b7f000-7fd6a6b87000 r--s 00035000 08:06 131438                     /home/ermicho/.gradle/wrapper/dists/gradle-4.10.2-all/9fahxiiecdb76a5g3aw9oi8rv/gradle-4.10.2/lib/gradle-logging-4.10.2.jar
7fd6a6b87000-7fd6a6b96000 r--s 00085000 08:06 131443                     /home/ermicho/.gradle/wrapper/dists/gradle-4.10.2-all/9fahxiiecdb76a5g3aw9oi8rv/gradle-4.10.2/lib/gradle-model-core-4.10.2.jar
7fd6a6b96000-7fd6a6b9f000 r--s 0002d000 08:06 131472                     /home/ermicho/.gradle/wrapper/dists/gradle-4.10.2-all/9fahxiiecdb76a5g3aw9oi8rv/gradle-4.10.2/lib/xml-apis-1.4.01.jar
7fd6a6b9f000-7fd6a6c10000 r--s 00665000 08:06 131466                     /home/ermicho/.gradle/wrapper/dists/gradle-4.10.2-all/9fahxiiecdb76a5g3aw9oi8rv/gradle-4.10.2/lib/groovy-all-2.4.15.jar
7fd6a6c10000-7fd6a6c1a000 r--s 00078000 08:06 131471                     /home/ermicho/.gradle/wrapper/dists/gradle-4.10.2-all/9fahxiiecdb76a5g3aw9oi8rv/gradle-4.10.2/lib/commons-compress-1.14.jar
7fd6a6c1a000-7fd6a6c27000 r--s 00083000 08:06 131469                     /home/ermicho/.gradle/wrapper/dists/gradle-4.10.2-all/9fahxiiecdb76a5g3aw9oi8rv/gradle-4.10.2/lib/commons-collections-3.2.2.jar
7fd6a6c27000-7fd6a6c28000 ---p 00000000 00:00 0 
7fd6a6c28000-7fd6a6d28000 rw-p 00000000 00:00 0 
7fd6a6d28000-7fd6a6d2b000 ---p 00000000 00:00 0 
7fd6a6d2b000-7fd6a6e29000 rw-p 00000000 00:00 0 
7fd6a6e29000-7fd6a6e2a000 ---p 00000000 00:00 0 
7fd6a6e2a000-7fd6a6e2d000 ---p 00000000 00:00 0 
7fd6a6e2d000-7fd6a6f2a000 rw-p 00000000 00:00 0 
7fd6a6f2a000-7fd6a6f2b000 ---p 00000000 00:00 0 
7fd6a6f2b000-7fd6a6f2e000 ---p 00000000 00:00 0 
7fd6a6f2e000-7fd6a702b000 rw-p 00000000 00:00 0 
7fd6a702b000-7fd6a702c000 ---p 00000000 00:00 0 
7fd6a702c000-7fd6a702f000 ---p 00000000 00:00 0 
7fd6a702f000-7fd6a712c000 rw-p 00000000 00:00 0 
7fd6a712c000-7fd6a712d000 ---p 00000000 00:00 0 
7fd6a712d000-7fd6a7130000 ---p 00000000 00:00 0 
7fd6a7130000-7fd6a722d000 rw-p 00000000 00:00 0 
7fd6a722d000-7fd6a7230000 ---p 00000000 00:00 0 
7fd6a7230000-7fd6a732e000 rw-p 00000000 00:00 0 
7fd6a732e000-7fd6a7cfd000 r--p 00000000 08:06 662140                     /usr/lib/locale/locale-archive
7fd6a7cfd000-7fd6a7d00000 ---p 00000000 00:00 0 
7fd6a7d00000-7fd6a7dfe000 rw-p 00000000 00:00 0 
7fd6a7dfe000-7fd6a7e01000 ---p 00000000 00:00 0 
7fd6a7e01000-7fd6a7eff000 rw-p 00000000 00:00 0 
7fd6a7eff000-7fd6a7f00000 ---p 00000000 00:00 0 
7fd6a7f00000-7fd6a8000000 rw-p 00000000 00:00 0 
7fd6a8000000-7fd6a8021000 rw-p 00000000 00:00 0 
7fd6a8021000-7fd6ac000000 ---p 00000000 00:00 0 
7fd6ac000000-7fd6ac001000 r--s 00006000 08:06 131448                     /home/ermicho/.gradle/wrapper/dists/gradle-4.10.2-all/9fahxiiecdb76a5g3aw9oi8rv/gradle-4.10.2/lib/gradle-cli-4.10.2.jar
7fd6ac001000-7fd6ac003000 r--s 00006000 08:06 131444                     /home/ermicho/.gradle/wrapper/dists/gradle-4.10.2-all/9fahxiiecdb76a5g3aw9oi8rv/gradle-4.10.2/lib/gradle-base-services-groovy-4.10.2.jar
7fd6ac003000-7fd6ac005000 r--s 00007000 08:06 131442                     /home/ermicho/.gradle/wrapper/dists/gradle-4.10.2-all/9fahxiiecdb76a5g3aw9oi8rv/gradle-4.10.2/lib/gradle-model-groovy-4.10.2.jar
7fd6ac005000-7fd6ac006000 r--s 00006000 08:06 131449                     /home/ermicho/.gradle/wrapper/dists/gradle-4.10.2-all/9fahxiiecdb76a5g3aw9oi8rv/gradle-4.10.2/lib/gradle-docs-4.10.2.jar
7fd6ac006000-7fd6ac007000 r--s 00000000 08:06 131468                     /home/ermicho/.gradle/wrapper/dists/gradle-4.10.2-all/9fahxiiecdb76a5g3aw9oi8rv/gradle-4.10.2/lib/javax.inject-1.jar
7fd6ac007000-7fd6ac008000 r--s 00007000 08:06 131451                     /home/ermicho/.gradle/wrapper/dists/gradle-4.10.2-all/9fahxiiecdb76a5g3aw9oi8rv/gradle-4.10.2/lib/asm-analysis-6.2.jar
7fd6ac008000-7fd6ac00a000 r--s 0000b000 08:06 131452                     /home/ermicho/.gradle/wrapper/dists/gradle-4.10.2-all/9fahxiiecdb76a5g3aw9oi8rv/gradle-4.10.2/lib/asm-tree-6.2.jar
7fd6ac00a000-7fd6ac00c000 r--s 00012000 08:06 131450                     /home/ermicho/.gradle/wrapper/dists/gradle-4.10.2-all/9fahxiiecdb76a5g3aw9oi8rv/gradle-4.10.2/lib/asm-commons-6.2.jar
7fd6ac00c000-7fd6ac00d000 r--s 00004000 08:06 131475                     /home/ermicho/.gradle/wrapper/dists/gradle-4.10.2-all/9fahxiiecdb76a5g3aw9oi8rv/gradle-4.10.2/lib/native-platform-freebsd-amd64-libcpp-0.14.jar
7fd6ac00d000-7fd6ac00e000 r--s 00004000 08:06 131476                     /home/ermicho/.gradle/wrapper/dists/gradle-4.10.2-all/9fahxiiecdb76a5g3aw9oi8rv/gradle-4.10.2/lib/native-platform-freebsd-amd64-libstdcpp-0.14.jar
7fd6ac00e000-7fd6ac00f000 r--s 00004000 08:06 131477                     /home/ermicho/.gradle/wrapper/dists/gradle-4.10.2-all/9fahxiiecdb76a5g3aw9oi8rv/gradle-4.10.2/lib/native-platform-freebsd-i386-libcpp-0.14.jar
7fd6ac00f000-7fd6ac010000 r--s 00003000 08:06 131478                     /home/ermicho/.gradle/wrapper/dists/gradle-4.10.2-all/9fahxiiecdb76a5g3aw9oi8rv/gradle-4.10.2/lib/native-platform-freebsd-i386-libstdcpp-0.14.jar
7fd6ac010000-7fd6ac011000 r--s 00002000 08:06 131479                     /home/ermicho/.gradle/wrapper/dists/gradle-4.10.2-all/9fahxiiecdb76a5g3aw9oi8rv/gradle-4.10.2/lib/native-platform-linux-amd64-0.14.jar
7fd6ac011000-7fd6ac012000 r--s 00002000 08:06 131480                     /home/ermicho/.gradle/wrapper/dists/gradle-4.10.2-all/9fahxiiecdb76a5g3aw9oi8rv/gradle-4.10.2/lib/native-platform-linux-i386-0.14.jar
7fd6ac012000-7fd6ac014000 r--s 00002000 08:06 131481                     /home/ermicho/.gradle/wrapper/dists/gradle-4.10.2-all/9fahxiiecdb76a5g3aw9oi8rv/gradle-4.10.2/lib/native-platform-osx-amd64-0.14.jar
7fd6ac014000-7fd6ac015000 r--s 00003000 08:06 131482                     /home/ermicho/.gradle/wrapper/dists/gradle-4.10.2-all/9fahxiiecdb76a5g3aw9oi8rv/gradle-4.10.2/lib/native-platform-osx-i386-0.14.jar
7fd6ac015000-7fd6ac017000 r--s 0000b000 08:06 131483                     /home/ermicho/.gradle/wrapper/dists/gradle-4.10.2-all/9fahxiiecdb76a5g3aw9oi8rv/gradle-4.10.2/lib/native-platform-windows-amd64-0.14.jar
7fd6ac017000-7fd6ac018000 r--s 0000b000 08:06 131484                     /home/ermicho/.gradle/wrapper/dists/gradle-4.10.2-all/9fahxiiecdb76a5g3aw9oi8rv/gradle-4.10.2/lib/native-platform-windows-i386-0.14.jar
7fd6ac018000-7fd6ac019000 r--s 00001000 08:06 131485                     /home/ermicho/.gradle/wrapper/dists/gradle-4.10.2-all/9fahxiiecdb76a5g3aw9oi8rv/gradle-4.10.2/lib/native-platform-linux-amd64-ncurses5-0.14.jar
7fd6ac019000-7fd6ac01a000 r--s 00001000 08:06 131486                     /home/ermicho/.gradle/wrapper/dists/gradle-4.10.2-all/9fahxiiecdb76a5g3aw9oi8rv/gradle-4.10.2/lib/native-platform-linux-amd64-ncurses6-0.14.jar
7fd6ac01a000-7fd6ac01b000 r--s 00001000 08:06 131487                     /home/ermicho/.gradle/wrapper/dists/gradle-4.10.2-all/9fahxiiecdb76a5g3aw9oi8rv/gradle-4.10.2/lib/native-platform-linux-i386-ncurses5-0.14.jar
7fd6ac01b000-7fd6ac01f000 r--s 00012000 08:06 131470                     /home/ermicho/.gradle/wrapper/dists/gradle-4.10.2-all/9fahxiiecdb76a5g3aw9oi8rv/gradle-4.10.2/lib/native-platform-0.14.jar
7fd6ac01f000-7fd6ac022000 r--s 00023000 08:06 131473                     /home/ermicho/.gradle/wrapper/dists/gradle-4.10.2-all/9fahxiiecdb76a5g3aw9oi8rv/gradle-4.10.2/lib/jansi-1.14.jar
7fd6ac022000-7fd6ac026000 r--s 0000c000 08:06 131441                     /home/ermicho/.gradle/wrapper/dists/gradle-4.10.2-all/9fahxiiecdb76a5g3aw9oi8rv/gradle-4.10.2/lib/gradle-native-4.10.2.jar
7fd6ac026000-7fd6ac028000 r--s 0000f000 08:06 131454                     /home/ermicho/.gradle/wrapper/dists/gradle-4.10.2-all/9fahxiiecdb76a5g3aw9oi8rv/gradle-4.10.2/lib/reflectasm-1.07-shaded.jar
7fd6ac028000-7fd6ac02a000 r--s 00000000 08:06 131489                     /home/ermicho/.gradle/wrapper/dists/gradle-4.10.2-all/9fahxiiecdb76a5g3aw9oi8rv/gradle-4.10.2/lib/minlog-1.2.jar
7fd6ac02a000-7fd6ac02c000 r--s 00007000 08:06 131490                     /home/ermicho/.gradle/wrapper/dists/gradle-4.10.2-all/9fahxiiecdb76a5g3aw9oi8rv/gradle-4.10.2/lib/objenesis-1.2.jar
7fd6ac02c000-7fd6ac030000 r--s 00026000 08:06 131453                     /home/ermicho/.gradle/wrapper/dists/gradle-4.10.2-all/9fahxiiecdb76a5g3aw9oi8rv/gradle-4.10.2/lib/kryo-2.20.jar
7fd6ac030000-7fd6ac037000 r--s 0002d000 08:06 131445                     /home/ermicho/.gradle/wrapper/dists/gradle-4.10.2-all/9fahxiiecdb76a5g3aw9oi8rv/gradle-4.10.2/lib/gradle-messaging-4.10.2.jar
7fd6ac037000-7fd6ac039000 r--s 00006000 08:06 131439                     /home/ermicho/.gradle/wrapper/dists/gradle-4.10.2-all/9fahxiiecdb76a5g3aw9oi8rv/gradle-4.10.2/lib/gradle-process-services-4.10.2.jar
7fd6ac039000-7fd6ac03b000 r--s 00000000 08:06 131434                     /home/ermicho/.gradle/wrapper/dists/gradle-4.10.2-all/9fahxiiecdb76a5g3aw9oi8rv/gradle-4.10.2/lib/gradle-jvm-services-4.10.2.jar
7fd6ac03b000-7fd6ac063000 r--s 001cf000 08:06 131462                     /home/ermicho/.gradle/wrapper/dists/gradle-4.10.2-all/9fahxiiecdb76a5g3aw9oi8rv/gradle-4.10.2/lib/guava-jdk5-17.0.jar
7fd6ac063000-7fd6ac082000 r--s 001d9000 08:06 131467                     /home/ermicho/.gradle/wrapper/dists/gradle-4.10.2-all/9fahxiiecdb76a5g3aw9oi8rv/gradle-4.10.2/lib/ant-1.9.11.jar
7fd6ac082000-7fd6ac0c8000 r--s 00265000 08:06 131433                     /home/ermicho/.gradle/wrapper/dists/gradle-4.10.2-all/9fahxiiecdb76a5g3aw9oi8rv/gradle-4.10.2/lib/gradle-core-4.10.2.jar
7fd6ac0c8000-7fd6b0000000 rw-p 00000000 00:00 0 
7fd6b0000000-7fd6b0021000 rw-p 00000000 00:00 0 
7fd6b0021000-7fd6b4000000 ---p 00000000 00:00 0 
7fd6b4000000-7fd6b4002000 r--s 00006000 08:06 131463                     /home/ermicho/.gradle/wrapper/dists/gradle-4.10.2-all/9fahxiiecdb76a5g3aw9oi8rv/gradle-4.10.2/lib/jsr305-2.0.1.jar
7fd6b4002000-7fd6b4006000 r--s 0002a000 08:06 131456                     /home/ermicho/.gradle/wrapper/dists/gradle-4.10.2-all/9fahxiiecdb76a5g3aw9oi8rv/gradle-4.10.2/lib/commons-io-2.4.jar
7fd6b4006000-7fd6b451f000 rw-p 00000000 00:00 0 
7fd6b451f000-7fd6b46f9000 r--s 03d6f000 08:06 10888034                   /usr/lib/jvm/jdk1.8.0_201/jre/lib/rt.jar
7fd6b46f9000-7fd6b48f9000 rw-p 00000000 00:00 0 
7fd6b48f9000-7fd6b48fa000 ---p 00000000 00:00 0 
7fd6b48fa000-7fd6b49fa000 rw-p 00000000 00:00 0 
7fd6b49fa000-7fd6b49fb000 ---p 00000000 00:00 0 
7fd6b49fb000-7fd6b4afb000 rw-p 00000000 00:00 0 
7fd6b4afb000-7fd6b4afc000 ---p 00000000 00:00 0 
7fd6b4afc000-7fd6b4bfc000 rw-p 00000000 00:00 0 
7fd6b4bfc000-7fd6b4bfd000 ---p 00000000 00:00 0 
7fd6b4bfd000-7fd6b4cfd000 rw-p 00000000 00:00 0 
7fd6b4cfd000-7fd6b4cfe000 ---p 00000000 00:00 0 
7fd6b4cfe000-7fd6b4dfe000 rw-p 00000000 00:00 0 
7fd6b4dfe000-7fd6b4dff000 ---p 00000000 00:00 0 
7fd6b4dff000-7fd6b4eff000 rw-p 00000000 00:00 0 
7fd6b4eff000-7fd6b4f00000 ---p 00000000 00:00 0 
7fd6b4f00000-7fd6b5000000 rw-p 00000000 00:00 0 
7fd6b5000000-7fd6b5500000 rwxp 00000000 00:00 0 
7fd6b5500000-7fd6c4000000 ---p 00000000 00:00 0 
7fd6c4000000-7fd6c5255000 rw-p 00000000 00:00 0 
7fd6c5255000-7fd6c8000000 ---p 00000000 00:00 0 
7fd6c8000000-7fd6c8003000 r--s 0001a000 08:06 131464                     /home/ermicho/.gradle/wrapper/dists/gradle-4.10.2-all/9fahxiiecdb76a5g3aw9oi8rv/gradle-4.10.2/lib/fastutil-7.2.1-min.jar
7fd6c8003000-7fd6c8010000 r--s 00037000 08:06 131435                     /home/ermicho/.gradle/wrapper/dists/gradle-4.10.2-all/9fahxiiecdb76a5g3aw9oi8rv/gradle-4.10.2/lib/gradle-core-api-4.10.2.jar
7fd6c8010000-7fd6c801c000 r--s 00064000 08:06 131446                     /home/ermicho/.gradle/wrapper/dists/gradle-4.10.2-all/9fahxiiecdb76a5g3aw9oi8rv/gradle-4.10.2/lib/gradle-base-services-4.10.2.jar
7fd6c801c000-7fd6c8092000 rw-p 00000000 00:00 0 
7fd6c8092000-7fd6c8093000 ---p 00000000 00:00 0 
7fd6c8093000-7fd6c81bd000 rw-p 00000000 00:00 0 
7fd6c81bd000-7fd6c82e9000 ---p 00000000 00:00 0 
7fd6c82e9000-7fd6c8313000 rw-p 00000000 00:00 0 
7fd6c8313000-7fd6c843e000 ---p 00000000 00:00 0 
7fd6c843e000-7fd6c8482000 rw-p 00000000 00:00 0 
7fd6c8482000-7fd6c84e9000 ---p 00000000 00:00 0 
7fd6c84e9000-7fd6c84fe000 rw-p 00000000 00:00 0 
7fd6c84fe000-7fd6c88aa000 ---p 00000000 00:00 0 
7fd6c88aa000-7fd6c88c5000 r-xp 00000000 08:06 10888324                   /usr/lib/jvm/jdk1.8.0_201/jre/lib/amd64/libzip.so
7fd6c88c5000-7fd6c8ac4000 ---p 0001b000 08:06 10888324                   /usr/lib/jvm/jdk1.8.0_201/jre/lib/amd64/libzip.so
7fd6c8ac4000-7fd6c8ac5000 r--p 0001a000 08:06 10888324                   /usr/lib/jvm/jdk1.8.0_201/jre/lib/amd64/libzip.so
7fd6c8ac5000-7fd6c8ac6000 rw-p 0001b000 08:06 10888324                   /usr/lib/jvm/jdk1.8.0_201/jre/lib/amd64/libzip.so
7fd6c8ac6000-7fd6c8ad1000 r-xp 00000000 08:06 3937066                    /lib/x86_64-linux-gnu/libnss_files-2.27.so
7fd6c8ad1000-7fd6c8cd0000 ---p 0000b000 08:06 3937066                    /lib/x86_64-linux-gnu/libnss_files-2.27.so
7fd6c8cd0000-7fd6c8cd1000 r--p 0000a000 08:06 3937066                    /lib/x86_64-linux-gnu/libnss_files-2.27.so
7fd6c8cd1000-7fd6c8cd2000 rw-p 0000b000 08:06 3937066                    /lib/x86_64-linux-gnu/libnss_files-2.27.so
7fd6c8cd2000-7fd6c8cd8000 rw-p 00000000 00:00 0 
7fd6c8cd8000-7fd6c8cef000 r-xp 00000000 08:06 3937060                    /lib/x86_64-linux-gnu/libnsl-2.27.so
7fd6c8cef000-7fd6c8eee000 ---p 00017000 08:06 3937060                    /lib/x86_64-linux-gnu/libnsl-2.27.so
7fd6c8eee000-7fd6c8eef000 r--p 00016000 08:06 3937060                    /lib/x86_64-linux-gnu/libnsl-2.27.so
7fd6c8eef000-7fd6c8ef0000 rw-p 00017000 08:06 3937060                    /lib/x86_64-linux-gnu/libnsl-2.27.so
7fd6c8ef0000-7fd6c8ef2000 rw-p 00000000 00:00 0 
7fd6c8ef2000-7fd6c8efd000 r-xp 00000000 08:06 3937077                    /lib/x86_64-linux-gnu/libnss_nis-2.27.so
7fd6c8efd000-7fd6c90fc000 ---p 0000b000 08:06 3937077                    /lib/x86_64-linux-gnu/libnss_nis-2.27.so
7fd6c90fc000-7fd6c90fd000 r--p 0000a000 08:06 3937077                    /lib/x86_64-linux-gnu/libnss_nis-2.27.so
7fd6c90fd000-7fd6c90fe000 rw-p 0000b000 08:06 3937077                    /lib/x86_64-linux-gnu/libnss_nis-2.27.so
7fd6c90fe000-7fd6c9106000 r-xp 00000000 08:06 3937062                    /lib/x86_64-linux-gnu/libnss_compat-2.27.so
7fd6c9106000-7fd6c9306000 ---p 00008000 08:06 3937062                    /lib/x86_64-linux-gnu/libnss_compat-2.27.so
7fd6c9306000-7fd6c9307000 r--p 00008000 08:06 3937062                    /lib/x86_64-linux-gnu/libnss_compat-2.27.so
7fd6c9307000-7fd6c9308000 rw-p 00009000 08:06 3937062                    /lib/x86_64-linux-gnu/libnss_compat-2.27.so
7fd6c9308000-7fd6c9334000 r-xp 00000000 08:06 10888318                   /usr/lib/jvm/jdk1.8.0_201/jre/lib/amd64/libjava.so
7fd6c9334000-7fd6c9534000 ---p 0002c000 08:06 10888318                   /usr/lib/jvm/jdk1.8.0_201/jre/lib/amd64/libjava.so
7fd6c9534000-7fd6c9535000 r--p 0002c000 08:06 10888318                   /usr/lib/jvm/jdk1.8.0_201/jre/lib/amd64/libjava.so
7fd6c9535000-7fd6c9537000 rw-p 0002d000 08:06 10888318                   /usr/lib/jvm/jdk1.8.0_201/jre/lib/amd64/libjava.so
7fd6c9537000-7fd6c9544000 r-xp 00000000 08:06 10888323                   /usr/lib/jvm/jdk1.8.0_201/jre/lib/amd64/libverify.so
7fd6c9544000-7fd6c9743000 ---p 0000d000 08:06 10888323                   /usr/lib/jvm/jdk1.8.0_201/jre/lib/amd64/libverify.so
7fd6c9743000-7fd6c9745000 r--p 0000c000 08:06 10888323                   /usr/lib/jvm/jdk1.8.0_201/jre/lib/amd64/libverify.so
7fd6c9745000-7fd6c9746000 rw-p 0000e000 08:06 10888323                   /usr/lib/jvm/jdk1.8.0_201/jre/lib/amd64/libverify.so
7fd6c9746000-7fd6c974d000 r-xp 00000000 08:06 3937117                    /lib/x86_64-linux-gnu/librt-2.27.so
7fd6c974d000-7fd6c994c000 ---p 00007000 08:06 3937117                    /lib/x86_64-linux-gnu/librt-2.27.so
7fd6c994c000-7fd6c994d000 r--p 00006000 08:06 3937117                    /lib/x86_64-linux-gnu/librt-2.27.so
7fd6c994d000-7fd6c994e000 rw-p 00007000 08:06 3937117                    /lib/x86_64-linux-gnu/librt-2.27.so
7fd6c994e000-7fd6c9aeb000 r-xp 00000000 08:06 3937039                    /lib/x86_64-linux-gnu/libm-2.27.so
7fd6c9aeb000-7fd6c9cea000 ---p 0019d000 08:06 3937039                    /lib/x86_64-linux-gnu/libm-2.27.so
7fd6c9cea000-7fd6c9ceb000 r--p 0019c000 08:06 3937039                    /lib/x86_64-linux-gnu/libm-2.27.so
7fd6c9ceb000-7fd6c9cec000 rw-p 0019d000 08:06 3937039                    /lib/x86_64-linux-gnu/libm-2.27.so
7fd6c9cec000-7fd6ca9d4000 r-xp 00000000 08:06 10888346                   /usr/lib/jvm/jdk1.8.0_201/jre/lib/amd64/server/libjvm.so
7fd6ca9d4000-7fd6cabd3000 ---p 00ce8000 08:06 10888346                   /usr/lib/jvm/jdk1.8.0_201/jre/lib/amd64/server/libjvm.so
7fd6cabd3000-7fd6cac69000 r--p 00ce7000 08:06 10888346                   /usr/lib/jvm/jdk1.8.0_201/jre/lib/amd64/server/libjvm.so
7fd6cac69000-7fd6cac9a000 rw-p 00d7d000 08:06 10888346                   /usr/lib/jvm/jdk1.8.0_201/jre/lib/amd64/server/libjvm.so
7fd6cac9a000-7fd6cacd5000 rw-p 00000000 00:00 0 
7fd6cacd5000-7fd6caebc000 r-xp 00000000 08:06 3936976                    /lib/x86_64-linux-gnu/libc-2.27.so
7fd6caebc000-7fd6cb0bc000 ---p 001e7000 08:06 3936976                    /lib/x86_64-linux-gnu/libc-2.27.so
7fd6cb0bc000-7fd6cb0c0000 r--p 001e7000 08:06 3936976                    /lib/x86_64-linux-gnu/libc-2.27.so
7fd6cb0c0000-7fd6cb0c2000 rw-p 001eb000 08:06 3936976                    /lib/x86_64-linux-gnu/libc-2.27.so
7fd6cb0c2000-7fd6cb0c6000 rw-p 00000000 00:00 0 
7fd6cb0c6000-7fd6cb0c9000 r-xp 00000000 08:06 3936999                    /lib/x86_64-linux-gnu/libdl-2.27.so
7fd6cb0c9000-7fd6cb2c8000 ---p 00003000 08:06 3936999                    /lib/x86_64-linux-gnu/libdl-2.27.so
7fd6cb2c8000-7fd6cb2c9000 r--p 00002000 08:06 3936999                    /lib/x86_64-linux-gnu/libdl-2.27.so
7fd6cb2c9000-7fd6cb2ca000 rw-p 00003000 08:06 3936999                    /lib/x86_64-linux-gnu/libdl-2.27.so
7fd6cb2ca000-7fd6cb2e1000 r-xp 00000000 08:06 9054391                    /usr/lib/jvm/jdk1.8.0_201/lib/amd64/jli/libjli.so
7fd6cb2e1000-7fd6cb4e0000 ---p 00017000 08:06 9054391                    /usr/lib/jvm/jdk1.8.0_201/lib/amd64/jli/libjli.so
7fd6cb4e0000-7fd6cb4e1000 r--p 00016000 08:06 9054391                    /usr/lib/jvm/jdk1.8.0_201/lib/amd64/jli/libjli.so
7fd6cb4e1000-7fd6cb4e2000 rw-p 00017000 08:06 9054391                    /usr/lib/jvm/jdk1.8.0_201/lib/amd64/jli/libjli.so
7fd6cb4e2000-7fd6cb4fc000 r-xp 00000000 08:06 3937109                    /lib/x86_64-linux-gnu/libpthread-2.27.so
7fd6cb4fc000-7fd6cb6fb000 ---p 0001a000 08:06 3937109                    /lib/x86_64-linux-gnu/libpthread-2.27.so
7fd6cb6fb000-7fd6cb6fc000 r--p 00019000 08:06 3937109                    /lib/x86_64-linux-gnu/libpthread-2.27.so
7fd6cb6fc000-7fd6cb6fd000 rw-p 0001a000 08:06 3937109                    /lib/x86_64-linux-gnu/libpthread-2.27.so
7fd6cb6fd000-7fd6cb701000 rw-p 00000000 00:00 0 
7fd6cb701000-7fd6cb728000 r-xp 00000000 08:06 3936948                    /lib/x86_64-linux-gnu/ld-2.27.so
7fd6cb728000-7fd6cb729000 r--s 00001000 08:06 131488                     /home/ermicho/.gradle/wrapper/dists/gradle-4.10.2-all/9fahxiiecdb76a5g3aw9oi8rv/gradle-4.10.2/lib/native-platform-linux-i386-ncurses6-0.14.jar
7fd6cb729000-7fd6cb72b000 r--s 0001a000 08:06 131455                     /home/ermicho/.gradle/wrapper/dists/gradle-4.10.2-all/9fahxiiecdb76a5g3aw9oi8rv/gradle-4.10.2/lib/asm-6.2.jar
7fd6cb72b000-7fd6cb730000 r--s 00041000 08:06 131457                     /home/ermicho/.gradle/wrapper/dists/gradle-4.10.2-all/9fahxiiecdb76a5g3aw9oi8rv/gradle-4.10.2/lib/commons-lang-2.6.jar
7fd6cb730000-7fd6cb809000 rw-p 00000000 00:00 0 
7fd6cb809000-7fd6cb80a000 ---p 00000000 00:00 0 
7fd6cb80a000-7fd6cb80d000 ---p 00000000 00:00 0 
7fd6cb80d000-7fd6cb90e000 rw-p 00000000 00:00 0 
7fd6cb90e000-7fd6cb90f000 r--s 00000000 08:06 131465                     /home/ermicho/.gradle/wrapper/dists/gradle-4.10.2-all/9fahxiiecdb76a5g3aw9oi8rv/gradle-4.10.2/lib/jcip-annotations-1.0.jar
7fd6cb90f000-7fd6cb910000 r--s 00009000 08:06 131461                     /home/ermicho/.gradle/wrapper/dists/gradle-4.10.2-all/9fahxiiecdb76a5g3aw9oi8rv/gradle-4.10.2/lib/slf4j-api-1.7.16.jar
7fd6cb910000-7fd6cb911000 r--s 00004000 08:06 131474                     /home/ermicho/.gradle/wrapper/dists/gradle-4.10.2-all/9fahxiiecdb76a5g3aw9oi8rv/gradle-4.10.2/lib/ant-launcher-1.9.11.jar
7fd6cb911000-7fd6cb91e000 r--s 00068000 08:06 131428                     /home/ermicho/.gradle/wrapper/dists/gradle-4.10.2-all/9fahxiiecdb76a5g3aw9oi8rv/gradle-4.10.2/lib/gradle-launcher-4.10.2.jar
7fd6cb91e000-7fd6cb926000 rw-s 00000000 08:06 13140949                   /tmp/hsperfdata_ermicho/29686
7fd6cb926000-7fd6cb927000 rw-p 00000000 00:00 0 
7fd6cb927000-7fd6cb928000 r--p 00000000 00:00 0 
7fd6cb928000-7fd6cb929000 r--p 00027000 08:06 3936948                    /lib/x86_64-linux-gnu/ld-2.27.so
7fd6cb929000-7fd6cb92a000 rw-p 00028000 08:06 3936948                    /lib/x86_64-linux-gnu/ld-2.27.so
7fd6cb92a000-7fd6cb92b000 rw-p 00000000 00:00 0 
7fff06322000-7fff06345000 rw-p 00000000 00:00 0                          [stack]
7fff063d5000-7fff063d8000 r--p 00000000 00:00 0                          [vvar]
7fff063d8000-7fff063da000 r-xp 00000000 00:00 0                          [vdso]
ffffffffff600000-ffffffffff601000 r-xp 00000000 00:00 0                  [vsyscall]

VM Arguments:
jvm_args: -XX:+HeapDumpOnOutOfMemoryError -Xmx1024m -Dfile.encoding=UTF-8 -Duser.country=IN -Duser.language=en -Duser.variant 
java_command: org.gradle.launcher.daemon.bootstrap.GradleDaemon 4.10.2
java_class_path (initial): /home/ermicho/.gradle/wrapper/dists/gradle-4.10.2-all/9fahxiiecdb76a5g3aw9oi8rv/gradle-4.10.2/lib/gradle-launcher-4.10.2.jar
Launcher Type: SUN_STANDARD

Environment Variables:
JAVA_HOME=/usr/lib/jvm/jdk1.8.0_201
PATH=/home/ermicho/projects/react-native/sidebar/node_modules/.bin:/usr/local/lib/node_modules/npm/node_modules/npm-lifecycle/node-gyp-bin:/home/ermicho/projects/react-native/sidebar/node_modules/.bin:/usr/local/sbin:/usr/local/bin:/usr/sbin:/usr/bin:/sbin:/bin:/usr/games:/usr/local/games:/snap/bin:/home/ermicho/Android/Sdk/tools:/home/ermicho/Android/Sdk/tools/bin:/home/ermicho/Android/Sdk/platform-tools:/home/ermicho/Android/Sdk/emulator:/home/ermicho/Android/Sdk/tools/bin:/home/ermicho/Android/Sdk/platform-tools
USERNAME=ermicho
SHELL=/bin/bash
DISPLAY=:0

Signal Handlers:
SIGSEGV: [libjvm.so+0xad3e60], sa_mask[0]=11111111011111111101111111111110, sa_flags=SA_RESTART|SA_SIGINFO
SIGBUS: [libjvm.so+0xad3e60], sa_mask[0]=11111111011111111101111111111110, sa_flags=SA_RESTART|SA_SIGINFO
SIGFPE: [libjvm.so+0x90b880], sa_mask[0]=11111111011111111101111111111110, sa_flags=SA_RESTART|SA_SIGINFO
SIGPIPE: [libjvm.so+0x90b880], sa_mask[0]=11111111011111111101111111111110, sa_flags=SA_RESTART|SA_SIGINFO
SIGXFSZ: [libjvm.so+0x90b880], sa_mask[0]=11111111011111111101111111111110, sa_flags=SA_RESTART|SA_SIGINFO
SIGILL: [libjvm.so+0x90b880], sa_mask[0]=11111111011111111101111111111110, sa_flags=SA_RESTART|SA_SIGINFO
SIGUSR1: SIG_DFL, sa_mask[0]=00000000000000000000000000000000, sa_flags=none
SIGUSR2: [libjvm.so+0x90b750], sa_mask[0]=00100000000000000000000000000000, sa_flags=SA_RESTART|SA_SIGINFO
SIGHUP: [libjvm.so+0x90bd70], sa_mask[0]=11111111011111111101111111111110, sa_flags=SA_RESTART|SA_SIGINFO
SIGINT: [libjvm.so+0x90bd70], sa_mask[0]=11111111011111111101111111111110, sa_flags=SA_RESTART|SA_SIGINFO
SIGTERM: [libjvm.so+0x90bd70], sa_mask[0]=11111111011111111101111111111110, sa_flags=SA_RESTART|SA_SIGINFO
SIGQUIT: [libjvm.so+0x90bd70], sa_mask[0]=11111111011111111101111111111110, sa_flags=SA_RESTART|SA_SIGINFO


---------------  S Y S T E M  ---------------

OS:DISTRIB_ID=Ubuntu
DISTRIB_RELEASE=18.04
DISTRIB_CODENAME=bionic
DISTRIB_DESCRIPTION="Ubuntu 18.04.2 LTS"

uname:Linux 4.15.0-46-generic #49-Ubuntu SMP Wed Feb 6 09:33:07 UTC 2019 x86_64
libc:glibc 2.27 NPTL 2.27 
rlimit: STACK 8192k, CORE 0k, NPROC 30710, NOFILE 4096, AS infinity
load average:2.30 2.02 1.74

/proc/meminfo:
MemTotal:        8021540 kB
MemFree:          140604 kB
MemAvailable:     973432 kB
Buffers:           16764 kB
Cached:          1684172 kB
SwapCached:            8 kB
Active:          5710704 kB
Inactive:        1648484 kB
Active(anon):    5298044 kB
Inactive(anon):  1096380 kB
Active(file):     412660 kB
Inactive(file):   552104 kB
Unevictable:         344 kB
Mlocked:             344 kB
SwapTotal:       2097148 kB
SwapFree:        2095868 kB
Dirty:             64308 kB
Writeback:         24140 kB
AnonPages:       5659280 kB
Mapped:           985140 kB
Shmem:            749728 kB
Slab:             266484 kB
SReclaimable:     175892 kB
SUnreclaim:        90592 kB
KernelStack:       27568 kB
PageTables:       108064 kB
NFS_Unstable:          0 kB
Bounce:                0 kB
WritebackTmp:          0 kB
CommitLimit:     6107916 kB
Committed_AS:   19818080 kB
VmallocTotal:   34359738367 kB
VmallocUsed:           0 kB
VmallocChunk:          0 kB
HardwareCorrupted:     0 kB
AnonHugePages:         0 kB
ShmemHugePages:        0 kB
ShmemPmdMapped:        0 kB
CmaTotal:              0 kB
CmaFree:               0 kB
HugePages_Total:       0
HugePages_Free:        0
HugePages_Rsvd:        0
HugePages_Surp:        0
Hugepagesize:       2048 kB
DirectMap4k:      366020 kB
DirectMap2M:     7876608 kB
DirectMap1G:     1048576 kB

container (cgroup) information:
container_type: cgroupv1
cpu_cpuset_cpus: 0-7
cpu_memory_nodes: 0
active_processor_count: 8
cpu_quota: -1
cpu_period: 100000
cpu_shares: -1
memory_limit_in_bytes: -1
memory_and_swap_limit_in_bytes: -2
memory_soft_limit_in_bytes: -1
memory_usage_in_bytes: 7537668096
memory_max_usage_in_bytes: 96681984


CPU:total 8 (initial active 8) (4 cores per cpu, 2 threads per core) family 6 model 142 stepping 10, cmov, cx8, fxsr, mmx, sse, sse2, sse3, ssse3, sse4.1, sse4.2, popcnt, avx, avx2, aes, clmul, erms, 3dnowpref, lzcnt, ht, tsc, tscinvbit, bmi1, bmi2, adx

/proc/cpuinfo:
processor	: 0
vendor_id	: GenuineIntel
cpu family	: 6
model		: 142
model name	: Intel(R) Core(TM) i7-8550U CPU @ 1.80GHz
stepping	: 10
microcode	: 0x96
cpu MHz		: 2701.791
cache size	: 8192 KB
physical id	: 0
siblings	: 8
core id		: 0
cpu cores	: 4
apicid		: 0
initial apicid	: 0
fpu		: yes
fpu_exception	: yes
cpuid level	: 22
wp		: yes
flags		: fpu vme de pse tsc msr pae mce cx8 apic sep mtrr pge mca cmov pat pse36 clflush dts acpi mmx fxsr sse sse2 ss ht tm pbe syscall nx pdpe1gb rdtscp lm constant_tsc art arch_perfmon pebs bts rep_good nopl xtopology nonstop_tsc cpuid aperfmperf tsc_known_freq pni pclmulqdq dtes64 monitor ds_cpl vmx est tm2 ssse3 sdbg fma cx16 xtpr pdcm pcid sse4_1 sse4_2 x2apic movbe popcnt tsc_deadline_timer aes xsave avx f16c rdrand lahf_lm abm 3dnowprefetch cpuid_fault epb invpcid_single pti ssbd ibrs ibpb stibp tpr_shadow vnmi flexpriority ept vpid fsgsbase tsc_adjust bmi1 avx2 smep bmi2 erms invpcid mpx rdseed adx smap clflushopt intel_pt xsaveopt xsavec xgetbv1 xsaves dtherm ida arat pln pts hwp hwp_notify hwp_act_window hwp_epp flush_l1d
bugs		: cpu_meltdown spectre_v1 spectre_v2 spec_store_bypass l1tf
bogomips	: 3984.00
clflush size	: 64
cache_alignment	: 64
address sizes	: 39 bits physical, 48 bits virtual
power management:

processor	: 1
vendor_id	: GenuineIntel
cpu family	: 6
model		: 142
model name	: Intel(R) Core(TM) i7-8550U CPU @ 1.80GHz
stepping	: 10
microcode	: 0x96
cpu MHz		: 2734.134
cache size	: 8192 KB
physical id	: 0
siblings	: 8
core id		: 1
cpu cores	: 4
apicid		: 2
initial apicid	: 2
fpu		: yes
fpu_exception	: yes
cpuid level	: 22
wp		: yes
flags		: fpu vme de pse tsc msr pae mce cx8 apic sep mtrr pge mca cmov pat pse36 clflush dts acpi mmx fxsr sse sse2 ss ht tm pbe syscall nx pdpe1gb rdtscp lm constant_tsc art arch_perfmon pebs bts rep_good nopl xtopology nonstop_tsc cpuid aperfmperf tsc_known_freq pni pclmulqdq dtes64 monitor ds_cpl vmx est tm2 ssse3 sdbg fma cx16 xtpr pdcm pcid sse4_1 sse4_2 x2apic movbe popcnt tsc_deadline_timer aes xsave avx f16c rdrand lahf_lm abm 3dnowprefetch cpuid_fault epb invpcid_single pti ssbd ibrs ibpb stibp tpr_shadow vnmi flexpriority ept vpid fsgsbase tsc_adjust bmi1 avx2 smep bmi2 erms invpcid mpx rdseed adx smap clflushopt intel_pt xsaveopt xsavec xgetbv1 xsaves dtherm ida arat pln pts hwp hwp_notify hwp_act_window hwp_epp flush_l1d
bugs		: cpu_meltdown spectre_v1 spectre_v2 spec_store_bypass l1tf
bogomips	: 3984.00
clflush size	: 64
cache_alignment	: 64
address sizes	: 39 bits physical, 48 bits virtual
power management:

processor	: 2
vendor_id	: GenuineIntel
cpu family	: 6
model		: 142
model name	: Intel(R) Core(TM) i7-8550U CPU @ 1.80GHz
stepping	: 10
microcode	: 0x96
cpu MHz		: 2717.971
cache size	: 8192 KB
physical id	: 0
siblings	: 8
core id		: 2
cpu cores	: 4
apicid		: 4
initial apicid	: 4
fpu		: yes
fpu_exception	: yes
cpuid level	: 22
wp		: yes
flags		: fpu vme de pse tsc msr pae mce cx8 apic sep mtrr pge mca cmov pat pse36 clflush dts acpi mmx fxsr sse sse2 ss ht tm pbe syscall nx pdpe1gb rdtscp lm constant_tsc art arch_perfmon pebs bts rep_good nopl xtopology nonstop_tsc cpuid aperfmperf tsc_known_freq pni pclmulqdq dtes64 monitor ds_cpl vmx est tm2 ssse3 sdbg fma cx16 xtpr pdcm pcid sse4_1 sse4_2 x2apic movbe popcnt tsc_deadline_timer aes xsave avx f16c rdrand lahf_lm abm 3dnowprefetch cpuid_fault epb invpcid_single pti ssbd ibrs ibpb stibp tpr_shadow vnmi flexpriority ept vpid fsgsbase tsc_adjust bmi1 avx2 smep bmi2 erms invpcid mpx rdseed adx smap clflushopt intel_pt xsaveopt xsavec xgetbv1 xsaves dtherm ida arat pln pts hwp hwp_notify hwp_act_window hwp_epp flush_l1d
bugs		: cpu_meltdown spectre_v1 spectre_v2 spec_store_bypass l1tf
bogomips	: 3984.00
clflush size	: 64
cache_alignment	: 64
address sizes	: 39 bits physical, 48 bits virtual
power management:

processor	: 3
vendor_id	: GenuineIntel
cpu family	: 6
model		: 142
model name	: Intel(R) Core(TM) i7-8550U CPU @ 1.80GHz
stepping	: 10
microcode	: 0x96
cpu MHz		: 2755.413
cache size	: 8192 KB
physical id	: 0
siblings	: 8
core id		: 3
cpu cores	: 4
apicid		: 6
initial apicid	: 6
fpu		: yes
fpu_exception	: yes
cpuid level	: 22
wp		: yes
flags		: fpu vme de pse tsc msr pae mce cx8 apic sep mtrr pge mca cmov pat pse36 clflush dts acpi mmx fxsr sse sse2 ss ht tm pbe syscall nx pdpe1gb rdtscp lm constant_tsc art arch_perfmon pebs bts rep_good nopl xtopology nonstop_tsc cpuid aperfmperf tsc_known_freq pni pclmulqdq dtes64 monitor ds_cpl vmx est tm2 ssse3 sdbg fma cx16 xtpr pdcm pcid sse4_1 sse4_2 x2apic movbe popcnt tsc_deadline_timer aes xsave avx f16c rdrand lahf_lm abm 3dnowprefetch cpuid_fault epb invpcid_single pti ssbd ibrs ibpb stibp tpr_shadow vnmi flexpriority ept vpid fsgsbase tsc_adjust bmi1 avx2 smep bmi2 erms invpcid mpx rdseed adx smap clflushopt intel_pt xsaveopt xsavec xgetbv1 xsaves dtherm ida arat pln pts hwp hwp_notify hwp_act_window hwp_epp flush_l1d
bugs		: cpu_meltdown spectre_v1 spectre_v2 spec_store_bypass l1tf
bogomips	: 3984.00
clflush size	: 64
cache_alignment	: 64
address sizes	: 39 bits physical, 48 bits virtual
power management:

processor	: 4
vendor_id	: GenuineIntel
cpu family	: 6
model		: 142
model name	: Intel(R) Core(TM) i7-8550U CPU @ 1.80GHz
stepping	: 10
microcode	: 0x96
cpu MHz		: 2686.590
cache size	: 8192 KB
physical id	: 0
siblings	: 8
core id		: 0
cpu cores	: 4
apicid		: 1
initial apicid	: 1
fpu		: yes
fpu_exception	: yes
cpuid level	: 22
wp		: yes
flags		: fpu vme de pse tsc msr pae mce cx8 apic sep mtrr pge mca cmov pat pse36 clflush dts acpi mmx fxsr sse sse2 ss ht tm pbe syscall nx pdpe1gb rdtscp lm constant_tsc art arch_perfmon pebs bts rep_good nopl xtopology nonstop_tsc cpuid aperfmperf tsc_known_freq pni pclmulqdq dtes64 monitor ds_cpl vmx est tm2 ssse3 sdbg fma cx16 xtpr pdcm pcid sse4_1 sse4_2 x2apic movbe popcnt tsc_deadline_timer aes xsave avx f16c rdrand lahf_lm abm 3dnowprefetch cpuid_fault epb invpcid_single pti ssbd ibrs ibpb stibp tpr_shadow vnmi flexpriority ept vpid fsgsbase tsc_adjust bmi1 avx2 smep bmi2 erms invpcid mpx rdseed adx smap clflushopt intel_pt xsaveopt xsavec xgetbv1 xsaves dtherm ida arat pln pts hwp hwp_notify hwp_act_window hwp_epp flush_l1d
bugs		: cpu_meltdown spectre_v1 spectre_v2 spec_store_bypass l1tf
bogomips	: 3984.00
clflush size	: 64
cache_alignment	: 64
address sizes	: 39 bits physical, 48 bits virtual
power management:

processor	: 5
vendor_id	: GenuineIntel
cpu family	: 6
model		: 142
model name	: Intel(R) Core(TM) i7-8550U CPU @ 1.80GHz
stepping	: 10
microcode	: 0x96
cpu MHz		: 2734.817
cache size	: 8192 KB
physical id	: 0
siblings	: 8
core id		: 1
cpu cores	: 4
apicid		: 3
initial apicid	: 3
fpu		: yes
fpu_exception	: yes
cpuid level	: 22
wp		: yes
flags		: fpu vme de pse tsc msr pae mce cx8 apic sep mtrr pge mca cmov pat pse36 clflush dts acpi mmx fxsr sse sse2 ss ht tm pbe syscall nx pdpe1gb rdtscp lm constant_tsc art arch_perfmon pebs bts rep_good nopl xtopology nonstop_tsc cpuid aperfmperf tsc_known_freq pni pclmulqdq dtes64 monitor ds_cpl vmx est tm2 ssse3 sdbg fma cx16 xtpr pdcm pcid sse4_1 sse4_2 x2apic movbe popcnt tsc_deadline_timer aes xsave avx f16c rdrand lahf_lm abm 3dnowprefetch cpuid_fault epb invpcid_single pti ssbd ibrs ibpb stibp tpr_shadow vnmi flexpriority ept vpid fsgsbase tsc_adjust bmi1 avx2 smep bmi2 erms invpcid mpx rdseed adx smap clflushopt intel_pt xsaveopt xsavec xgetbv1 xsaves dtherm ida arat pln pts hwp hwp_notify hwp_act_window hwp_epp flush_l1d
bugs		: cpu_meltdown spectre_v1 spectre_v2 spec_store_bypass l1tf
bogomips	: 3984.00
clflush size	: 64
cache_alignment	: 64
address sizes	: 39 bits physical, 48 bits virtual
power management:

processor	: 6
vendor_id	: GenuineIntel
cpu family	: 6
model		: 142
model name	: Intel(R) Core(TM) i7-8550U CPU @ 1.80GHz
stepping	: 10
microcode	: 0x96
cpu MHz		: 2766.412
cache size	: 8192 KB
physical id	: 0
siblings	: 8
core id		: 2
cpu cores	: 4
apicid		: 5
initial apicid	: 5
fpu		: yes
fpu_exception	: yes
cpuid level	: 22
wp		: yes
flags		: fpu vme de pse tsc msr pae mce cx8 apic sep mtrr pge mca cmov pat pse36 clflush dts acpi mmx fxsr sse sse2 ss ht tm pbe syscall nx pdpe1gb rdtscp lm constant_tsc art arch_perfmon pebs bts rep_good nopl xtopology nonstop_tsc cpuid aperfmperf tsc_known_freq pni pclmulqdq dtes64 monitor ds_cpl vmx est tm2 ssse3 sdbg fma cx16 xtpr pdcm pcid sse4_1 sse4_2 x2apic movbe popcnt tsc_deadline_timer aes xsave avx f16c rdrand lahf_lm abm 3dnowprefetch cpuid_fault epb invpcid_single pti ssbd ibrs ibpb stibp tpr_shadow vnmi flexpriority ept vpid fsgsbase tsc_adjust bmi1 avx2 smep bmi2 erms invpcid mpx rdseed adx smap clflushopt intel_pt xsaveopt xsavec xgetbv1 xsaves dtherm ida arat pln pts hwp hwp_notify hwp_act_window hwp_epp flush_l1d
bugs		: cpu_meltdown spectre_v1 spectre_v2 spec_store_bypass l1tf
bogomips	: 3984.00
clflush size	: 64
cache_alignment	: 64
address sizes	: 39 bits physical, 48 bits virtual
power management:

processor	: 7
vendor_id	: GenuineIntel
cpu family	: 6
model		: 142
model name	: Intel(R) Core(TM) i7-8550U CPU @ 1.80GHz
stepping	: 10
microcode	: 0x96
cpu MHz		: 2716.101
cache size	: 8192 KB
physical id	: 0
siblings	: 8
core id		: 3
cpu cores	: 4
apicid		: 7
initial apicid	: 7
fpu		: yes
fpu_exception	: yes
cpuid level	: 22
wp		: yes
flags		: fpu vme de pse tsc msr pae mce cx8 apic sep mtrr pge mca cmov pat pse36 clflush dts acpi mmx fxsr sse sse2 ss ht tm pbe syscall nx pdpe1gb rdtscp lm constant_tsc art arch_perfmon pebs bts rep_good nopl xtopology nonstop_tsc cpuid aperfmperf tsc_known_freq pni pclmulqdq dtes64 monitor ds_cpl vmx est tm2 ssse3 sdbg fma cx16 xtpr pdcm pcid sse4_1 sse4_2 x2apic movbe popcnt tsc_deadline_timer aes xsave avx f16c rdrand lahf_lm abm 3dnowprefetch cpuid_fault epb invpcid_single pti ssbd ibrs ibpb stibp tpr_shadow vnmi flexpriority ept vpid fsgsbase tsc_adjust bmi1 avx2 smep bmi2 erms invpcid mpx rdseed adx smap clflushopt intel_pt xsaveopt xsavec xgetbv1 xsaves dtherm ida arat pln pts hwp hwp_notify hwp_act_window hwp_epp flush_l1d
bugs		: cpu_meltdown spectre_v1 spectre_v2 spec_store_bypass l1tf
bogomips	: 3984.00
clflush size	: 64
cache_alignment	: 64
address sizes	: 39 bits physical, 48 bits virtual
power management:



Memory: 4k page, physical 8021540k(140420k free), swap 2097148k(2095868k free)

vm_info: Java HotSpot(TM) 64-Bit Server VM (25.201-b09) for linux-amd64 JRE (1.8.0_201-b09), built on Dec 15 2018 11:35:59 by "java_re" with gcc 7.3.0

time: Sat Mar 16 14:10:51 2019
timezone: IST
elapsed time: 1 seconds (0d 0h 0m 1s)

