#
# A fatal error has been detected by the Java Runtime Environment:
#
#  SIGSEGV (0xb) at pc=0x00007f5ba71db783, pid=29827, tid=0x00007f5ba84eeb80
#
# JRE version: Java(TM) SE Runtime Environment (8.0_201-b09) (build 1.8.0_201-b09)
# Java VM: Java HotSpot(TM) 64-Bit Server VM (25.201-b09 mixed mode linux-amd64 compressed oops)
# Problematic frame:
# V  [libjvm.so+0x90b783]  SR_handler(int, siginfo*, ucontext*)+0x33
#
# Failed to write core dump. Core dumps have been disabled. To enable core dumping, try "ulimit -c unlimited" before starting Java again
#
# If you would like to submit a bug report, please visit:
#   http://bugreport.java.com/bugreport/crash.jsp
#

---------------  T H R E A D  ---------------

Current thread is native thread

siginfo: si_signo: 11 (SIGSEGV), si_code: 1 (SEGV_MAPERR), si_addr: 0x0000000000000128

Registers:
RAX=0x0000000000000000, RBX=0x00007f5ba84ed700, RCX=0x00007f5ba80ced2d, RDX=0x00007f5ba84eeea0
RSP=0x00007ffc893f7300, RBP=0x00007ffc893f73b0, RSI=0x00007ffc893f74f0, RDI=0x0000000000000001
R8 =0x00000000000000ca, R9 =0x00007f5ba84ed9d0, R10=0x0000000000000000, R11=0x0000000000000246
R12=0x00007f5ba84eeb00, R13=0x0000000000000002, R14=0x00007ffc893f74f0, R15=0x00007ffc893f73c0
RIP=0x00007f5ba71db783, EFLAGS=0x0000000000010246, CSGSFS=0x002b000000000033, ERR=0x0000000000000004
  TRAPNO=0x000000000000000e

Top of Stack: (sp=0x00007ffc893f7300)
0x00007ffc893f7300:   37323839323f7830 3dbf03e8104b0500
0x00007ffc893f7310:   00007ffc893f7350 0000ffff00001fa0
0x00007ffc893f7320:   000000000000003f 00007f5ba742aca7
0x00007ffc893f7330:   00007ffc893f74e8 000000000226d5c0
0x00007ffc893f7340:   00007ffc893f75c0 00007f5ba7941910
0x00007ffc893f7350:   00000000fbad8001 00007ffc893f75c0
0x00007ffc893f7360:   00007ffc893f75c0 00007ffc893f75c0
0x00007ffc893f7370:   00007ffc893f75c0 00007ffc893f75cf
0x00007ffc893f7380:   00007ffc893f75ff 00007f5ba84ed700
0x00007ffc893f7390:   0000000000000000 00007ffc893f7a60
0x00007ffc893f73a0:   0000000000000000 0000000000000001
0x00007ffc893f73b0:   00007ffc893f7ac8 00007f5ba80d8890
0x00007ffc893f73c0:   0000000000000007 0000000000000000
0x00007ffc893f73d0:   0000000000000000 00007f5b00000002
0x00007ffc893f73e0:   0000000000000000 00000000000000ca
0x00007ffc893f73f0:   00007f5ba84ed9d0 0000000000000000
0x00007ffc893f7400:   0000000000000246 0000000000000000
0x00007ffc893f7410:   00007ffc893f7a60 0000000000000000
0x00007ffc893f7420:   0000000000000001 00007f5ba84ed9d0
0x00007ffc893f7430:   0000000000000000 00007ffc893f7ac8
0x00007ffc893f7440:   00007f5ba84ed700 000000000000748e
0x00007ffc893f7450:   00000000000000ca 00007f5ba80ced2d
0x00007ffc893f7460:   00007ffc893f7a50 00007f5ba80ced2b
0x00007ffc893f7470:   0000000000000246 002b000000000033
0x00007ffc893f7480:   0000000000000000 0000000000000000
0x00007ffc893f7490:   0000000000000000 0000000000000000
0x00007ffc893f74a0:   00007ffc893f7580 00007f5ba850e170
0x00007ffc893f74b0:   0000000000000000 00007f5ba82eff5f
0x00007ffc893f74c0:   00007f5ba84f0000 00007f5ba82f01ef
0x00007ffc893f74d0:   0000000000000004 00007f5ba80c8f58
0x00007ffc893f74e0:   000000000017501c 0000000000000000
0x00007ffc893f74f0:   000000000000000c 00007f5b00000000 

Instructions: (pc=0x00007f5ba71db783)
0x00007f5ba71db763:   48 81 ec 88 00 00 00 e8 81 1d 8f ff 44 8b 28 49
0x00007f5ba71db773:   89 c4 48 8d 05 2c 61 68 00 8b 38 e8 15 2c 8f ff
0x00007f5ba71db783:   48 8b 98 28 01 00 00 8b 83 a8 00 00 00 83 f8 01
0x00007f5ba71db793:   74 1b 45 89 2c 24 48 81 c4 88 00 00 00 5b 41 5c 

Register to memory mapping:

RAX=0x0000000000000000 is an unknown value
RBX=0x00007f5ba84ed700 is pointing into the stack for thread: 0x00007f5ba000b000
RCX=0x00007f5ba80ced2d: <offset 0x8d2d> in /lib/x86_64-linux-gnu/libpthread.so.0 at 0x00007f5ba80c6000
RDX=0x00007f5ba84eeea0 is an unknown value
RSP=0x00007ffc893f7300 is an unknown value
RBP=0x00007ffc893f73b0 is an unknown value
RSI=0x00007ffc893f74f0 is an unknown value
RDI=0x0000000000000001 is an unknown value
R8 =0x00000000000000ca is an unknown value
R9 =0x00007f5ba84ed9d0 is pointing into the stack for thread: 0x00007f5ba000b000
R10=0x0000000000000000 is an unknown value
R11=0x0000000000000246 is an unknown value
R12=0x00007f5ba84eeb00 is an unknown value
R13=0x0000000000000002 is an unknown value
R14=0x00007ffc893f74f0 is an unknown value
R15=0x00007ffc893f73c0 is an unknown value


Stack: [0x00007ffc89300000,0x00007ffc89400000],  sp=0x00007ffc893f7300,  free space=988k
Native frames: (J=compiled Java code, j=interpreted, Vv=VM code, C=native code)
V  [libjvm.so+0x90b783]  SR_handler(int, siginfo*, ucontext*)+0x33
C  [libpthread.so.0+0x12890]


---------------  P R O C E S S  ---------------

VM state:not at safepoint (normal execution)

VM Mutex/Monitor currently owned by a thread: None

heap address: 0x0000000085800000, size: 1960 MB, Compressed Oops mode: 32-bit
Narrow klass base: 0x0000000000000000, Narrow klass shift: 3
Compressed class space size: 1073741824 Address: 0x0000000100000000

Heap:
 PSYoungGen      total 36864K, used 19988K [0x00000000d7300000, 0x00000000dbb00000, 0x0000000100000000)
  eden space 31744K, 46% used [0x00000000d7300000,0x00000000d818c1b0,0x00000000d9200000)
  from space 5120K, 99% used [0x00000000d9200000,0x00000000d96f8f88,0x00000000d9700000)
  to   space 5120K, 0% used [0x00000000db600000,0x00000000db600000,0x00000000dbb00000)
 ParOldGen       total 84992K, used 35K [0x0000000085800000, 0x000000008ab00000, 0x00000000d7300000)
  object space 84992K, 0% used [0x0000000085800000,0x0000000085808ff8,0x000000008ab00000)
 Metaspace       used 11416K, capacity 11650K, committed 11904K, reserved 1058816K
  class space    used 1491K, capacity 1603K, committed 1664K, reserved 1048576K

Card table byte_map: [0x00007f5ba4cf9000,0x00007f5ba50ce000] byte_map_base: 0x00007f5ba48cd000

Marking Bits: (ParMarkBitMap*) 0x00007f5ba789bd80
 Begin Bits: [0x00007f5b782c0000, 0x00007f5b7a160000)
 End Bits:   [0x00007f5b7a160000, 0x00007f5b7c000000)

Polling page: 0x00007f5ba850b000

CodeCache: size=245760Kb used=4096Kb max_used=4108Kb free=241663Kb
 bounds [0x00007f5b91000000, 0x00007f5b91410000, 0x00007f5ba0000000]
 total_blobs=1656 nmethods=1304 adapters=265
 compilation: enabled

Compilation events (10 events):
Event: 51.715 Thread 0x00007f5ba00c9000 1299       3       sun.nio.cs.StreamEncoder::implFlushBuffer (15 bytes)
Event: 51.715 Thread 0x00007f5ba00c9000 nmethod 1299 0x00007f5b913ffb90 code [0x00007f5b913ffd00, 0x00007f5b913fff68]
Event: 51.715 Thread 0x00007f5ba00c9000 1300       3       java.io.FilterOutputStream::flush (8 bytes)
Event: 51.716 Thread 0x00007f5ba00c9000 nmethod 1300 0x00007f5b91400010 code [0x00007f5b91400180, 0x00007f5b914003a8]
Event: 51.716 Thread 0x00007f5ba00c9000 1301   !   3       java.io.PrintStream::flush (35 bytes)
Event: 51.717 Thread 0x00007f5ba00c9000 nmethod 1301 0x00007f5b91400450 code [0x00007f5b91400600, 0x00007f5b91400b78]
Event: 51.717 Thread 0x00007f5ba00c9000 1302       3       java.util.concurrent.ScheduledThreadPoolExecutor$ScheduledFutureTask::setNextRunTime (38 bytes)
Event: 51.717 Thread 0x00007f5ba00c9000 nmethod 1302 0x00007f5b91400e50 code [0x00007f5b91400fe0, 0x00007f5b91401408]
Event: 51.814 Thread 0x00007f5ba00c9000 1303       3       java.util.concurrent.locks.AbstractQueuedSynchronizer$ConditionObject::doSignal (43 bytes)
Event: 51.814 Thread 0x00007f5ba00c9000 nmethod 1303 0x00007f5b91401550 code [0x00007f5b914016e0, 0x00007f5b91401a68]

GC Heap History (2 events):
Event: 0.675 GC heap before
{Heap before GC invocations=1 (full 0):
 PSYoungGen      total 36864K, used 31744K [0x00000000d7300000, 0x00000000d9c00000, 0x0000000100000000)
  eden space 31744K, 100% used [0x00000000d7300000,0x00000000d9200000,0x00000000d9200000)
  from space 5120K, 0% used [0x00000000d9700000,0x00000000d9700000,0x00000000d9c00000)
  to   space 5120K, 0% used [0x00000000d9200000,0x00000000d9200000,0x00000000d9700000)
 ParOldGen       total 84992K, used 0K [0x0000000085800000, 0x000000008ab00000, 0x00000000d7300000)
  object space 84992K, 0% used [0x0000000085800000,0x0000000085800000,0x000000008ab00000)
 Metaspace       used 9028K, capacity 9214K, committed 9344K, reserved 1056768K
  class space    used 1236K, capacity 1325K, committed 1408K, reserved 1048576K
Event: 0.684 GC heap after
Heap after GC invocations=1 (full 0):
 PSYoungGen      total 36864K, used 5091K [0x00000000d7300000, 0x00000000dbb00000, 0x0000000100000000)
  eden space 31744K, 0% used [0x00000000d7300000,0x00000000d7300000,0x00000000d9200000)
  from space 5120K, 99% used [0x00000000d9200000,0x00000000d96f8f88,0x00000000d9700000)
  to   space 5120K, 0% used [0x00000000db600000,0x00000000db600000,0x00000000dbb00000)
 ParOldGen       total 84992K, used 35K [0x0000000085800000, 0x000000008ab00000, 0x00000000d7300000)
  object space 84992K, 0% used [0x0000000085800000,0x0000000085808ff8,0x000000008ab00000)
 Metaspace       used 9028K, capacity 9214K, committed 9344K, reserved 1056768K
  class space    used 1236K, capacity 1325K, committed 1408K, reserved 1048576K
}

Deoptimization events (9 events):
Event: 0.223 Thread 0x00007f5ba000b000 Uncommon trap: reason=unstable_if action=reinterpret pc=0x00007f5b9118a674 method=java.lang.String.startsWith(Ljava/lang/String;I)Z @ 25
Event: 0.264 Thread 0x00007f5ba000b000 Uncommon trap: reason=unstable_if action=reinterpret pc=0x00007f5b9117ecbc method=java.util.regex.Matcher.reset()Ljava/util/regex/Matcher; @ 47
Event: 0.602 Thread 0x00007f5ba000b000 Uncommon trap: reason=unstable_if action=reinterpret pc=0x00007f5b9127eddc method=java.util.HashMap.hash(Ljava/lang/Object;)I @ 1
Event: 0.602 Thread 0x00007f5ba000b000 Uncommon trap: reason=unstable_if action=reinterpret pc=0x00007f5b912096e8 method=java.util.HashMap.hash(Ljava/lang/Object;)I @ 1
Event: 0.668 Thread 0x00007f5ba000b000 Uncommon trap: reason=unstable_if action=reinterpret pc=0x00007f5b91238ca4 method=java.util.HashMap.getNode(ILjava/lang/Object;)Ljava/util/HashMap$Node; @ 129
Event: 0.668 Thread 0x00007f5ba000b000 Uncommon trap: reason=bimorphic action=maybe_recompile pc=0x00007f5b9128f3c4 method=java.util.HashMap.putVal(ILjava/lang/Object;Ljava/lang/Object;ZZ)Ljava/lang/Object; @ 203
Event: 0.793 Thread 0x00007f5ba000b000 Uncommon trap: reason=unstable_if action=reinterpret pc=0x00007f5b912c0344 method=java.util.jar.Manifest$FastInputStream.readLine([BII)I @ 87
Event: 19.815 Thread 0x00007f5ba0818000 Uncommon trap: reason=unstable_if action=reinterpret pc=0x00007f5b9131e45c method=java.io.PrintStream.write(I)V @ 19
Event: 19.816 Thread 0x00007f5ba0818000 Uncommon trap: reason=unstable_if action=reinterpret pc=0x00007f5b91319234 method=java.io.PrintStream.write(I)V @ 19

Classes redefined (0 events):
No events

Internal exceptions (10 events):
Event: 0.616 Thread 0x00007f5ba000b000 Exception <a 'java/lang/ArrayIndexOutOfBoundsException'> (0x00000000d8d69ca0) thrown at [/HUDSON/workspace/8-2-build-linux-amd64/jdk8u201/12317/hotspot/src/share/vm/runtime/sharedRuntime.cpp, line 605]
Event: 0.617 Thread 0x00007f5ba000b000 Exception <a 'java/lang/ArrayIndexOutOfBoundsException'> (0x00000000d8d7e788) thrown at [/HUDSON/workspace/8-2-build-linux-amd64/jdk8u201/12317/hotspot/src/share/vm/runtime/sharedRuntime.cpp, line 605]
Event: 0.617 Thread 0x00007f5ba000b000 Exception <a 'java/lang/ArrayIndexOutOfBoundsException'> (0x00000000d8d82990) thrown at [/HUDSON/workspace/8-2-build-linux-amd64/jdk8u201/12317/hotspot/src/share/vm/runtime/sharedRuntime.cpp, line 605]
Event: 0.628 Thread 0x00007f5ba000b000 Exception <a 'java/lang/ArrayIndexOutOfBoundsException'> (0x00000000d8e92c00) thrown at [/HUDSON/workspace/8-2-build-linux-amd64/jdk8u201/12317/hotspot/src/share/vm/runtime/sharedRuntime.cpp, line 605]
Event: 0.628 Thread 0x00007f5ba000b000 Exception <a 'java/lang/ArrayIndexOutOfBoundsException'> (0x00000000d8e93fc8) thrown at [/HUDSON/workspace/8-2-build-linux-amd64/jdk8u201/12317/hotspot/src/share/vm/runtime/sharedRuntime.cpp, line 605]
Event: 0.628 Thread 0x00007f5ba000b000 Exception <a 'java/lang/ArrayIndexOutOfBoundsException'> (0x00000000d8e95648) thrown at [/HUDSON/workspace/8-2-build-linux-amd64/jdk8u201/12317/hotspot/src/share/vm/runtime/sharedRuntime.cpp, line 605]
Event: 0.628 Thread 0x00007f5ba000b000 Exception <a 'java/lang/ArrayIndexOutOfBoundsException'> (0x00000000d8e96780) thrown at [/HUDSON/workspace/8-2-build-linux-amd64/jdk8u201/12317/hotspot/src/share/vm/runtime/sharedRuntime.cpp, line 605]
Event: 0.629 Thread 0x00007f5ba000b000 Exception <a 'java/lang/ArrayIndexOutOfBoundsException'> (0x00000000d8e99e30) thrown at [/HUDSON/workspace/8-2-build-linux-amd64/jdk8u201/12317/hotspot/src/share/vm/runtime/sharedRuntime.cpp, line 605]
Event: 0.639 Thread 0x00007f5ba000b000 Exception <a 'java/lang/NoClassDefFoundError': org/slf4j/impl/StaticMarkerBinder> (0x00000000d8f53b80) thrown at [/HUDSON/workspace/8-2-build-linux-amd64/jdk8u201/12317/hotspot/src/share/vm/classfile/systemDictionary.cpp, line 199]
Event: 1.970 Thread 0x00007f5ba000b000 Exception <a 'java/net/SocketException': Protocol family unavailable> (0x00000000d7c68680) thrown at [/HUDSON/workspace/8-2-build-linux-amd64/jdk8u201/12317/hotspot/src/share/vm/prims/jni.cpp, line 735]

Events (10 events):
Event: 19.816 Thread 0x00007f5ba0818000 DEOPT UNPACKING pc=0x00007f5b9104573a sp=0x00007f5b43dfc0f0 mode 2
Event: 19.816 Thread 0x00007f5ba0818000 Uncommon trap: trap_request=0xffffff65 fr.pc=0x00007f5b91319234
Event: 19.816 Thread 0x00007f5ba0818000 DEOPT PACKING pc=0x00007f5b91319234 sp=0x00007f5b43dfc110
Event: 19.816 Thread 0x00007f5ba0818000 DEOPT UNPACKING pc=0x00007f5b9104573a sp=0x00007f5b43dfc0e0 mode 2
Event: 21.892 Thread 0x00007f5ba000b000 DEOPT PACKING pc=0x00007f5b9135e0ae sp=0x00007f5ba84eaa40
Event: 21.893 Thread 0x00007f5ba000b000 DEOPT UNPACKING pc=0x00007f5b91047784 sp=0x00007f5ba84ea780 mode 0
Event: 21.894 Thread 0x00007f5ba000b000 DEOPT PACKING pc=0x00007f5b9135e0ae sp=0x00007f5ba84eaa40
Event: 21.894 Thread 0x00007f5ba000b000 DEOPT UNPACKING pc=0x00007f5b91047784 sp=0x00007f5ba84ea780 mode 0
Event: 25.313 loading class com/google/common/base/Objects
Event: 25.313 loading class com/google/common/base/Objects done


Dynamic libraries:
00400000-00401000 r-xp 00000000 08:06 8013769                            /usr/lib/jvm/jdk1.8.0_201/bin/java
00600000-00601000 r--p 00000000 08:06 8013769                            /usr/lib/jvm/jdk1.8.0_201/bin/java
00601000-00602000 rw-p 00001000 08:06 8013769                            /usr/lib/jvm/jdk1.8.0_201/bin/java
0226d000-0253b000 rw-p 00000000 00:00 0                                  [heap]
85800000-8ab00000 rw-p 00000000 00:00 0 
8ab00000-d7300000 ---p 00000000 00:00 0 
d7300000-dbb00000 rw-p 00000000 00:00 0 
dbb00000-100000000 ---p 00000000 00:00 0 
100000000-1001a0000 rw-p 00000000 00:00 0 
1001a0000-140000000 ---p 00000000 00:00 0 
7f5b28000000-7f5b28021000 rw-p 00000000 00:00 0 
7f5b28021000-7f5b2c000000 ---p 00000000 00:00 0 
7f5b30000000-7f5b30021000 rw-p 00000000 00:00 0 
7f5b30021000-7f5b34000000 ---p 00000000 00:00 0 
7f5b34000000-7f5b34021000 rw-p 00000000 00:00 0 
7f5b34021000-7f5b38000000 ---p 00000000 00:00 0 
7f5b38000000-7f5b38025000 rw-p 00000000 00:00 0 
7f5b38025000-7f5b3c000000 ---p 00000000 00:00 0 
7f5b3c000000-7f5b3c021000 rw-p 00000000 00:00 0 
7f5b3c021000-7f5b40000000 ---p 00000000 00:00 0 
7f5b436f1000-7f5b436f4000 ---p 00000000 00:00 0 
7f5b436f4000-7f5b437f2000 rw-p 00000000 00:00 0 
7f5b437f2000-7f5b437f5000 ---p 00000000 00:00 0 
7f5b437f5000-7f5b43af3000 rw-p 00000000 00:00 0 
7f5b43af3000-7f5b43afc000 r-xp 00000000 08:06 10888336                   /usr/lib/jvm/jdk1.8.0_201/jre/lib/amd64/libmanagement.so
7f5b43afc000-7f5b43cfb000 ---p 00009000 08:06 10888336                   /usr/lib/jvm/jdk1.8.0_201/jre/lib/amd64/libmanagement.so
7f5b43cfb000-7f5b43cfc000 r--p 00008000 08:06 10888336                   /usr/lib/jvm/jdk1.8.0_201/jre/lib/amd64/libmanagement.so
7f5b43cfc000-7f5b43cfd000 rw-p 00009000 08:06 10888336                   /usr/lib/jvm/jdk1.8.0_201/jre/lib/amd64/libmanagement.so
7f5b43cfd000-7f5b43d00000 ---p 00000000 00:00 0 
7f5b43d00000-7f5b43dfe000 rw-p 00000000 00:00 0 
7f5b43dfe000-7f5b43e00000 r-xp 00000000 08:06 9065339                    /home/ermicho/.gradle/native/jansi/1.14/linux64/libjansi.so
7f5b43e00000-7f5b43fff000 ---p 00002000 08:06 9065339                    /home/ermicho/.gradle/native/jansi/1.14/linux64/libjansi.so
7f5b43fff000-7f5b44000000 rw-p 00001000 08:06 9065339                    /home/ermicho/.gradle/native/jansi/1.14/linux64/libjansi.so
7f5b44000000-7f5b4423e000 rw-p 00000000 00:00 0 
7f5b4423e000-7f5b48000000 ---p 00000000 00:00 0 
7f5b48000000-7f5b48021000 rw-p 00000000 00:00 0 
7f5b48021000-7f5b4c000000 ---p 00000000 00:00 0 
7f5b4c000000-7f5b4c1f8000 rw-p 00000000 00:00 0 
7f5b4c1f8000-7f5b50000000 ---p 00000000 00:00 0 
7f5b50000000-7f5b50255000 rw-p 00000000 00:00 0 
7f5b50255000-7f5b54000000 ---p 00000000 00:00 0 
7f5b54000000-7f5b54021000 rw-p 00000000 00:00 0 
7f5b54021000-7f5b58000000 ---p 00000000 00:00 0 
7f5b58000000-7f5b5829f000 rw-p 00000000 00:00 0 
7f5b5829f000-7f5b5c000000 ---p 00000000 00:00 0 
7f5b5c000000-7f5b5c021000 rw-p 00000000 00:00 0 
7f5b5c021000-7f5b60000000 ---p 00000000 00:00 0 
7f5b60000000-7f5b60021000 rw-p 00000000 00:00 0 
7f5b60021000-7f5b64000000 ---p 00000000 00:00 0 
7f5b64000000-7f5b64021000 rw-p 00000000 00:00 0 
7f5b64021000-7f5b68000000 ---p 00000000 00:00 0 
7f5b68000000-7f5b68021000 rw-p 00000000 00:00 0 
7f5b68021000-7f5b6c000000 ---p 00000000 00:00 0 
7f5b6c000000-7f5b6c021000 rw-p 00000000 00:00 0 
7f5b6c021000-7f5b70000000 ---p 00000000 00:00 0 
7f5b7002a000-7f5b7002d000 ---p 00000000 00:00 0 
7f5b7002d000-7f5b70063000 rw-p 00000000 00:00 0 
7f5b70063000-7f5b70088000 r-xp 00000000 08:06 3937134                    /lib/x86_64-linux-gnu/libtinfo.so.5.9
7f5b70088000-7f5b70288000 ---p 00025000 08:06 3937134                    /lib/x86_64-linux-gnu/libtinfo.so.5.9
7f5b70288000-7f5b7028c000 r--p 00025000 08:06 3937134                    /lib/x86_64-linux-gnu/libtinfo.so.5.9
7f5b7028c000-7f5b7028d000 rw-p 00029000 08:06 3937134                    /lib/x86_64-linux-gnu/libtinfo.so.5.9
7f5b7028d000-7f5b702ae000 r-xp 00000000 08:06 3937049                    /lib/x86_64-linux-gnu/libncurses.so.5.9
7f5b702ae000-7f5b704ae000 ---p 00021000 08:06 3937049                    /lib/x86_64-linux-gnu/libncurses.so.5.9
7f5b704ae000-7f5b704af000 r--p 00021000 08:06 3937049                    /lib/x86_64-linux-gnu/libncurses.so.5.9
7f5b704af000-7f5b704b0000 rw-p 00022000 08:06 3937049                    /lib/x86_64-linux-gnu/libncurses.so.5.9
7f5b704b0000-7f5b704b3000 r-xp 00000000 08:06 9065345                    /home/ermicho/.gradle/native/25/linux-amd64-ncurses5/libnative-platform-curses.so
7f5b704b3000-7f5b706b3000 ---p 00003000 08:06 9065345                    /home/ermicho/.gradle/native/25/linux-amd64-ncurses5/libnative-platform-curses.so
7f5b706b3000-7f5b706b4000 rw-p 00003000 08:06 9065345                    /home/ermicho/.gradle/native/25/linux-amd64-ncurses5/libnative-platform-curses.so
7f5b706b4000-7f5b706cb000 r-xp 00000000 08:06 3936880                    /lib/x86_64-linux-gnu/libgcc_s.so.1
7f5b706cb000-7f5b708ca000 ---p 00017000 08:06 3936880                    /lib/x86_64-linux-gnu/libgcc_s.so.1
7f5b708ca000-7f5b708cb000 r--p 00016000 08:06 3936880                    /lib/x86_64-linux-gnu/libgcc_s.so.1
7f5b708cb000-7f5b708cc000 rw-p 00017000 08:06 3936880                    /lib/x86_64-linux-gnu/libgcc_s.so.1
7f5b708cc000-7f5b70a45000 r-xp 00000000 08:06 657556                     /usr/lib/x86_64-linux-gnu/libstdc++.so.6.0.25
7f5b70a45000-7f5b70c45000 ---p 00179000 08:06 657556                     /usr/lib/x86_64-linux-gnu/libstdc++.so.6.0.25
7f5b70c45000-7f5b70c4f000 r--p 00179000 08:06 657556                     /usr/lib/x86_64-linux-gnu/libstdc++.so.6.0.25
7f5b70c4f000-7f5b70c51000 rw-p 00183000 08:06 657556                     /usr/lib/x86_64-linux-gnu/libstdc++.so.6.0.25
7f5b70c51000-7f5b70c55000 rw-p 00000000 00:00 0 
7f5b70c68000-7f5b70c6f000 r--s 00000000 08:06 920324                     /usr/lib/x86_64-linux-gnu/gconv/gconv-modules.cache
7f5b70c6f000-7f5b70c74000 r-xp 00000000 08:06 9065331                    /home/ermicho/.gradle/native/25/linux-amd64/libnative-platform.so
7f5b70c74000-7f5b70e73000 ---p 00005000 08:06 9065331                    /home/ermicho/.gradle/native/25/linux-amd64/libnative-platform.so
7f5b70e73000-7f5b70e74000 rw-p 00004000 08:06 9065331                    /home/ermicho/.gradle/native/25/linux-amd64/libnative-platform.so
7f5b70e74000-7f5b70e76000 r--s 00006000 08:06 131431                     /home/ermicho/.gradle/wrapper/dists/gradle-4.10.2-all/9fahxiiecdb76a5g3aw9oi8rv/gradle-4.10.2/lib/gradle-wrapper-4.10.2.jar
7f5b70e76000-7f5b70e85000 r--s 0004b000 08:06 131430                     /home/ermicho/.gradle/wrapper/dists/gradle-4.10.2-all/9fahxiiecdb76a5g3aw9oi8rv/gradle-4.10.2/lib/gradle-tooling-api-4.10.2.jar
7f5b70e85000-7f5b70e87000 r--s 00002000 08:06 131427                     /home/ermicho/.gradle/wrapper/dists/gradle-4.10.2-all/9fahxiiecdb76a5g3aw9oi8rv/gradle-4.10.2/lib/kotlin-stdlib-jdk8-1.2.61.jar
7f5b70e87000-7f5b70e88000 r--s 00000000 08:06 131426                     /home/ermicho/.gradle/wrapper/dists/gradle-4.10.2-all/9fahxiiecdb76a5g3aw9oi8rv/gradle-4.10.2/lib/kotlin-stdlib-jdk7-1.2.61.jar
7f5b70e88000-7f5b70e8e000 r--s 00015000 08:06 131425                     /home/ermicho/.gradle/wrapper/dists/gradle-4.10.2-all/9fahxiiecdb76a5g3aw9oi8rv/gradle-4.10.2/lib/kotlin-stdlib-common-1.2.61.jar
7f5b70e8e000-7f5b70e9e000 r--s 000db000 08:06 131424                     /home/ermicho/.gradle/wrapper/dists/gradle-4.10.2-all/9fahxiiecdb76a5g3aw9oi8rv/gradle-4.10.2/lib/kotlin-stdlib-1.2.61.jar
7f5b70e9e000-7f5b70ea0000 r--s 00009000 08:06 131423                     /home/ermicho/.gradle/wrapper/dists/gradle-4.10.2-all/9fahxiiecdb76a5g3aw9oi8rv/gradle-4.10.2/lib/kotlin-script-runtime-1.2.61.jar
7f5b70ea0000-7f5b70ea1000 r--s 00002000 08:06 131422                     /home/ermicho/.gradle/wrapper/dists/gradle-4.10.2-all/9fahxiiecdb76a5g3aw9oi8rv/gradle-4.10.2/lib/kotlin-sam-with-receiver-compiler-plugin-1.2.61.jar
7f5b70ea1000-7f5b70ed6000 r--s 00241000 08:06 131421                     /home/ermicho/.gradle/wrapper/dists/gradle-4.10.2-all/9fahxiiecdb76a5g3aw9oi8rv/gradle-4.10.2/lib/kotlin-reflect-1.2.61.jar
7f5b70ed6000-7f5b710a1000 r--s 019b7000 08:06 131420                     /home/ermicho/.gradle/wrapper/dists/gradle-4.10.2-all/9fahxiiecdb76a5g3aw9oi8rv/gradle-4.10.2/lib/kotlin-compiler-embeddable-1.2.61.jar
7f5b710a1000-7f5b710a3000 r--s 00000000 08:06 131419                     /home/ermicho/.gradle/wrapper/dists/gradle-4.10.2-all/9fahxiiecdb76a5g3aw9oi8rv/gradle-4.10.2/lib/gradle-kotlin-dsl-tooling-models-1.0-rc-6.jar
7f5b710a3000-7f5b710a5000 r--s 00003000 08:06 131415                     /home/ermicho/.gradle/wrapper/dists/gradle-4.10.2-all/9fahxiiecdb76a5g3aw9oi8rv/gradle-4.10.2/lib/annotations-13.0.jar
7f5b710a5000-7f5b710b9000 r--s 00109000 08:06 131416                     /home/ermicho/.gradle/wrapper/dists/gradle-4.10.2-all/9fahxiiecdb76a5g3aw9oi8rv/gradle-4.10.2/lib/gradle-kotlin-dsl-1.0-rc-6.jar
7f5b710b9000-7f5b710bd000 r--s 00013000 08:06 131436                     /home/ermicho/.gradle/wrapper/dists/gradle-4.10.2-all/9fahxiiecdb76a5g3aw9oi8rv/gradle-4.10.2/lib/gradle-build-cache-4.10.2.jar
7f5b710bd000-7f5b710c3000 r--s 00034000 08:06 131437                     /home/ermicho/.gradle/wrapper/dists/gradle-4.10.2-all/9fahxiiecdb76a5g3aw9oi8rv/gradle-4.10.2/lib/gradle-persistent-cache-4.10.2.jar
7f5b710c3000-7f5b710c8000 r--s 00015000 08:06 131440                     /home/ermicho/.gradle/wrapper/dists/gradle-4.10.2-all/9fahxiiecdb76a5g3aw9oi8rv/gradle-4.10.2/lib/gradle-resources-4.10.2.jar
7f5b710c8000-7f5b710c9000 r--s 00003000 08:06 131447                     /home/ermicho/.gradle/wrapper/dists/gradle-4.10.2-all/9fahxiiecdb76a5g3aw9oi8rv/gradle-4.10.2/lib/gradle-build-option-4.10.2.jar
7f5b710c9000-7f5b710ca000 r--s 00006000 08:06 131448                     /home/ermicho/.gradle/wrapper/dists/gradle-4.10.2-all/9fahxiiecdb76a5g3aw9oi8rv/gradle-4.10.2/lib/gradle-cli-4.10.2.jar
7f5b710ca000-7f5b710cc000 r--s 00004000 08:06 131460                     /home/ermicho/.gradle/wrapper/dists/gradle-4.10.2-all/9fahxiiecdb76a5g3aw9oi8rv/gradle-4.10.2/lib/log4j-over-slf4j-1.7.16.jar
7f5b710cc000-7f5b710ce000 r--s 00000000 08:06 131459                     /home/ermicho/.gradle/wrapper/dists/gradle-4.10.2-all/9fahxiiecdb76a5g3aw9oi8rv/gradle-4.10.2/lib/jul-to-slf4j-1.7.16.jar
7f5b710ce000-7f5b710d0000 r--s 00003000 08:06 131458                     /home/ermicho/.gradle/wrapper/dists/gradle-4.10.2-all/9fahxiiecdb76a5g3aw9oi8rv/gradle-4.10.2/lib/jcl-over-slf4j-1.7.16.jar
7f5b710d0000-7f5b710d8000 r--s 00035000 08:06 131438                     /home/ermicho/.gradle/wrapper/dists/gradle-4.10.2-all/9fahxiiecdb76a5g3aw9oi8rv/gradle-4.10.2/lib/gradle-logging-4.10.2.jar
7f5b710d8000-7f5b710e7000 r--s 00085000 08:06 131443                     /home/ermicho/.gradle/wrapper/dists/gradle-4.10.2-all/9fahxiiecdb76a5g3aw9oi8rv/gradle-4.10.2/lib/gradle-model-core-4.10.2.jar
7f5b710e7000-7f5b710e9000 r--s 00006000 08:06 131444                     /home/ermicho/.gradle/wrapper/dists/gradle-4.10.2-all/9fahxiiecdb76a5g3aw9oi8rv/gradle-4.10.2/lib/gradle-base-services-groovy-4.10.2.jar
7f5b710e9000-7f5b710eb000 r--s 00007000 08:06 131442                     /home/ermicho/.gradle/wrapper/dists/gradle-4.10.2-all/9fahxiiecdb76a5g3aw9oi8rv/gradle-4.10.2/lib/gradle-model-groovy-4.10.2.jar
7f5b710eb000-7f5b710ec000 r--s 00006000 08:06 131449                     /home/ermicho/.gradle/wrapper/dists/gradle-4.10.2-all/9fahxiiecdb76a5g3aw9oi8rv/gradle-4.10.2/lib/gradle-docs-4.10.2.jar
7f5b710ec000-7f5b710f5000 r--s 0002d000 08:06 131472                     /home/ermicho/.gradle/wrapper/dists/gradle-4.10.2-all/9fahxiiecdb76a5g3aw9oi8rv/gradle-4.10.2/lib/xml-apis-1.4.01.jar
7f5b710f5000-7f5b710f6000 r--s 00000000 08:06 131468                     /home/ermicho/.gradle/wrapper/dists/gradle-4.10.2-all/9fahxiiecdb76a5g3aw9oi8rv/gradle-4.10.2/lib/javax.inject-1.jar
7f5b710f6000-7f5b71167000 r--s 00665000 08:06 131466                     /home/ermicho/.gradle/wrapper/dists/gradle-4.10.2-all/9fahxiiecdb76a5g3aw9oi8rv/gradle-4.10.2/lib/groovy-all-2.4.15.jar
7f5b71167000-7f5b71171000 r--s 00078000 08:06 131471                     /home/ermicho/.gradle/wrapper/dists/gradle-4.10.2-all/9fahxiiecdb76a5g3aw9oi8rv/gradle-4.10.2/lib/commons-compress-1.14.jar
7f5b71171000-7f5b7117e000 r--s 00083000 08:06 131469                     /home/ermicho/.gradle/wrapper/dists/gradle-4.10.2-all/9fahxiiecdb76a5g3aw9oi8rv/gradle-4.10.2/lib/commons-collections-3.2.2.jar
7f5b7117e000-7f5b7117f000 r--s 00007000 08:06 131451                     /home/ermicho/.gradle/wrapper/dists/gradle-4.10.2-all/9fahxiiecdb76a5g3aw9oi8rv/gradle-4.10.2/lib/asm-analysis-6.2.jar
7f5b7117f000-7f5b71181000 r--s 0000b000 08:06 131452                     /home/ermicho/.gradle/wrapper/dists/gradle-4.10.2-all/9fahxiiecdb76a5g3aw9oi8rv/gradle-4.10.2/lib/asm-tree-6.2.jar
7f5b71181000-7f5b71183000 r--s 00012000 08:06 131450                     /home/ermicho/.gradle/wrapper/dists/gradle-4.10.2-all/9fahxiiecdb76a5g3aw9oi8rv/gradle-4.10.2/lib/asm-commons-6.2.jar
7f5b71183000-7f5b71184000 r--s 00004000 08:06 131475                     /home/ermicho/.gradle/wrapper/dists/gradle-4.10.2-all/9fahxiiecdb76a5g3aw9oi8rv/gradle-4.10.2/lib/native-platform-freebsd-amd64-libcpp-0.14.jar
7f5b71184000-7f5b71185000 r--s 00004000 08:06 131476                     /home/ermicho/.gradle/wrapper/dists/gradle-4.10.2-all/9fahxiiecdb76a5g3aw9oi8rv/gradle-4.10.2/lib/native-platform-freebsd-amd64-libstdcpp-0.14.jar
7f5b71185000-7f5b71186000 r--s 00004000 08:06 131477                     /home/ermicho/.gradle/wrapper/dists/gradle-4.10.2-all/9fahxiiecdb76a5g3aw9oi8rv/gradle-4.10.2/lib/native-platform-freebsd-i386-libcpp-0.14.jar
7f5b71186000-7f5b71187000 r--s 00003000 08:06 131478                     /home/ermicho/.gradle/wrapper/dists/gradle-4.10.2-all/9fahxiiecdb76a5g3aw9oi8rv/gradle-4.10.2/lib/native-platform-freebsd-i386-libstdcpp-0.14.jar
7f5b71187000-7f5b71188000 r--s 00002000 08:06 131479                     /home/ermicho/.gradle/wrapper/dists/gradle-4.10.2-all/9fahxiiecdb76a5g3aw9oi8rv/gradle-4.10.2/lib/native-platform-linux-amd64-0.14.jar
7f5b71188000-7f5b71189000 r--s 00002000 08:06 131480                     /home/ermicho/.gradle/wrapper/dists/gradle-4.10.2-all/9fahxiiecdb76a5g3aw9oi8rv/gradle-4.10.2/lib/native-platform-linux-i386-0.14.jar
7f5b71189000-7f5b7118b000 r--s 00002000 08:06 131481                     /home/ermicho/.gradle/wrapper/dists/gradle-4.10.2-all/9fahxiiecdb76a5g3aw9oi8rv/gradle-4.10.2/lib/native-platform-osx-amd64-0.14.jar
7f5b7118b000-7f5b7118c000 r--s 00003000 08:06 131482                     /home/ermicho/.gradle/wrapper/dists/gradle-4.10.2-all/9fahxiiecdb76a5g3aw9oi8rv/gradle-4.10.2/lib/native-platform-osx-i386-0.14.jar
7f5b7118c000-7f5b7118e000 r--s 0000b000 08:06 131483                     /home/ermicho/.gradle/wrapper/dists/gradle-4.10.2-all/9fahxiiecdb76a5g3aw9oi8rv/gradle-4.10.2/lib/native-platform-windows-amd64-0.14.jar
7f5b7118e000-7f5b7118f000 r--s 0000b000 08:06 131484                     /home/ermicho/.gradle/wrapper/dists/gradle-4.10.2-all/9fahxiiecdb76a5g3aw9oi8rv/gradle-4.10.2/lib/native-platform-windows-i386-0.14.jar
7f5b7118f000-7f5b71190000 r--s 00001000 08:06 131485                     /home/ermicho/.gradle/wrapper/dists/gradle-4.10.2-all/9fahxiiecdb76a5g3aw9oi8rv/gradle-4.10.2/lib/native-platform-linux-amd64-ncurses5-0.14.jar
7f5b71190000-7f5b71191000 r--s 00001000 08:06 131486                     /home/ermicho/.gradle/wrapper/dists/gradle-4.10.2-all/9fahxiiecdb76a5g3aw9oi8rv/gradle-4.10.2/lib/native-platform-linux-amd64-ncurses6-0.14.jar
7f5b71191000-7f5b71195000 r--s 00012000 08:06 131470                     /home/ermicho/.gradle/wrapper/dists/gradle-4.10.2-all/9fahxiiecdb76a5g3aw9oi8rv/gradle-4.10.2/lib/native-platform-0.14.jar
7f5b71195000-7f5b71198000 r--s 00023000 08:06 131473                     /home/ermicho/.gradle/wrapper/dists/gradle-4.10.2-all/9fahxiiecdb76a5g3aw9oi8rv/gradle-4.10.2/lib/jansi-1.14.jar
7f5b71198000-7f5b7119c000 r--s 0000c000 08:06 131441                     /home/ermicho/.gradle/wrapper/dists/gradle-4.10.2-all/9fahxiiecdb76a5g3aw9oi8rv/gradle-4.10.2/lib/gradle-native-4.10.2.jar
7f5b7119c000-7f5b7119e000 r--s 0000f000 08:06 131454                     /home/ermicho/.gradle/wrapper/dists/gradle-4.10.2-all/9fahxiiecdb76a5g3aw9oi8rv/gradle-4.10.2/lib/reflectasm-1.07-shaded.jar
7f5b7119e000-7f5b711a0000 r--s 00000000 08:06 131489                     /home/ermicho/.gradle/wrapper/dists/gradle-4.10.2-all/9fahxiiecdb76a5g3aw9oi8rv/gradle-4.10.2/lib/minlog-1.2.jar
7f5b711a0000-7f5b711c8000 r--s 001cf000 08:06 131462                     /home/ermicho/.gradle/wrapper/dists/gradle-4.10.2-all/9fahxiiecdb76a5g3aw9oi8rv/gradle-4.10.2/lib/guava-jdk5-17.0.jar
7f5b711c8000-7f5b711e7000 r--s 001d9000 08:06 131467                     /home/ermicho/.gradle/wrapper/dists/gradle-4.10.2-all/9fahxiiecdb76a5g3aw9oi8rv/gradle-4.10.2/lib/ant-1.9.11.jar
7f5b711e7000-7f5b711f8000 r-xp 00000000 08:06 10888331                   /usr/lib/jvm/jdk1.8.0_201/jre/lib/amd64/libnio.so
7f5b711f8000-7f5b713f7000 ---p 00011000 08:06 10888331                   /usr/lib/jvm/jdk1.8.0_201/jre/lib/amd64/libnio.so
7f5b713f7000-7f5b713f8000 r--p 00010000 08:06 10888331                   /usr/lib/jvm/jdk1.8.0_201/jre/lib/amd64/libnio.so
7f5b713f8000-7f5b713f9000 rw-p 00011000 08:06 10888331                   /usr/lib/jvm/jdk1.8.0_201/jre/lib/amd64/libnio.so
7f5b713f9000-7f5b7140f000 r-xp 00000000 08:06 10888328                   /usr/lib/jvm/jdk1.8.0_201/jre/lib/amd64/libnet.so
7f5b7140f000-7f5b7160f000 ---p 00016000 08:06 10888328                   /usr/lib/jvm/jdk1.8.0_201/jre/lib/amd64/libnet.so
7f5b7160f000-7f5b71610000 r--p 00016000 08:06 10888328                   /usr/lib/jvm/jdk1.8.0_201/jre/lib/amd64/libnet.so
7f5b71610000-7f5b71611000 rw-p 00017000 08:06 10888328                   /usr/lib/jvm/jdk1.8.0_201/jre/lib/amd64/libnet.so
7f5b71611000-7f5b71612000 ---p 00000000 00:00 0 
7f5b71612000-7f5b71712000 rw-p 00000000 00:00 0 
7f5b71712000-7f5b71715000 ---p 00000000 00:00 0 
7f5b71715000-7f5b71813000 rw-p 00000000 00:00 0 
7f5b71813000-7f5b71814000 ---p 00000000 00:00 0 
7f5b71814000-7f5b71817000 ---p 00000000 00:00 0 
7f5b71817000-7f5b71914000 rw-p 00000000 00:00 0 
7f5b71914000-7f5b71915000 ---p 00000000 00:00 0 
7f5b71915000-7f5b71918000 ---p 00000000 00:00 0 
7f5b71918000-7f5b71a15000 rw-p 00000000 00:00 0 
7f5b71a15000-7f5b71a16000 ---p 00000000 00:00 0 
7f5b71a16000-7f5b71a19000 ---p 00000000 00:00 0 
7f5b71a19000-7f5b71b16000 rw-p 00000000 00:00 0 
7f5b71b16000-7f5b71b17000 ---p 00000000 00:00 0 
7f5b71b17000-7f5b71b1a000 ---p 00000000 00:00 0 
7f5b71b1a000-7f5b71c17000 rw-p 00000000 00:00 0 
7f5b71c17000-7f5b71c1a000 ---p 00000000 00:00 0 
7f5b71c1a000-7f5b71d18000 rw-p 00000000 00:00 0 
7f5b71d18000-7f5b726e7000 r--p 00000000 08:06 662140                     /usr/lib/locale/locale-archive
7f5b726e7000-7f5b726ea000 ---p 00000000 00:00 0 
7f5b726ea000-7f5b727e8000 rw-p 00000000 00:00 0 
7f5b727e8000-7f5b727eb000 ---p 00000000 00:00 0 
7f5b727eb000-7f5b728e9000 rw-p 00000000 00:00 0 
7f5b728e9000-7f5b728ea000 ---p 00000000 00:00 0 
7f5b728ea000-7f5b74000000 rw-p 00000000 00:00 0 
7f5b74000000-7f5b74021000 rw-p 00000000 00:00 0 
7f5b74021000-7f5b78000000 ---p 00000000 00:00 0 
7f5b78000000-7f5b78001000 r--s 00001000 08:06 131487                     /home/ermicho/.gradle/wrapper/dists/gradle-4.10.2-all/9fahxiiecdb76a5g3aw9oi8rv/gradle-4.10.2/lib/native-platform-linux-i386-ncurses5-0.14.jar
7f5b78001000-7f5b78005000 r--s 00026000 08:06 131453                     /home/ermicho/.gradle/wrapper/dists/gradle-4.10.2-all/9fahxiiecdb76a5g3aw9oi8rv/gradle-4.10.2/lib/kryo-2.20.jar
7f5b78005000-7f5b7804b000 r--s 00265000 08:06 131433                     /home/ermicho/.gradle/wrapper/dists/gradle-4.10.2-all/9fahxiiecdb76a5g3aw9oi8rv/gradle-4.10.2/lib/gradle-core-4.10.2.jar
7f5b7804b000-7f5b7c000000 rw-p 00000000 00:00 0 
7f5b7c000000-7f5b7c021000 rw-p 00000000 00:00 0 
7f5b7c021000-7f5b80000000 ---p 00000000 00:00 0 
7f5b80000000-7f5b80021000 rw-p 00000000 00:00 0 
7f5b80021000-7f5b84000000 ---p 00000000 00:00 0 
7f5b84000000-7f5b84021000 rw-p 00000000 00:00 0 
7f5b84021000-7f5b88000000 ---p 00000000 00:00 0 
7f5b88000000-7f5b88021000 rw-p 00000000 00:00 0 
7f5b88021000-7f5b8c000000 ---p 00000000 00:00 0 
7f5b8c000000-7f5b8c021000 rw-p 00000000 00:00 0 
7f5b8c021000-7f5b90000000 ---p 00000000 00:00 0 
7f5b90000000-7f5b90007000 r--s 0002d000 08:06 131445                     /home/ermicho/.gradle/wrapper/dists/gradle-4.10.2-all/9fahxiiecdb76a5g3aw9oi8rv/gradle-4.10.2/lib/gradle-messaging-4.10.2.jar
7f5b90007000-7f5b90014000 r--s 00037000 08:06 131435                     /home/ermicho/.gradle/wrapper/dists/gradle-4.10.2-all/9fahxiiecdb76a5g3aw9oi8rv/gradle-4.10.2/lib/gradle-core-api-4.10.2.jar
7f5b90014000-7f5b91000000 rw-p 00000000 00:00 0 
7f5b91000000-7f5b91410000 rwxp 00000000 00:00 0 
7f5b91410000-7f5ba0000000 ---p 00000000 00:00 0 
7f5ba0000000-7f5ba096e000 rw-p 00000000 00:00 0 
7f5ba096e000-7f5ba4000000 ---p 00000000 00:00 0 
7f5ba4000000-7f5ba4001000 r--s 00001000 08:06 131488                     /home/ermicho/.gradle/wrapper/dists/gradle-4.10.2-all/9fahxiiecdb76a5g3aw9oi8rv/gradle-4.10.2/lib/native-platform-linux-i386-ncurses6-0.14.jar
7f5ba4001000-7f5ba4003000 r--s 00007000 08:06 131490                     /home/ermicho/.gradle/wrapper/dists/gradle-4.10.2-all/9fahxiiecdb76a5g3aw9oi8rv/gradle-4.10.2/lib/objenesis-1.2.jar
7f5ba4003000-7f5ba4005000 r--s 00006000 08:06 131439                     /home/ermicho/.gradle/wrapper/dists/gradle-4.10.2-all/9fahxiiecdb76a5g3aw9oi8rv/gradle-4.10.2/lib/gradle-process-services-4.10.2.jar
7f5ba4005000-7f5ba4007000 r--s 00000000 08:06 131434                     /home/ermicho/.gradle/wrapper/dists/gradle-4.10.2-all/9fahxiiecdb76a5g3aw9oi8rv/gradle-4.10.2/lib/gradle-jvm-services-4.10.2.jar
7f5ba4007000-7f5ba4013000 r--s 00064000 08:06 131446                     /home/ermicho/.gradle/wrapper/dists/gradle-4.10.2-all/9fahxiiecdb76a5g3aw9oi8rv/gradle-4.10.2/lib/gradle-base-services-4.10.2.jar
7f5ba4013000-7f5ba41ed000 r--s 03d6f000 08:06 10888034                   /usr/lib/jvm/jdk1.8.0_201/jre/lib/rt.jar
7f5ba41ed000-7f5ba4263000 rw-p 00000000 00:00 0 
7f5ba4263000-7f5ba4264000 ---p 00000000 00:00 0 
7f5ba4264000-7f5ba4364000 rw-p 00000000 00:00 0 
7f5ba4364000-7f5ba4365000 ---p 00000000 00:00 0 
7f5ba4365000-7f5ba4465000 rw-p 00000000 00:00 0 
7f5ba4465000-7f5ba4466000 ---p 00000000 00:00 0 
7f5ba4466000-7f5ba4566000 rw-p 00000000 00:00 0 
7f5ba4566000-7f5ba4567000 ---p 00000000 00:00 0 
7f5ba4567000-7f5ba4667000 rw-p 00000000 00:00 0 
7f5ba4667000-7f5ba4668000 ---p 00000000 00:00 0 
7f5ba4668000-7f5ba4768000 rw-p 00000000 00:00 0 
7f5ba4768000-7f5ba4769000 ---p 00000000 00:00 0 
7f5ba4769000-7f5ba4869000 rw-p 00000000 00:00 0 
7f5ba4869000-7f5ba486a000 ---p 00000000 00:00 0 
7f5ba486a000-7f5ba496a000 rw-p 00000000 00:00 0 
7f5ba496a000-7f5ba496b000 ---p 00000000 00:00 0 
7f5ba496b000-7f5ba4a95000 rw-p 00000000 00:00 0 
7f5ba4a95000-7f5ba4cf9000 ---p 00000000 00:00 0 
7f5ba4cf9000-7f5ba4d23000 rw-p 00000000 00:00 0 
7f5ba4d23000-7f5ba4f86000 ---p 00000000 00:00 0 
7f5ba4f86000-7f5ba4fab000 rw-p 00000000 00:00 0 
7f5ba4fab000-7f5ba50cd000 ---p 00000000 00:00 0 
7f5ba50cd000-7f5ba50df000 rw-p 00000000 00:00 0 
7f5ba50df000-7f5ba548e000 ---p 00000000 00:00 0 
7f5ba548e000-7f5ba54a9000 r-xp 00000000 08:06 10888324                   /usr/lib/jvm/jdk1.8.0_201/jre/lib/amd64/libzip.so
7f5ba54a9000-7f5ba56a8000 ---p 0001b000 08:06 10888324                   /usr/lib/jvm/jdk1.8.0_201/jre/lib/amd64/libzip.so
7f5ba56a8000-7f5ba56a9000 r--p 0001a000 08:06 10888324                   /usr/lib/jvm/jdk1.8.0_201/jre/lib/amd64/libzip.so
7f5ba56a9000-7f5ba56aa000 rw-p 0001b000 08:06 10888324                   /usr/lib/jvm/jdk1.8.0_201/jre/lib/amd64/libzip.so
7f5ba56aa000-7f5ba56b5000 r-xp 00000000 08:06 3937066                    /lib/x86_64-linux-gnu/libnss_files-2.27.so
7f5ba56b5000-7f5ba58b4000 ---p 0000b000 08:06 3937066                    /lib/x86_64-linux-gnu/libnss_files-2.27.so
7f5ba58b4000-7f5ba58b5000 r--p 0000a000 08:06 3937066                    /lib/x86_64-linux-gnu/libnss_files-2.27.so
7f5ba58b5000-7f5ba58b6000 rw-p 0000b000 08:06 3937066                    /lib/x86_64-linux-gnu/libnss_files-2.27.so
7f5ba58b6000-7f5ba58bc000 rw-p 00000000 00:00 0 
7f5ba58bc000-7f5ba58d3000 r-xp 00000000 08:06 3937060                    /lib/x86_64-linux-gnu/libnsl-2.27.so
7f5ba58d3000-7f5ba5ad2000 ---p 00017000 08:06 3937060                    /lib/x86_64-linux-gnu/libnsl-2.27.so
7f5ba5ad2000-7f5ba5ad3000 r--p 00016000 08:06 3937060                    /lib/x86_64-linux-gnu/libnsl-2.27.so
7f5ba5ad3000-7f5ba5ad4000 rw-p 00017000 08:06 3937060                    /lib/x86_64-linux-gnu/libnsl-2.27.so
7f5ba5ad4000-7f5ba5ad6000 rw-p 00000000 00:00 0 
7f5ba5ad6000-7f5ba5ae1000 r-xp 00000000 08:06 3937077                    /lib/x86_64-linux-gnu/libnss_nis-2.27.so
7f5ba5ae1000-7f5ba5ce0000 ---p 0000b000 08:06 3937077                    /lib/x86_64-linux-gnu/libnss_nis-2.27.so
7f5ba5ce0000-7f5ba5ce1000 r--p 0000a000 08:06 3937077                    /lib/x86_64-linux-gnu/libnss_nis-2.27.so
7f5ba5ce1000-7f5ba5ce2000 rw-p 0000b000 08:06 3937077                    /lib/x86_64-linux-gnu/libnss_nis-2.27.so
7f5ba5ce2000-7f5ba5cea000 r-xp 00000000 08:06 3937062                    /lib/x86_64-linux-gnu/libnss_compat-2.27.so
7f5ba5cea000-7f5ba5eea000 ---p 00008000 08:06 3937062                    /lib/x86_64-linux-gnu/libnss_compat-2.27.so
7f5ba5eea000-7f5ba5eeb000 r--p 00008000 08:06 3937062                    /lib/x86_64-linux-gnu/libnss_compat-2.27.so
7f5ba5eeb000-7f5ba5eec000 rw-p 00009000 08:06 3937062                    /lib/x86_64-linux-gnu/libnss_compat-2.27.so
7f5ba5eec000-7f5ba5f18000 r-xp 00000000 08:06 10888318                   /usr/lib/jvm/jdk1.8.0_201/jre/lib/amd64/libjava.so
7f5ba5f18000-7f5ba6118000 ---p 0002c000 08:06 10888318                   /usr/lib/jvm/jdk1.8.0_201/jre/lib/amd64/libjava.so
7f5ba6118000-7f5ba6119000 r--p 0002c000 08:06 10888318                   /usr/lib/jvm/jdk1.8.0_201/jre/lib/amd64/libjava.so
7f5ba6119000-7f5ba611b000 rw-p 0002d000 08:06 10888318                   /usr/lib/jvm/jdk1.8.0_201/jre/lib/amd64/libjava.so
7f5ba611b000-7f5ba6128000 r-xp 00000000 08:06 10888323                   /usr/lib/jvm/jdk1.8.0_201/jre/lib/amd64/libverify.so
7f5ba6128000-7f5ba6327000 ---p 0000d000 08:06 10888323                   /usr/lib/jvm/jdk1.8.0_201/jre/lib/amd64/libverify.so
7f5ba6327000-7f5ba6329000 r--p 0000c000 08:06 10888323                   /usr/lib/jvm/jdk1.8.0_201/jre/lib/amd64/libverify.so
7f5ba6329000-7f5ba632a000 rw-p 0000e000 08:06 10888323                   /usr/lib/jvm/jdk1.8.0_201/jre/lib/amd64/libverify.so
7f5ba632a000-7f5ba6331000 r-xp 00000000 08:06 3937117                    /lib/x86_64-linux-gnu/librt-2.27.so
7f5ba6331000-7f5ba6530000 ---p 00007000 08:06 3937117                    /lib/x86_64-linux-gnu/librt-2.27.so
7f5ba6530000-7f5ba6531000 r--p 00006000 08:06 3937117                    /lib/x86_64-linux-gnu/librt-2.27.so
7f5ba6531000-7f5ba6532000 rw-p 00007000 08:06 3937117                    /lib/x86_64-linux-gnu/librt-2.27.so
7f5ba6532000-7f5ba66cf000 r-xp 00000000 08:06 3937039                    /lib/x86_64-linux-gnu/libm-2.27.so
7f5ba66cf000-7f5ba68ce000 ---p 0019d000 08:06 3937039                    /lib/x86_64-linux-gnu/libm-2.27.so
7f5ba68ce000-7f5ba68cf000 r--p 0019c000 08:06 3937039                    /lib/x86_64-linux-gnu/libm-2.27.so
7f5ba68cf000-7f5ba68d0000 rw-p 0019d000 08:06 3937039                    /lib/x86_64-linux-gnu/libm-2.27.so
7f5ba68d0000-7f5ba75b8000 r-xp 00000000 08:06 10888346                   /usr/lib/jvm/jdk1.8.0_201/jre/lib/amd64/server/libjvm.so
7f5ba75b8000-7f5ba77b7000 ---p 00ce8000 08:06 10888346                   /usr/lib/jvm/jdk1.8.0_201/jre/lib/amd64/server/libjvm.so
7f5ba77b7000-7f5ba784d000 r--p 00ce7000 08:06 10888346                   /usr/lib/jvm/jdk1.8.0_201/jre/lib/amd64/server/libjvm.so
7f5ba784d000-7f5ba787e000 rw-p 00d7d000 08:06 10888346                   /usr/lib/jvm/jdk1.8.0_201/jre/lib/amd64/server/libjvm.so
7f5ba787e000-7f5ba78b9000 rw-p 00000000 00:00 0 
7f5ba78b9000-7f5ba7aa0000 r-xp 00000000 08:06 3936976                    /lib/x86_64-linux-gnu/libc-2.27.so
7f5ba7aa0000-7f5ba7ca0000 ---p 001e7000 08:06 3936976                    /lib/x86_64-linux-gnu/libc-2.27.so
7f5ba7ca0000-7f5ba7ca4000 r--p 001e7000 08:06 3936976                    /lib/x86_64-linux-gnu/libc-2.27.so
7f5ba7ca4000-7f5ba7ca6000 rw-p 001eb000 08:06 3936976                    /lib/x86_64-linux-gnu/libc-2.27.so
7f5ba7ca6000-7f5ba7caa000 rw-p 00000000 00:00 0 
7f5ba7caa000-7f5ba7cad000 r-xp 00000000 08:06 3936999                    /lib/x86_64-linux-gnu/libdl-2.27.so
7f5ba7cad000-7f5ba7eac000 ---p 00003000 08:06 3936999                    /lib/x86_64-linux-gnu/libdl-2.27.so
7f5ba7eac000-7f5ba7ead000 r--p 00002000 08:06 3936999                    /lib/x86_64-linux-gnu/libdl-2.27.so
7f5ba7ead000-7f5ba7eae000 rw-p 00003000 08:06 3936999                    /lib/x86_64-linux-gnu/libdl-2.27.so
7f5ba7eae000-7f5ba7ec5000 r-xp 00000000 08:06 9054391                    /usr/lib/jvm/jdk1.8.0_201/lib/amd64/jli/libjli.so
7f5ba7ec5000-7f5ba80c4000 ---p 00017000 08:06 9054391                    /usr/lib/jvm/jdk1.8.0_201/lib/amd64/jli/libjli.so
7f5ba80c4000-7f5ba80c5000 r--p 00016000 08:06 9054391                    /usr/lib/jvm/jdk1.8.0_201/lib/amd64/jli/libjli.so
7f5ba80c5000-7f5ba80c6000 rw-p 00017000 08:06 9054391                    /usr/lib/jvm/jdk1.8.0_201/lib/amd64/jli/libjli.so
7f5ba80c6000-7f5ba80e0000 r-xp 00000000 08:06 3937109                    /lib/x86_64-linux-gnu/libpthread-2.27.so
7f5ba80e0000-7f5ba82df000 ---p 0001a000 08:06 3937109                    /lib/x86_64-linux-gnu/libpthread-2.27.so
7f5ba82df000-7f5ba82e0000 r--p 00019000 08:06 3937109                    /lib/x86_64-linux-gnu/libpthread-2.27.so
7f5ba82e0000-7f5ba82e1000 rw-p 0001a000 08:06 3937109                    /lib/x86_64-linux-gnu/libpthread-2.27.so
7f5ba82e1000-7f5ba82e5000 rw-p 00000000 00:00 0 
7f5ba82e5000-7f5ba830c000 r-xp 00000000 08:06 3936948                    /lib/x86_64-linux-gnu/ld-2.27.so
7f5ba830c000-7f5ba830e000 r--s 00006000 08:06 131463                     /home/ermicho/.gradle/wrapper/dists/gradle-4.10.2-all/9fahxiiecdb76a5g3aw9oi8rv/gradle-4.10.2/lib/jsr305-2.0.1.jar
7f5ba830e000-7f5ba8311000 r--s 0001a000 08:06 131464                     /home/ermicho/.gradle/wrapper/dists/gradle-4.10.2-all/9fahxiiecdb76a5g3aw9oi8rv/gradle-4.10.2/lib/fastutil-7.2.1-min.jar
7f5ba8311000-7f5ba8315000 r--s 0002a000 08:06 131456                     /home/ermicho/.gradle/wrapper/dists/gradle-4.10.2-all/9fahxiiecdb76a5g3aw9oi8rv/gradle-4.10.2/lib/commons-io-2.4.jar
7f5ba8315000-7f5ba8322000 r--s 00068000 08:06 131428                     /home/ermicho/.gradle/wrapper/dists/gradle-4.10.2-all/9fahxiiecdb76a5g3aw9oi8rv/gradle-4.10.2/lib/gradle-launcher-4.10.2.jar
7f5ba8322000-7f5ba83ed000 rw-p 00000000 00:00 0 
7f5ba83ed000-7f5ba83ee000 ---p 00000000 00:00 0 
7f5ba83ee000-7f5ba83f1000 ---p 00000000 00:00 0 
7f5ba83f1000-7f5ba84f2000 rw-p 00000000 00:00 0 
7f5ba84f2000-7f5ba84f3000 r--s 00000000 08:06 131465                     /home/ermicho/.gradle/wrapper/dists/gradle-4.10.2-all/9fahxiiecdb76a5g3aw9oi8rv/gradle-4.10.2/lib/jcip-annotations-1.0.jar
7f5ba84f3000-7f5ba84f5000 r--s 0001a000 08:06 131455                     /home/ermicho/.gradle/wrapper/dists/gradle-4.10.2-all/9fahxiiecdb76a5g3aw9oi8rv/gradle-4.10.2/lib/asm-6.2.jar
7f5ba84f5000-7f5ba84f6000 r--s 00009000 08:06 131461                     /home/ermicho/.gradle/wrapper/dists/gradle-4.10.2-all/9fahxiiecdb76a5g3aw9oi8rv/gradle-4.10.2/lib/slf4j-api-1.7.16.jar
7f5ba84f6000-7f5ba84fb000 r--s 00041000 08:06 131457                     /home/ermicho/.gradle/wrapper/dists/gradle-4.10.2-all/9fahxiiecdb76a5g3aw9oi8rv/gradle-4.10.2/lib/commons-lang-2.6.jar
7f5ba84fb000-7f5ba84fc000 r--s 00004000 08:06 131474                     /home/ermicho/.gradle/wrapper/dists/gradle-4.10.2-all/9fahxiiecdb76a5g3aw9oi8rv/gradle-4.10.2/lib/ant-launcher-1.9.11.jar
7f5ba84fc000-7f5ba8500000 r--s 000a1000 08:06 10888039                   /usr/lib/jvm/jdk1.8.0_201/jre/lib/jsse.jar
7f5ba8500000-7f5ba8502000 r--s 0000c000 08:06 4234248                    /home/ermicho/projects/react-native/sidebar/android/gradle/wrapper/gradle-wrapper.jar
7f5ba8502000-7f5ba850a000 rw-s 00000000 08:06 13140949                   /tmp/hsperfdata_ermicho/29827
7f5ba850a000-7f5ba850b000 rw-p 00000000 00:00 0 
7f5ba850b000-7f5ba850c000 r--p 00000000 00:00 0 
7f5ba850c000-7f5ba850d000 r--p 00027000 08:06 3936948                    /lib/x86_64-linux-gnu/ld-2.27.so
7f5ba850d000-7f5ba850e000 rw-p 00028000 08:06 3936948                    /lib/x86_64-linux-gnu/ld-2.27.so
7f5ba850e000-7f5ba850f000 rw-p 00000000 00:00 0 
7ffc893dd000-7ffc89400000 rw-p 00000000 00:00 0                          [stack]
7ffc894ef000-7ffc894f2000 r--p 00000000 00:00 0                          [vvar]
7ffc894f2000-7ffc894f4000 r-xp 00000000 00:00 0                          [vdso]
ffffffffff600000-ffffffffff601000 r-xp 00000000 00:00 0                  [vsyscall]

VM Arguments:
jvm_args: -Dorg.gradle.appname=gradlew 
java_command: org.gradle.wrapper.GradleWrapperMain app:installDebug
java_class_path (initial): /home/ermicho/projects/react-native/sidebar/android/gradle/wrapper/gradle-wrapper.jar
Launcher Type: SUN_STANDARD

Environment Variables:
JAVA_HOME=/usr/lib/jvm/jdk1.8.0_201
PATH=/home/ermicho/projects/react-native/sidebar/node_modules/.bin:/usr/local/lib/node_modules/npm/node_modules/npm-lifecycle/node-gyp-bin:/home/ermicho/projects/react-native/sidebar/node_modules/.bin:/usr/local/sbin:/usr/local/bin:/usr/sbin:/usr/bin:/sbin:/bin:/usr/games:/usr/local/games:/snap/bin:/home/ermicho/Android/Sdk/tools:/home/ermicho/Android/Sdk/tools/bin:/home/ermicho/Android/Sdk/platform-tools:/home/ermicho/Android/Sdk/emulator:/home/ermicho/Android/Sdk/tools/bin:/home/ermicho/Android/Sdk/platform-tools
USERNAME=ermicho
SHELL=/bin/bash
DISPLAY=:0

Signal Handlers:
SIGSEGV: [libjvm.so+0xad3e60], sa_mask[0]=11111111011111111101111111111110, sa_flags=SA_RESTART|SA_SIGINFO
SIGBUS: [libjvm.so+0xad3e60], sa_mask[0]=11111111011111111101111111111110, sa_flags=SA_RESTART|SA_SIGINFO
SIGFPE: [libjvm.so+0x90b880], sa_mask[0]=11111111011111111101111111111110, sa_flags=SA_RESTART|SA_SIGINFO
SIGPIPE: [libjvm.so+0x90b880], sa_mask[0]=11111111011111111101111111111110, sa_flags=SA_RESTART|SA_SIGINFO
SIGXFSZ: [libjvm.so+0x90b880], sa_mask[0]=11111111011111111101111111111110, sa_flags=SA_RESTART|SA_SIGINFO
SIGILL: [libjvm.so+0x90b880], sa_mask[0]=11111111011111111101111111111110, sa_flags=SA_RESTART|SA_SIGINFO
SIGUSR1: SIG_DFL, sa_mask[0]=00000000000000000000000000000000, sa_flags=none
SIGUSR2: [libjvm.so+0x90b750], sa_mask[0]=00000000000000000000000000000000, sa_flags=SA_RESTART|SA_SIGINFO
SIGHUP: [libjvm.so+0x90bd70], sa_mask[0]=11111111011111111101111111111110, sa_flags=SA_RESTART|SA_SIGINFO
SIGINT: [libjvm.so+0x90bd70], sa_mask[0]=11111111011111111101111111111110, sa_flags=SA_RESTART|SA_SIGINFO
SIGTERM: [libjvm.so+0x90bd70], sa_mask[0]=11111111011111111101111111111110, sa_flags=SA_RESTART|SA_SIGINFO
SIGQUIT: [libjvm.so+0x90bd70], sa_mask[0]=11111111011111111101111111111110, sa_flags=SA_RESTART|SA_SIGINFO


---------------  S Y S T E M  ---------------

OS:DISTRIB_ID=Ubuntu
DISTRIB_RELEASE=18.04
DISTRIB_CODENAME=bionic
DISTRIB_DESCRIPTION="Ubuntu 18.04.2 LTS"

uname:Linux 4.15.0-46-generic #49-Ubuntu SMP Wed Feb 6 09:33:07 UTC 2019 x86_64
libc:glibc 2.27 NPTL 2.27 
rlimit: STACK 8192k, CORE 0k, NPROC 30710, NOFILE 4096, AS infinity
load average:8.86 3.87 2.39

/proc/meminfo:
MemTotal:        8021540 kB
MemFree:          119992 kB
MemAvailable:     212584 kB
Buffers:            6820 kB
Cached:           982048 kB
SwapCached:            8 kB
Active:          6148904 kB
Inactive:        1260524 kB
Active(anon):    6070924 kB
Inactive(anon):  1091596 kB
Active(file):      77980 kB
Inactive(file):   168928 kB
Unevictable:         344 kB
Mlocked:             344 kB
SwapTotal:       2097148 kB
SwapFree:        2095868 kB
Dirty:              2268 kB
Writeback:           288 kB
AnonPages:       6420800 kB
Mapped:           432396 kB
Shmem:            745128 kB
Slab:             230884 kB
SReclaimable:     138084 kB
SUnreclaim:        92800 kB
KernelStack:       30448 kB
PageTables:       112868 kB
NFS_Unstable:          0 kB
Bounce:                0 kB
WritebackTmp:          0 kB
CommitLimit:     6107916 kB
Committed_AS:   20953072 kB
VmallocTotal:   34359738367 kB
VmallocUsed:           0 kB
VmallocChunk:          0 kB
HardwareCorrupted:     0 kB
AnonHugePages:         0 kB
ShmemHugePages:        0 kB
ShmemPmdMapped:        0 kB
CmaTotal:              0 kB
CmaFree:               0 kB
HugePages_Total:       0
HugePages_Free:        0
HugePages_Rsvd:        0
HugePages_Surp:        0
Hugepagesize:       2048 kB
DirectMap4k:      366020 kB
DirectMap2M:     7876608 kB
DirectMap1G:     1048576 kB

container (cgroup) information:
container_type: cgroupv1
cpu_cpuset_cpus: 0-7
cpu_memory_nodes: 0
active_processor_count: 8
cpu_quota: -1
cpu_period: 100000
cpu_shares: -1
memory_limit_in_bytes: -1
memory_and_swap_limit_in_bytes: -2
memory_soft_limit_in_bytes: -1
memory_usage_in_bytes: 7589036032
memory_max_usage_in_bytes: 96681984


CPU:total 8 (initial active 8) (4 cores per cpu, 2 threads per core) family 6 model 142 stepping 10, cmov, cx8, fxsr, mmx, sse, sse2, sse3, ssse3, sse4.1, sse4.2, popcnt, avx, avx2, aes, clmul, erms, 3dnowpref, lzcnt, ht, tsc, tscinvbit, bmi1, bmi2, adx

/proc/cpuinfo:
processor	: 0
vendor_id	: GenuineIntel
cpu family	: 6
model		: 142
model name	: Intel(R) Core(TM) i7-8550U CPU @ 1.80GHz
stepping	: 10
microcode	: 0x96
cpu MHz		: 3199.769
cache size	: 8192 KB
physical id	: 0
siblings	: 8
core id		: 0
cpu cores	: 4
apicid		: 0
initial apicid	: 0
fpu		: yes
fpu_exception	: yes
cpuid level	: 22
wp		: yes
flags		: fpu vme de pse tsc msr pae mce cx8 apic sep mtrr pge mca cmov pat pse36 clflush dts acpi mmx fxsr sse sse2 ss ht tm pbe syscall nx pdpe1gb rdtscp lm constant_tsc art arch_perfmon pebs bts rep_good nopl xtopology nonstop_tsc cpuid aperfmperf tsc_known_freq pni pclmulqdq dtes64 monitor ds_cpl vmx est tm2 ssse3 sdbg fma cx16 xtpr pdcm pcid sse4_1 sse4_2 x2apic movbe popcnt tsc_deadline_timer aes xsave avx f16c rdrand lahf_lm abm 3dnowprefetch cpuid_fault epb invpcid_single pti ssbd ibrs ibpb stibp tpr_shadow vnmi flexpriority ept vpid fsgsbase tsc_adjust bmi1 avx2 smep bmi2 erms invpcid mpx rdseed adx smap clflushopt intel_pt xsaveopt xsavec xgetbv1 xsaves dtherm ida arat pln pts hwp hwp_notify hwp_act_window hwp_epp flush_l1d
bugs		: cpu_meltdown spectre_v1 spectre_v2 spec_store_bypass l1tf
bogomips	: 3984.00
clflush size	: 64
cache_alignment	: 64
address sizes	: 39 bits physical, 48 bits virtual
power management:

processor	: 1
vendor_id	: GenuineIntel
cpu family	: 6
model		: 142
model name	: Intel(R) Core(TM) i7-8550U CPU @ 1.80GHz
stepping	: 10
microcode	: 0x96
cpu MHz		: 3198.898
cache size	: 8192 KB
physical id	: 0
siblings	: 8
core id		: 1
cpu cores	: 4
apicid		: 2
initial apicid	: 2
fpu		: yes
fpu_exception	: yes
cpuid level	: 22
wp		: yes
flags		: fpu vme de pse tsc msr pae mce cx8 apic sep mtrr pge mca cmov pat pse36 clflush dts acpi mmx fxsr sse sse2 ss ht tm pbe syscall nx pdpe1gb rdtscp lm constant_tsc art arch_perfmon pebs bts rep_good nopl xtopology nonstop_tsc cpuid aperfmperf tsc_known_freq pni pclmulqdq dtes64 monitor ds_cpl vmx est tm2 ssse3 sdbg fma cx16 xtpr pdcm pcid sse4_1 sse4_2 x2apic movbe popcnt tsc_deadline_timer aes xsave avx f16c rdrand lahf_lm abm 3dnowprefetch cpuid_fault epb invpcid_single pti ssbd ibrs ibpb stibp tpr_shadow vnmi flexpriority ept vpid fsgsbase tsc_adjust bmi1 avx2 smep bmi2 erms invpcid mpx rdseed adx smap clflushopt intel_pt xsaveopt xsavec xgetbv1 xsaves dtherm ida arat pln pts hwp hwp_notify hwp_act_window hwp_epp flush_l1d
bugs		: cpu_meltdown spectre_v1 spectre_v2 spec_store_bypass l1tf
bogomips	: 3984.00
clflush size	: 64
cache_alignment	: 64
address sizes	: 39 bits physical, 48 bits virtual
power management:

processor	: 2
vendor_id	: GenuineIntel
cpu family	: 6
model		: 142
model name	: Intel(R) Core(TM) i7-8550U CPU @ 1.80GHz
stepping	: 10
microcode	: 0x96
cpu MHz		: 3197.705
cache size	: 8192 KB
physical id	: 0
siblings	: 8
core id		: 2
cpu cores	: 4
apicid		: 4
initial apicid	: 4
fpu		: yes
fpu_exception	: yes
cpuid level	: 22
wp		: yes
flags		: fpu vme de pse tsc msr pae mce cx8 apic sep mtrr pge mca cmov pat pse36 clflush dts acpi mmx fxsr sse sse2 ss ht tm pbe syscall nx pdpe1gb rdtscp lm constant_tsc art arch_perfmon pebs bts rep_good nopl xtopology nonstop_tsc cpuid aperfmperf tsc_known_freq pni pclmulqdq dtes64 monitor ds_cpl vmx est tm2 ssse3 sdbg fma cx16 xtpr pdcm pcid sse4_1 sse4_2 x2apic movbe popcnt tsc_deadline_timer aes xsave avx f16c rdrand lahf_lm abm 3dnowprefetch cpuid_fault epb invpcid_single pti ssbd ibrs ibpb stibp tpr_shadow vnmi flexpriority ept vpid fsgsbase tsc_adjust bmi1 avx2 smep bmi2 erms invpcid mpx rdseed adx smap clflushopt intel_pt xsaveopt xsavec xgetbv1 xsaves dtherm ida arat pln pts hwp hwp_notify hwp_act_window hwp_epp flush_l1d
bugs		: cpu_meltdown spectre_v1 spectre_v2 spec_store_bypass l1tf
bogomips	: 3984.00
clflush size	: 64
cache_alignment	: 64
address sizes	: 39 bits physical, 48 bits virtual
power management:

processor	: 3
vendor_id	: GenuineIntel
cpu family	: 6
model		: 142
model name	: Intel(R) Core(TM) i7-8550U CPU @ 1.80GHz
stepping	: 10
microcode	: 0x96
cpu MHz		: 3199.248
cache size	: 8192 KB
physical id	: 0
siblings	: 8
core id		: 3
cpu cores	: 4
apicid		: 6
initial apicid	: 6
fpu		: yes
fpu_exception	: yes
cpuid level	: 22
wp		: yes
flags		: fpu vme de pse tsc msr pae mce cx8 apic sep mtrr pge mca cmov pat pse36 clflush dts acpi mmx fxsr sse sse2 ss ht tm pbe syscall nx pdpe1gb rdtscp lm constant_tsc art arch_perfmon pebs bts rep_good nopl xtopology nonstop_tsc cpuid aperfmperf tsc_known_freq pni pclmulqdq dtes64 monitor ds_cpl vmx est tm2 ssse3 sdbg fma cx16 xtpr pdcm pcid sse4_1 sse4_2 x2apic movbe popcnt tsc_deadline_timer aes xsave avx f16c rdrand lahf_lm abm 3dnowprefetch cpuid_fault epb invpcid_single pti ssbd ibrs ibpb stibp tpr_shadow vnmi flexpriority ept vpid fsgsbase tsc_adjust bmi1 avx2 smep bmi2 erms invpcid mpx rdseed adx smap clflushopt intel_pt xsaveopt xsavec xgetbv1 xsaves dtherm ida arat pln pts hwp hwp_notify hwp_act_window hwp_epp flush_l1d
bugs		: cpu_meltdown spectre_v1 spectre_v2 spec_store_bypass l1tf
bogomips	: 3984.00
clflush size	: 64
cache_alignment	: 64
address sizes	: 39 bits physical, 48 bits virtual
power management:

processor	: 4
vendor_id	: GenuineIntel
cpu family	: 6
model		: 142
model name	: Intel(R) Core(TM) i7-8550U CPU @ 1.80GHz
stepping	: 10
microcode	: 0x96
cpu MHz		: 3197.567
cache size	: 8192 KB
physical id	: 0
siblings	: 8
core id		: 0
cpu cores	: 4
apicid		: 1
initial apicid	: 1
fpu		: yes
fpu_exception	: yes
cpuid level	: 22
wp		: yes
flags		: fpu vme de pse tsc msr pae mce cx8 apic sep mtrr pge mca cmov pat pse36 clflush dts acpi mmx fxsr sse sse2 ss ht tm pbe syscall nx pdpe1gb rdtscp lm constant_tsc art arch_perfmon pebs bts rep_good nopl xtopology nonstop_tsc cpuid aperfmperf tsc_known_freq pni pclmulqdq dtes64 monitor ds_cpl vmx est tm2 ssse3 sdbg fma cx16 xtpr pdcm pcid sse4_1 sse4_2 x2apic movbe popcnt tsc_deadline_timer aes xsave avx f16c rdrand lahf_lm abm 3dnowprefetch cpuid_fault epb invpcid_single pti ssbd ibrs ibpb stibp tpr_shadow vnmi flexpriority ept vpid fsgsbase tsc_adjust bmi1 avx2 smep bmi2 erms invpcid mpx rdseed adx smap clflushopt intel_pt xsaveopt xsavec xgetbv1 xsaves dtherm ida arat pln pts hwp hwp_notify hwp_act_window hwp_epp flush_l1d
bugs		: cpu_meltdown spectre_v1 spectre_v2 spec_store_bypass l1tf
bogomips	: 3984.00
clflush size	: 64
cache_alignment	: 64
address sizes	: 39 bits physical, 48 bits virtual
power management:

processor	: 5
vendor_id	: GenuineIntel
cpu family	: 6
model		: 142
model name	: Intel(R) Core(TM) i7-8550U CPU @ 1.80GHz
stepping	: 10
microcode	: 0x96
cpu MHz		: 3199.430
cache size	: 8192 KB
physical id	: 0
siblings	: 8
core id		: 1
cpu cores	: 4
apicid		: 3
initial apicid	: 3
fpu		: yes
fpu_exception	: yes
cpuid level	: 22
wp		: yes
flags		: fpu vme de pse tsc msr pae mce cx8 apic sep mtrr pge mca cmov pat pse36 clflush dts acpi mmx fxsr sse sse2 ss ht tm pbe syscall nx pdpe1gb rdtscp lm constant_tsc art arch_perfmon pebs bts rep_good nopl xtopology nonstop_tsc cpuid aperfmperf tsc_known_freq pni pclmulqdq dtes64 monitor ds_cpl vmx est tm2 ssse3 sdbg fma cx16 xtpr pdcm pcid sse4_1 sse4_2 x2apic movbe popcnt tsc_deadline_timer aes xsave avx f16c rdrand lahf_lm abm 3dnowprefetch cpuid_fault epb invpcid_single pti ssbd ibrs ibpb stibp tpr_shadow vnmi flexpriority ept vpid fsgsbase tsc_adjust bmi1 avx2 smep bmi2 erms invpcid mpx rdseed adx smap clflushopt intel_pt xsaveopt xsavec xgetbv1 xsaves dtherm ida arat pln pts hwp hwp_notify hwp_act_window hwp_epp flush_l1d
bugs		: cpu_meltdown spectre_v1 spectre_v2 spec_store_bypass l1tf
bogomips	: 3984.00
clflush size	: 64
cache_alignment	: 64
address sizes	: 39 bits physical, 48 bits virtual
power management:

processor	: 6
vendor_id	: GenuineIntel
cpu family	: 6
model		: 142
model name	: Intel(R) Core(TM) i7-8550U CPU @ 1.80GHz
stepping	: 10
microcode	: 0x96
cpu MHz		: 3198.123
cache size	: 8192 KB
physical id	: 0
siblings	: 8
core id		: 2
cpu cores	: 4
apicid		: 5
initial apicid	: 5
fpu		: yes
fpu_exception	: yes
cpuid level	: 22
wp		: yes
flags		: fpu vme de pse tsc msr pae mce cx8 apic sep mtrr pge mca cmov pat pse36 clflush dts acpi mmx fxsr sse sse2 ss ht tm pbe syscall nx pdpe1gb rdtscp lm constant_tsc art arch_perfmon pebs bts rep_good nopl xtopology nonstop_tsc cpuid aperfmperf tsc_known_freq pni pclmulqdq dtes64 monitor ds_cpl vmx est tm2 ssse3 sdbg fma cx16 xtpr pdcm pcid sse4_1 sse4_2 x2apic movbe popcnt tsc_deadline_timer aes xsave avx f16c rdrand lahf_lm abm 3dnowprefetch cpuid_fault epb invpcid_single pti ssbd ibrs ibpb stibp tpr_shadow vnmi flexpriority ept vpid fsgsbase tsc_adjust bmi1 avx2 smep bmi2 erms invpcid mpx rdseed adx smap clflushopt intel_pt xsaveopt xsavec xgetbv1 xsaves dtherm ida arat pln pts hwp hwp_notify hwp_act_window hwp_epp flush_l1d
bugs		: cpu_meltdown spectre_v1 spectre_v2 spec_store_bypass l1tf
bogomips	: 3984.00
clflush size	: 64
cache_alignment	: 64
address sizes	: 39 bits physical, 48 bits virtual
power management:

processor	: 7
vendor_id	: GenuineIntel
cpu family	: 6
model		: 142
model name	: Intel(R) Core(TM) i7-8550U CPU @ 1.80GHz
stepping	: 10
microcode	: 0x96
cpu MHz		: 3199.286
cache size	: 8192 KB
physical id	: 0
siblings	: 8
core id		: 3
cpu cores	: 4
apicid		: 7
initial apicid	: 7
fpu		: yes
fpu_exception	: yes
cpuid level	: 22
wp		: yes
flags		: fpu vme de pse tsc msr pae mce cx8 apic sep mtrr pge mca cmov pat pse36 clflush dts acpi mmx fxsr sse sse2 ss ht tm pbe syscall nx pdpe1gb rdtscp lm constant_tsc art arch_perfmon pebs bts rep_good nopl xtopology nonstop_tsc cpuid aperfmperf tsc_known_freq pni pclmulqdq dtes64 monitor ds_cpl vmx est tm2 ssse3 sdbg fma cx16 xtpr pdcm pcid sse4_1 sse4_2 x2apic movbe popcnt tsc_deadline_timer aes xsave avx f16c rdrand lahf_lm abm 3dnowprefetch cpuid_fault epb invpcid_single pti ssbd ibrs ibpb stibp tpr_shadow vnmi flexpriority ept vpid fsgsbase tsc_adjust bmi1 avx2 smep bmi2 erms invpcid mpx rdseed adx smap clflushopt intel_pt xsaveopt xsavec xgetbv1 xsaves dtherm ida arat pln pts hwp hwp_notify hwp_act_window hwp_epp flush_l1d
bugs		: cpu_meltdown spectre_v1 spectre_v2 spec_store_bypass l1tf
bogomips	: 3984.00
clflush size	: 64
cache_alignment	: 64
address sizes	: 39 bits physical, 48 bits virtual
power management:



Memory: 4k page, physical 8021540k(126160k free), swap 2097148k(2095868k free)

vm_info: Java HotSpot(TM) 64-Bit Server VM (25.201-b09) for linux-amd64 JRE (1.8.0_201-b09), built on Dec 15 2018 11:35:59 by "java_re" with gcc 7.3.0

time: Sat Mar 16 14:11:44 2019
timezone: IST
elapsed time: 52 seconds (0d 0h 0m 52s)

