#
# A fatal error has been detected by the Java Runtime Environment:
#
#  SIGSEGV (0xb) at pc=0x00007fc0ff11a783, pid=29520, tid=0x00007fc10042db80
#
# JRE version:  (8.0_201-b09) (build )
# Java VM: Java HotSpot(TM) 64-Bit Server VM (25.201-b09 mixed mode linux-amd64 compressed oops)
# Problematic frame:
# V  [libjvm.so+0x90b783]  SR_handler(int, siginfo*, ucontext*)+0x33
#
# Failed to write core dump. Core dumps have been disabled. To enable core dumping, try "ulimit -c unlimited" before starting Java again
#
# If you would like to submit a bug report, please visit:
#   http://bugreport.java.com/bugreport/crash.jsp
#

---------------  T H R E A D  ---------------

Current thread is native thread

siginfo: si_signo: 11 (SIGSEGV), si_code: 1 (SEGV_MAPERR), si_addr: 0x0000000000000128

Registers:
RAX=0x0000000000000000, RBX=0x00007fc10042c700, RCX=0x00007fc10000dd2d, RDX=0x00007fc10042dea0
RSP=0x00007ffc9bcd4e40, RBP=0x00007ffc9bcd4ef0, RSI=0x00007ffc9bcd5030, RDI=0x0000000000000001
R8 =0x00000000000000ca, R9 =0x00007fc10042c9d0, R10=0x0000000000000000, R11=0x0000000000000246
R12=0x00007fc10042db00, R13=0x0000000000000002, R14=0x00007ffc9bcd5030, R15=0x00007ffc9bcd4f00
RIP=0x00007fc0ff11a783, EFLAGS=0x0000000000010246, CSGSFS=0x002b000000000033, ERR=0x0000000000000004
  TRAPNO=0x000000000000000e

Top of Stack: (sp=0x00007ffc9bcd4e40)
0x00007ffc9bcd4e40:   0000000000000000 00007fc0ff95f2df
0x00007ffc9bcd4e50:   3032353932cd5380 0000ffff00001fa0
0x00007ffc9bcd4e60:   00007ffc9bcd4ea0 00007ffc9bcd4ea0
0x00007ffc9bcd4e70:   000000000000003f 00007fc0ff369ca7
0x00007ffc9bcd4e80:   00007ffc9bcd5038 00000000011ab5c0
0x00007ffc9bcd4e90:   00007ffc9bcd5110 00007fc0ff880910
0x00007ffc9bcd4ea0:   00000000fbad8001 00007ffc9bcd5110
0x00007ffc9bcd4eb0:   00007ffc9bcd5110 00007ffc9bcd5110
0x00007ffc9bcd4ec0:   00007ffc9bcd5110 00007fc10042c700
0x00007ffc9bcd4ed0:   0000000000000000 00007ffc9bcd55b0
0x00007ffc9bcd4ee0:   0000000000000000 0000000000000001
0x00007ffc9bcd4ef0:   00007ffc9bcd5618 00007fc100017890
0x00007ffc9bcd4f00:   0000000000000007 0000000000000000
0x00007ffc9bcd4f10:   0000000000000000 00007fc100000002
0x00007ffc9bcd4f20:   0000000000000000 00000000000000ca
0x00007ffc9bcd4f30:   00007fc10042c9d0 0000000000000000
0x00007ffc9bcd4f40:   0000000000000246 0000000000000000
0x00007ffc9bcd4f50:   00007ffc9bcd55b0 0000000000000000
0x00007ffc9bcd4f60:   0000000000000001 00007fc10042c9d0
0x00007ffc9bcd4f70:   0000000000000000 00007ffc9bcd5618
0x00007ffc9bcd4f80:   00007fc10042c700 000000000000735b
0x00007ffc9bcd4f90:   00000000000000ca 00007fc10000dd2d
0x00007ffc9bcd4fa0:   00007ffc9bcd55a0 00007fc10000dd2b
0x00007ffc9bcd4fb0:   0000000000000246 002b000000000033
0x00007ffc9bcd4fc0:   0000000000000000 0000000000000000
0x00007ffc9bcd4fd0:   0000000000000000 0000000000000000
0x00007ffc9bcd4fe0:   00007ffc9bcd50c0 00007fc10044d170
0x00007ffc9bcd4ff0:   0000000000000000 00007fc10022ef5f
0x00007ffc9bcd5000:   00007fc10042f000 00007fc10022f1ef
0x00007ffc9bcd5010:   0000000000000004 00007fc100007f58
0x00007ffc9bcd5020:   000000000017501c 0000000000000000
0x00007ffc9bcd5030:   000000000000000c 00007fc100000000 

Instructions: (pc=0x00007fc0ff11a783)
0x00007fc0ff11a763:   48 81 ec 88 00 00 00 e8 81 1d 8f ff 44 8b 28 49
0x00007fc0ff11a773:   89 c4 48 8d 05 2c 61 68 00 8b 38 e8 15 2c 8f ff
0x00007fc0ff11a783:   48 8b 98 28 01 00 00 8b 83 a8 00 00 00 83 f8 01
0x00007fc0ff11a793:   74 1b 45 89 2c 24 48 81 c4 88 00 00 00 5b 41 5c 

Register to memory mapping:

RAX=0x0000000000000000 is an unknown value
RBX=0x00007fc10042c700 is pointing into the stack for thread: 0x00007fc0f800b000
RCX=0x00007fc10000dd2d: <offset 0x8d2d> in /lib/x86_64-linux-gnu/libpthread.so.0 at 0x00007fc100005000
RDX=0x00007fc10042dea0 is an unknown value
RSP=0x00007ffc9bcd4e40 is an unknown value
RBP=0x00007ffc9bcd4ef0 is an unknown value
RSI=0x00007ffc9bcd5030 is an unknown value
RDI=0x0000000000000001 is an unknown value
R8 =0x00000000000000ca is an unknown value
R9 =0x00007fc10042c9d0 is pointing into the stack for thread: 0x00007fc0f800b000
R10=0x0000000000000000 is an unknown value
R11=0x0000000000000246 is an unknown value
R12=0x00007fc10042db00 is an unknown value
R13=0x0000000000000002 is an unknown value
R14=0x00007ffc9bcd5030 is an unknown value
R15=0x00007ffc9bcd4f00 is an unknown value


Stack: [0x00007ffc9bbde000,0x00007ffc9bcde000],  sp=0x00007ffc9bcd4e40,  free space=987k
Native frames: (J=compiled Java code, j=interpreted, Vv=VM code, C=native code)
V  [libjvm.so+0x90b783]  SR_handler(int, siginfo*, ucontext*)+0x33
C  [libpthread.so.0+0x12890]


---------------  P R O C E S S  ---------------

VM state:not at safepoint (normal execution)

VM Mutex/Monitor currently owned by a thread: None

heap address: 0x0000000085800000, size: 1960 MB, Compressed Oops mode: 32-bit
Narrow klass base: 0x0000000000000000, Narrow klass shift: 3
Compressed class space size: 1073741824 Address: 0x0000000100000000

Heap:
 PSYoungGen      total 36864K, used 634K [0x00000000d7300000, 0x00000000d9c00000, 0x0000000100000000)
  eden space 31744K, 2% used [0x00000000d7300000,0x00000000d739eb90,0x00000000d9200000)
  from space 5120K, 0% used [0x00000000d9700000,0x00000000d9700000,0x00000000d9c00000)
  to   space 5120K, 0% used [0x00000000d9200000,0x00000000d9200000,0x00000000d9700000)
 ParOldGen       total 84992K, used 0K [0x0000000085800000, 0x000000008ab00000, 0x00000000d7300000)
  object space 84992K, 0% used [0x0000000085800000,0x0000000085800000,0x000000008ab00000)
 Metaspace       used 1639K, capacity 4480K, committed 4480K, reserved 1056768K
  class space    used 174K, capacity 384K, committed 384K, reserved 1048576K

Card table byte_map: [0x00007fc0fcc38000,0x00007fc0fd00d000] byte_map_base: 0x00007fc0fc80c000

Marking Bits: (ParMarkBitMap*) 0x00007fc0ff7dad80
 Begin Bits: [0x00007fc0e02c0000, 0x00007fc0e2160000)
 End Bits:   [0x00007fc0e2160000, 0x00007fc0e4000000)

Polling page: 0x00007fc10044a000

CodeCache: size=245760Kb used=420Kb max_used=420Kb free=245339Kb
 bounds [0x00007fc0e9000000, 0x00007fc0e9270000, 0x00007fc0f8000000]
 total_blobs=134 nmethods=0 adapters=109
 compilation: enabled

Compilation events (0 events):
No events

GC Heap History (0 events):
No events

Deoptimization events (0 events):
No events

Classes redefined (0 events):
No events

Internal exceptions (2 events):
Event: 0.019 Thread 0x00007fc0f800b000 Exception <a 'java/lang/NoSuchMethodError': Method sun.misc.Unsafe.defineClass(Ljava/lang/String;[BII)Ljava/lang/Class; name or signature does not match> (0x00000000d7307cb0) thrown at [/HUDSON/workspace/8-2-build-linux-amd64/jdk8u201/12317/hotspot/src/sh
Event: 0.019 Thread 0x00007fc0f800b000 Exception <a 'java/lang/NoSuchMethodError': Method sun.misc.Unsafe.prefetchRead(Ljava/lang/Object;J)V name or signature does not match> (0x00000000d7307f98) thrown at [/HUDSON/workspace/8-2-build-linux-amd64/jdk8u201/12317/hotspot/src/share/vm/prims/jni.c

Events (10 events):
Event: 0.024 loading class java/io/FileDescriptor$1
Event: 0.024 loading class sun/misc/JavaIOFileDescriptorAccess
Event: 0.024 loading class sun/misc/JavaIOFileDescriptorAccess done
Event: 0.024 loading class java/io/FileDescriptor$1 done
Event: 0.024 loading class java/io/FileOutputStream
Event: 0.025 loading class java/io/OutputStream
Event: 0.025 loading class java/io/Flushable
Event: 0.025 loading class java/io/Flushable done
Event: 0.025 loading class java/io/OutputStream done
Event: 0.025 loading class java/io/FileOutputStream done


Dynamic libraries:
00400000-00401000 r-xp 00000000 08:06 8013769                            /usr/lib/jvm/jdk1.8.0_201/bin/java
00600000-00601000 r--p 00000000 08:06 8013769                            /usr/lib/jvm/jdk1.8.0_201/bin/java
00601000-00602000 rw-p 00001000 08:06 8013769                            /usr/lib/jvm/jdk1.8.0_201/bin/java
011ab000-011ef000 rw-p 00000000 00:00 0                                  [heap]
85800000-8ab00000 rw-p 00000000 00:00 0 
8ab00000-d7300000 ---p 00000000 00:00 0 
d7300000-d9c00000 rw-p 00000000 00:00 0 
d9c00000-100000000 ---p 00000000 00:00 0 
100000000-100060000 rw-p 00000000 00:00 0 
100060000-140000000 ---p 00000000 00:00 0 
7fc0b4000000-7fc0b4021000 rw-p 00000000 00:00 0 
7fc0b4021000-7fc0b8000000 ---p 00000000 00:00 0 
7fc0b8000000-7fc0b8021000 rw-p 00000000 00:00 0 
7fc0b8021000-7fc0bc000000 ---p 00000000 00:00 0 
7fc0bc000000-7fc0bc021000 rw-p 00000000 00:00 0 
7fc0bc021000-7fc0c0000000 ---p 00000000 00:00 0 
7fc0c0000000-7fc0c0021000 rw-p 00000000 00:00 0 
7fc0c0021000-7fc0c4000000 ---p 00000000 00:00 0 
7fc0c4000000-7fc0c4021000 rw-p 00000000 00:00 0 
7fc0c4021000-7fc0c8000000 ---p 00000000 00:00 0 
7fc0c8000000-7fc0c8021000 rw-p 00000000 00:00 0 
7fc0c8021000-7fc0cc000000 ---p 00000000 00:00 0 
7fc0cc000000-7fc0cc021000 rw-p 00000000 00:00 0 
7fc0cc021000-7fc0d0000000 ---p 00000000 00:00 0 
7fc0d0000000-7fc0d0021000 rw-p 00000000 00:00 0 
7fc0d0021000-7fc0d4000000 ---p 00000000 00:00 0 
7fc0d4000000-7fc0d4021000 rw-p 00000000 00:00 0 
7fc0d4021000-7fc0d8000000 ---p 00000000 00:00 0 
7fc0d9982000-7fc0d9c17000 rw-p 00000000 00:00 0 
7fc0d9c17000-7fc0da5e6000 r--p 00000000 08:06 662140                     /usr/lib/locale/locale-archive
7fc0da5e6000-7fc0da5e9000 ---p 00000000 00:00 0 
7fc0da5e9000-7fc0da6e7000 rw-p 00000000 00:00 0 
7fc0da6e7000-7fc0da6ea000 ---p 00000000 00:00 0 
7fc0da6ea000-7fc0da7e8000 rw-p 00000000 00:00 0 
7fc0da7e8000-7fc0da7e9000 ---p 00000000 00:00 0 
7fc0da7e9000-7fc0dc000000 rw-p 00000000 00:00 0 
7fc0dc000000-7fc0dc021000 rw-p 00000000 00:00 0 
7fc0dc021000-7fc0e0000000 ---p 00000000 00:00 0 
7fc0e00be000-7fc0e4000000 rw-p 00000000 00:00 0 
7fc0e4000000-7fc0e4021000 rw-p 00000000 00:00 0 
7fc0e4021000-7fc0e8000000 ---p 00000000 00:00 0 
7fc0e800e000-7fc0e8252000 rw-p 00000000 00:00 0 
7fc0e8252000-7fc0e842c000 r--s 03d6f000 08:06 10888034                   /usr/lib/jvm/jdk1.8.0_201/jre/lib/rt.jar
7fc0e842c000-7fc0e882c000 rw-p 00000000 00:00 0 
7fc0e882c000-7fc0e8c2c000 ---p 00000000 00:00 0 
7fc0e8c2c000-7fc0e9000000 rw-p 00000000 00:00 0 
7fc0e9000000-7fc0e9270000 rwxp 00000000 00:00 0 
7fc0e9270000-7fc0f8000000 ---p 00000000 00:00 0 
7fc0f8000000-7fc0f80ae000 rw-p 00000000 00:00 0 
7fc0f80ae000-7fc0fc000000 ---p 00000000 00:00 0 
7fc0fc017000-7fc0fc1a2000 rw-p 00000000 00:00 0 
7fc0fc1a2000-7fc0fc1a3000 ---p 00000000 00:00 0 
7fc0fc1a3000-7fc0fc2a3000 rw-p 00000000 00:00 0 
7fc0fc2a3000-7fc0fc2a4000 ---p 00000000 00:00 0 
7fc0fc2a4000-7fc0fc3a4000 rw-p 00000000 00:00 0 
7fc0fc3a4000-7fc0fc3a5000 ---p 00000000 00:00 0 
7fc0fc3a5000-7fc0fc4a5000 rw-p 00000000 00:00 0 
7fc0fc4a5000-7fc0fc4a6000 ---p 00000000 00:00 0 
7fc0fc4a6000-7fc0fc5a6000 rw-p 00000000 00:00 0 
7fc0fc5a6000-7fc0fc5a7000 ---p 00000000 00:00 0 
7fc0fc5a7000-7fc0fc6a7000 rw-p 00000000 00:00 0 
7fc0fc6a7000-7fc0fc6a8000 ---p 00000000 00:00 0 
7fc0fc6a8000-7fc0fc7a8000 rw-p 00000000 00:00 0 
7fc0fc7a8000-7fc0fc7a9000 ---p 00000000 00:00 0 
7fc0fc7a9000-7fc0fc8a9000 rw-p 00000000 00:00 0 
7fc0fc8a9000-7fc0fc8aa000 ---p 00000000 00:00 0 
7fc0fc8aa000-7fc0fc9d4000 rw-p 00000000 00:00 0 
7fc0fc9d4000-7fc0fcc38000 ---p 00000000 00:00 0 
7fc0fcc38000-7fc0fcc62000 rw-p 00000000 00:00 0 
7fc0fcc62000-7fc0fcec5000 ---p 00000000 00:00 0 
7fc0fcec5000-7fc0fceda000 rw-p 00000000 00:00 0 
7fc0fceda000-7fc0fd00c000 ---p 00000000 00:00 0 
7fc0fd00c000-7fc0fd017000 rw-p 00000000 00:00 0 
7fc0fd017000-7fc0fd3cd000 ---p 00000000 00:00 0 
7fc0fd3cd000-7fc0fd3e8000 r-xp 00000000 08:06 10888324                   /usr/lib/jvm/jdk1.8.0_201/jre/lib/amd64/libzip.so
7fc0fd3e8000-7fc0fd5e7000 ---p 0001b000 08:06 10888324                   /usr/lib/jvm/jdk1.8.0_201/jre/lib/amd64/libzip.so
7fc0fd5e7000-7fc0fd5e8000 r--p 0001a000 08:06 10888324                   /usr/lib/jvm/jdk1.8.0_201/jre/lib/amd64/libzip.so
7fc0fd5e8000-7fc0fd5e9000 rw-p 0001b000 08:06 10888324                   /usr/lib/jvm/jdk1.8.0_201/jre/lib/amd64/libzip.so
7fc0fd5e9000-7fc0fd5f4000 r-xp 00000000 08:06 3937066                    /lib/x86_64-linux-gnu/libnss_files-2.27.so
7fc0fd5f4000-7fc0fd7f3000 ---p 0000b000 08:06 3937066                    /lib/x86_64-linux-gnu/libnss_files-2.27.so
7fc0fd7f3000-7fc0fd7f4000 r--p 0000a000 08:06 3937066                    /lib/x86_64-linux-gnu/libnss_files-2.27.so
7fc0fd7f4000-7fc0fd7f5000 rw-p 0000b000 08:06 3937066                    /lib/x86_64-linux-gnu/libnss_files-2.27.so
7fc0fd7f5000-7fc0fd7fb000 rw-p 00000000 00:00 0 
7fc0fd7fb000-7fc0fd812000 r-xp 00000000 08:06 3937060                    /lib/x86_64-linux-gnu/libnsl-2.27.so
7fc0fd812000-7fc0fda11000 ---p 00017000 08:06 3937060                    /lib/x86_64-linux-gnu/libnsl-2.27.so
7fc0fda11000-7fc0fda12000 r--p 00016000 08:06 3937060                    /lib/x86_64-linux-gnu/libnsl-2.27.so
7fc0fda12000-7fc0fda13000 rw-p 00017000 08:06 3937060                    /lib/x86_64-linux-gnu/libnsl-2.27.so
7fc0fda13000-7fc0fda15000 rw-p 00000000 00:00 0 
7fc0fda15000-7fc0fda20000 r-xp 00000000 08:06 3937077                    /lib/x86_64-linux-gnu/libnss_nis-2.27.so
7fc0fda20000-7fc0fdc1f000 ---p 0000b000 08:06 3937077                    /lib/x86_64-linux-gnu/libnss_nis-2.27.so
7fc0fdc1f000-7fc0fdc20000 r--p 0000a000 08:06 3937077                    /lib/x86_64-linux-gnu/libnss_nis-2.27.so
7fc0fdc20000-7fc0fdc21000 rw-p 0000b000 08:06 3937077                    /lib/x86_64-linux-gnu/libnss_nis-2.27.so
7fc0fdc21000-7fc0fdc29000 r-xp 00000000 08:06 3937062                    /lib/x86_64-linux-gnu/libnss_compat-2.27.so
7fc0fdc29000-7fc0fde29000 ---p 00008000 08:06 3937062                    /lib/x86_64-linux-gnu/libnss_compat-2.27.so
7fc0fde29000-7fc0fde2a000 r--p 00008000 08:06 3937062                    /lib/x86_64-linux-gnu/libnss_compat-2.27.so
7fc0fde2a000-7fc0fde2b000 rw-p 00009000 08:06 3937062                    /lib/x86_64-linux-gnu/libnss_compat-2.27.so
7fc0fde2b000-7fc0fde57000 r-xp 00000000 08:06 10888318                   /usr/lib/jvm/jdk1.8.0_201/jre/lib/amd64/libjava.so
7fc0fde57000-7fc0fe057000 ---p 0002c000 08:06 10888318                   /usr/lib/jvm/jdk1.8.0_201/jre/lib/amd64/libjava.so
7fc0fe057000-7fc0fe058000 r--p 0002c000 08:06 10888318                   /usr/lib/jvm/jdk1.8.0_201/jre/lib/amd64/libjava.so
7fc0fe058000-7fc0fe05a000 rw-p 0002d000 08:06 10888318                   /usr/lib/jvm/jdk1.8.0_201/jre/lib/amd64/libjava.so
7fc0fe05a000-7fc0fe067000 r-xp 00000000 08:06 10888323                   /usr/lib/jvm/jdk1.8.0_201/jre/lib/amd64/libverify.so
7fc0fe067000-7fc0fe266000 ---p 0000d000 08:06 10888323                   /usr/lib/jvm/jdk1.8.0_201/jre/lib/amd64/libverify.so
7fc0fe266000-7fc0fe268000 r--p 0000c000 08:06 10888323                   /usr/lib/jvm/jdk1.8.0_201/jre/lib/amd64/libverify.so
7fc0fe268000-7fc0fe269000 rw-p 0000e000 08:06 10888323                   /usr/lib/jvm/jdk1.8.0_201/jre/lib/amd64/libverify.so
7fc0fe269000-7fc0fe270000 r-xp 00000000 08:06 3937117                    /lib/x86_64-linux-gnu/librt-2.27.so
7fc0fe270000-7fc0fe46f000 ---p 00007000 08:06 3937117                    /lib/x86_64-linux-gnu/librt-2.27.so
7fc0fe46f000-7fc0fe470000 r--p 00006000 08:06 3937117                    /lib/x86_64-linux-gnu/librt-2.27.so
7fc0fe470000-7fc0fe471000 rw-p 00007000 08:06 3937117                    /lib/x86_64-linux-gnu/librt-2.27.so
7fc0fe471000-7fc0fe60e000 r-xp 00000000 08:06 3937039                    /lib/x86_64-linux-gnu/libm-2.27.so
7fc0fe60e000-7fc0fe80d000 ---p 0019d000 08:06 3937039                    /lib/x86_64-linux-gnu/libm-2.27.so
7fc0fe80d000-7fc0fe80e000 r--p 0019c000 08:06 3937039                    /lib/x86_64-linux-gnu/libm-2.27.so
7fc0fe80e000-7fc0fe80f000 rw-p 0019d000 08:06 3937039                    /lib/x86_64-linux-gnu/libm-2.27.so
7fc0fe80f000-7fc0ff4f7000 r-xp 00000000 08:06 10888346                   /usr/lib/jvm/jdk1.8.0_201/jre/lib/amd64/server/libjvm.so
7fc0ff4f7000-7fc0ff6f6000 ---p 00ce8000 08:06 10888346                   /usr/lib/jvm/jdk1.8.0_201/jre/lib/amd64/server/libjvm.so
7fc0ff6f6000-7fc0ff78c000 r--p 00ce7000 08:06 10888346                   /usr/lib/jvm/jdk1.8.0_201/jre/lib/amd64/server/libjvm.so
7fc0ff78c000-7fc0ff7bd000 rw-p 00d7d000 08:06 10888346                   /usr/lib/jvm/jdk1.8.0_201/jre/lib/amd64/server/libjvm.so
7fc0ff7bd000-7fc0ff7f8000 rw-p 00000000 00:00 0 
7fc0ff7f8000-7fc0ff9df000 r-xp 00000000 08:06 3936976                    /lib/x86_64-linux-gnu/libc-2.27.so
7fc0ff9df000-7fc0ffbdf000 ---p 001e7000 08:06 3936976                    /lib/x86_64-linux-gnu/libc-2.27.so
7fc0ffbdf000-7fc0ffbe3000 r--p 001e7000 08:06 3936976                    /lib/x86_64-linux-gnu/libc-2.27.so
7fc0ffbe3000-7fc0ffbe5000 rw-p 001eb000 08:06 3936976                    /lib/x86_64-linux-gnu/libc-2.27.so
7fc0ffbe5000-7fc0ffbe9000 rw-p 00000000 00:00 0 
7fc0ffbe9000-7fc0ffbec000 r-xp 00000000 08:06 3936999                    /lib/x86_64-linux-gnu/libdl-2.27.so
7fc0ffbec000-7fc0ffdeb000 ---p 00003000 08:06 3936999                    /lib/x86_64-linux-gnu/libdl-2.27.so
7fc0ffdeb000-7fc0ffdec000 r--p 00002000 08:06 3936999                    /lib/x86_64-linux-gnu/libdl-2.27.so
7fc0ffdec000-7fc0ffded000 rw-p 00003000 08:06 3936999                    /lib/x86_64-linux-gnu/libdl-2.27.so
7fc0ffded000-7fc0ffe04000 r-xp 00000000 08:06 9054391                    /usr/lib/jvm/jdk1.8.0_201/lib/amd64/jli/libjli.so
7fc0ffe04000-7fc100003000 ---p 00017000 08:06 9054391                    /usr/lib/jvm/jdk1.8.0_201/lib/amd64/jli/libjli.so
7fc100003000-7fc100004000 r--p 00016000 08:06 9054391                    /usr/lib/jvm/jdk1.8.0_201/lib/amd64/jli/libjli.so
7fc100004000-7fc100005000 rw-p 00017000 08:06 9054391                    /usr/lib/jvm/jdk1.8.0_201/lib/amd64/jli/libjli.so
7fc100005000-7fc10001f000 r-xp 00000000 08:06 3937109                    /lib/x86_64-linux-gnu/libpthread-2.27.so
7fc10001f000-7fc10021e000 ---p 0001a000 08:06 3937109                    /lib/x86_64-linux-gnu/libpthread-2.27.so
7fc10021e000-7fc10021f000 r--p 00019000 08:06 3937109                    /lib/x86_64-linux-gnu/libpthread-2.27.so
7fc10021f000-7fc100220000 rw-p 0001a000 08:06 3937109                    /lib/x86_64-linux-gnu/libpthread-2.27.so
7fc100220000-7fc100224000 rw-p 00000000 00:00 0 
7fc100224000-7fc10024b000 r-xp 00000000 08:06 3936948                    /lib/x86_64-linux-gnu/ld-2.27.so
7fc100261000-7fc10032c000 rw-p 00000000 00:00 0 
7fc10032c000-7fc10032d000 ---p 00000000 00:00 0 
7fc10032d000-7fc100330000 ---p 00000000 00:00 0 
7fc100330000-7fc100431000 rw-p 00000000 00:00 0 
7fc100441000-7fc100449000 rw-s 00000000 08:06 13140942                   /tmp/hsperfdata_ermicho/29520
7fc100449000-7fc10044a000 rw-p 00000000 00:00 0 
7fc10044a000-7fc10044b000 r--p 00000000 00:00 0 
7fc10044b000-7fc10044c000 r--p 00027000 08:06 3936948                    /lib/x86_64-linux-gnu/ld-2.27.so
7fc10044c000-7fc10044d000 rw-p 00028000 08:06 3936948                    /lib/x86_64-linux-gnu/ld-2.27.so
7fc10044d000-7fc10044e000 rw-p 00000000 00:00 0 
7ffc9bcbb000-7ffc9bcde000 rw-p 00000000 00:00 0                          [stack]
7ffc9bd68000-7ffc9bd6b000 r--p 00000000 00:00 0                          [vvar]
7ffc9bd6b000-7ffc9bd6d000 r-xp 00000000 00:00 0                          [vdso]
ffffffffff600000-ffffffffff601000 r-xp 00000000 00:00 0                  [vsyscall]

VM Arguments:
jvm_args: -Dorg.gradle.appname=gradlew 
java_command: org.gradle.wrapper.GradleWrapperMain app:installDebug
java_class_path (initial): /home/ermicho/projects/react-native/sidebar/android/gradle/wrapper/gradle-wrapper.jar
Launcher Type: SUN_STANDARD

Environment Variables:
JAVA_HOME=/usr/lib/jvm/jdk1.8.0_201
PATH=/home/ermicho/projects/react-native/sidebar/node_modules/.bin:/usr/local/lib/node_modules/npm/node_modules/npm-lifecycle/node-gyp-bin:/home/ermicho/projects/react-native/sidebar/node_modules/.bin:/usr/local/sbin:/usr/local/bin:/usr/sbin:/usr/bin:/sbin:/bin:/usr/games:/usr/local/games:/snap/bin:/home/ermicho/Android/Sdk/tools:/home/ermicho/Android/Sdk/tools/bin:/home/ermicho/Android/Sdk/platform-tools:/home/ermicho/Android/Sdk/emulator:/home/ermicho/Android/Sdk/tools/bin:/home/ermicho/Android/Sdk/platform-tools
USERNAME=ermicho
SHELL=/bin/bash
DISPLAY=:0

Signal Handlers:
SIGSEGV: [libjvm.so+0xad3e60], sa_mask[0]=11111111011111111101111111111110, sa_flags=SA_RESTART|SA_SIGINFO
SIGBUS: [libjvm.so+0xad3e60], sa_mask[0]=11111111011111111101111111111110, sa_flags=SA_RESTART|SA_SIGINFO
SIGFPE: [libjvm.so+0x90b880], sa_mask[0]=11111111011111111101111111111110, sa_flags=SA_RESTART|SA_SIGINFO
SIGPIPE: [libjvm.so+0x90b880], sa_mask[0]=11111111011111111101111111111110, sa_flags=SA_RESTART|SA_SIGINFO
SIGXFSZ: [libjvm.so+0x90b880], sa_mask[0]=11111111011111111101111111111110, sa_flags=SA_RESTART|SA_SIGINFO
SIGILL: [libjvm.so+0x90b880], sa_mask[0]=11111111011111111101111111111110, sa_flags=SA_RESTART|SA_SIGINFO
SIGUSR1: SIG_DFL, sa_mask[0]=00000000000000000000000000000000, sa_flags=none
SIGUSR2: [libjvm.so+0x90b750], sa_mask[0]=00000000000000000000000000000000, sa_flags=SA_RESTART|SA_SIGINFO
SIGHUP: [libjvm.so+0x90bd70], sa_mask[0]=11111111011111111101111111111110, sa_flags=SA_RESTART|SA_SIGINFO
SIGINT: [libjvm.so+0x90bd70], sa_mask[0]=11111111011111111101111111111110, sa_flags=SA_RESTART|SA_SIGINFO
SIGTERM: [libjvm.so+0x90bd70], sa_mask[0]=11111111011111111101111111111110, sa_flags=SA_RESTART|SA_SIGINFO
SIGQUIT: SIG_DFL, sa_mask[0]=00000000000000000000000000000000, sa_flags=none


---------------  S Y S T E M  ---------------

OS:DISTRIB_ID=Ubuntu
DISTRIB_RELEASE=18.04
DISTRIB_CODENAME=bionic
DISTRIB_DESCRIPTION="Ubuntu 18.04.2 LTS"

uname:Linux 4.15.0-46-generic #49-Ubuntu SMP Wed Feb 6 09:33:07 UTC 2019 x86_64
libc:glibc 2.27 NPTL 2.27 
rlimit: STACK 8192k, CORE 0k, NPROC 30710, NOFILE 4096, AS infinity
load average:2.30 2.02 1.74

/proc/meminfo:
MemTotal:        8021540 kB
MemFree:          142652 kB
MemAvailable:    1301836 kB
Buffers:           21692 kB
Cached:          1982888 kB
SwapCached:            8 kB
Active:          5615556 kB
Inactive:        1742700 kB
Active(anon):    4977164 kB
Inactive(anon):  1090080 kB
Active(file):     638392 kB
Inactive(file):   652620 kB
Unevictable:         344 kB
Mlocked:             344 kB
SwapTotal:       2097148 kB
SwapFree:        2095868 kB
Dirty:             11576 kB
Writeback:             0 kB
AnonPages:       5354956 kB
Mapped:          1164388 kB
Shmem:            743252 kB
Slab:             266696 kB
SReclaimable:     176000 kB
SUnreclaim:        90696 kB
KernelStack:       26384 kB
PageTables:       106448 kB
NFS_Unstable:          0 kB
Bounce:                0 kB
WritebackTmp:          0 kB
CommitLimit:     6107916 kB
Committed_AS:   19350928 kB
VmallocTotal:   34359738367 kB
VmallocUsed:           0 kB
VmallocChunk:          0 kB
HardwareCorrupted:     0 kB
AnonHugePages:         0 kB
ShmemHugePages:        0 kB
ShmemPmdMapped:        0 kB
CmaTotal:              0 kB
CmaFree:               0 kB
HugePages_Total:       0
HugePages_Free:        0
HugePages_Rsvd:        0
HugePages_Surp:        0
Hugepagesize:       2048 kB
DirectMap4k:      366020 kB
DirectMap2M:     7876608 kB
DirectMap1G:     1048576 kB

container (cgroup) information:
container_type: cgroupv1
cpu_cpuset_cpus: 0-7
cpu_memory_nodes: 0
active_processor_count: 8
cpu_quota: -1
cpu_period: 100000
cpu_shares: -1
memory_limit_in_bytes: -1
memory_and_swap_limit_in_bytes: -2
memory_soft_limit_in_bytes: -1
memory_usage_in_bytes: 7536578560
memory_max_usage_in_bytes: 96681984


CPU:total 8 (initial active 8) (4 cores per cpu, 2 threads per core) family 6 model 142 stepping 10, cmov, cx8, fxsr, mmx, sse, sse2, sse3, ssse3, sse4.1, sse4.2, popcnt, avx, avx2, aes, clmul, erms, 3dnowpref, lzcnt, ht, tsc, tscinvbit, bmi1, bmi2, adx

/proc/cpuinfo:
processor	: 0
vendor_id	: GenuineIntel
cpu family	: 6
model		: 142
model name	: Intel(R) Core(TM) i7-8550U CPU @ 1.80GHz
stepping	: 10
microcode	: 0x96
cpu MHz		: 3244.358
cache size	: 8192 KB
physical id	: 0
siblings	: 8
core id		: 0
cpu cores	: 4
apicid		: 0
initial apicid	: 0
fpu		: yes
fpu_exception	: yes
cpuid level	: 22
wp		: yes
flags		: fpu vme de pse tsc msr pae mce cx8 apic sep mtrr pge mca cmov pat pse36 clflush dts acpi mmx fxsr sse sse2 ss ht tm pbe syscall nx pdpe1gb rdtscp lm constant_tsc art arch_perfmon pebs bts rep_good nopl xtopology nonstop_tsc cpuid aperfmperf tsc_known_freq pni pclmulqdq dtes64 monitor ds_cpl vmx est tm2 ssse3 sdbg fma cx16 xtpr pdcm pcid sse4_1 sse4_2 x2apic movbe popcnt tsc_deadline_timer aes xsave avx f16c rdrand lahf_lm abm 3dnowprefetch cpuid_fault epb invpcid_single pti ssbd ibrs ibpb stibp tpr_shadow vnmi flexpriority ept vpid fsgsbase tsc_adjust bmi1 avx2 smep bmi2 erms invpcid mpx rdseed adx smap clflushopt intel_pt xsaveopt xsavec xgetbv1 xsaves dtherm ida arat pln pts hwp hwp_notify hwp_act_window hwp_epp flush_l1d
bugs		: cpu_meltdown spectre_v1 spectre_v2 spec_store_bypass l1tf
bogomips	: 3984.00
clflush size	: 64
cache_alignment	: 64
address sizes	: 39 bits physical, 48 bits virtual
power management:

processor	: 1
vendor_id	: GenuineIntel
cpu family	: 6
model		: 142
model name	: Intel(R) Core(TM) i7-8550U CPU @ 1.80GHz
stepping	: 10
microcode	: 0x96
cpu MHz		: 3221.263
cache size	: 8192 KB
physical id	: 0
siblings	: 8
core id		: 1
cpu cores	: 4
apicid		: 2
initial apicid	: 2
fpu		: yes
fpu_exception	: yes
cpuid level	: 22
wp		: yes
flags		: fpu vme de pse tsc msr pae mce cx8 apic sep mtrr pge mca cmov pat pse36 clflush dts acpi mmx fxsr sse sse2 ss ht tm pbe syscall nx pdpe1gb rdtscp lm constant_tsc art arch_perfmon pebs bts rep_good nopl xtopology nonstop_tsc cpuid aperfmperf tsc_known_freq pni pclmulqdq dtes64 monitor ds_cpl vmx est tm2 ssse3 sdbg fma cx16 xtpr pdcm pcid sse4_1 sse4_2 x2apic movbe popcnt tsc_deadline_timer aes xsave avx f16c rdrand lahf_lm abm 3dnowprefetch cpuid_fault epb invpcid_single pti ssbd ibrs ibpb stibp tpr_shadow vnmi flexpriority ept vpid fsgsbase tsc_adjust bmi1 avx2 smep bmi2 erms invpcid mpx rdseed adx smap clflushopt intel_pt xsaveopt xsavec xgetbv1 xsaves dtherm ida arat pln pts hwp hwp_notify hwp_act_window hwp_epp flush_l1d
bugs		: cpu_meltdown spectre_v1 spectre_v2 spec_store_bypass l1tf
bogomips	: 3984.00
clflush size	: 64
cache_alignment	: 64
address sizes	: 39 bits physical, 48 bits virtual
power management:

processor	: 2
vendor_id	: GenuineIntel
cpu family	: 6
model		: 142
model name	: Intel(R) Core(TM) i7-8550U CPU @ 1.80GHz
stepping	: 10
microcode	: 0x96
cpu MHz		: 3257.864
cache size	: 8192 KB
physical id	: 0
siblings	: 8
core id		: 2
cpu cores	: 4
apicid		: 4
initial apicid	: 4
fpu		: yes
fpu_exception	: yes
cpuid level	: 22
wp		: yes
flags		: fpu vme de pse tsc msr pae mce cx8 apic sep mtrr pge mca cmov pat pse36 clflush dts acpi mmx fxsr sse sse2 ss ht tm pbe syscall nx pdpe1gb rdtscp lm constant_tsc art arch_perfmon pebs bts rep_good nopl xtopology nonstop_tsc cpuid aperfmperf tsc_known_freq pni pclmulqdq dtes64 monitor ds_cpl vmx est tm2 ssse3 sdbg fma cx16 xtpr pdcm pcid sse4_1 sse4_2 x2apic movbe popcnt tsc_deadline_timer aes xsave avx f16c rdrand lahf_lm abm 3dnowprefetch cpuid_fault epb invpcid_single pti ssbd ibrs ibpb stibp tpr_shadow vnmi flexpriority ept vpid fsgsbase tsc_adjust bmi1 avx2 smep bmi2 erms invpcid mpx rdseed adx smap clflushopt intel_pt xsaveopt xsavec xgetbv1 xsaves dtherm ida arat pln pts hwp hwp_notify hwp_act_window hwp_epp flush_l1d
bugs		: cpu_meltdown spectre_v1 spectre_v2 spec_store_bypass l1tf
bogomips	: 3984.00
clflush size	: 64
cache_alignment	: 64
address sizes	: 39 bits physical, 48 bits virtual
power management:

processor	: 3
vendor_id	: GenuineIntel
cpu family	: 6
model		: 142
model name	: Intel(R) Core(TM) i7-8550U CPU @ 1.80GHz
stepping	: 10
microcode	: 0x96
cpu MHz		: 3229.946
cache size	: 8192 KB
physical id	: 0
siblings	: 8
core id		: 3
cpu cores	: 4
apicid		: 6
initial apicid	: 6
fpu		: yes
fpu_exception	: yes
cpuid level	: 22
wp		: yes
flags		: fpu vme de pse tsc msr pae mce cx8 apic sep mtrr pge mca cmov pat pse36 clflush dts acpi mmx fxsr sse sse2 ss ht tm pbe syscall nx pdpe1gb rdtscp lm constant_tsc art arch_perfmon pebs bts rep_good nopl xtopology nonstop_tsc cpuid aperfmperf tsc_known_freq pni pclmulqdq dtes64 monitor ds_cpl vmx est tm2 ssse3 sdbg fma cx16 xtpr pdcm pcid sse4_1 sse4_2 x2apic movbe popcnt tsc_deadline_timer aes xsave avx f16c rdrand lahf_lm abm 3dnowprefetch cpuid_fault epb invpcid_single pti ssbd ibrs ibpb stibp tpr_shadow vnmi flexpriority ept vpid fsgsbase tsc_adjust bmi1 avx2 smep bmi2 erms invpcid mpx rdseed adx smap clflushopt intel_pt xsaveopt xsavec xgetbv1 xsaves dtherm ida arat pln pts hwp hwp_notify hwp_act_window hwp_epp flush_l1d
bugs		: cpu_meltdown spectre_v1 spectre_v2 spec_store_bypass l1tf
bogomips	: 3984.00
clflush size	: 64
cache_alignment	: 64
address sizes	: 39 bits physical, 48 bits virtual
power management:

processor	: 4
vendor_id	: GenuineIntel
cpu family	: 6
model		: 142
model name	: Intel(R) Core(TM) i7-8550U CPU @ 1.80GHz
stepping	: 10
microcode	: 0x96
cpu MHz		: 3214.302
cache size	: 8192 KB
physical id	: 0
siblings	: 8
core id		: 0
cpu cores	: 4
apicid		: 1
initial apicid	: 1
fpu		: yes
fpu_exception	: yes
cpuid level	: 22
wp		: yes
flags		: fpu vme de pse tsc msr pae mce cx8 apic sep mtrr pge mca cmov pat pse36 clflush dts acpi mmx fxsr sse sse2 ss ht tm pbe syscall nx pdpe1gb rdtscp lm constant_tsc art arch_perfmon pebs bts rep_good nopl xtopology nonstop_tsc cpuid aperfmperf tsc_known_freq pni pclmulqdq dtes64 monitor ds_cpl vmx est tm2 ssse3 sdbg fma cx16 xtpr pdcm pcid sse4_1 sse4_2 x2apic movbe popcnt tsc_deadline_timer aes xsave avx f16c rdrand lahf_lm abm 3dnowprefetch cpuid_fault epb invpcid_single pti ssbd ibrs ibpb stibp tpr_shadow vnmi flexpriority ept vpid fsgsbase tsc_adjust bmi1 avx2 smep bmi2 erms invpcid mpx rdseed adx smap clflushopt intel_pt xsaveopt xsavec xgetbv1 xsaves dtherm ida arat pln pts hwp hwp_notify hwp_act_window hwp_epp flush_l1d
bugs		: cpu_meltdown spectre_v1 spectre_v2 spec_store_bypass l1tf
bogomips	: 3984.00
clflush size	: 64
cache_alignment	: 64
address sizes	: 39 bits physical, 48 bits virtual
power management:

processor	: 5
vendor_id	: GenuineIntel
cpu family	: 6
model		: 142
model name	: Intel(R) Core(TM) i7-8550U CPU @ 1.80GHz
stepping	: 10
microcode	: 0x96
cpu MHz		: 3250.013
cache size	: 8192 KB
physical id	: 0
siblings	: 8
core id		: 1
cpu cores	: 4
apicid		: 3
initial apicid	: 3
fpu		: yes
fpu_exception	: yes
cpuid level	: 22
wp		: yes
flags		: fpu vme de pse tsc msr pae mce cx8 apic sep mtrr pge mca cmov pat pse36 clflush dts acpi mmx fxsr sse sse2 ss ht tm pbe syscall nx pdpe1gb rdtscp lm constant_tsc art arch_perfmon pebs bts rep_good nopl xtopology nonstop_tsc cpuid aperfmperf tsc_known_freq pni pclmulqdq dtes64 monitor ds_cpl vmx est tm2 ssse3 sdbg fma cx16 xtpr pdcm pcid sse4_1 sse4_2 x2apic movbe popcnt tsc_deadline_timer aes xsave avx f16c rdrand lahf_lm abm 3dnowprefetch cpuid_fault epb invpcid_single pti ssbd ibrs ibpb stibp tpr_shadow vnmi flexpriority ept vpid fsgsbase tsc_adjust bmi1 avx2 smep bmi2 erms invpcid mpx rdseed adx smap clflushopt intel_pt xsaveopt xsavec xgetbv1 xsaves dtherm ida arat pln pts hwp hwp_notify hwp_act_window hwp_epp flush_l1d
bugs		: cpu_meltdown spectre_v1 spectre_v2 spec_store_bypass l1tf
bogomips	: 3984.00
clflush size	: 64
cache_alignment	: 64
address sizes	: 39 bits physical, 48 bits virtual
power management:

processor	: 6
vendor_id	: GenuineIntel
cpu family	: 6
model		: 142
model name	: Intel(R) Core(TM) i7-8550U CPU @ 1.80GHz
stepping	: 10
microcode	: 0x96
cpu MHz		: 3283.366
cache size	: 8192 KB
physical id	: 0
siblings	: 8
core id		: 2
cpu cores	: 4
apicid		: 5
initial apicid	: 5
fpu		: yes
fpu_exception	: yes
cpuid level	: 22
wp		: yes
flags		: fpu vme de pse tsc msr pae mce cx8 apic sep mtrr pge mca cmov pat pse36 clflush dts acpi mmx fxsr sse sse2 ss ht tm pbe syscall nx pdpe1gb rdtscp lm constant_tsc art arch_perfmon pebs bts rep_good nopl xtopology nonstop_tsc cpuid aperfmperf tsc_known_freq pni pclmulqdq dtes64 monitor ds_cpl vmx est tm2 ssse3 sdbg fma cx16 xtpr pdcm pcid sse4_1 sse4_2 x2apic movbe popcnt tsc_deadline_timer aes xsave avx f16c rdrand lahf_lm abm 3dnowprefetch cpuid_fault epb invpcid_single pti ssbd ibrs ibpb stibp tpr_shadow vnmi flexpriority ept vpid fsgsbase tsc_adjust bmi1 avx2 smep bmi2 erms invpcid mpx rdseed adx smap clflushopt intel_pt xsaveopt xsavec xgetbv1 xsaves dtherm ida arat pln pts hwp hwp_notify hwp_act_window hwp_epp flush_l1d
bugs		: cpu_meltdown spectre_v1 spectre_v2 spec_store_bypass l1tf
bogomips	: 3984.00
clflush size	: 64
cache_alignment	: 64
address sizes	: 39 bits physical, 48 bits virtual
power management:

processor	: 7
vendor_id	: GenuineIntel
cpu family	: 6
model		: 142
model name	: Intel(R) Core(TM) i7-8550U CPU @ 1.80GHz
stepping	: 10
microcode	: 0x96
cpu MHz		: 3286.054
cache size	: 8192 KB
physical id	: 0
siblings	: 8
core id		: 3
cpu cores	: 4
apicid		: 7
initial apicid	: 7
fpu		: yes
fpu_exception	: yes
cpuid level	: 22
wp		: yes
flags		: fpu vme de pse tsc msr pae mce cx8 apic sep mtrr pge mca cmov pat pse36 clflush dts acpi mmx fxsr sse sse2 ss ht tm pbe syscall nx pdpe1gb rdtscp lm constant_tsc art arch_perfmon pebs bts rep_good nopl xtopology nonstop_tsc cpuid aperfmperf tsc_known_freq pni pclmulqdq dtes64 monitor ds_cpl vmx est tm2 ssse3 sdbg fma cx16 xtpr pdcm pcid sse4_1 sse4_2 x2apic movbe popcnt tsc_deadline_timer aes xsave avx f16c rdrand lahf_lm abm 3dnowprefetch cpuid_fault epb invpcid_single pti ssbd ibrs ibpb stibp tpr_shadow vnmi flexpriority ept vpid fsgsbase tsc_adjust bmi1 avx2 smep bmi2 erms invpcid mpx rdseed adx smap clflushopt intel_pt xsaveopt xsavec xgetbv1 xsaves dtherm ida arat pln pts hwp hwp_notify hwp_act_window hwp_epp flush_l1d
bugs		: cpu_meltdown spectre_v1 spectre_v2 spec_store_bypass l1tf
bogomips	: 3984.00
clflush size	: 64
cache_alignment	: 64
address sizes	: 39 bits physical, 48 bits virtual
power management:



Memory: 4k page, physical 8021540k(142652k free), swap 2097148k(2095868k free)

vm_info: Java HotSpot(TM) 64-Bit Server VM (25.201-b09) for linux-amd64 JRE (1.8.0_201-b09), built on Dec 15 2018 11:35:59 by "java_re" with gcc 7.3.0

time: Sat Mar 16 14:10:47 2019
timezone: IST
elapsed time: 0 seconds (0d 0h 0m 0s)

