#
# A fatal error has been detected by the Java Runtime Environment:
#
#  SIGSEGV (0xb) at pc=0x00007effafd09783, pid=24518, tid=0x00007effb101cb80
#
# JRE version: Java(TM) SE Runtime Environment (8.0_201-b09) (build 1.8.0_201-b09)
# Java VM: Java HotSpot(TM) 64-Bit Server VM (25.201-b09 mixed mode linux-amd64 compressed oops)
# Problematic frame:
# V  [libjvm.so+0x90b783]  SR_handler(int, siginfo*, ucontext*)+0x33
#
# Failed to write core dump. Core dumps have been disabled. To enable core dumping, try "ulimit -c unlimited" before starting Java again
#
# If you would like to submit a bug report, please visit:
#   http://bugreport.java.com/bugreport/crash.jsp
#

---------------  T H R E A D  ---------------

Current thread is native thread

siginfo: si_signo: 11 (SIGSEGV), si_code: 1 (SEGV_MAPERR), si_addr: 0x0000000000000128

Registers:
RAX=0x0000000000000000, RBX=0x00007effb101b700, RCX=0x00007effb0bfcd2d, RDX=0x00007effb101cea0
RSP=0x00007ffdf6368c40, RBP=0x00007ffdf6368cf0, RSI=0x00007ffdf6368e30, RDI=0x0000000000000001
R8 =0x00000000000000ca, R9 =0x00007effb101b9d0, R10=0x0000000000000000, R11=0x0000000000000246
R12=0x00007effb101cb00, R13=0x0000000000000002, R14=0x00007ffdf6368e30, R15=0x00007ffdf6368d00
RIP=0x00007effafd09783, EFLAGS=0x0000000000010246, CSGSFS=0x002b000000000033, ERR=0x0000000000000004
  TRAPNO=0x000000000000000e

Top of Stack: (sp=0x00007ffdf6368c40)
0x00007ffdf6368c40:   00007effb03fe75a 0000000000000000
0x00007ffdf6368c50:   00007effb03f89d0 0000ffff00001fa0
0x00007ffdf6368c60:   0000000000000000 00007effb054e2df
0x00007ffdf6368c70:   38313534323691a0 6fe7b89d458f2e00
0x00007ffdf6368c80:   00007ffdf6368cc0 00007ffdf6368cc0
0x00007ffdf6368c90:   000000000000003f 00007effaff58ca7
0x00007ffdf6368ca0:   00007ffdf6368e58 0000000001ab85c0
0x00007ffdf6368cb0:   00007ffdf6368f30 00007effb046f910
0x00007ffdf6368cc0:   00000000fbad8001 00007effb101b700
0x00007ffdf6368cd0:   0000000000000000 00007ffdf63693d0
0x00007ffdf6368ce0:   0000000000000000 0000000000000001
0x00007ffdf6368cf0:   00007ffdf6369438 00007effb0c06890
0x00007ffdf6368d00:   0000000000000007 0000000000000000
0x00007ffdf6368d10:   0000000000000000 00007eff00000002
0x00007ffdf6368d20:   0000000000000000 00000000000000ca
0x00007ffdf6368d30:   00007effb101b9d0 0000000000000000
0x00007ffdf6368d40:   0000000000000246 0000000000000000
0x00007ffdf6368d50:   00007ffdf63693d0 0000000000000000
0x00007ffdf6368d60:   0000000000000001 00007effb101b9d0
0x00007ffdf6368d70:   0000000000000000 00007ffdf6369438
0x00007ffdf6368d80:   00007effb101b700 0000000000005fd1
0x00007ffdf6368d90:   00000000000000ca 00007effb0bfcd2d
0x00007ffdf6368da0:   00007ffdf63693c0 00007effb0bfcd2b
0x00007ffdf6368db0:   0000000000000246 002b000000000033
0x00007ffdf6368dc0:   0000000000000000 0000000000000000
0x00007ffdf6368dd0:   0000000000000000 0000000000000000
0x00007ffdf6368de0:   00007ffdf6368ec0 00007ffdf6368f28
0x00007ffdf6368df0:   00007effb101f748 00007effb101e000
0x00007ffdf6368e00:   0000000000000000 00007effb0e1e1ef
0x00007ffdf6368e10:   0000000000000004 00007effb0e24754
0x00007ffdf6368e20:   0000000000000001 0000000000000000
0x00007ffdf6368e30:   000000000000000c 00007eff00000000 

Instructions: (pc=0x00007effafd09783)
0x00007effafd09763:   48 81 ec 88 00 00 00 e8 81 1d 8f ff 44 8b 28 49
0x00007effafd09773:   89 c4 48 8d 05 2c 61 68 00 8b 38 e8 15 2c 8f ff
0x00007effafd09783:   48 8b 98 28 01 00 00 8b 83 a8 00 00 00 83 f8 01
0x00007effafd09793:   74 1b 45 89 2c 24 48 81 c4 88 00 00 00 5b 41 5c 

Register to memory mapping:

RAX=0x0000000000000000 is an unknown value
RBX=0x00007effb101b700 is pointing into the stack for thread: 0x00007effa800b000
RCX=0x00007effb0bfcd2d: <offset 0x8d2d> in /lib/x86_64-linux-gnu/libpthread.so.0 at 0x00007effb0bf4000
RDX=0x00007effb101cea0 is an unknown value
RSP=0x00007ffdf6368c40 is an unknown value
RBP=0x00007ffdf6368cf0 is an unknown value
RSI=0x00007ffdf6368e30 is an unknown value
RDI=0x0000000000000001 is an unknown value
R8 =0x00000000000000ca is an unknown value
R9 =0x00007effb101b9d0 is pointing into the stack for thread: 0x00007effa800b000
R10=0x0000000000000000 is an unknown value
R11=0x0000000000000246 is an unknown value
R12=0x00007effb101cb00 is an unknown value
R13=0x0000000000000002 is an unknown value
R14=0x00007ffdf6368e30 is an unknown value
R15=0x00007ffdf6368d00 is an unknown value


Stack: [0x00007ffdf6271000,0x00007ffdf6371000],  sp=0x00007ffdf6368c40,  free space=991k
Native frames: (J=compiled Java code, j=interpreted, Vv=VM code, C=native code)
V  [libjvm.so+0x90b783]  SR_handler(int, siginfo*, ucontext*)+0x33
C  [libpthread.so.0+0x12890]


---------------  P R O C E S S  ---------------

VM state:not at safepoint (normal execution)

VM Mutex/Monitor currently owned by a thread: None

heap address: 0x0000000085800000, size: 1960 MB, Compressed Oops mode: 32-bit
Narrow klass base: 0x0000000000000000, Narrow klass shift: 3
Compressed class space size: 1073741824 Address: 0x0000000100000000

Heap:
 PSYoungGen      total 36864K, used 2544K [0x00000000d7300000, 0x00000000d9c00000, 0x0000000100000000)
  eden space 31744K, 8% used [0x00000000d7300000,0x00000000d757c090,0x00000000d9200000)
  from space 5120K, 0% used [0x00000000d9700000,0x00000000d9700000,0x00000000d9c00000)
  to   space 5120K, 0% used [0x00000000d9200000,0x00000000d9200000,0x00000000d9700000)
 ParOldGen       total 84992K, used 0K [0x0000000085800000, 0x000000008ab00000, 0x00000000d7300000)
  object space 84992K, 0% used [0x0000000085800000,0x0000000085800000,0x000000008ab00000)
 Metaspace       used 3396K, capacity 4664K, committed 4864K, reserved 1056768K
  class space    used 385K, capacity 424K, committed 512K, reserved 1048576K

Card table byte_map: [0x00007effad827000,0x00007effadbfc000] byte_map_base: 0x00007effad3fb000

Marking Bits: (ParMarkBitMap*) 0x00007effb03c9d80
 Begin Bits: [0x00007eff902c0000, 0x00007eff92160000)
 End Bits:   [0x00007eff92160000, 0x00007eff94000000)

Polling page: 0x00007effb1039000

CodeCache: size=245760Kb used=1245Kb max_used=1245Kb free=244514Kb
 bounds [0x00007eff99000000, 0x00007eff99270000, 0x00007effa8000000]
 total_blobs=324 nmethods=78 adapters=160
 compilation: enabled

Compilation events (10 events):
Event: 0.173 Thread 0x00007effa80c9000   66       3       java.util.HashMap::newNode (13 bytes)
Event: 0.173 Thread 0x00007effa80c9000 nmethod 66 0x00007eff99130110 code [0x00007eff99130280, 0x00007eff99130530]
Event: 0.173 Thread 0x00007effa80c9000   67       3       java.util.HashMap::afterNodeInsertion (1 bytes)
Event: 0.173 Thread 0x00007effa80c9000 nmethod 67 0x00007eff99130650 code [0x00007eff991307a0, 0x00007eff991308f0]
Event: 0.175 Thread 0x00007effa80c9000   68       3       sun.misc.FDBigInteger::mult (64 bytes)
Event: 0.175 Thread 0x00007effa80c9000 nmethod 68 0x00007eff99131750 code [0x00007eff991318c0, 0x00007eff99131b50]
Event: 0.175 Thread 0x00007effa80c9000   69       3       sun.misc.FDBigInteger::<init> (30 bytes)
Event: 0.176 Thread 0x00007effa80c9000 nmethod 69 0x00007eff99131e10 code [0x00007eff99131f80, 0x00007eff99132188]
Event: 0.176 Thread 0x00007effa80c9000   70       3       sun.misc.FDBigInteger::trimLeadingZeros (57 bytes)
Event: 0.176 Thread 0x00007effa80c9000 nmethod 70 0x00007eff99132290 code [0x00007eff99132400, 0x00007eff99132730]

GC Heap History (0 events):
No events

Deoptimization events (0 events):
No events

Classes redefined (0 events):
No events

Internal exceptions (6 events):
Event: 0.049 Thread 0x00007effa800b000 Exception <a 'java/lang/NoSuchMethodError': Method sun.misc.Unsafe.defineClass(Ljava/lang/String;[BII)Ljava/lang/Class; name or signature does not match> (0x00000000d7307cb0) thrown at [/HUDSON/workspace/8-2-build-linux-amd64/jdk8u201/12317/hotspot/src/sh
Event: 0.049 Thread 0x00007effa800b000 Exception <a 'java/lang/NoSuchMethodError': Method sun.misc.Unsafe.prefetchRead(Ljava/lang/Object;J)V name or signature does not match> (0x00000000d7307f98) thrown at [/HUDSON/workspace/8-2-build-linux-amd64/jdk8u201/12317/hotspot/src/share/vm/prims/jni.c
Event: 0.160 Thread 0x00007effa800b000 Exception <a 'java/security/PrivilegedActionException'> (0x00000000d74a4560) thrown at [/HUDSON/workspace/8-2-build-linux-amd64/jdk8u201/12317/hotspot/src/share/vm/prims/jvm.cpp, line 1502]
Event: 0.160 Thread 0x00007effa800b000 Exception <a 'java/security/PrivilegedActionException'> (0x00000000d74a4770) thrown at [/HUDSON/workspace/8-2-build-linux-amd64/jdk8u201/12317/hotspot/src/share/vm/prims/jvm.cpp, line 1502]
Event: 0.160 Thread 0x00007effa800b000 Exception <a 'java/security/PrivilegedActionException'> (0x00000000d74a6b70) thrown at [/HUDSON/workspace/8-2-build-linux-amd64/jdk8u201/12317/hotspot/src/share/vm/prims/jvm.cpp, line 1502]
Event: 0.160 Thread 0x00007effa800b000 Exception <a 'java/security/PrivilegedActionException'> (0x00000000d74a6d80) thrown at [/HUDSON/workspace/8-2-build-linux-amd64/jdk8u201/12317/hotspot/src/share/vm/prims/jvm.cpp, line 1502]

Events (10 events):
Event: 0.174 loading class sun/misc/FDBigInteger
Event: 0.174 loading class sun/misc/FDBigInteger done
Event: 0.176 loading class sun/security/jca/ProviderList$2
Event: 0.176 loading class sun/security/jca/ProviderList$2 done
Event: 0.176 loading class sun/security/jca/ProviderConfig$2
Event: 0.176 loading class sun/security/jca/ProviderConfig$2 done
Event: 0.176 loading class sun/security/provider/Sun
Event: 0.177 loading class sun/security/provider/Sun done
Event: 0.177 loading class sun/security/provider/SunEntries
Event: 0.177 loading class sun/security/provider/SunEntries done


Dynamic libraries:
00400000-00401000 r-xp 00000000 08:06 8013769                            /usr/lib/jvm/jdk1.8.0_201/bin/java
00600000-00601000 r--p 00000000 08:06 8013769                            /usr/lib/jvm/jdk1.8.0_201/bin/java
00601000-00602000 rw-p 00001000 08:06 8013769                            /usr/lib/jvm/jdk1.8.0_201/bin/java
01ab8000-01d86000 rw-p 00000000 00:00 0                                  [heap]
85800000-8ab00000 rw-p 00000000 00:00 0 
8ab00000-d7300000 ---p 00000000 00:00 0 
d7300000-d9c00000 rw-p 00000000 00:00 0 
d9c00000-100000000 ---p 00000000 00:00 0 
100000000-100080000 rw-p 00000000 00:00 0 
100080000-140000000 ---p 00000000 00:00 0 
7eff3c000000-7eff3c021000 rw-p 00000000 00:00 0 
7eff3c021000-7eff40000000 ---p 00000000 00:00 0 
7eff40000000-7eff40021000 rw-p 00000000 00:00 0 
7eff40021000-7eff44000000 ---p 00000000 00:00 0 
7eff44000000-7eff44021000 rw-p 00000000 00:00 0 
7eff44021000-7eff48000000 ---p 00000000 00:00 0 
7eff48000000-7eff4816e000 rw-p 00000000 00:00 0 
7eff4816e000-7eff4c000000 ---p 00000000 00:00 0 
7eff4c000000-7eff4c04e000 rw-p 00000000 00:00 0 
7eff4c04e000-7eff50000000 ---p 00000000 00:00 0 
7eff50000000-7eff50021000 rw-p 00000000 00:00 0 
7eff50021000-7eff54000000 ---p 00000000 00:00 0 
7eff54000000-7eff54021000 rw-p 00000000 00:00 0 
7eff54021000-7eff58000000 ---p 00000000 00:00 0 
7eff58000000-7eff58021000 rw-p 00000000 00:00 0 
7eff58021000-7eff5c000000 ---p 00000000 00:00 0 
7eff5c000000-7eff5c021000 rw-p 00000000 00:00 0 
7eff5c021000-7eff60000000 ---p 00000000 00:00 0 
7eff60000000-7eff60021000 rw-p 00000000 00:00 0 
7eff60021000-7eff64000000 ---p 00000000 00:00 0 
7eff64000000-7eff64021000 rw-p 00000000 00:00 0 
7eff64021000-7eff68000000 ---p 00000000 00:00 0 
7eff68000000-7eff68021000 rw-p 00000000 00:00 0 
7eff68021000-7eff6c000000 ---p 00000000 00:00 0 
7eff6c000000-7eff6c021000 rw-p 00000000 00:00 0 
7eff6c021000-7eff70000000 ---p 00000000 00:00 0 
7eff74000000-7eff74021000 rw-p 00000000 00:00 0 
7eff74021000-7eff78000000 ---p 00000000 00:00 0 
7eff7c000000-7eff7c021000 rw-p 00000000 00:00 0 
7eff7c021000-7eff80000000 ---p 00000000 00:00 0 
7eff84000000-7eff84021000 rw-p 00000000 00:00 0 
7eff84021000-7eff88000000 ---p 00000000 00:00 0 
7eff8a11c000-7eff8a11d000 ---p 00000000 00:00 0 
7eff8a11d000-7eff8a21d000 rw-p 00000000 00:00 0 
7eff8a21d000-7eff8a220000 ---p 00000000 00:00 0 
7eff8a220000-7eff8a31e000 rw-p 00000000 00:00 0 
7eff8a31e000-7eff8a31f000 ---p 00000000 00:00 0 
7eff8a31f000-7eff8a322000 ---p 00000000 00:00 0 
7eff8a322000-7eff8a41f000 rw-p 00000000 00:00 0 
7eff8a41f000-7eff8a420000 ---p 00000000 00:00 0 
7eff8a420000-7eff8a423000 ---p 00000000 00:00 0 
7eff8a423000-7eff8a520000 rw-p 00000000 00:00 0 
7eff8a520000-7eff8a521000 ---p 00000000 00:00 0 
7eff8a521000-7eff8a524000 ---p 00000000 00:00 0 
7eff8a524000-7eff8a621000 rw-p 00000000 00:00 0 
7eff8a621000-7eff8a622000 ---p 00000000 00:00 0 
7eff8a622000-7eff8a625000 ---p 00000000 00:00 0 
7eff8a625000-7eff8a722000 rw-p 00000000 00:00 0 
7eff8a722000-7eff8a725000 ---p 00000000 00:00 0 
7eff8a725000-7eff8a823000 rw-p 00000000 00:00 0 
7eff8a823000-7eff8b1f2000 r--p 00000000 08:06 662140                     /usr/lib/locale/locale-archive
7eff8b1f2000-7eff8b1f5000 ---p 00000000 00:00 0 
7eff8b1f5000-7eff8b2f3000 rw-p 00000000 00:00 0 
7eff8b2f3000-7eff8b2f6000 ---p 00000000 00:00 0 
7eff8b2f6000-7eff8b3f4000 rw-p 00000000 00:00 0 
7eff8b3f4000-7eff8b3f5000 ---p 00000000 00:00 0 
7eff8b3f5000-7eff8c000000 rw-p 00000000 00:00 0 
7eff8c000000-7eff8c021000 rw-p 00000000 00:00 0 
7eff8c021000-7eff90000000 ---p 00000000 00:00 0 
7eff9009d000-7eff94000000 rw-p 00000000 00:00 0 
7eff94000000-7eff94021000 rw-p 00000000 00:00 0 
7eff94021000-7eff98000000 ---p 00000000 00:00 0 
7eff98018000-7eff98e26000 rw-p 00000000 00:00 0 
7eff98e26000-7eff99000000 r--s 03d6f000 08:06 10888034                   /usr/lib/jvm/jdk1.8.0_201/jre/lib/rt.jar
7eff99000000-7eff99270000 rwxp 00000000 00:00 0 
7eff99270000-7effa8000000 ---p 00000000 00:00 0 
7effa8000000-7effa83dd000 rw-p 00000000 00:00 0 
7effa83dd000-7effac000000 ---p 00000000 00:00 0 
7effac011000-7effac5fd000 rw-p 00000000 00:00 0 
7effac5fd000-7effac9bd000 ---p 00000000 00:00 0 
7effac9bd000-7effacd91000 rw-p 00000000 00:00 0 
7effacd91000-7effacd92000 ---p 00000000 00:00 0 
7effacd92000-7efface92000 rw-p 00000000 00:00 0 
7efface92000-7efface93000 ---p 00000000 00:00 0 
7efface93000-7effacf93000 rw-p 00000000 00:00 0 
7effacf93000-7effacf94000 ---p 00000000 00:00 0 
7effacf94000-7effad094000 rw-p 00000000 00:00 0 
7effad094000-7effad095000 ---p 00000000 00:00 0 
7effad095000-7effad195000 rw-p 00000000 00:00 0 
7effad195000-7effad196000 ---p 00000000 00:00 0 
7effad196000-7effad296000 rw-p 00000000 00:00 0 
7effad296000-7effad297000 ---p 00000000 00:00 0 
7effad297000-7effad397000 rw-p 00000000 00:00 0 
7effad397000-7effad398000 ---p 00000000 00:00 0 
7effad398000-7effad498000 rw-p 00000000 00:00 0 
7effad498000-7effad499000 ---p 00000000 00:00 0 
7effad499000-7effad5c3000 rw-p 00000000 00:00 0 
7effad5c3000-7effad827000 ---p 00000000 00:00 0 
7effad827000-7effad851000 rw-p 00000000 00:00 0 
7effad851000-7effadab4000 ---p 00000000 00:00 0 
7effadab4000-7effadac9000 rw-p 00000000 00:00 0 
7effadac9000-7effadbfb000 ---p 00000000 00:00 0 
7effadbfb000-7effadc06000 rw-p 00000000 00:00 0 
7effadc06000-7effadfbc000 ---p 00000000 00:00 0 
7effadfbc000-7effadfd7000 r-xp 00000000 08:06 10888324                   /usr/lib/jvm/jdk1.8.0_201/jre/lib/amd64/libzip.so
7effadfd7000-7effae1d6000 ---p 0001b000 08:06 10888324                   /usr/lib/jvm/jdk1.8.0_201/jre/lib/amd64/libzip.so
7effae1d6000-7effae1d7000 r--p 0001a000 08:06 10888324                   /usr/lib/jvm/jdk1.8.0_201/jre/lib/amd64/libzip.so
7effae1d7000-7effae1d8000 rw-p 0001b000 08:06 10888324                   /usr/lib/jvm/jdk1.8.0_201/jre/lib/amd64/libzip.so
7effae1d8000-7effae1e3000 r-xp 00000000 08:06 3937066                    /lib/x86_64-linux-gnu/libnss_files-2.27.so
7effae1e3000-7effae3e2000 ---p 0000b000 08:06 3937066                    /lib/x86_64-linux-gnu/libnss_files-2.27.so
7effae3e2000-7effae3e3000 r--p 0000a000 08:06 3937066                    /lib/x86_64-linux-gnu/libnss_files-2.27.so
7effae3e3000-7effae3e4000 rw-p 0000b000 08:06 3937066                    /lib/x86_64-linux-gnu/libnss_files-2.27.so
7effae3e4000-7effae3ea000 rw-p 00000000 00:00 0 
7effae3ea000-7effae401000 r-xp 00000000 08:06 3937060                    /lib/x86_64-linux-gnu/libnsl-2.27.so
7effae401000-7effae600000 ---p 00017000 08:06 3937060                    /lib/x86_64-linux-gnu/libnsl-2.27.so
7effae600000-7effae601000 r--p 00016000 08:06 3937060                    /lib/x86_64-linux-gnu/libnsl-2.27.so
7effae601000-7effae602000 rw-p 00017000 08:06 3937060                    /lib/x86_64-linux-gnu/libnsl-2.27.so
7effae602000-7effae604000 rw-p 00000000 00:00 0 
7effae604000-7effae60f000 r-xp 00000000 08:06 3937077                    /lib/x86_64-linux-gnu/libnss_nis-2.27.so
7effae60f000-7effae80e000 ---p 0000b000 08:06 3937077                    /lib/x86_64-linux-gnu/libnss_nis-2.27.so
7effae80e000-7effae80f000 r--p 0000a000 08:06 3937077                    /lib/x86_64-linux-gnu/libnss_nis-2.27.so
7effae80f000-7effae810000 rw-p 0000b000 08:06 3937077                    /lib/x86_64-linux-gnu/libnss_nis-2.27.so
7effae810000-7effae818000 r-xp 00000000 08:06 3937062                    /lib/x86_64-linux-gnu/libnss_compat-2.27.so
7effae818000-7effaea18000 ---p 00008000 08:06 3937062                    /lib/x86_64-linux-gnu/libnss_compat-2.27.so
7effaea18000-7effaea19000 r--p 00008000 08:06 3937062                    /lib/x86_64-linux-gnu/libnss_compat-2.27.so
7effaea19000-7effaea1a000 rw-p 00009000 08:06 3937062                    /lib/x86_64-linux-gnu/libnss_compat-2.27.so
7effaea1a000-7effaea46000 r-xp 00000000 08:06 10888318                   /usr/lib/jvm/jdk1.8.0_201/jre/lib/amd64/libjava.so
7effaea46000-7effaec46000 ---p 0002c000 08:06 10888318                   /usr/lib/jvm/jdk1.8.0_201/jre/lib/amd64/libjava.so
7effaec46000-7effaec47000 r--p 0002c000 08:06 10888318                   /usr/lib/jvm/jdk1.8.0_201/jre/lib/amd64/libjava.so
7effaec47000-7effaec49000 rw-p 0002d000 08:06 10888318                   /usr/lib/jvm/jdk1.8.0_201/jre/lib/amd64/libjava.so
7effaec49000-7effaec56000 r-xp 00000000 08:06 10888323                   /usr/lib/jvm/jdk1.8.0_201/jre/lib/amd64/libverify.so
7effaec56000-7effaee55000 ---p 0000d000 08:06 10888323                   /usr/lib/jvm/jdk1.8.0_201/jre/lib/amd64/libverify.so
7effaee55000-7effaee57000 r--p 0000c000 08:06 10888323                   /usr/lib/jvm/jdk1.8.0_201/jre/lib/amd64/libverify.so
7effaee57000-7effaee58000 rw-p 0000e000 08:06 10888323                   /usr/lib/jvm/jdk1.8.0_201/jre/lib/amd64/libverify.so
7effaee58000-7effaee5f000 r-xp 00000000 08:06 3937117                    /lib/x86_64-linux-gnu/librt-2.27.so
7effaee5f000-7effaf05e000 ---p 00007000 08:06 3937117                    /lib/x86_64-linux-gnu/librt-2.27.so
7effaf05e000-7effaf05f000 r--p 00006000 08:06 3937117                    /lib/x86_64-linux-gnu/librt-2.27.so
7effaf05f000-7effaf060000 rw-p 00007000 08:06 3937117                    /lib/x86_64-linux-gnu/librt-2.27.so
7effaf060000-7effaf1fd000 r-xp 00000000 08:06 3937039                    /lib/x86_64-linux-gnu/libm-2.27.so
7effaf1fd000-7effaf3fc000 ---p 0019d000 08:06 3937039                    /lib/x86_64-linux-gnu/libm-2.27.so
7effaf3fc000-7effaf3fd000 r--p 0019c000 08:06 3937039                    /lib/x86_64-linux-gnu/libm-2.27.so
7effaf3fd000-7effaf3fe000 rw-p 0019d000 08:06 3937039                    /lib/x86_64-linux-gnu/libm-2.27.so
7effaf3fe000-7effb00e6000 r-xp 00000000 08:06 10888346                   /usr/lib/jvm/jdk1.8.0_201/jre/lib/amd64/server/libjvm.so
7effb00e6000-7effb02e5000 ---p 00ce8000 08:06 10888346                   /usr/lib/jvm/jdk1.8.0_201/jre/lib/amd64/server/libjvm.so
7effb02e5000-7effb037b000 r--p 00ce7000 08:06 10888346                   /usr/lib/jvm/jdk1.8.0_201/jre/lib/amd64/server/libjvm.so
7effb037b000-7effb03ac000 rw-p 00d7d000 08:06 10888346                   /usr/lib/jvm/jdk1.8.0_201/jre/lib/amd64/server/libjvm.so
7effb03ac000-7effb03e7000 rw-p 00000000 00:00 0 
7effb03e7000-7effb05ce000 r-xp 00000000 08:06 3936976                    /lib/x86_64-linux-gnu/libc-2.27.so
7effb05ce000-7effb07ce000 ---p 001e7000 08:06 3936976                    /lib/x86_64-linux-gnu/libc-2.27.so
7effb07ce000-7effb07d2000 r--p 001e7000 08:06 3936976                    /lib/x86_64-linux-gnu/libc-2.27.so
7effb07d2000-7effb07d4000 rw-p 001eb000 08:06 3936976                    /lib/x86_64-linux-gnu/libc-2.27.so
7effb07d4000-7effb07d8000 rw-p 00000000 00:00 0 
7effb07d8000-7effb07db000 r-xp 00000000 08:06 3936999                    /lib/x86_64-linux-gnu/libdl-2.27.so
7effb07db000-7effb09da000 ---p 00003000 08:06 3936999                    /lib/x86_64-linux-gnu/libdl-2.27.so
7effb09da000-7effb09db000 r--p 00002000 08:06 3936999                    /lib/x86_64-linux-gnu/libdl-2.27.so
7effb09db000-7effb09dc000 rw-p 00003000 08:06 3936999                    /lib/x86_64-linux-gnu/libdl-2.27.so
7effb09dc000-7effb09f3000 r-xp 00000000 08:06 9054391                    /usr/lib/jvm/jdk1.8.0_201/lib/amd64/jli/libjli.so
7effb09f3000-7effb0bf2000 ---p 00017000 08:06 9054391                    /usr/lib/jvm/jdk1.8.0_201/lib/amd64/jli/libjli.so
7effb0bf2000-7effb0bf3000 r--p 00016000 08:06 9054391                    /usr/lib/jvm/jdk1.8.0_201/lib/amd64/jli/libjli.so
7effb0bf3000-7effb0bf4000 rw-p 00017000 08:06 9054391                    /usr/lib/jvm/jdk1.8.0_201/lib/amd64/jli/libjli.so
7effb0bf4000-7effb0c0e000 r-xp 00000000 08:06 3937109                    /lib/x86_64-linux-gnu/libpthread-2.27.so
7effb0c0e000-7effb0e0d000 ---p 0001a000 08:06 3937109                    /lib/x86_64-linux-gnu/libpthread-2.27.so
7effb0e0d000-7effb0e0e000 r--p 00019000 08:06 3937109                    /lib/x86_64-linux-gnu/libpthread-2.27.so
7effb0e0e000-7effb0e0f000 rw-p 0001a000 08:06 3937109                    /lib/x86_64-linux-gnu/libpthread-2.27.so
7effb0e0f000-7effb0e13000 rw-p 00000000 00:00 0 
7effb0e13000-7effb0e3a000 r-xp 00000000 08:06 3936948                    /lib/x86_64-linux-gnu/ld-2.27.so
7effb0e50000-7effb0f1b000 rw-p 00000000 00:00 0 
7effb0f1b000-7effb0f1c000 ---p 00000000 00:00 0 
7effb0f1c000-7effb0f1f000 ---p 00000000 00:00 0 
7effb0f1f000-7effb1020000 rw-p 00000000 00:00 0 
7effb102a000-7effb102e000 r--s 000a1000 08:06 10888039                   /usr/lib/jvm/jdk1.8.0_201/jre/lib/jsse.jar
7effb102e000-7effb1030000 r--s 0000c000 08:06 4234248                    /home/ermicho/projects/react-native/sidebar/android/gradle/wrapper/gradle-wrapper.jar
7effb1030000-7effb1038000 rw-s 00000000 08:06 13139855                   /tmp/hsperfdata_ermicho/24518
7effb1038000-7effb1039000 rw-p 00000000 00:00 0 
7effb1039000-7effb103a000 r--p 00000000 00:00 0 
7effb103a000-7effb103b000 r--p 00027000 08:06 3936948                    /lib/x86_64-linux-gnu/ld-2.27.so
7effb103b000-7effb103c000 rw-p 00028000 08:06 3936948                    /lib/x86_64-linux-gnu/ld-2.27.so
7effb103c000-7effb103d000 rw-p 00000000 00:00 0 
7ffdf634e000-7ffdf6371000 rw-p 00000000 00:00 0                          [stack]
7ffdf63b5000-7ffdf63b8000 r--p 00000000 00:00 0                          [vvar]
7ffdf63b8000-7ffdf63ba000 r-xp 00000000 00:00 0                          [vdso]
ffffffffff600000-ffffffffff601000 r-xp 00000000 00:00 0                  [vsyscall]

VM Arguments:
jvm_args: -Dorg.gradle.appname=gradlew 
java_command: org.gradle.wrapper.GradleWrapperMain app:installDebug
java_class_path (initial): /home/ermicho/projects/react-native/sidebar/android/gradle/wrapper/gradle-wrapper.jar
Launcher Type: SUN_STANDARD

Environment Variables:
JAVA_HOME=/usr/lib/jvm/jdk1.8.0_201
PATH=/home/ermicho/projects/react-native/sidebar/node_modules/.bin:/usr/local/lib/node_modules/npm/node_modules/npm-lifecycle/node-gyp-bin:/home/ermicho/projects/react-native/sidebar/node_modules/.bin:/usr/local/sbin:/usr/local/bin:/usr/sbin:/usr/bin:/sbin:/bin:/usr/games:/usr/local/games:/snap/bin:/home/ermicho/Android/Sdk/tools:/home/ermicho/Android/Sdk/tools/bin:/home/ermicho/Android/Sdk/platform-tools:/home/ermicho/Android/Sdk/emulator:/home/ermicho/Android/Sdk/tools/bin:/home/ermicho/Android/Sdk/platform-tools
USERNAME=ermicho
SHELL=/bin/bash
DISPLAY=:0

Signal Handlers:
SIGSEGV: [libjvm.so+0xad3e60], sa_mask[0]=11111111011111111101111111111110, sa_flags=SA_RESTART|SA_SIGINFO
SIGBUS: [libjvm.so+0xad3e60], sa_mask[0]=11111111011111111101111111111110, sa_flags=SA_RESTART|SA_SIGINFO
SIGFPE: [libjvm.so+0x90b880], sa_mask[0]=11111111011111111101111111111110, sa_flags=SA_RESTART|SA_SIGINFO
SIGPIPE: [libjvm.so+0x90b880], sa_mask[0]=11111111011111111101111111111110, sa_flags=SA_RESTART|SA_SIGINFO
SIGXFSZ: [libjvm.so+0x90b880], sa_mask[0]=11111111011111111101111111111110, sa_flags=SA_RESTART|SA_SIGINFO
SIGILL: [libjvm.so+0x90b880], sa_mask[0]=11111111011111111101111111111110, sa_flags=SA_RESTART|SA_SIGINFO
SIGUSR1: SIG_DFL, sa_mask[0]=00000000000000000000000000000000, sa_flags=none
SIGUSR2: [libjvm.so+0x90b750], sa_mask[0]=00000000000000000000000000000000, sa_flags=SA_RESTART|SA_SIGINFO
SIGHUP: [libjvm.so+0x90bd70], sa_mask[0]=11111111011111111101111111111110, sa_flags=SA_RESTART|SA_SIGINFO
SIGINT: [libjvm.so+0x90bd70], sa_mask[0]=11111111011111111101111111111110, sa_flags=SA_RESTART|SA_SIGINFO
SIGTERM: [libjvm.so+0x90bd70], sa_mask[0]=11111111011111111101111111111110, sa_flags=SA_RESTART|SA_SIGINFO
SIGQUIT: [libjvm.so+0x90bd70], sa_mask[0]=11111111011111111101111111111110, sa_flags=SA_RESTART|SA_SIGINFO


---------------  S Y S T E M  ---------------

OS:DISTRIB_ID=Ubuntu
DISTRIB_RELEASE=18.04
DISTRIB_CODENAME=bionic
DISTRIB_DESCRIPTION="Ubuntu 18.04.2 LTS"

uname:Linux 4.15.0-46-generic #49-Ubuntu SMP Wed Feb 6 09:33:07 UTC 2019 x86_64
libc:glibc 2.27 NPTL 2.27 
rlimit: STACK 8192k, CORE 0k, NPROC 30710, NOFILE 4096, AS infinity
load average:2.36 2.70 2.41

/proc/meminfo:
MemTotal:        8021540 kB
MemFree:          342840 kB
MemAvailable:    1378992 kB
Buffers:           56820 kB
Cached:          1730436 kB
SwapCached:            8 kB
Active:          5628900 kB
Inactive:        1529240 kB
Active(anon):    5005152 kB
Inactive(anon):   982740 kB
Active(file):     623748 kB
Inactive(file):   546500 kB
Unevictable:         344 kB
Mlocked:             344 kB
SwapTotal:       2097148 kB
SwapFree:        2095868 kB
Dirty:             14844 kB
Writeback:            12 kB
AnonPages:       5371320 kB
Mapped:           960688 kB
Shmem:            629416 kB
Slab:             264552 kB
SReclaimable:     173732 kB
SUnreclaim:        90820 kB
KernelStack:       27140 kB
PageTables:       108068 kB
NFS_Unstable:          0 kB
Bounce:                0 kB
WritebackTmp:          0 kB
CommitLimit:     6107916 kB
Committed_AS:   19423840 kB
VmallocTotal:   34359738367 kB
VmallocUsed:           0 kB
VmallocChunk:          0 kB
HardwareCorrupted:     0 kB
AnonHugePages:         0 kB
ShmemHugePages:        0 kB
ShmemPmdMapped:        0 kB
CmaTotal:              0 kB
CmaFree:               0 kB
HugePages_Total:       0
HugePages_Free:        0
HugePages_Rsvd:        0
HugePages_Surp:        0
Hugepagesize:       2048 kB
DirectMap4k:      357828 kB
DirectMap2M:     7884800 kB
DirectMap1G:     1048576 kB

container (cgroup) information:
container_type: cgroupv1
cpu_cpuset_cpus: 0-7
cpu_memory_nodes: 0
active_processor_count: 8
cpu_quota: -1
cpu_period: 100000
cpu_shares: -1
memory_limit_in_bytes: -1
memory_and_swap_limit_in_bytes: -2
memory_soft_limit_in_bytes: -1
memory_usage_in_bytes: 7333113856
memory_max_usage_in_bytes: 87908352


CPU:total 8 (initial active 8) (4 cores per cpu, 2 threads per core) family 6 model 142 stepping 10, cmov, cx8, fxsr, mmx, sse, sse2, sse3, ssse3, sse4.1, sse4.2, popcnt, avx, avx2, aes, clmul, erms, 3dnowpref, lzcnt, ht, tsc, tscinvbit, bmi1, bmi2, adx

/proc/cpuinfo:
processor	: 0
vendor_id	: GenuineIntel
cpu family	: 6
model		: 142
model name	: Intel(R) Core(TM) i7-8550U CPU @ 1.80GHz
stepping	: 10
microcode	: 0x96
cpu MHz		: 2400.011
cache size	: 8192 KB
physical id	: 0
siblings	: 8
core id		: 0
cpu cores	: 4
apicid		: 0
initial apicid	: 0
fpu		: yes
fpu_exception	: yes
cpuid level	: 22
wp		: yes
flags		: fpu vme de pse tsc msr pae mce cx8 apic sep mtrr pge mca cmov pat pse36 clflush dts acpi mmx fxsr sse sse2 ss ht tm pbe syscall nx pdpe1gb rdtscp lm constant_tsc art arch_perfmon pebs bts rep_good nopl xtopology nonstop_tsc cpuid aperfmperf tsc_known_freq pni pclmulqdq dtes64 monitor ds_cpl vmx est tm2 ssse3 sdbg fma cx16 xtpr pdcm pcid sse4_1 sse4_2 x2apic movbe popcnt tsc_deadline_timer aes xsave avx f16c rdrand lahf_lm abm 3dnowprefetch cpuid_fault epb invpcid_single pti ssbd ibrs ibpb stibp tpr_shadow vnmi flexpriority ept vpid fsgsbase tsc_adjust bmi1 avx2 smep bmi2 erms invpcid mpx rdseed adx smap clflushopt intel_pt xsaveopt xsavec xgetbv1 xsaves dtherm ida arat pln pts hwp hwp_notify hwp_act_window hwp_epp flush_l1d
bugs		: cpu_meltdown spectre_v1 spectre_v2 spec_store_bypass l1tf
bogomips	: 3984.00
clflush size	: 64
cache_alignment	: 64
address sizes	: 39 bits physical, 48 bits virtual
power management:

processor	: 1
vendor_id	: GenuineIntel
cpu family	: 6
model		: 142
model name	: Intel(R) Core(TM) i7-8550U CPU @ 1.80GHz
stepping	: 10
microcode	: 0x96
cpu MHz		: 2400.009
cache size	: 8192 KB
physical id	: 0
siblings	: 8
core id		: 1
cpu cores	: 4
apicid		: 2
initial apicid	: 2
fpu		: yes
fpu_exception	: yes
cpuid level	: 22
wp		: yes
flags		: fpu vme de pse tsc msr pae mce cx8 apic sep mtrr pge mca cmov pat pse36 clflush dts acpi mmx fxsr sse sse2 ss ht tm pbe syscall nx pdpe1gb rdtscp lm constant_tsc art arch_perfmon pebs bts rep_good nopl xtopology nonstop_tsc cpuid aperfmperf tsc_known_freq pni pclmulqdq dtes64 monitor ds_cpl vmx est tm2 ssse3 sdbg fma cx16 xtpr pdcm pcid sse4_1 sse4_2 x2apic movbe popcnt tsc_deadline_timer aes xsave avx f16c rdrand lahf_lm abm 3dnowprefetch cpuid_fault epb invpcid_single pti ssbd ibrs ibpb stibp tpr_shadow vnmi flexpriority ept vpid fsgsbase tsc_adjust bmi1 avx2 smep bmi2 erms invpcid mpx rdseed adx smap clflushopt intel_pt xsaveopt xsavec xgetbv1 xsaves dtherm ida arat pln pts hwp hwp_notify hwp_act_window hwp_epp flush_l1d
bugs		: cpu_meltdown spectre_v1 spectre_v2 spec_store_bypass l1tf
bogomips	: 3984.00
clflush size	: 64
cache_alignment	: 64
address sizes	: 39 bits physical, 48 bits virtual
power management:

processor	: 2
vendor_id	: GenuineIntel
cpu family	: 6
model		: 142
model name	: Intel(R) Core(TM) i7-8550U CPU @ 1.80GHz
stepping	: 10
microcode	: 0x96
cpu MHz		: 2399.998
cache size	: 8192 KB
physical id	: 0
siblings	: 8
core id		: 2
cpu cores	: 4
apicid		: 4
initial apicid	: 4
fpu		: yes
fpu_exception	: yes
cpuid level	: 22
wp		: yes
flags		: fpu vme de pse tsc msr pae mce cx8 apic sep mtrr pge mca cmov pat pse36 clflush dts acpi mmx fxsr sse sse2 ss ht tm pbe syscall nx pdpe1gb rdtscp lm constant_tsc art arch_perfmon pebs bts rep_good nopl xtopology nonstop_tsc cpuid aperfmperf tsc_known_freq pni pclmulqdq dtes64 monitor ds_cpl vmx est tm2 ssse3 sdbg fma cx16 xtpr pdcm pcid sse4_1 sse4_2 x2apic movbe popcnt tsc_deadline_timer aes xsave avx f16c rdrand lahf_lm abm 3dnowprefetch cpuid_fault epb invpcid_single pti ssbd ibrs ibpb stibp tpr_shadow vnmi flexpriority ept vpid fsgsbase tsc_adjust bmi1 avx2 smep bmi2 erms invpcid mpx rdseed adx smap clflushopt intel_pt xsaveopt xsavec xgetbv1 xsaves dtherm ida arat pln pts hwp hwp_notify hwp_act_window hwp_epp flush_l1d
bugs		: cpu_meltdown spectre_v1 spectre_v2 spec_store_bypass l1tf
bogomips	: 3984.00
clflush size	: 64
cache_alignment	: 64
address sizes	: 39 bits physical, 48 bits virtual
power management:

processor	: 3
vendor_id	: GenuineIntel
cpu family	: 6
model		: 142
model name	: Intel(R) Core(TM) i7-8550U CPU @ 1.80GHz
stepping	: 10
microcode	: 0x96
cpu MHz		: 2399.999
cache size	: 8192 KB
physical id	: 0
siblings	: 8
core id		: 3
cpu cores	: 4
apicid		: 6
initial apicid	: 6
fpu		: yes
fpu_exception	: yes
cpuid level	: 22
wp		: yes
flags		: fpu vme de pse tsc msr pae mce cx8 apic sep mtrr pge mca cmov pat pse36 clflush dts acpi mmx fxsr sse sse2 ss ht tm pbe syscall nx pdpe1gb rdtscp lm constant_tsc art arch_perfmon pebs bts rep_good nopl xtopology nonstop_tsc cpuid aperfmperf tsc_known_freq pni pclmulqdq dtes64 monitor ds_cpl vmx est tm2 ssse3 sdbg fma cx16 xtpr pdcm pcid sse4_1 sse4_2 x2apic movbe popcnt tsc_deadline_timer aes xsave avx f16c rdrand lahf_lm abm 3dnowprefetch cpuid_fault epb invpcid_single pti ssbd ibrs ibpb stibp tpr_shadow vnmi flexpriority ept vpid fsgsbase tsc_adjust bmi1 avx2 smep bmi2 erms invpcid mpx rdseed adx smap clflushopt intel_pt xsaveopt xsavec xgetbv1 xsaves dtherm ida arat pln pts hwp hwp_notify hwp_act_window hwp_epp flush_l1d
bugs		: cpu_meltdown spectre_v1 spectre_v2 spec_store_bypass l1tf
bogomips	: 3984.00
clflush size	: 64
cache_alignment	: 64
address sizes	: 39 bits physical, 48 bits virtual
power management:

processor	: 4
vendor_id	: GenuineIntel
cpu family	: 6
model		: 142
model name	: Intel(R) Core(TM) i7-8550U CPU @ 1.80GHz
stepping	: 10
microcode	: 0x96
cpu MHz		: 2400.000
cache size	: 8192 KB
physical id	: 0
siblings	: 8
core id		: 0
cpu cores	: 4
apicid		: 1
initial apicid	: 1
fpu		: yes
fpu_exception	: yes
cpuid level	: 22
wp		: yes
flags		: fpu vme de pse tsc msr pae mce cx8 apic sep mtrr pge mca cmov pat pse36 clflush dts acpi mmx fxsr sse sse2 ss ht tm pbe syscall nx pdpe1gb rdtscp lm constant_tsc art arch_perfmon pebs bts rep_good nopl xtopology nonstop_tsc cpuid aperfmperf tsc_known_freq pni pclmulqdq dtes64 monitor ds_cpl vmx est tm2 ssse3 sdbg fma cx16 xtpr pdcm pcid sse4_1 sse4_2 x2apic movbe popcnt tsc_deadline_timer aes xsave avx f16c rdrand lahf_lm abm 3dnowprefetch cpuid_fault epb invpcid_single pti ssbd ibrs ibpb stibp tpr_shadow vnmi flexpriority ept vpid fsgsbase tsc_adjust bmi1 avx2 smep bmi2 erms invpcid mpx rdseed adx smap clflushopt intel_pt xsaveopt xsavec xgetbv1 xsaves dtherm ida arat pln pts hwp hwp_notify hwp_act_window hwp_epp flush_l1d
bugs		: cpu_meltdown spectre_v1 spectre_v2 spec_store_bypass l1tf
bogomips	: 3984.00
clflush size	: 64
cache_alignment	: 64
address sizes	: 39 bits physical, 48 bits virtual
power management:

processor	: 5
vendor_id	: GenuineIntel
cpu family	: 6
model		: 142
model name	: Intel(R) Core(TM) i7-8550U CPU @ 1.80GHz
stepping	: 10
microcode	: 0x96
cpu MHz		: 2400.000
cache size	: 8192 KB
physical id	: 0
siblings	: 8
core id		: 1
cpu cores	: 4
apicid		: 3
initial apicid	: 3
fpu		: yes
fpu_exception	: yes
cpuid level	: 22
wp		: yes
flags		: fpu vme de pse tsc msr pae mce cx8 apic sep mtrr pge mca cmov pat pse36 clflush dts acpi mmx fxsr sse sse2 ss ht tm pbe syscall nx pdpe1gb rdtscp lm constant_tsc art arch_perfmon pebs bts rep_good nopl xtopology nonstop_tsc cpuid aperfmperf tsc_known_freq pni pclmulqdq dtes64 monitor ds_cpl vmx est tm2 ssse3 sdbg fma cx16 xtpr pdcm pcid sse4_1 sse4_2 x2apic movbe popcnt tsc_deadline_timer aes xsave avx f16c rdrand lahf_lm abm 3dnowprefetch cpuid_fault epb invpcid_single pti ssbd ibrs ibpb stibp tpr_shadow vnmi flexpriority ept vpid fsgsbase tsc_adjust bmi1 avx2 smep bmi2 erms invpcid mpx rdseed adx smap clflushopt intel_pt xsaveopt xsavec xgetbv1 xsaves dtherm ida arat pln pts hwp hwp_notify hwp_act_window hwp_epp flush_l1d
bugs		: cpu_meltdown spectre_v1 spectre_v2 spec_store_bypass l1tf
bogomips	: 3984.00
clflush size	: 64
cache_alignment	: 64
address sizes	: 39 bits physical, 48 bits virtual
power management:

processor	: 6
vendor_id	: GenuineIntel
cpu family	: 6
model		: 142
model name	: Intel(R) Core(TM) i7-8550U CPU @ 1.80GHz
stepping	: 10
microcode	: 0x96
cpu MHz		: 2399.999
cache size	: 8192 KB
physical id	: 0
siblings	: 8
core id		: 2
cpu cores	: 4
apicid		: 5
initial apicid	: 5
fpu		: yes
fpu_exception	: yes
cpuid level	: 22
wp		: yes
flags		: fpu vme de pse tsc msr pae mce cx8 apic sep mtrr pge mca cmov pat pse36 clflush dts acpi mmx fxsr sse sse2 ss ht tm pbe syscall nx pdpe1gb rdtscp lm constant_tsc art arch_perfmon pebs bts rep_good nopl xtopology nonstop_tsc cpuid aperfmperf tsc_known_freq pni pclmulqdq dtes64 monitor ds_cpl vmx est tm2 ssse3 sdbg fma cx16 xtpr pdcm pcid sse4_1 sse4_2 x2apic movbe popcnt tsc_deadline_timer aes xsave avx f16c rdrand lahf_lm abm 3dnowprefetch cpuid_fault epb invpcid_single pti ssbd ibrs ibpb stibp tpr_shadow vnmi flexpriority ept vpid fsgsbase tsc_adjust bmi1 avx2 smep bmi2 erms invpcid mpx rdseed adx smap clflushopt intel_pt xsaveopt xsavec xgetbv1 xsaves dtherm ida arat pln pts hwp hwp_notify hwp_act_window hwp_epp flush_l1d
bugs		: cpu_meltdown spectre_v1 spectre_v2 spec_store_bypass l1tf
bogomips	: 3984.00
clflush size	: 64
cache_alignment	: 64
address sizes	: 39 bits physical, 48 bits virtual
power management:

processor	: 7
vendor_id	: GenuineIntel
cpu family	: 6
model		: 142
model name	: Intel(R) Core(TM) i7-8550U CPU @ 1.80GHz
stepping	: 10
microcode	: 0x96
cpu MHz		: 2400.001
cache size	: 8192 KB
physical id	: 0
siblings	: 8
core id		: 3
cpu cores	: 4
apicid		: 7
initial apicid	: 7
fpu		: yes
fpu_exception	: yes
cpuid level	: 22
wp		: yes
flags		: fpu vme de pse tsc msr pae mce cx8 apic sep mtrr pge mca cmov pat pse36 clflush dts acpi mmx fxsr sse sse2 ss ht tm pbe syscall nx pdpe1gb rdtscp lm constant_tsc art arch_perfmon pebs bts rep_good nopl xtopology nonstop_tsc cpuid aperfmperf tsc_known_freq pni pclmulqdq dtes64 monitor ds_cpl vmx est tm2 ssse3 sdbg fma cx16 xtpr pdcm pcid sse4_1 sse4_2 x2apic movbe popcnt tsc_deadline_timer aes xsave avx f16c rdrand lahf_lm abm 3dnowprefetch cpuid_fault epb invpcid_single pti ssbd ibrs ibpb stibp tpr_shadow vnmi flexpriority ept vpid fsgsbase tsc_adjust bmi1 avx2 smep bmi2 erms invpcid mpx rdseed adx smap clflushopt intel_pt xsaveopt xsavec xgetbv1 xsaves dtherm ida arat pln pts hwp hwp_notify hwp_act_window hwp_epp flush_l1d
bugs		: cpu_meltdown spectre_v1 spectre_v2 spec_store_bypass l1tf
bogomips	: 3984.00
clflush size	: 64
cache_alignment	: 64
address sizes	: 39 bits physical, 48 bits virtual
power management:



Memory: 4k page, physical 8021540k(333704k free), swap 2097148k(2095868k free)

vm_info: Java HotSpot(TM) 64-Bit Server VM (25.201-b09) for linux-amd64 JRE (1.8.0_201-b09), built on Dec 15 2018 11:35:59 by "java_re" with gcc 7.3.0

time: Sat Mar 16 13:28:12 2019
timezone: IST
elapsed time: 0 seconds (0d 0h 0m 0s)

