#
# A fatal error has been detected by the Java Runtime Environment:
#
#  SIGSEGV (0xb) at pc=0x00007f8eeee30783, pid=22064, tid=0x00007f8ef0143b80
#
# JRE version: Java(TM) SE Runtime Environment (8.0_201-b09) (build 1.8.0_201-b09)
# Java VM: Java HotSpot(TM) 64-Bit Server VM (25.201-b09 mixed mode linux-amd64 compressed oops)
# Problematic frame:
# V  [libjvm.so+0x90b783]  SR_handler(int, siginfo*, ucontext*)+0x33
#
# Failed to write core dump. Core dumps have been disabled. To enable core dumping, try "ulimit -c unlimited" before starting Java again
#
# If you would like to submit a bug report, please visit:
#   http://bugreport.java.com/bugreport/crash.jsp
#

---------------  T H R E A D  ---------------

Current thread is native thread

siginfo: si_signo: 11 (SIGSEGV), si_code: 1 (SEGV_MAPERR), si_addr: 0x0000000000000128

Registers:
RAX=0x0000000000000000, RBX=0x00007f8ef0142700, RCX=0x00007f8eefd23d2d, RDX=0x00007f8ef0143ea0
RSP=0x00007ffd6619d540, RBP=0x00007ffd6619d5f0, RSI=0x00007ffd6619d730, RDI=0x0000000000000001
R8 =0x00000000000000ca, R9 =0x00007f8ef01429d0, R10=0x0000000000000000, R11=0x0000000000000246
R12=0x00007f8ef0143b00, R13=0x0000000000000002, R14=0x00007ffd6619d730, R15=0x00007ffd6619d600
RIP=0x00007f8eeee30783, EFLAGS=0x0000000000010246, CSGSFS=0x002b000000000033, ERR=0x0000000000000004
  TRAPNO=0x000000000000000e

Top of Stack: (sp=0x00007ffd6619d540)
0x00007ffd6619d540:   343630323219da70 5ef29b1881c16500
0x00007ffd6619d550:   00007ffd6619d590 0000ffff00001fa0
0x00007ffd6619d560:   000000000000003f 00007f8eef07fca7
0x00007ffd6619d570:   00007ffd6619d728 0000000001d4a5c0
0x00007ffd6619d580:   00007ffd6619d800 00007f8eef596910
0x00007ffd6619d590:   00000000fbad8001 00007ffd6619d800
0x00007ffd6619d5a0:   00007ffd6619d800 00007ffd6619d800
0x00007ffd6619d5b0:   00007ffd6619d800 00007ffd6619d80f
0x00007ffd6619d5c0:   00007ffd6619d83f 00007f8ef0142700
0x00007ffd6619d5d0:   0000000000000000 00007ffd6619dca0
0x00007ffd6619d5e0:   0000000000000000 0000000000000001
0x00007ffd6619d5f0:   00007ffd6619dd08 00007f8eefd2d890
0x00007ffd6619d600:   0000000000000007 0000000000000000
0x00007ffd6619d610:   0000000000000000 00007f8e00000002
0x00007ffd6619d620:   0000000000000000 00000000000000ca
0x00007ffd6619d630:   00007f8ef01429d0 0000000000000000
0x00007ffd6619d640:   0000000000000246 0000000000000000
0x00007ffd6619d650:   00007ffd6619dca0 0000000000000000
0x00007ffd6619d660:   0000000000000001 00007f8ef01429d0
0x00007ffd6619d670:   0000000000000000 00007ffd6619dd08
0x00007ffd6619d680:   00007f8ef0142700 000000000000563b
0x00007ffd6619d690:   00000000000000ca 00007f8eefd23d2d
0x00007ffd6619d6a0:   00007ffd6619dc90 00007f8eefd23d2b
0x00007ffd6619d6b0:   0000000000000246 002b000000000033
0x00007ffd6619d6c0:   0000000000000000 0000000000000000
0x00007ffd6619d6d0:   0000000000000000 0000000000000000
0x00007ffd6619d6e0:   00007ffd6619d7c0 00007f8ef0163170
0x00007ffd6619d6f0:   0000000000000000 00007f8eeff44f5f
0x00007ffd6619d700:   00007f8ef0145000 00007f8eeff451ef
0x00007ffd6619d710:   0000000000000004 00007f8eefd1df58
0x00007ffd6619d720:   000000000017501c 0000000000000000
0x00007ffd6619d730:   000000000000000c 00007f8e00000000 

Instructions: (pc=0x00007f8eeee30783)
0x00007f8eeee30763:   48 81 ec 88 00 00 00 e8 81 1d 8f ff 44 8b 28 49
0x00007f8eeee30773:   89 c4 48 8d 05 2c 61 68 00 8b 38 e8 15 2c 8f ff
0x00007f8eeee30783:   48 8b 98 28 01 00 00 8b 83 a8 00 00 00 83 f8 01
0x00007f8eeee30793:   74 1b 45 89 2c 24 48 81 c4 88 00 00 00 5b 41 5c 

Register to memory mapping:

RAX=0x0000000000000000 is an unknown value
RBX=0x00007f8ef0142700 is pointing into the stack for thread: 0x00007f8ee800b000
RCX=0x00007f8eefd23d2d: <offset 0x8d2d> in /lib/x86_64-linux-gnu/libpthread.so.0 at 0x00007f8eefd1b000
RDX=0x00007f8ef0143ea0 is an unknown value
RSP=0x00007ffd6619d540 is an unknown value
RBP=0x00007ffd6619d5f0 is an unknown value
RSI=0x00007ffd6619d730 is an unknown value
RDI=0x0000000000000001 is an unknown value
R8 =0x00000000000000ca is an unknown value
R9 =0x00007f8ef01429d0 is pointing into the stack for thread: 0x00007f8ee800b000
R10=0x0000000000000000 is an unknown value
R11=0x0000000000000246 is an unknown value
R12=0x00007f8ef0143b00 is an unknown value
R13=0x0000000000000002 is an unknown value
R14=0x00007ffd6619d730 is an unknown value
R15=0x00007ffd6619d600 is an unknown value


Stack: [0x00007ffd660a6000,0x00007ffd661a6000],  sp=0x00007ffd6619d540,  free space=989k
Native frames: (J=compiled Java code, j=interpreted, Vv=VM code, C=native code)
V  [libjvm.so+0x90b783]  SR_handler(int, siginfo*, ucontext*)+0x33
C  [libpthread.so.0+0x12890]


---------------  P R O C E S S  ---------------

VM state:not at safepoint (normal execution)

VM Mutex/Monitor currently owned by a thread: None

heap address: 0x0000000085800000, size: 1960 MB, Compressed Oops mode: 32-bit
Narrow klass base: 0x0000000000000000, Narrow klass shift: 3
Compressed class space size: 1073741824 Address: 0x0000000100000000

Heap:
 PSYoungGen      total 36864K, used 6988K [0x00000000d7300000, 0x00000000d9c00000, 0x0000000100000000)
  eden space 31744K, 22% used [0x00000000d7300000,0x00000000d79d3160,0x00000000d9200000)
  from space 5120K, 0% used [0x00000000d9700000,0x00000000d9700000,0x00000000d9c00000)
  to   space 5120K, 0% used [0x00000000d9200000,0x00000000d9200000,0x00000000d9700000)
 ParOldGen       total 84992K, used 0K [0x0000000085800000, 0x000000008ab00000, 0x00000000d7300000)
  object space 84992K, 0% used [0x0000000085800000,0x0000000085800000,0x000000008ab00000)
 Metaspace       used 4120K, capacity 4920K, committed 5248K, reserved 1056768K
  class space    used 472K, capacity 536K, committed 640K, reserved 1048576K

Card table byte_map: [0x00007f8eec94e000,0x00007f8eecd23000] byte_map_base: 0x00007f8eec522000

Marking Bits: (ParMarkBitMap*) 0x00007f8eef4f0d80
 Begin Bits: [0x00007f8ebc2c0000, 0x00007f8ebe160000)
 End Bits:   [0x00007f8ebe160000, 0x00007f8ec0000000)

Polling page: 0x00007f8ef0160000

CodeCache: size=245760Kb used=1576Kb max_used=1587Kb free=244183Kb
 bounds [0x00007f8ed9000000, 0x00007f8ed9270000, 0x00007f8ee8000000]
 total_blobs=496 nmethods=231 adapters=179
 compilation: enabled

Compilation events (10 events):
Event: 0.141 Thread 0x00007f8ee80c9000 nmethod 226 0x00007f8ed9182710 code [0x00007f8ed9182880, 0x00007f8ed9182aa8]
Event: 0.141 Thread 0x00007f8ee80c9000  227       3       org.gradle.internal.classpath.DefaultClassPath$ImmutableUniqueList::get (54 bytes)
Event: 0.142 Thread 0x00007f8ee80c9000 nmethod 227 0x00007f8ed9186110 code [0x00007f8ed9186300, 0x00007f8ed9186a08]
Event: 0.142 Thread 0x00007f8ee80c9000  223       3       java.util.AbstractSet::<init> (5 bytes)
Event: 0.142 Thread 0x00007f8ee80c9000 nmethod 223 0x00007f8ed917fe10 code [0x00007f8ed917ff80, 0x00007f8ed9180190]
Event: 0.142 Thread 0x00007f8ee80c9000  228       3       java.util.AbstractList::<init> (10 bytes)
Event: 0.142 Thread 0x00007f8ee80c9000 nmethod 228 0x00007f8ed917f990 code [0x00007f8ed917fb00, 0x00007f8ed917fd10]
Event: 0.142 Thread 0x00007f8ee80c5000 nmethod 211 0x00007f8ed9185810 code [0x00007f8ed9185980, 0x00007f8ed9185db8]
Event: 0.142 Thread 0x00007f8ee80c5000  229       4       java.lang.String::indexOf (7 bytes)
Event: 0.142 Thread 0x00007f8ee80c9000  231       3       java.io.File::isDirectory (43 bytes)

GC Heap History (0 events):
No events

Deoptimization events (0 events):
No events

Classes redefined (0 events):
No events

Internal exceptions (6 events):
Event: 0.019 Thread 0x00007f8ee800b000 Exception <a 'java/lang/NoSuchMethodError': Method sun.misc.Unsafe.defineClass(Ljava/lang/String;[BII)Ljava/lang/Class; name or signature does not match> (0x00000000d7307cb0) thrown at [/HUDSON/workspace/8-2-build-linux-amd64/jdk8u201/12317/hotspot/src/sh
Event: 0.019 Thread 0x00007f8ee800b000 Exception <a 'java/lang/NoSuchMethodError': Method sun.misc.Unsafe.prefetchRead(Ljava/lang/Object;J)V name or signature does not match> (0x00000000d7307f98) thrown at [/HUDSON/workspace/8-2-build-linux-amd64/jdk8u201/12317/hotspot/src/share/vm/prims/jni.c
Event: 0.074 Thread 0x00007f8ee800b000 Exception <a 'java/security/PrivilegedActionException'> (0x00000000d74a4560) thrown at [/HUDSON/workspace/8-2-build-linux-amd64/jdk8u201/12317/hotspot/src/share/vm/prims/jvm.cpp, line 1502]
Event: 0.074 Thread 0x00007f8ee800b000 Exception <a 'java/security/PrivilegedActionException'> (0x00000000d74a4770) thrown at [/HUDSON/workspace/8-2-build-linux-amd64/jdk8u201/12317/hotspot/src/share/vm/prims/jvm.cpp, line 1502]
Event: 0.074 Thread 0x00007f8ee800b000 Exception <a 'java/security/PrivilegedActionException'> (0x00000000d74a6b70) thrown at [/HUDSON/workspace/8-2-build-linux-amd64/jdk8u201/12317/hotspot/src/share/vm/prims/jvm.cpp, line 1502]
Event: 0.074 Thread 0x00007f8ee800b000 Exception <a 'java/security/PrivilegedActionException'> (0x00000000d74a6d80) thrown at [/HUDSON/workspace/8-2-build-linux-amd64/jdk8u201/12317/hotspot/src/share/vm/prims/jvm.cpp, line 1502]

Events (10 events):
Event: 0.126 loading class org/gradle/api/specs/Spec
Event: 0.126 loading class org/gradle/api/specs/Spec done
Event: 0.127 loading class java/util/regex/Pattern$CharProperty$1
Event: 0.127 loading class java/util/regex/Pattern$CharProperty$1 done
Event: 0.127 loading class java/util/regex/Pattern$1
Event: 0.127 loading class java/util/regex/Pattern$1 done
Event: 0.129 Thread 0x00007f8ee800b000 DEOPT PACKING pc=0x00007f8ed912780a sp=0x00007f8ef013ff90
Event: 0.129 Thread 0x00007f8ee800b000 DEOPT UNPACKING pc=0x00007f8ed9047784 sp=0x00007f8ef013fce0 mode 0
Event: 0.141 loading class org/gradle/internal/classloader/VisitableURLClassLoader$Spec
Event: 0.141 loading class org/gradle/internal/classloader/VisitableURLClassLoader$Spec done


Dynamic libraries:
00400000-00401000 r-xp 00000000 08:06 8013769                            /usr/lib/jvm/jdk1.8.0_201/bin/java
00600000-00601000 r--p 00000000 08:06 8013769                            /usr/lib/jvm/jdk1.8.0_201/bin/java
00601000-00602000 rw-p 00001000 08:06 8013769                            /usr/lib/jvm/jdk1.8.0_201/bin/java
01d4a000-02018000 rw-p 00000000 00:00 0                                  [heap]
85800000-8ab00000 rw-p 00000000 00:00 0 
8ab00000-d7300000 ---p 00000000 00:00 0 
d7300000-d9c00000 rw-p 00000000 00:00 0 
d9c00000-100000000 ---p 00000000 00:00 0 
100000000-1000a0000 rw-p 00000000 00:00 0 
1000a0000-140000000 ---p 00000000 00:00 0 
7f8e84000000-7f8e84021000 rw-p 00000000 00:00 0 
7f8e84021000-7f8e88000000 ---p 00000000 00:00 0 
7f8e8c000000-7f8e8c186000 rw-p 00000000 00:00 0 
7f8e8c186000-7f8e90000000 ---p 00000000 00:00 0 
7f8e90000000-7f8e90021000 rw-p 00000000 00:00 0 
7f8e90021000-7f8e94000000 ---p 00000000 00:00 0 
7f8e94000000-7f8e94021000 rw-p 00000000 00:00 0 
7f8e94021000-7f8e98000000 ---p 00000000 00:00 0 
7f8e98000000-7f8e98021000 rw-p 00000000 00:00 0 
7f8e98021000-7f8e9c000000 ---p 00000000 00:00 0 
7f8e9c000000-7f8e9c021000 rw-p 00000000 00:00 0 
7f8e9c021000-7f8ea0000000 ---p 00000000 00:00 0 
7f8ea0000000-7f8ea0056000 rw-p 00000000 00:00 0 
7f8ea0056000-7f8ea4000000 ---p 00000000 00:00 0 
7f8ea4000000-7f8ea4021000 rw-p 00000000 00:00 0 
7f8ea4021000-7f8ea8000000 ---p 00000000 00:00 0 
7f8ea8000000-7f8ea8021000 rw-p 00000000 00:00 0 
7f8ea8021000-7f8eac000000 ---p 00000000 00:00 0 
7f8eac000000-7f8eac021000 rw-p 00000000 00:00 0 
7f8eac021000-7f8eb0000000 ---p 00000000 00:00 0 
7f8eb0000000-7f8eb0021000 rw-p 00000000 00:00 0 
7f8eb0021000-7f8eb4000000 ---p 00000000 00:00 0 
7f8eb4e7d000-7f8eb4ec3000 r--s 00265000 08:06 131433                     /home/ermicho/.gradle/wrapper/dists/gradle-4.10.2-all/9fahxiiecdb76a5g3aw9oi8rv/gradle-4.10.2/lib/gradle-core-4.10.2.jar
7f8eb4ec3000-7f8eb4ed4000 r-xp 00000000 08:06 10888331                   /usr/lib/jvm/jdk1.8.0_201/jre/lib/amd64/libnio.so
7f8eb4ed4000-7f8eb50d3000 ---p 00011000 08:06 10888331                   /usr/lib/jvm/jdk1.8.0_201/jre/lib/amd64/libnio.so
7f8eb50d3000-7f8eb50d4000 r--p 00010000 08:06 10888331                   /usr/lib/jvm/jdk1.8.0_201/jre/lib/amd64/libnio.so
7f8eb50d4000-7f8eb50d5000 rw-p 00011000 08:06 10888331                   /usr/lib/jvm/jdk1.8.0_201/jre/lib/amd64/libnio.so
7f8eb50d5000-7f8eb50eb000 r-xp 00000000 08:06 10888328                   /usr/lib/jvm/jdk1.8.0_201/jre/lib/amd64/libnet.so
7f8eb50eb000-7f8eb52eb000 ---p 00016000 08:06 10888328                   /usr/lib/jvm/jdk1.8.0_201/jre/lib/amd64/libnet.so
7f8eb52eb000-7f8eb52ec000 r--p 00016000 08:06 10888328                   /usr/lib/jvm/jdk1.8.0_201/jre/lib/amd64/libnet.so
7f8eb52ec000-7f8eb52ed000 rw-p 00017000 08:06 10888328                   /usr/lib/jvm/jdk1.8.0_201/jre/lib/amd64/libnet.so
7f8eb52ed000-7f8eb52ee000 ---p 00000000 00:00 0 
7f8eb52ee000-7f8eb53ee000 rw-p 00000000 00:00 0 
7f8eb53ee000-7f8eb53f1000 ---p 00000000 00:00 0 
7f8eb53f1000-7f8eb54ef000 rw-p 00000000 00:00 0 
7f8eb54ef000-7f8eb54f0000 ---p 00000000 00:00 0 
7f8eb54f0000-7f8eb54f3000 ---p 00000000 00:00 0 
7f8eb54f3000-7f8eb55f0000 rw-p 00000000 00:00 0 
7f8eb55f0000-7f8eb55f1000 ---p 00000000 00:00 0 
7f8eb55f1000-7f8eb55f4000 ---p 00000000 00:00 0 
7f8eb55f4000-7f8eb56f1000 rw-p 00000000 00:00 0 
7f8eb56f1000-7f8eb56f2000 ---p 00000000 00:00 0 
7f8eb56f2000-7f8eb56f5000 ---p 00000000 00:00 0 
7f8eb56f5000-7f8eb57f2000 rw-p 00000000 00:00 0 
7f8eb57f2000-7f8eb57f3000 ---p 00000000 00:00 0 
7f8eb57f3000-7f8eb57f6000 ---p 00000000 00:00 0 
7f8eb57f6000-7f8eb58f3000 rw-p 00000000 00:00 0 
7f8eb58f3000-7f8eb58f6000 ---p 00000000 00:00 0 
7f8eb58f6000-7f8eb59f4000 rw-p 00000000 00:00 0 
7f8eb59f4000-7f8eb63c3000 r--p 00000000 08:06 662140                     /usr/lib/locale/locale-archive
7f8eb63c3000-7f8eb63c6000 ---p 00000000 00:00 0 
7f8eb63c6000-7f8eb64c4000 rw-p 00000000 00:00 0 
7f8eb64c4000-7f8eb64c7000 ---p 00000000 00:00 0 
7f8eb64c7000-7f8eb65c5000 rw-p 00000000 00:00 0 
7f8eb65c5000-7f8eb65c6000 ---p 00000000 00:00 0 
7f8eb65c6000-7f8eb8000000 rw-p 00000000 00:00 0 
7f8eb8000000-7f8eb8021000 rw-p 00000000 00:00 0 
7f8eb8021000-7f8ebc000000 ---p 00000000 00:00 0 
7f8ebc000000-7f8ebc00d000 r--s 00037000 08:06 131435                     /home/ermicho/.gradle/wrapper/dists/gradle-4.10.2-all/9fahxiiecdb76a5g3aw9oi8rv/gradle-4.10.2/lib/gradle-core-api-4.10.2.jar
7f8ebc00d000-7f8ebc019000 r--s 00064000 08:06 131446                     /home/ermicho/.gradle/wrapper/dists/gradle-4.10.2-all/9fahxiiecdb76a5g3aw9oi8rv/gradle-4.10.2/lib/gradle-base-services-4.10.2.jar
7f8ebc019000-7f8ec0000000 rw-p 00000000 00:00 0 
7f8ec0000000-7f8ec0021000 rw-p 00000000 00:00 0 
7f8ec0021000-7f8ec4000000 ---p 00000000 00:00 0 
7f8ec4000000-7f8ec4021000 rw-p 00000000 00:00 0 
7f8ec4021000-7f8ec8000000 ---p 00000000 00:00 0 
7f8ec8000000-7f8ec8021000 rw-p 00000000 00:00 0 
7f8ec8021000-7f8ecc000000 ---p 00000000 00:00 0 
7f8ecc000000-7f8ecc021000 rw-p 00000000 00:00 0 
7f8ecc021000-7f8ed0000000 ---p 00000000 00:00 0 
7f8ed0000000-7f8ed0021000 rw-p 00000000 00:00 0 
7f8ed0021000-7f8ed4000000 ---p 00000000 00:00 0 
7f8ed4000000-7f8ed4021000 rw-p 00000000 00:00 0 
7f8ed4021000-7f8ed8000000 ---p 00000000 00:00 0 
7f8ed8001000-7f8ed8050000 rw-p 00000000 00:00 0 
7f8ed8050000-7f8ed822a000 r--s 03d6f000 08:06 10888034                   /usr/lib/jvm/jdk1.8.0_201/jre/lib/rt.jar
7f8ed822a000-7f8ed86aa000 rw-p 00000000 00:00 0 
7f8ed86aa000-7f8ed8a2a000 ---p 00000000 00:00 0 
7f8ed8a2a000-7f8ed8dfe000 rw-p 00000000 00:00 0 
7f8ed8dfe000-7f8ed8dff000 ---p 00000000 00:00 0 
7f8ed8dff000-7f8ed8eff000 rw-p 00000000 00:00 0 
7f8ed8eff000-7f8ed8f00000 ---p 00000000 00:00 0 
7f8ed8f00000-7f8ed9000000 rw-p 00000000 00:00 0 
7f8ed9000000-7f8ed9270000 rwxp 00000000 00:00 0 
7f8ed9270000-7f8ee8000000 ---p 00000000 00:00 0 
7f8ee8000000-7f8ee83e5000 rw-p 00000000 00:00 0 
7f8ee83e5000-7f8eec000000 ---p 00000000 00:00 0 
7f8eec002000-7f8eec0ba000 rw-p 00000000 00:00 0 
7f8eec0ba000-7f8eec0bb000 ---p 00000000 00:00 0 
7f8eec0bb000-7f8eec1bb000 rw-p 00000000 00:00 0 
7f8eec1bb000-7f8eec1bc000 ---p 00000000 00:00 0 
7f8eec1bc000-7f8eec2bc000 rw-p 00000000 00:00 0 
7f8eec2bc000-7f8eec2bd000 ---p 00000000 00:00 0 
7f8eec2bd000-7f8eec3bd000 rw-p 00000000 00:00 0 
7f8eec3bd000-7f8eec3be000 ---p 00000000 00:00 0 
7f8eec3be000-7f8eec4be000 rw-p 00000000 00:00 0 
7f8eec4be000-7f8eec4bf000 ---p 00000000 00:00 0 
7f8eec4bf000-7f8eec5bf000 rw-p 00000000 00:00 0 
7f8eec5bf000-7f8eec5c0000 ---p 00000000 00:00 0 
7f8eec5c0000-7f8eec6ea000 rw-p 00000000 00:00 0 
7f8eec6ea000-7f8eec94e000 ---p 00000000 00:00 0 
7f8eec94e000-7f8eec978000 rw-p 00000000 00:00 0 
7f8eec978000-7f8eecbdb000 ---p 00000000 00:00 0 
7f8eecbdb000-7f8eecbf0000 rw-p 00000000 00:00 0 
7f8eecbf0000-7f8eecd22000 ---p 00000000 00:00 0 
7f8eecd22000-7f8eecd2d000 rw-p 00000000 00:00 0 
7f8eecd2d000-7f8eed0e3000 ---p 00000000 00:00 0 
7f8eed0e3000-7f8eed0fe000 r-xp 00000000 08:06 10888324                   /usr/lib/jvm/jdk1.8.0_201/jre/lib/amd64/libzip.so
7f8eed0fe000-7f8eed2fd000 ---p 0001b000 08:06 10888324                   /usr/lib/jvm/jdk1.8.0_201/jre/lib/amd64/libzip.so
7f8eed2fd000-7f8eed2fe000 r--p 0001a000 08:06 10888324                   /usr/lib/jvm/jdk1.8.0_201/jre/lib/amd64/libzip.so
7f8eed2fe000-7f8eed2ff000 rw-p 0001b000 08:06 10888324                   /usr/lib/jvm/jdk1.8.0_201/jre/lib/amd64/libzip.so
7f8eed2ff000-7f8eed30a000 r-xp 00000000 08:06 3937066                    /lib/x86_64-linux-gnu/libnss_files-2.27.so
7f8eed30a000-7f8eed509000 ---p 0000b000 08:06 3937066                    /lib/x86_64-linux-gnu/libnss_files-2.27.so
7f8eed509000-7f8eed50a000 r--p 0000a000 08:06 3937066                    /lib/x86_64-linux-gnu/libnss_files-2.27.so
7f8eed50a000-7f8eed50b000 rw-p 0000b000 08:06 3937066                    /lib/x86_64-linux-gnu/libnss_files-2.27.so
7f8eed50b000-7f8eed511000 rw-p 00000000 00:00 0 
7f8eed511000-7f8eed528000 r-xp 00000000 08:06 3937060                    /lib/x86_64-linux-gnu/libnsl-2.27.so
7f8eed528000-7f8eed727000 ---p 00017000 08:06 3937060                    /lib/x86_64-linux-gnu/libnsl-2.27.so
7f8eed727000-7f8eed728000 r--p 00016000 08:06 3937060                    /lib/x86_64-linux-gnu/libnsl-2.27.so
7f8eed728000-7f8eed729000 rw-p 00017000 08:06 3937060                    /lib/x86_64-linux-gnu/libnsl-2.27.so
7f8eed729000-7f8eed72b000 rw-p 00000000 00:00 0 
7f8eed72b000-7f8eed736000 r-xp 00000000 08:06 3937077                    /lib/x86_64-linux-gnu/libnss_nis-2.27.so
7f8eed736000-7f8eed935000 ---p 0000b000 08:06 3937077                    /lib/x86_64-linux-gnu/libnss_nis-2.27.so
7f8eed935000-7f8eed936000 r--p 0000a000 08:06 3937077                    /lib/x86_64-linux-gnu/libnss_nis-2.27.so
7f8eed936000-7f8eed937000 rw-p 0000b000 08:06 3937077                    /lib/x86_64-linux-gnu/libnss_nis-2.27.so
7f8eed937000-7f8eed93f000 r-xp 00000000 08:06 3937062                    /lib/x86_64-linux-gnu/libnss_compat-2.27.so
7f8eed93f000-7f8eedb3f000 ---p 00008000 08:06 3937062                    /lib/x86_64-linux-gnu/libnss_compat-2.27.so
7f8eedb3f000-7f8eedb40000 r--p 00008000 08:06 3937062                    /lib/x86_64-linux-gnu/libnss_compat-2.27.so
7f8eedb40000-7f8eedb41000 rw-p 00009000 08:06 3937062                    /lib/x86_64-linux-gnu/libnss_compat-2.27.so
7f8eedb41000-7f8eedb6d000 r-xp 00000000 08:06 10888318                   /usr/lib/jvm/jdk1.8.0_201/jre/lib/amd64/libjava.so
7f8eedb6d000-7f8eedd6d000 ---p 0002c000 08:06 10888318                   /usr/lib/jvm/jdk1.8.0_201/jre/lib/amd64/libjava.so
7f8eedd6d000-7f8eedd6e000 r--p 0002c000 08:06 10888318                   /usr/lib/jvm/jdk1.8.0_201/jre/lib/amd64/libjava.so
7f8eedd6e000-7f8eedd70000 rw-p 0002d000 08:06 10888318                   /usr/lib/jvm/jdk1.8.0_201/jre/lib/amd64/libjava.so
7f8eedd70000-7f8eedd7d000 r-xp 00000000 08:06 10888323                   /usr/lib/jvm/jdk1.8.0_201/jre/lib/amd64/libverify.so
7f8eedd7d000-7f8eedf7c000 ---p 0000d000 08:06 10888323                   /usr/lib/jvm/jdk1.8.0_201/jre/lib/amd64/libverify.so
7f8eedf7c000-7f8eedf7e000 r--p 0000c000 08:06 10888323                   /usr/lib/jvm/jdk1.8.0_201/jre/lib/amd64/libverify.so
7f8eedf7e000-7f8eedf7f000 rw-p 0000e000 08:06 10888323                   /usr/lib/jvm/jdk1.8.0_201/jre/lib/amd64/libverify.so
7f8eedf7f000-7f8eedf86000 r-xp 00000000 08:06 3937117                    /lib/x86_64-linux-gnu/librt-2.27.so
7f8eedf86000-7f8eee185000 ---p 00007000 08:06 3937117                    /lib/x86_64-linux-gnu/librt-2.27.so
7f8eee185000-7f8eee186000 r--p 00006000 08:06 3937117                    /lib/x86_64-linux-gnu/librt-2.27.so
7f8eee186000-7f8eee187000 rw-p 00007000 08:06 3937117                    /lib/x86_64-linux-gnu/librt-2.27.so
7f8eee187000-7f8eee324000 r-xp 00000000 08:06 3937039                    /lib/x86_64-linux-gnu/libm-2.27.so
7f8eee324000-7f8eee523000 ---p 0019d000 08:06 3937039                    /lib/x86_64-linux-gnu/libm-2.27.so
7f8eee523000-7f8eee524000 r--p 0019c000 08:06 3937039                    /lib/x86_64-linux-gnu/libm-2.27.so
7f8eee524000-7f8eee525000 rw-p 0019d000 08:06 3937039                    /lib/x86_64-linux-gnu/libm-2.27.so
7f8eee525000-7f8eef20d000 r-xp 00000000 08:06 10888346                   /usr/lib/jvm/jdk1.8.0_201/jre/lib/amd64/server/libjvm.so
7f8eef20d000-7f8eef40c000 ---p 00ce8000 08:06 10888346                   /usr/lib/jvm/jdk1.8.0_201/jre/lib/amd64/server/libjvm.so
7f8eef40c000-7f8eef4a2000 r--p 00ce7000 08:06 10888346                   /usr/lib/jvm/jdk1.8.0_201/jre/lib/amd64/server/libjvm.so
7f8eef4a2000-7f8eef4d3000 rw-p 00d7d000 08:06 10888346                   /usr/lib/jvm/jdk1.8.0_201/jre/lib/amd64/server/libjvm.so
7f8eef4d3000-7f8eef50e000 rw-p 00000000 00:00 0 
7f8eef50e000-7f8eef6f5000 r-xp 00000000 08:06 3936976                    /lib/x86_64-linux-gnu/libc-2.27.so
7f8eef6f5000-7f8eef8f5000 ---p 001e7000 08:06 3936976                    /lib/x86_64-linux-gnu/libc-2.27.so
7f8eef8f5000-7f8eef8f9000 r--p 001e7000 08:06 3936976                    /lib/x86_64-linux-gnu/libc-2.27.so
7f8eef8f9000-7f8eef8fb000 rw-p 001eb000 08:06 3936976                    /lib/x86_64-linux-gnu/libc-2.27.so
7f8eef8fb000-7f8eef8ff000 rw-p 00000000 00:00 0 
7f8eef8ff000-7f8eef902000 r-xp 00000000 08:06 3936999                    /lib/x86_64-linux-gnu/libdl-2.27.so
7f8eef902000-7f8eefb01000 ---p 00003000 08:06 3936999                    /lib/x86_64-linux-gnu/libdl-2.27.so
7f8eefb01000-7f8eefb02000 r--p 00002000 08:06 3936999                    /lib/x86_64-linux-gnu/libdl-2.27.so
7f8eefb02000-7f8eefb03000 rw-p 00003000 08:06 3936999                    /lib/x86_64-linux-gnu/libdl-2.27.so
7f8eefb03000-7f8eefb1a000 r-xp 00000000 08:06 9054391                    /usr/lib/jvm/jdk1.8.0_201/lib/amd64/jli/libjli.so
7f8eefb1a000-7f8eefd19000 ---p 00017000 08:06 9054391                    /usr/lib/jvm/jdk1.8.0_201/lib/amd64/jli/libjli.so
7f8eefd19000-7f8eefd1a000 r--p 00016000 08:06 9054391                    /usr/lib/jvm/jdk1.8.0_201/lib/amd64/jli/libjli.so
7f8eefd1a000-7f8eefd1b000 rw-p 00017000 08:06 9054391                    /usr/lib/jvm/jdk1.8.0_201/lib/amd64/jli/libjli.so
7f8eefd1b000-7f8eefd35000 r-xp 00000000 08:06 3937109                    /lib/x86_64-linux-gnu/libpthread-2.27.so
7f8eefd35000-7f8eeff34000 ---p 0001a000 08:06 3937109                    /lib/x86_64-linux-gnu/libpthread-2.27.so
7f8eeff34000-7f8eeff35000 r--p 00019000 08:06 3937109                    /lib/x86_64-linux-gnu/libpthread-2.27.so
7f8eeff35000-7f8eeff36000 rw-p 0001a000 08:06 3937109                    /lib/x86_64-linux-gnu/libpthread-2.27.so
7f8eeff36000-7f8eeff3a000 rw-p 00000000 00:00 0 
7f8eeff3a000-7f8eeff61000 r-xp 00000000 08:06 3936948                    /lib/x86_64-linux-gnu/ld-2.27.so
7f8eeff6a000-7f8eeff77000 r--s 00068000 08:06 131428                     /home/ermicho/.gradle/wrapper/dists/gradle-4.10.2-all/9fahxiiecdb76a5g3aw9oi8rv/gradle-4.10.2/lib/gradle-launcher-4.10.2.jar
7f8eeff77000-7f8ef0042000 rw-p 00000000 00:00 0 
7f8ef0042000-7f8ef0043000 ---p 00000000 00:00 0 
7f8ef0043000-7f8ef0046000 ---p 00000000 00:00 0 
7f8ef0046000-7f8ef0147000 rw-p 00000000 00:00 0 
7f8ef0151000-7f8ef0155000 r--s 000a1000 08:06 10888039                   /usr/lib/jvm/jdk1.8.0_201/jre/lib/jsse.jar
7f8ef0155000-7f8ef0157000 r--s 0000c000 08:06 4234248                    /home/ermicho/projects/react-native/sidebar/android/gradle/wrapper/gradle-wrapper.jar
7f8ef0157000-7f8ef015f000 rw-s 00000000 08:06 13139604                   /tmp/hsperfdata_ermicho/22064
7f8ef015f000-7f8ef0160000 rw-p 00000000 00:00 0 
7f8ef0160000-7f8ef0161000 r--p 00000000 00:00 0 
7f8ef0161000-7f8ef0162000 r--p 00027000 08:06 3936948                    /lib/x86_64-linux-gnu/ld-2.27.so
7f8ef0162000-7f8ef0163000 rw-p 00028000 08:06 3936948                    /lib/x86_64-linux-gnu/ld-2.27.so
7f8ef0163000-7f8ef0164000 rw-p 00000000 00:00 0 
7ffd66183000-7ffd661a6000 rw-p 00000000 00:00 0                          [stack]
7ffd661de000-7ffd661e1000 r--p 00000000 00:00 0                          [vvar]
7ffd661e1000-7ffd661e3000 r-xp 00000000 00:00 0                          [vdso]
ffffffffff600000-ffffffffff601000 r-xp 00000000 00:00 0                  [vsyscall]

VM Arguments:
jvm_args: -Dorg.gradle.appname=gradlew 
java_command: org.gradle.wrapper.GradleWrapperMain app:installDebug
java_class_path (initial): /home/ermicho/projects/react-native/sidebar/android/gradle/wrapper/gradle-wrapper.jar
Launcher Type: SUN_STANDARD

Environment Variables:
JAVA_HOME=/usr/lib/jvm/jdk1.8.0_201
PATH=/home/ermicho/projects/react-native/sidebar/node_modules/.bin:/usr/local/lib/node_modules/npm/node_modules/npm-lifecycle/node-gyp-bin:/home/ermicho/projects/react-native/sidebar/node_modules/.bin:/usr/local/sbin:/usr/local/bin:/usr/sbin:/usr/bin:/sbin:/bin:/usr/games:/usr/local/games:/snap/bin:/home/ermicho/Android/Sdk/tools:/home/ermicho/Android/Sdk/tools/bin:/home/ermicho/Android/Sdk/platform-tools:/home/ermicho/Android/Sdk/emulator:/home/ermicho/Android/Sdk/tools/bin:/home/ermicho/Android/Sdk/platform-tools
USERNAME=ermicho
SHELL=/bin/bash
DISPLAY=:0

Signal Handlers:
SIGSEGV: [libjvm.so+0xad3e60], sa_mask[0]=11111111011111111101111111111110, sa_flags=SA_RESTART|SA_SIGINFO
SIGBUS: [libjvm.so+0xad3e60], sa_mask[0]=11111111011111111101111111111110, sa_flags=SA_RESTART|SA_SIGINFO
SIGFPE: [libjvm.so+0x90b880], sa_mask[0]=11111111011111111101111111111110, sa_flags=SA_RESTART|SA_SIGINFO
SIGPIPE: [libjvm.so+0x90b880], sa_mask[0]=11111111011111111101111111111110, sa_flags=SA_RESTART|SA_SIGINFO
SIGXFSZ: [libjvm.so+0x90b880], sa_mask[0]=11111111011111111101111111111110, sa_flags=SA_RESTART|SA_SIGINFO
SIGILL: [libjvm.so+0x90b880], sa_mask[0]=11111111011111111101111111111110, sa_flags=SA_RESTART|SA_SIGINFO
SIGUSR1: SIG_DFL, sa_mask[0]=00000000000000000000000000000000, sa_flags=none
SIGUSR2: [libjvm.so+0x90b750], sa_mask[0]=00000000000000000000000000000000, sa_flags=SA_RESTART|SA_SIGINFO
SIGHUP: [libjvm.so+0x90bd70], sa_mask[0]=11111111011111111101111111111110, sa_flags=SA_RESTART|SA_SIGINFO
SIGINT: [libjvm.so+0x90bd70], sa_mask[0]=11111111011111111101111111111110, sa_flags=SA_RESTART|SA_SIGINFO
SIGTERM: [libjvm.so+0x90bd70], sa_mask[0]=11111111011111111101111111111110, sa_flags=SA_RESTART|SA_SIGINFO
SIGQUIT: [libjvm.so+0x90bd70], sa_mask[0]=11111111011111111101111111111110, sa_flags=SA_RESTART|SA_SIGINFO


---------------  S Y S T E M  ---------------

OS:DISTRIB_ID=Ubuntu
DISTRIB_RELEASE=18.04
DISTRIB_CODENAME=bionic
DISTRIB_DESCRIPTION="Ubuntu 18.04.2 LTS"

uname:Linux 4.15.0-46-generic #49-Ubuntu SMP Wed Feb 6 09:33:07 UTC 2019 x86_64
libc:glibc 2.27 NPTL 2.27 
rlimit: STACK 8192k, CORE 0k, NPROC 30710, NOFILE 4096, AS infinity
load average:1.59 1.80 1.98

/proc/meminfo:
MemTotal:        8021540 kB
MemFree:          202748 kB
MemAvailable:    1592980 kB
Buffers:           48600 kB
Cached:          2025092 kB
SwapCached:            8 kB
Active:          5600400 kB
Inactive:        1700596 kB
Active(anon):    4826544 kB
Inactive(anon):   949148 kB
Active(file):     773856 kB
Inactive(file):   751448 kB
Unevictable:         344 kB
Mlocked:             344 kB
SwapTotal:       2097148 kB
SwapFree:        2095868 kB
Dirty:             83008 kB
Writeback:             0 kB
AnonPages:       5225532 kB
Mapped:          1196672 kB
Shmem:            595156 kB
Slab:             262924 kB
SReclaimable:     172756 kB
SUnreclaim:        90168 kB
KernelStack:       26492 kB
PageTables:       108280 kB
NFS_Unstable:          0 kB
Bounce:                0 kB
WritebackTmp:          0 kB
CommitLimit:     6107916 kB
Committed_AS:   19079932 kB
VmallocTotal:   34359738367 kB
VmallocUsed:           0 kB
VmallocChunk:          0 kB
HardwareCorrupted:     0 kB
AnonHugePages:         0 kB
ShmemHugePages:        0 kB
ShmemPmdMapped:        0 kB
CmaTotal:              0 kB
CmaFree:               0 kB
HugePages_Total:       0
HugePages_Free:        0
HugePages_Rsvd:        0
HugePages_Surp:        0
Hugepagesize:       2048 kB
DirectMap4k:      355780 kB
DirectMap2M:     7886848 kB
DirectMap1G:     1048576 kB

container (cgroup) information:
container_type: cgroupv1
cpu_cpuset_cpus: 0-7
cpu_memory_nodes: 0
active_processor_count: 8
cpu_quota: -1
cpu_period: 100000
cpu_shares: -1
memory_limit_in_bytes: -1
memory_and_swap_limit_in_bytes: -2
memory_soft_limit_in_bytes: -1
memory_usage_in_bytes: 7474819072
memory_max_usage_in_bytes: 87908352


CPU:total 8 (initial active 8) (4 cores per cpu, 2 threads per core) family 6 model 142 stepping 10, cmov, cx8, fxsr, mmx, sse, sse2, sse3, ssse3, sse4.1, sse4.2, popcnt, avx, avx2, aes, clmul, erms, 3dnowpref, lzcnt, ht, tsc, tscinvbit, bmi1, bmi2, adx

/proc/cpuinfo:
processor	: 0
vendor_id	: GenuineIntel
cpu family	: 6
model		: 142
model name	: Intel(R) Core(TM) i7-8550U CPU @ 1.80GHz
stepping	: 10
microcode	: 0x96
cpu MHz		: 3209.354
cache size	: 8192 KB
physical id	: 0
siblings	: 8
core id		: 0
cpu cores	: 4
apicid		: 0
initial apicid	: 0
fpu		: yes
fpu_exception	: yes
cpuid level	: 22
wp		: yes
flags		: fpu vme de pse tsc msr pae mce cx8 apic sep mtrr pge mca cmov pat pse36 clflush dts acpi mmx fxsr sse sse2 ss ht tm pbe syscall nx pdpe1gb rdtscp lm constant_tsc art arch_perfmon pebs bts rep_good nopl xtopology nonstop_tsc cpuid aperfmperf tsc_known_freq pni pclmulqdq dtes64 monitor ds_cpl vmx est tm2 ssse3 sdbg fma cx16 xtpr pdcm pcid sse4_1 sse4_2 x2apic movbe popcnt tsc_deadline_timer aes xsave avx f16c rdrand lahf_lm abm 3dnowprefetch cpuid_fault epb invpcid_single pti ssbd ibrs ibpb stibp tpr_shadow vnmi flexpriority ept vpid fsgsbase tsc_adjust bmi1 avx2 smep bmi2 erms invpcid mpx rdseed adx smap clflushopt intel_pt xsaveopt xsavec xgetbv1 xsaves dtherm ida arat pln pts hwp hwp_notify hwp_act_window hwp_epp flush_l1d
bugs		: cpu_meltdown spectre_v1 spectre_v2 spec_store_bypass l1tf
bogomips	: 3984.00
clflush size	: 64
cache_alignment	: 64
address sizes	: 39 bits physical, 48 bits virtual
power management:

processor	: 1
vendor_id	: GenuineIntel
cpu family	: 6
model		: 142
model name	: Intel(R) Core(TM) i7-8550U CPU @ 1.80GHz
stepping	: 10
microcode	: 0x96
cpu MHz		: 3295.266
cache size	: 8192 KB
physical id	: 0
siblings	: 8
core id		: 1
cpu cores	: 4
apicid		: 2
initial apicid	: 2
fpu		: yes
fpu_exception	: yes
cpuid level	: 22
wp		: yes
flags		: fpu vme de pse tsc msr pae mce cx8 apic sep mtrr pge mca cmov pat pse36 clflush dts acpi mmx fxsr sse sse2 ss ht tm pbe syscall nx pdpe1gb rdtscp lm constant_tsc art arch_perfmon pebs bts rep_good nopl xtopology nonstop_tsc cpuid aperfmperf tsc_known_freq pni pclmulqdq dtes64 monitor ds_cpl vmx est tm2 ssse3 sdbg fma cx16 xtpr pdcm pcid sse4_1 sse4_2 x2apic movbe popcnt tsc_deadline_timer aes xsave avx f16c rdrand lahf_lm abm 3dnowprefetch cpuid_fault epb invpcid_single pti ssbd ibrs ibpb stibp tpr_shadow vnmi flexpriority ept vpid fsgsbase tsc_adjust bmi1 avx2 smep bmi2 erms invpcid mpx rdseed adx smap clflushopt intel_pt xsaveopt xsavec xgetbv1 xsaves dtherm ida arat pln pts hwp hwp_notify hwp_act_window hwp_epp flush_l1d
bugs		: cpu_meltdown spectre_v1 spectre_v2 spec_store_bypass l1tf
bogomips	: 3984.00
clflush size	: 64
cache_alignment	: 64
address sizes	: 39 bits physical, 48 bits virtual
power management:

processor	: 2
vendor_id	: GenuineIntel
cpu family	: 6
model		: 142
model name	: Intel(R) Core(TM) i7-8550U CPU @ 1.80GHz
stepping	: 10
microcode	: 0x96
cpu MHz		: 3190.132
cache size	: 8192 KB
physical id	: 0
siblings	: 8
core id		: 2
cpu cores	: 4
apicid		: 4
initial apicid	: 4
fpu		: yes
fpu_exception	: yes
cpuid level	: 22
wp		: yes
flags		: fpu vme de pse tsc msr pae mce cx8 apic sep mtrr pge mca cmov pat pse36 clflush dts acpi mmx fxsr sse sse2 ss ht tm pbe syscall nx pdpe1gb rdtscp lm constant_tsc art arch_perfmon pebs bts rep_good nopl xtopology nonstop_tsc cpuid aperfmperf tsc_known_freq pni pclmulqdq dtes64 monitor ds_cpl vmx est tm2 ssse3 sdbg fma cx16 xtpr pdcm pcid sse4_1 sse4_2 x2apic movbe popcnt tsc_deadline_timer aes xsave avx f16c rdrand lahf_lm abm 3dnowprefetch cpuid_fault epb invpcid_single pti ssbd ibrs ibpb stibp tpr_shadow vnmi flexpriority ept vpid fsgsbase tsc_adjust bmi1 avx2 smep bmi2 erms invpcid mpx rdseed adx smap clflushopt intel_pt xsaveopt xsavec xgetbv1 xsaves dtherm ida arat pln pts hwp hwp_notify hwp_act_window hwp_epp flush_l1d
bugs		: cpu_meltdown spectre_v1 spectre_v2 spec_store_bypass l1tf
bogomips	: 3984.00
clflush size	: 64
cache_alignment	: 64
address sizes	: 39 bits physical, 48 bits virtual
power management:

processor	: 3
vendor_id	: GenuineIntel
cpu family	: 6
model		: 142
model name	: Intel(R) Core(TM) i7-8550U CPU @ 1.80GHz
stepping	: 10
microcode	: 0x96
cpu MHz		: 3208.533
cache size	: 8192 KB
physical id	: 0
siblings	: 8
core id		: 3
cpu cores	: 4
apicid		: 6
initial apicid	: 6
fpu		: yes
fpu_exception	: yes
cpuid level	: 22
wp		: yes
flags		: fpu vme de pse tsc msr pae mce cx8 apic sep mtrr pge mca cmov pat pse36 clflush dts acpi mmx fxsr sse sse2 ss ht tm pbe syscall nx pdpe1gb rdtscp lm constant_tsc art arch_perfmon pebs bts rep_good nopl xtopology nonstop_tsc cpuid aperfmperf tsc_known_freq pni pclmulqdq dtes64 monitor ds_cpl vmx est tm2 ssse3 sdbg fma cx16 xtpr pdcm pcid sse4_1 sse4_2 x2apic movbe popcnt tsc_deadline_timer aes xsave avx f16c rdrand lahf_lm abm 3dnowprefetch cpuid_fault epb invpcid_single pti ssbd ibrs ibpb stibp tpr_shadow vnmi flexpriority ept vpid fsgsbase tsc_adjust bmi1 avx2 smep bmi2 erms invpcid mpx rdseed adx smap clflushopt intel_pt xsaveopt xsavec xgetbv1 xsaves dtherm ida arat pln pts hwp hwp_notify hwp_act_window hwp_epp flush_l1d
bugs		: cpu_meltdown spectre_v1 spectre_v2 spec_store_bypass l1tf
bogomips	: 3984.00
clflush size	: 64
cache_alignment	: 64
address sizes	: 39 bits physical, 48 bits virtual
power management:

processor	: 4
vendor_id	: GenuineIntel
cpu family	: 6
model		: 142
model name	: Intel(R) Core(TM) i7-8550U CPU @ 1.80GHz
stepping	: 10
microcode	: 0x96
cpu MHz		: 3217.701
cache size	: 8192 KB
physical id	: 0
siblings	: 8
core id		: 0
cpu cores	: 4
apicid		: 1
initial apicid	: 1
fpu		: yes
fpu_exception	: yes
cpuid level	: 22
wp		: yes
flags		: fpu vme de pse tsc msr pae mce cx8 apic sep mtrr pge mca cmov pat pse36 clflush dts acpi mmx fxsr sse sse2 ss ht tm pbe syscall nx pdpe1gb rdtscp lm constant_tsc art arch_perfmon pebs bts rep_good nopl xtopology nonstop_tsc cpuid aperfmperf tsc_known_freq pni pclmulqdq dtes64 monitor ds_cpl vmx est tm2 ssse3 sdbg fma cx16 xtpr pdcm pcid sse4_1 sse4_2 x2apic movbe popcnt tsc_deadline_timer aes xsave avx f16c rdrand lahf_lm abm 3dnowprefetch cpuid_fault epb invpcid_single pti ssbd ibrs ibpb stibp tpr_shadow vnmi flexpriority ept vpid fsgsbase tsc_adjust bmi1 avx2 smep bmi2 erms invpcid mpx rdseed adx smap clflushopt intel_pt xsaveopt xsavec xgetbv1 xsaves dtherm ida arat pln pts hwp hwp_notify hwp_act_window hwp_epp flush_l1d
bugs		: cpu_meltdown spectre_v1 spectre_v2 spec_store_bypass l1tf
bogomips	: 3984.00
clflush size	: 64
cache_alignment	: 64
address sizes	: 39 bits physical, 48 bits virtual
power management:

processor	: 5
vendor_id	: GenuineIntel
cpu family	: 6
model		: 142
model name	: Intel(R) Core(TM) i7-8550U CPU @ 1.80GHz
stepping	: 10
microcode	: 0x96
cpu MHz		: 3171.114
cache size	: 8192 KB
physical id	: 0
siblings	: 8
core id		: 1
cpu cores	: 4
apicid		: 3
initial apicid	: 3
fpu		: yes
fpu_exception	: yes
cpuid level	: 22
wp		: yes
flags		: fpu vme de pse tsc msr pae mce cx8 apic sep mtrr pge mca cmov pat pse36 clflush dts acpi mmx fxsr sse sse2 ss ht tm pbe syscall nx pdpe1gb rdtscp lm constant_tsc art arch_perfmon pebs bts rep_good nopl xtopology nonstop_tsc cpuid aperfmperf tsc_known_freq pni pclmulqdq dtes64 monitor ds_cpl vmx est tm2 ssse3 sdbg fma cx16 xtpr pdcm pcid sse4_1 sse4_2 x2apic movbe popcnt tsc_deadline_timer aes xsave avx f16c rdrand lahf_lm abm 3dnowprefetch cpuid_fault epb invpcid_single pti ssbd ibrs ibpb stibp tpr_shadow vnmi flexpriority ept vpid fsgsbase tsc_adjust bmi1 avx2 smep bmi2 erms invpcid mpx rdseed adx smap clflushopt intel_pt xsaveopt xsavec xgetbv1 xsaves dtherm ida arat pln pts hwp hwp_notify hwp_act_window hwp_epp flush_l1d
bugs		: cpu_meltdown spectre_v1 spectre_v2 spec_store_bypass l1tf
bogomips	: 3984.00
clflush size	: 64
cache_alignment	: 64
address sizes	: 39 bits physical, 48 bits virtual
power management:

processor	: 6
vendor_id	: GenuineIntel
cpu family	: 6
model		: 142
model name	: Intel(R) Core(TM) i7-8550U CPU @ 1.80GHz
stepping	: 10
microcode	: 0x96
cpu MHz		: 3260.638
cache size	: 8192 KB
physical id	: 0
siblings	: 8
core id		: 2
cpu cores	: 4
apicid		: 5
initial apicid	: 5
fpu		: yes
fpu_exception	: yes
cpuid level	: 22
wp		: yes
flags		: fpu vme de pse tsc msr pae mce cx8 apic sep mtrr pge mca cmov pat pse36 clflush dts acpi mmx fxsr sse sse2 ss ht tm pbe syscall nx pdpe1gb rdtscp lm constant_tsc art arch_perfmon pebs bts rep_good nopl xtopology nonstop_tsc cpuid aperfmperf tsc_known_freq pni pclmulqdq dtes64 monitor ds_cpl vmx est tm2 ssse3 sdbg fma cx16 xtpr pdcm pcid sse4_1 sse4_2 x2apic movbe popcnt tsc_deadline_timer aes xsave avx f16c rdrand lahf_lm abm 3dnowprefetch cpuid_fault epb invpcid_single pti ssbd ibrs ibpb stibp tpr_shadow vnmi flexpriority ept vpid fsgsbase tsc_adjust bmi1 avx2 smep bmi2 erms invpcid mpx rdseed adx smap clflushopt intel_pt xsaveopt xsavec xgetbv1 xsaves dtherm ida arat pln pts hwp hwp_notify hwp_act_window hwp_epp flush_l1d
bugs		: cpu_meltdown spectre_v1 spectre_v2 spec_store_bypass l1tf
bogomips	: 3984.00
clflush size	: 64
cache_alignment	: 64
address sizes	: 39 bits physical, 48 bits virtual
power management:

processor	: 7
vendor_id	: GenuineIntel
cpu family	: 6
model		: 142
model name	: Intel(R) Core(TM) i7-8550U CPU @ 1.80GHz
stepping	: 10
microcode	: 0x96
cpu MHz		: 3254.174
cache size	: 8192 KB
physical id	: 0
siblings	: 8
core id		: 3
cpu cores	: 4
apicid		: 7
initial apicid	: 7
fpu		: yes
fpu_exception	: yes
cpuid level	: 22
wp		: yes
flags		: fpu vme de pse tsc msr pae mce cx8 apic sep mtrr pge mca cmov pat pse36 clflush dts acpi mmx fxsr sse sse2 ss ht tm pbe syscall nx pdpe1gb rdtscp lm constant_tsc art arch_perfmon pebs bts rep_good nopl xtopology nonstop_tsc cpuid aperfmperf tsc_known_freq pni pclmulqdq dtes64 monitor ds_cpl vmx est tm2 ssse3 sdbg fma cx16 xtpr pdcm pcid sse4_1 sse4_2 x2apic movbe popcnt tsc_deadline_timer aes xsave avx f16c rdrand lahf_lm abm 3dnowprefetch cpuid_fault epb invpcid_single pti ssbd ibrs ibpb stibp tpr_shadow vnmi flexpriority ept vpid fsgsbase tsc_adjust bmi1 avx2 smep bmi2 erms invpcid mpx rdseed adx smap clflushopt intel_pt xsaveopt xsavec xgetbv1 xsaves dtherm ida arat pln pts hwp hwp_notify hwp_act_window hwp_epp flush_l1d
bugs		: cpu_meltdown spectre_v1 spectre_v2 spec_store_bypass l1tf
bogomips	: 3984.00
clflush size	: 64
cache_alignment	: 64
address sizes	: 39 bits physical, 48 bits virtual
power management:



Memory: 4k page, physical 8021540k(203524k free), swap 2097148k(2095868k free)

vm_info: Java HotSpot(TM) 64-Bit Server VM (25.201-b09) for linux-amd64 JRE (1.8.0_201-b09), built on Dec 15 2018 11:35:59 by "java_re" with gcc 7.3.0

time: Sat Mar 16 13:19:01 2019
timezone: IST
elapsed time: 0 seconds (0d 0h 0m 0s)

