#
# A fatal error has been detected by the Java Runtime Environment:
#
#  SIGSEGV (0xb) at pc=0x00007ff5295f2783, pid=9829, tid=0x00007ff52a905b80
#
# JRE version: Java(TM) SE Runtime Environment (8.0_201-b09) (build 1.8.0_201-b09)
# Java VM: Java HotSpot(TM) 64-Bit Server VM (25.201-b09 mixed mode linux-amd64 compressed oops)
# Problematic frame:
# V  [libjvm.so+0x90b783]  SR_handler(int, siginfo*, ucontext*)+0x33
#
# Failed to write core dump. Core dumps have been disabled. To enable core dumping, try "ulimit -c unlimited" before starting Java again
#
# If you would like to submit a bug report, please visit:
#   http://bugreport.java.com/bugreport/crash.jsp
#

---------------  T H R E A D  ---------------

Current thread is native thread

siginfo: si_signo: 11 (SIGSEGV), si_code: 1 (SEGV_MAPERR), si_addr: 0x0000000000000128

Registers:
RAX=0x0000000000000000, RBX=0x00007ff52a904700, RCX=0x00007ff52a4e5d2d, RDX=0x00007ff52a905ea0
RSP=0x00007fff5b6a7bc0, RBP=0x00007fff5b6a7c70, RSI=0x00007fff5b6a7db0, RDI=0x0000000000000001
R8 =0x00000000000000ca, R9 =0x00007ff52a9049d0, R10=0x0000000000000000, R11=0x0000000000000246
R12=0x00007ff52a905b00, R13=0x0000000000000002, R14=0x00007fff5b6a7db0, R15=0x00007fff5b6a7c80
RIP=0x00007ff5295f2783, EFLAGS=0x0000000000010246, CSGSFS=0x002b000000000033, ERR=0x0000000000000004
  TRAPNO=0x000000000000000e

Top of Stack: (sp=0x00007fff5b6a7bc0)
0x00007fff5b6a7bc0:   00007ff529ce775a 0000000000000000
0x00007fff5b6a7bd0:   00007ff529ce19d0 0000ffff00001fa0
0x00007fff5b6a7be0:   0000000000000000 00007ff529e372df
0x00007fff5b6a7bf0:   393238395b6a8120 92eb4d102be00900
0x00007fff5b6a7c00:   00007fff5b6a7c40 00007fff5b6a7c40
0x00007fff5b6a7c10:   000000000000003f 00007ff529841ca7
0x00007fff5b6a7c20:   00007fff5b6a7dd8 0000000001ea65c0
0x00007fff5b6a7c30:   00007fff5b6a7eb0 00007ff529d58910
0x00007fff5b6a7c40:   00000000fbad8001 00007ff52a904700
0x00007fff5b6a7c50:   0000000000000000 00007fff5b6a8350
0x00007fff5b6a7c60:   0000000000000000 0000000000000001
0x00007fff5b6a7c70:   00007fff5b6a83b8 00007ff52a4ef890
0x00007fff5b6a7c80:   0000000000000007 0000000000000000
0x00007fff5b6a7c90:   0000000000000000 00007ff500000002
0x00007fff5b6a7ca0:   0000000000000000 00000000000000ca
0x00007fff5b6a7cb0:   00007ff52a9049d0 0000000000000000
0x00007fff5b6a7cc0:   0000000000000246 0000000000000000
0x00007fff5b6a7cd0:   00007fff5b6a8350 0000000000000000
0x00007fff5b6a7ce0:   0000000000000001 00007ff52a9049d0
0x00007fff5b6a7cf0:   0000000000000000 00007fff5b6a83b8
0x00007fff5b6a7d00:   00007ff52a904700 0000000000002670
0x00007fff5b6a7d10:   00000000000000ca 00007ff52a4e5d2d
0x00007fff5b6a7d20:   00007fff5b6a8340 00007ff52a4e5d2b
0x00007fff5b6a7d30:   0000000000000246 002b000000000033
0x00007fff5b6a7d40:   0000000000000000 0000000000000000
0x00007fff5b6a7d50:   0000000000000000 0000000000000000
0x00007fff5b6a7d60:   00007fff5b6a7e40 00007fff5b6a7ea8
0x00007fff5b6a7d70:   00007ff52a908748 00007ff52a907000
0x00007fff5b6a7d80:   0000000000000000 00007ff52a7071ef
0x00007fff5b6a7d90:   0000000000000004 00007ff52a70d754
0x00007fff5b6a7da0:   0000000000000001 0000000000000000
0x00007fff5b6a7db0:   000000000000000c 00007ff500000000 

Instructions: (pc=0x00007ff5295f2783)
0x00007ff5295f2763:   48 81 ec 88 00 00 00 e8 81 1d 8f ff 44 8b 28 49
0x00007ff5295f2773:   89 c4 48 8d 05 2c 61 68 00 8b 38 e8 15 2c 8f ff
0x00007ff5295f2783:   48 8b 98 28 01 00 00 8b 83 a8 00 00 00 83 f8 01
0x00007ff5295f2793:   74 1b 45 89 2c 24 48 81 c4 88 00 00 00 5b 41 5c 

Register to memory mapping:

RAX=0x0000000000000000 is an unknown value
RBX=0x00007ff52a904700 is pointing into the stack for thread: 0x00007ff52400b000
RCX=0x00007ff52a4e5d2d: <offset 0x8d2d> in /lib/x86_64-linux-gnu/libpthread.so.0 at 0x00007ff52a4dd000
RDX=0x00007ff52a905ea0 is an unknown value
RSP=0x00007fff5b6a7bc0 is an unknown value
RBP=0x00007fff5b6a7c70 is an unknown value
RSI=0x00007fff5b6a7db0 is an unknown value
RDI=0x0000000000000001 is an unknown value
R8 =0x00000000000000ca is an unknown value
R9 =0x00007ff52a9049d0 is pointing into the stack for thread: 0x00007ff52400b000
R10=0x0000000000000000 is an unknown value
R11=0x0000000000000246 is an unknown value
R12=0x00007ff52a905b00 is an unknown value
R13=0x0000000000000002 is an unknown value
R14=0x00007fff5b6a7db0 is an unknown value
R15=0x00007fff5b6a7c80 is an unknown value


Stack: [0x00007fff5b5b1000,0x00007fff5b6b1000],  sp=0x00007fff5b6a7bc0,  free space=986k
Native frames: (J=compiled Java code, j=interpreted, Vv=VM code, C=native code)
V  [libjvm.so+0x90b783]  SR_handler(int, siginfo*, ucontext*)+0x33
C  [libpthread.so.0+0x12890]


---------------  P R O C E S S  ---------------

VM state:not at safepoint (normal execution)

VM Mutex/Monitor currently owned by a thread: None

heap address: 0x0000000085800000, size: 1960 MB, Compressed Oops mode: 32-bit
Narrow klass base: 0x0000000000000000, Narrow klass shift: 3
Compressed class space size: 1073741824 Address: 0x0000000100000000

Heap:
 PSYoungGen      total 36864K, used 16433K [0x00000000d7300000, 0x00000000d9c00000, 0x0000000100000000)
  eden space 31744K, 35% used [0x00000000d7300000,0x00000000d7e10c50,0x00000000d9200000)
  from space 5120K, 99% used [0x00000000d9200000,0x00000000d96fb818,0x00000000d9700000)
  to   space 5120K, 0% used [0x00000000d9700000,0x00000000d9700000,0x00000000d9c00000)
 ParOldGen       total 84992K, used 59K [0x0000000085800000, 0x000000008ab00000, 0x00000000d7300000)
  object space 84992K, 0% used [0x0000000085800000,0x000000008580eeb0,0x000000008ab00000)
 Metaspace       used 11266K, capacity 11514K, committed 11648K, reserved 1058816K
  class space    used 1488K, capacity 1603K, committed 1664K, reserved 1048576K

Card table byte_map: [0x00007ff514017000,0x00007ff5143ec000] byte_map_base: 0x00007ff513beb000

Marking Bits: (ParMarkBitMap*) 0x00007ff529cb2d80
 Begin Bits: [0x00007ff5002c0000, 0x00007ff502160000)
 End Bits:   [0x00007ff502160000, 0x00007ff504000000)

Polling page: 0x00007ff52a922000

CodeCache: size=245760Kb used=3577Kb max_used=3577Kb free=242183Kb
 bounds [0x00007ff5147ac000, 0x00007ff514b2c000, 0x00007ff5237ac000]
 total_blobs=1445 nmethods=1093 adapters=265
 compilation: enabled

Compilation events (10 events):
Event: 13.572 Thread 0x00007ff5240c9000 1089       3       java.util.concurrent.TimeUnit$1::convert (6 bytes)
Event: 13.572 Thread 0x00007ff5240c9000 nmethod 1089 0x00007ff514b2abd0 code [0x00007ff514b2ad40, 0x00007ff514b2af68]
Event: 13.572 Thread 0x00007ff5240c9000 1090       1       org.gradle.internal.logging.console.ThrottlingOutputEventListener::access$000 (5 bytes)
Event: 13.572 Thread 0x00007ff5240c9000 nmethod 1090 0x00007ff514b2b050 code [0x00007ff514b2b1a0, 0x00007ff514b2b290]
Event: 13.572 Thread 0x00007ff5240c9000 1091       1       org.gradle.internal.logging.events.UpdateNowEvent::getLogLevel (2 bytes)
Event: 13.572 Thread 0x00007ff5240c9000 nmethod 1091 0x00007ff514b2b310 code [0x00007ff514b2b460, 0x00007ff514b2b570]
Event: 13.573 Thread 0x00007ff5240c9000 1092       1       org.gradle.internal.logging.console.MultiLineBuildProgressArea::getWritePosition (5 bytes)
Event: 13.573 Thread 0x00007ff5240c9000 nmethod 1092 0x00007ff514b2b5d0 code [0x00007ff514b2b720, 0x00007ff514b2b830]
Event: 13.671 Thread 0x00007ff5240c9000 1093       3       java.nio.charset.CoderResult::isUnderflow (13 bytes)
Event: 13.671 Thread 0x00007ff5240c9000 nmethod 1093 0x00007ff514b2b890 code [0x00007ff514b2ba00, 0x00007ff514b2bbb0]

GC Heap History (2 events):
Event: 1.020 GC heap before
{Heap before GC invocations=1 (full 0):
 PSYoungGen      total 36864K, used 31744K [0x00000000d7300000, 0x00000000d9c00000, 0x0000000100000000)
  eden space 31744K, 100% used [0x00000000d7300000,0x00000000d9200000,0x00000000d9200000)
  from space 5120K, 0% used [0x00000000d9700000,0x00000000d9700000,0x00000000d9c00000)
  to   space 5120K, 0% used [0x00000000d9200000,0x00000000d9200000,0x00000000d9700000)
 ParOldGen       total 84992K, used 0K [0x0000000085800000, 0x000000008ab00000, 0x00000000d7300000)
  object space 84992K, 0% used [0x0000000085800000,0x0000000085800000,0x000000008ab00000)
 Metaspace       used 9086K, capacity 9270K, committed 9600K, reserved 1056768K
  class space    used 1242K, capacity 1325K, committed 1408K, reserved 1048576K
Event: 1.030 GC heap after
Heap after GC invocations=1 (full 0):
 PSYoungGen      total 36864K, used 5102K [0x00000000d7300000, 0x00000000d9c00000, 0x0000000100000000)
  eden space 31744K, 0% used [0x00000000d7300000,0x00000000d7300000,0x00000000d9200000)
  from space 5120K, 99% used [0x00000000d9200000,0x00000000d96fb818,0x00000000d9700000)
  to   space 5120K, 0% used [0x00000000d9700000,0x00000000d9700000,0x00000000d9c00000)
 ParOldGen       total 84992K, used 59K [0x0000000085800000, 0x000000008ab00000, 0x00000000d7300000)
  object space 84992K, 0% used [0x0000000085800000,0x000000008580eeb0,0x000000008ab00000)
 Metaspace       used 9086K, capacity 9270K, committed 9600K, reserved 1056768K
  class space    used 1242K, capacity 1325K, committed 1408K, reserved 1048576K
}

Deoptimization events (9 events):
Event: 0.345 Thread 0x00007ff52400b000 Uncommon trap: reason=unstable_if action=reinterpret pc=0x00007ff514941d34 method=java.lang.String.startsWith(Ljava/lang/String;I)Z @ 25
Event: 0.392 Thread 0x00007ff52400b000 Uncommon trap: reason=unstable_if action=reinterpret pc=0x00007ff51492a27c method=java.util.regex.Matcher.reset()Ljava/util/regex/Matcher; @ 47
Event: 0.392 Thread 0x00007ff52400b000 Uncommon trap: reason=class_check action=maybe_recompile pc=0x00007ff5149311c4 method=java.util.regex.Matcher.match(II)Z @ 86
Event: 0.615 Thread 0x00007ff52400b000 Uncommon trap: reason=class_check action=maybe_recompile pc=0x00007ff5149311c4 method=java.util.regex.Matcher.match(II)Z @ 86
Event: 0.615 Thread 0x00007ff52400b000 Uncommon trap: reason=class_check action=maybe_recompile pc=0x00007ff5149311c4 method=java.util.regex.Matcher.match(II)Z @ 86
Event: 0.616 Thread 0x00007ff52400b000 Uncommon trap: reason=class_check action=maybe_recompile pc=0x00007ff5149311c4 method=java.util.regex.Matcher.match(II)Z @ 86
Event: 0.911 Thread 0x00007ff52400b000 Uncommon trap: reason=unstable_if action=reinterpret pc=0x00007ff514a3b8dc method=java.util.HashMap.hash(Ljava/lang/Object;)I @ 1
Event: 0.998 Thread 0x00007ff52400b000 Uncommon trap: reason=unstable_if action=reinterpret pc=0x00007ff5149d7fa4 method=java.util.HashMap.getNode(ILjava/lang/Object;)Ljava/util/HashMap$Node; @ 129
Event: 12.371 Thread 0x00007ff524860000 Uncommon trap: reason=unstable_if action=reinterpret pc=0x00007ff514acac5c method=java.io.PrintStream.write(I)V @ 19

Classes redefined (0 events):
No events

Internal exceptions (10 events):
Event: 0.925 Thread 0x00007ff52400b000 Exception <a 'java/lang/ArrayIndexOutOfBoundsException'> (0x00000000d8d99ef0) thrown at [/HUDSON/workspace/8-2-build-linux-amd64/jdk8u201/12317/hotspot/src/share/vm/runtime/sharedRuntime.cpp, line 605]
Event: 0.927 Thread 0x00007ff52400b000 Exception <a 'java/lang/ArrayIndexOutOfBoundsException'> (0x00000000d8dae9e8) thrown at [/HUDSON/workspace/8-2-build-linux-amd64/jdk8u201/12317/hotspot/src/share/vm/runtime/sharedRuntime.cpp, line 605]
Event: 0.928 Thread 0x00007ff52400b000 Exception <a 'java/lang/ArrayIndexOutOfBoundsException'> (0x00000000d8db2c90) thrown at [/HUDSON/workspace/8-2-build-linux-amd64/jdk8u201/12317/hotspot/src/share/vm/runtime/sharedRuntime.cpp, line 605]
Event: 0.935 Thread 0x00007ff52400b000 Exception <a 'java/lang/ArrayIndexOutOfBoundsException'> (0x00000000d8e20008) thrown at [/HUDSON/workspace/8-2-build-linux-amd64/jdk8u201/12317/hotspot/src/share/vm/runtime/sharedRuntime.cpp, line 605]
Event: 0.935 Thread 0x00007ff52400b000 Exception <a 'java/lang/ArrayIndexOutOfBoundsException'> (0x00000000d8e213d0) thrown at [/HUDSON/workspace/8-2-build-linux-amd64/jdk8u201/12317/hotspot/src/share/vm/runtime/sharedRuntime.cpp, line 605]
Event: 0.936 Thread 0x00007ff52400b000 Exception <a 'java/lang/ArrayIndexOutOfBoundsException'> (0x00000000d8e22a50) thrown at [/HUDSON/workspace/8-2-build-linux-amd64/jdk8u201/12317/hotspot/src/share/vm/runtime/sharedRuntime.cpp, line 605]
Event: 0.936 Thread 0x00007ff52400b000 Exception <a 'java/lang/ArrayIndexOutOfBoundsException'> (0x00000000d8e23b88) thrown at [/HUDSON/workspace/8-2-build-linux-amd64/jdk8u201/12317/hotspot/src/share/vm/runtime/sharedRuntime.cpp, line 605]
Event: 0.936 Thread 0x00007ff52400b000 Exception <a 'java/lang/ArrayIndexOutOfBoundsException'> (0x00000000d8e27238) thrown at [/HUDSON/workspace/8-2-build-linux-amd64/jdk8u201/12317/hotspot/src/share/vm/runtime/sharedRuntime.cpp, line 605]
Event: 0.952 Thread 0x00007ff52400b000 Exception <a 'java/lang/NoClassDefFoundError': org/slf4j/impl/StaticMarkerBinder> (0x00000000d8ee06b0) thrown at [/HUDSON/workspace/8-2-build-linux-amd64/jdk8u201/12317/hotspot/src/share/vm/classfile/systemDictionary.cpp, line 199]
Event: 2.513 Thread 0x00007ff52400b000 Exception <a 'java/net/SocketException': Protocol family unavailable> (0x00000000d7a83990) thrown at [/HUDSON/workspace/8-2-build-linux-amd64/jdk8u201/12317/hotspot/src/share/vm/prims/jni.cpp, line 735]

Events (10 events):
Event: 6.569 loading class sun/reflect/Label$PatchInfo done
Event: 6.569 loading class sun/reflect/MethodAccessorGenerator$1
Event: 6.569 loading class sun/reflect/MethodAccessorGenerator$1 done
Event: 6.569 loading class sun/reflect/ClassDefiner
Event: 6.569 loading class sun/reflect/ClassDefiner done
Event: 6.569 loading class sun/reflect/ClassDefiner$1
Event: 6.569 loading class sun/reflect/ClassDefiner$1 done
Event: 12.371 Thread 0x00007ff524860000 Uncommon trap: trap_request=0xffffff65 fr.pc=0x00007ff514acac5c
Event: 12.371 Thread 0x00007ff524860000 DEOPT PACKING pc=0x00007ff514acac5c sp=0x00007ff4fa2591b0
Event: 12.371 Thread 0x00007ff524860000 DEOPT UNPACKING pc=0x00007ff5147f173a sp=0x00007ff4fa259120 mode 2


Dynamic libraries:
00400000-00401000 r-xp 00000000 08:06 8013769                            /usr/lib/jvm/jdk1.8.0_201/bin/java
00600000-00601000 r--p 00000000 08:06 8013769                            /usr/lib/jvm/jdk1.8.0_201/bin/java
00601000-00602000 rw-p 00001000 08:06 8013769                            /usr/lib/jvm/jdk1.8.0_201/bin/java
01ea6000-02174000 rw-p 00000000 00:00 0                                  [heap]
85800000-8ab00000 rw-p 00000000 00:00 0 
8ab00000-d7300000 ---p 00000000 00:00 0 
d7300000-d9c00000 rw-p 00000000 00:00 0 
d9c00000-100000000 ---p 00000000 00:00 0 
100000000-1001a0000 rw-p 00000000 00:00 0 
1001a0000-140000000 ---p 00000000 00:00 0 
7ff4a4000000-7ff4a4021000 rw-p 00000000 00:00 0 
7ff4a4021000-7ff4a8000000 ---p 00000000 00:00 0 
7ff4a8000000-7ff4a8021000 rw-p 00000000 00:00 0 
7ff4a8021000-7ff4ac000000 ---p 00000000 00:00 0 
7ff4ac000000-7ff4ac034000 rw-p 00000000 00:00 0 
7ff4ac034000-7ff4b0000000 ---p 00000000 00:00 0 
7ff4b0000000-7ff4b0021000 rw-p 00000000 00:00 0 
7ff4b0021000-7ff4b4000000 ---p 00000000 00:00 0 
7ff4b4000000-7ff4b4021000 rw-p 00000000 00:00 0 
7ff4b4021000-7ff4b8000000 ---p 00000000 00:00 0 
7ff4b8000000-7ff4b8021000 rw-p 00000000 00:00 0 
7ff4b8021000-7ff4bc000000 ---p 00000000 00:00 0 
7ff4bc000000-7ff4bc255000 rw-p 00000000 00:00 0 
7ff4bc255000-7ff4c0000000 ---p 00000000 00:00 0 
7ff4c0000000-7ff4c0218000 rw-p 00000000 00:00 0 
7ff4c0218000-7ff4c4000000 ---p 00000000 00:00 0 
7ff4c4000000-7ff4c4268000 rw-p 00000000 00:00 0 
7ff4c4268000-7ff4c8000000 ---p 00000000 00:00 0 
7ff4c8000000-7ff4c8231000 rw-p 00000000 00:00 0 
7ff4c8231000-7ff4cc000000 ---p 00000000 00:00 0 
7ff4cc000000-7ff4cc021000 rw-p 00000000 00:00 0 
7ff4cc021000-7ff4d0000000 ---p 00000000 00:00 0 
7ff4d0000000-7ff4d0021000 rw-p 00000000 00:00 0 
7ff4d0021000-7ff4d4000000 ---p 00000000 00:00 0 
7ff4d4000000-7ff4d4021000 rw-p 00000000 00:00 0 
7ff4d4021000-7ff4d8000000 ---p 00000000 00:00 0 
7ff4d8000000-7ff4d8021000 rw-p 00000000 00:00 0 
7ff4d8021000-7ff4dc000000 ---p 00000000 00:00 0 
7ff4dc000000-7ff4dc021000 rw-p 00000000 00:00 0 
7ff4dc021000-7ff4e0000000 ---p 00000000 00:00 0 
7ff4e4000000-7ff4e4021000 rw-p 00000000 00:00 0 
7ff4e4021000-7ff4e8000000 ---p 00000000 00:00 0 
7ff4ec000000-7ff4ec021000 rw-p 00000000 00:00 0 
7ff4ec021000-7ff4f0000000 ---p 00000000 00:00 0 
7ff4f4000000-7ff4f4021000 rw-p 00000000 00:00 0 
7ff4f4021000-7ff4f8000000 ---p 00000000 00:00 0 
7ff4f9b4e000-7ff4f9b51000 ---p 00000000 00:00 0 
7ff4f9b51000-7ff4f9c4f000 rw-p 00000000 00:00 0 
7ff4f9c4f000-7ff4f9c52000 ---p 00000000 00:00 0 
7ff4f9c52000-7ff4f9f10000 rw-p 00000000 00:00 0 
7ff4f9f10000-7ff4f9f50000 ---p 00000000 00:00 0 
7ff4f9f50000-7ff4f9f59000 r-xp 00000000 08:06 10888336                   /usr/lib/jvm/jdk1.8.0_201/jre/lib/amd64/libmanagement.so
7ff4f9f59000-7ff4fa158000 ---p 00009000 08:06 10888336                   /usr/lib/jvm/jdk1.8.0_201/jre/lib/amd64/libmanagement.so
7ff4fa158000-7ff4fa159000 r--p 00008000 08:06 10888336                   /usr/lib/jvm/jdk1.8.0_201/jre/lib/amd64/libmanagement.so
7ff4fa159000-7ff4fa15a000 rw-p 00009000 08:06 10888336                   /usr/lib/jvm/jdk1.8.0_201/jre/lib/amd64/libmanagement.so
7ff4fa15a000-7ff4fa15d000 ---p 00000000 00:00 0 
7ff4fa15d000-7ff4fa25b000 rw-p 00000000 00:00 0 
7ff4fa25b000-7ff4fa25d000 r-xp 00000000 08:06 9065339                    /home/ermicho/.gradle/native/jansi/1.14/linux64/libjansi.so
7ff4fa25d000-7ff4fa45c000 ---p 00002000 08:06 9065339                    /home/ermicho/.gradle/native/jansi/1.14/linux64/libjansi.so
7ff4fa45c000-7ff4fa45d000 rw-p 00001000 08:06 9065339                    /home/ermicho/.gradle/native/jansi/1.14/linux64/libjansi.so
7ff4fa45d000-7ff4fa482000 r-xp 00000000 08:06 3937134                    /lib/x86_64-linux-gnu/libtinfo.so.5.9
7ff4fa482000-7ff4fa682000 ---p 00025000 08:06 3937134                    /lib/x86_64-linux-gnu/libtinfo.so.5.9
7ff4fa682000-7ff4fa686000 r--p 00025000 08:06 3937134                    /lib/x86_64-linux-gnu/libtinfo.so.5.9
7ff4fa686000-7ff4fa687000 rw-p 00029000 08:06 3937134                    /lib/x86_64-linux-gnu/libtinfo.so.5.9
7ff4fa687000-7ff4fa6a8000 r-xp 00000000 08:06 3937049                    /lib/x86_64-linux-gnu/libncurses.so.5.9
7ff4fa6a8000-7ff4fa8a8000 ---p 00021000 08:06 3937049                    /lib/x86_64-linux-gnu/libncurses.so.5.9
7ff4fa8a8000-7ff4fa8a9000 r--p 00021000 08:06 3937049                    /lib/x86_64-linux-gnu/libncurses.so.5.9
7ff4fa8a9000-7ff4fa8aa000 rw-p 00022000 08:06 3937049                    /lib/x86_64-linux-gnu/libncurses.so.5.9
7ff4fa8aa000-7ff4fa8ad000 r-xp 00000000 08:06 9065345                    /home/ermicho/.gradle/native/25/linux-amd64-ncurses5/libnative-platform-curses.so
7ff4fa8ad000-7ff4faaad000 ---p 00003000 08:06 9065345                    /home/ermicho/.gradle/native/25/linux-amd64-ncurses5/libnative-platform-curses.so
7ff4faaad000-7ff4faaae000 rw-p 00003000 08:06 9065345                    /home/ermicho/.gradle/native/25/linux-amd64-ncurses5/libnative-platform-curses.so
7ff4faaae000-7ff4faac5000 r-xp 00000000 08:06 3936880                    /lib/x86_64-linux-gnu/libgcc_s.so.1
7ff4faac5000-7ff4facc4000 ---p 00017000 08:06 3936880                    /lib/x86_64-linux-gnu/libgcc_s.so.1
7ff4facc4000-7ff4facc5000 r--p 00016000 08:06 3936880                    /lib/x86_64-linux-gnu/libgcc_s.so.1
7ff4facc5000-7ff4facc6000 rw-p 00017000 08:06 3936880                    /lib/x86_64-linux-gnu/libgcc_s.so.1
7ff4facc6000-7ff4fae3f000 r-xp 00000000 08:06 657556                     /usr/lib/x86_64-linux-gnu/libstdc++.so.6.0.25
7ff4fae3f000-7ff4fb03f000 ---p 00179000 08:06 657556                     /usr/lib/x86_64-linux-gnu/libstdc++.so.6.0.25
7ff4fb03f000-7ff4fb049000 r--p 00179000 08:06 657556                     /usr/lib/x86_64-linux-gnu/libstdc++.so.6.0.25
7ff4fb049000-7ff4fb04b000 rw-p 00183000 08:06 657556                     /usr/lib/x86_64-linux-gnu/libstdc++.so.6.0.25
7ff4fb04b000-7ff4fb04f000 rw-p 00000000 00:00 0 
7ff4fb04f000-7ff4fb054000 r-xp 00000000 08:06 9065331                    /home/ermicho/.gradle/native/25/linux-amd64/libnative-platform.so
7ff4fb054000-7ff4fb253000 ---p 00005000 08:06 9065331                    /home/ermicho/.gradle/native/25/linux-amd64/libnative-platform.so
7ff4fb253000-7ff4fb254000 rw-p 00004000 08:06 9065331                    /home/ermicho/.gradle/native/25/linux-amd64/libnative-platform.so
7ff4fb254000-7ff4fb41f000 r--s 019b7000 08:06 131420                     /home/ermicho/.gradle/wrapper/dists/gradle-4.10.2-all/9fahxiiecdb76a5g3aw9oi8rv/gradle-4.10.2/lib/kotlin-compiler-embeddable-1.2.61.jar
7ff4fb41f000-7ff4fb430000 r-xp 00000000 08:06 10888331                   /usr/lib/jvm/jdk1.8.0_201/jre/lib/amd64/libnio.so
7ff4fb430000-7ff4fb62f000 ---p 00011000 08:06 10888331                   /usr/lib/jvm/jdk1.8.0_201/jre/lib/amd64/libnio.so
7ff4fb62f000-7ff4fb630000 r--p 00010000 08:06 10888331                   /usr/lib/jvm/jdk1.8.0_201/jre/lib/amd64/libnio.so
7ff4fb630000-7ff4fb631000 rw-p 00011000 08:06 10888331                   /usr/lib/jvm/jdk1.8.0_201/jre/lib/amd64/libnio.so
7ff4fb631000-7ff4fc000000 r--p 00000000 08:06 662140                     /usr/lib/locale/locale-archive
7ff4fc000000-7ff4fc021000 rw-p 00000000 00:00 0 
7ff4fc021000-7ff500000000 ---p 00000000 00:00 0 
7ff500024000-7ff500027000 ---p 00000000 00:00 0 
7ff500027000-7ff50005d000 rw-p 00000000 00:00 0 
7ff50005d000-7ff500064000 r--s 00000000 08:06 920324                     /usr/lib/x86_64-linux-gnu/gconv/gconv-modules.cache
7ff500064000-7ff500073000 r--s 0004b000 08:06 131430                     /home/ermicho/.gradle/wrapper/dists/gradle-4.10.2-all/9fahxiiecdb76a5g3aw9oi8rv/gradle-4.10.2/lib/gradle-tooling-api-4.10.2.jar
7ff500073000-7ff5000a8000 r--s 00241000 08:06 131421                     /home/ermicho/.gradle/wrapper/dists/gradle-4.10.2-all/9fahxiiecdb76a5g3aw9oi8rv/gradle-4.10.2/lib/kotlin-reflect-1.2.61.jar
7ff5000a8000-7ff5000be000 r-xp 00000000 08:06 10888328                   /usr/lib/jvm/jdk1.8.0_201/jre/lib/amd64/libnet.so
7ff5000be000-7ff5002be000 ---p 00016000 08:06 10888328                   /usr/lib/jvm/jdk1.8.0_201/jre/lib/amd64/libnet.so
7ff5002be000-7ff5002bf000 r--p 00016000 08:06 10888328                   /usr/lib/jvm/jdk1.8.0_201/jre/lib/amd64/libnet.so
7ff5002bf000-7ff5002c0000 rw-p 00017000 08:06 10888328                   /usr/lib/jvm/jdk1.8.0_201/jre/lib/amd64/libnet.so
7ff5002c0000-7ff504000000 rw-p 00000000 00:00 0 
7ff504000000-7ff504021000 rw-p 00000000 00:00 0 
7ff504021000-7ff508000000 ---p 00000000 00:00 0 
7ff508000000-7ff508021000 rw-p 00000000 00:00 0 
7ff508021000-7ff50c000000 ---p 00000000 00:00 0 
7ff50c000000-7ff50c021000 rw-p 00000000 00:00 0 
7ff50c021000-7ff510000000 ---p 00000000 00:00 0 
7ff510004000-7ff510006000 r--s 00006000 08:06 131431                     /home/ermicho/.gradle/wrapper/dists/gradle-4.10.2-all/9fahxiiecdb76a5g3aw9oi8rv/gradle-4.10.2/lib/gradle-wrapper-4.10.2.jar
7ff510006000-7ff510008000 r--s 00002000 08:06 131427                     /home/ermicho/.gradle/wrapper/dists/gradle-4.10.2-all/9fahxiiecdb76a5g3aw9oi8rv/gradle-4.10.2/lib/kotlin-stdlib-jdk8-1.2.61.jar
7ff510008000-7ff510009000 r--s 00000000 08:06 131426                     /home/ermicho/.gradle/wrapper/dists/gradle-4.10.2-all/9fahxiiecdb76a5g3aw9oi8rv/gradle-4.10.2/lib/kotlin-stdlib-jdk7-1.2.61.jar
7ff510009000-7ff51000f000 r--s 00015000 08:06 131425                     /home/ermicho/.gradle/wrapper/dists/gradle-4.10.2-all/9fahxiiecdb76a5g3aw9oi8rv/gradle-4.10.2/lib/kotlin-stdlib-common-1.2.61.jar
7ff51000f000-7ff51001f000 r--s 000db000 08:06 131424                     /home/ermicho/.gradle/wrapper/dists/gradle-4.10.2-all/9fahxiiecdb76a5g3aw9oi8rv/gradle-4.10.2/lib/kotlin-stdlib-1.2.61.jar
7ff51001f000-7ff510021000 r--s 00009000 08:06 131423                     /home/ermicho/.gradle/wrapper/dists/gradle-4.10.2-all/9fahxiiecdb76a5g3aw9oi8rv/gradle-4.10.2/lib/kotlin-script-runtime-1.2.61.jar
7ff510021000-7ff510022000 r--s 00002000 08:06 131422                     /home/ermicho/.gradle/wrapper/dists/gradle-4.10.2-all/9fahxiiecdb76a5g3aw9oi8rv/gradle-4.10.2/lib/kotlin-sam-with-receiver-compiler-plugin-1.2.61.jar
7ff510022000-7ff510024000 r--s 00000000 08:06 131419                     /home/ermicho/.gradle/wrapper/dists/gradle-4.10.2-all/9fahxiiecdb76a5g3aw9oi8rv/gradle-4.10.2/lib/gradle-kotlin-dsl-tooling-models-1.0-rc-6.jar
7ff510024000-7ff510026000 r--s 00003000 08:06 131415                     /home/ermicho/.gradle/wrapper/dists/gradle-4.10.2-all/9fahxiiecdb76a5g3aw9oi8rv/gradle-4.10.2/lib/annotations-13.0.jar
7ff510026000-7ff51003a000 r--s 00109000 08:06 131416                     /home/ermicho/.gradle/wrapper/dists/gradle-4.10.2-all/9fahxiiecdb76a5g3aw9oi8rv/gradle-4.10.2/lib/gradle-kotlin-dsl-1.0-rc-6.jar
7ff51003a000-7ff51003e000 r--s 00013000 08:06 131436                     /home/ermicho/.gradle/wrapper/dists/gradle-4.10.2-all/9fahxiiecdb76a5g3aw9oi8rv/gradle-4.10.2/lib/gradle-build-cache-4.10.2.jar
7ff51003e000-7ff510044000 r--s 00034000 08:06 131437                     /home/ermicho/.gradle/wrapper/dists/gradle-4.10.2-all/9fahxiiecdb76a5g3aw9oi8rv/gradle-4.10.2/lib/gradle-persistent-cache-4.10.2.jar
7ff510044000-7ff510049000 r--s 00015000 08:06 131440                     /home/ermicho/.gradle/wrapper/dists/gradle-4.10.2-all/9fahxiiecdb76a5g3aw9oi8rv/gradle-4.10.2/lib/gradle-resources-4.10.2.jar
7ff510049000-7ff51004a000 r--s 00003000 08:06 131447                     /home/ermicho/.gradle/wrapper/dists/gradle-4.10.2-all/9fahxiiecdb76a5g3aw9oi8rv/gradle-4.10.2/lib/gradle-build-option-4.10.2.jar
7ff51004a000-7ff51004b000 r--s 00006000 08:06 131448                     /home/ermicho/.gradle/wrapper/dists/gradle-4.10.2-all/9fahxiiecdb76a5g3aw9oi8rv/gradle-4.10.2/lib/gradle-cli-4.10.2.jar
7ff51004b000-7ff51004d000 r--s 00004000 08:06 131460                     /home/ermicho/.gradle/wrapper/dists/gradle-4.10.2-all/9fahxiiecdb76a5g3aw9oi8rv/gradle-4.10.2/lib/log4j-over-slf4j-1.7.16.jar
7ff51004d000-7ff51004f000 r--s 00000000 08:06 131459                     /home/ermicho/.gradle/wrapper/dists/gradle-4.10.2-all/9fahxiiecdb76a5g3aw9oi8rv/gradle-4.10.2/lib/jul-to-slf4j-1.7.16.jar
7ff51004f000-7ff510051000 r--s 00003000 08:06 131458                     /home/ermicho/.gradle/wrapper/dists/gradle-4.10.2-all/9fahxiiecdb76a5g3aw9oi8rv/gradle-4.10.2/lib/jcl-over-slf4j-1.7.16.jar
7ff510051000-7ff510059000 r--s 00035000 08:06 131438                     /home/ermicho/.gradle/wrapper/dists/gradle-4.10.2-all/9fahxiiecdb76a5g3aw9oi8rv/gradle-4.10.2/lib/gradle-logging-4.10.2.jar
7ff510059000-7ff510068000 r--s 00085000 08:06 131443                     /home/ermicho/.gradle/wrapper/dists/gradle-4.10.2-all/9fahxiiecdb76a5g3aw9oi8rv/gradle-4.10.2/lib/gradle-model-core-4.10.2.jar
7ff510068000-7ff51006a000 r--s 00006000 08:06 131444                     /home/ermicho/.gradle/wrapper/dists/gradle-4.10.2-all/9fahxiiecdb76a5g3aw9oi8rv/gradle-4.10.2/lib/gradle-base-services-groovy-4.10.2.jar
7ff51006a000-7ff51006c000 r--s 00007000 08:06 131442                     /home/ermicho/.gradle/wrapper/dists/gradle-4.10.2-all/9fahxiiecdb76a5g3aw9oi8rv/gradle-4.10.2/lib/gradle-model-groovy-4.10.2.jar
7ff51006c000-7ff51006d000 r--s 00006000 08:06 131449                     /home/ermicho/.gradle/wrapper/dists/gradle-4.10.2-all/9fahxiiecdb76a5g3aw9oi8rv/gradle-4.10.2/lib/gradle-docs-4.10.2.jar
7ff51006d000-7ff510076000 r--s 0002d000 08:06 131472                     /home/ermicho/.gradle/wrapper/dists/gradle-4.10.2-all/9fahxiiecdb76a5g3aw9oi8rv/gradle-4.10.2/lib/xml-apis-1.4.01.jar
7ff510076000-7ff510077000 r--s 00000000 08:06 131468                     /home/ermicho/.gradle/wrapper/dists/gradle-4.10.2-all/9fahxiiecdb76a5g3aw9oi8rv/gradle-4.10.2/lib/javax.inject-1.jar
7ff510077000-7ff5100e8000 r--s 00665000 08:06 131466                     /home/ermicho/.gradle/wrapper/dists/gradle-4.10.2-all/9fahxiiecdb76a5g3aw9oi8rv/gradle-4.10.2/lib/groovy-all-2.4.15.jar
7ff5100e8000-7ff5100f2000 r--s 00078000 08:06 131471                     /home/ermicho/.gradle/wrapper/dists/gradle-4.10.2-all/9fahxiiecdb76a5g3aw9oi8rv/gradle-4.10.2/lib/commons-compress-1.14.jar
7ff5100f2000-7ff5100ff000 r--s 00083000 08:06 131469                     /home/ermicho/.gradle/wrapper/dists/gradle-4.10.2-all/9fahxiiecdb76a5g3aw9oi8rv/gradle-4.10.2/lib/commons-collections-3.2.2.jar
7ff5100ff000-7ff510100000 r--s 00007000 08:06 131451                     /home/ermicho/.gradle/wrapper/dists/gradle-4.10.2-all/9fahxiiecdb76a5g3aw9oi8rv/gradle-4.10.2/lib/asm-analysis-6.2.jar
7ff510100000-7ff510102000 r--s 0000b000 08:06 131452                     /home/ermicho/.gradle/wrapper/dists/gradle-4.10.2-all/9fahxiiecdb76a5g3aw9oi8rv/gradle-4.10.2/lib/asm-tree-6.2.jar
7ff510102000-7ff510104000 r--s 00012000 08:06 131450                     /home/ermicho/.gradle/wrapper/dists/gradle-4.10.2-all/9fahxiiecdb76a5g3aw9oi8rv/gradle-4.10.2/lib/asm-commons-6.2.jar
7ff510104000-7ff510105000 r--s 00004000 08:06 131475                     /home/ermicho/.gradle/wrapper/dists/gradle-4.10.2-all/9fahxiiecdb76a5g3aw9oi8rv/gradle-4.10.2/lib/native-platform-freebsd-amd64-libcpp-0.14.jar
7ff510105000-7ff510106000 r--s 00004000 08:06 131476                     /home/ermicho/.gradle/wrapper/dists/gradle-4.10.2-all/9fahxiiecdb76a5g3aw9oi8rv/gradle-4.10.2/lib/native-platform-freebsd-amd64-libstdcpp-0.14.jar
7ff510106000-7ff510107000 r--s 00004000 08:06 131477                     /home/ermicho/.gradle/wrapper/dists/gradle-4.10.2-all/9fahxiiecdb76a5g3aw9oi8rv/gradle-4.10.2/lib/native-platform-freebsd-i386-libcpp-0.14.jar
7ff510107000-7ff510108000 r--s 00003000 08:06 131478                     /home/ermicho/.gradle/wrapper/dists/gradle-4.10.2-all/9fahxiiecdb76a5g3aw9oi8rv/gradle-4.10.2/lib/native-platform-freebsd-i386-libstdcpp-0.14.jar
7ff510108000-7ff510109000 r--s 00002000 08:06 131479                     /home/ermicho/.gradle/wrapper/dists/gradle-4.10.2-all/9fahxiiecdb76a5g3aw9oi8rv/gradle-4.10.2/lib/native-platform-linux-amd64-0.14.jar
7ff510109000-7ff51010a000 r--s 00002000 08:06 131480                     /home/ermicho/.gradle/wrapper/dists/gradle-4.10.2-all/9fahxiiecdb76a5g3aw9oi8rv/gradle-4.10.2/lib/native-platform-linux-i386-0.14.jar
7ff51010a000-7ff51010c000 r--s 00002000 08:06 131481                     /home/ermicho/.gradle/wrapper/dists/gradle-4.10.2-all/9fahxiiecdb76a5g3aw9oi8rv/gradle-4.10.2/lib/native-platform-osx-amd64-0.14.jar
7ff51010c000-7ff51010d000 r--s 00003000 08:06 131482                     /home/ermicho/.gradle/wrapper/dists/gradle-4.10.2-all/9fahxiiecdb76a5g3aw9oi8rv/gradle-4.10.2/lib/native-platform-osx-i386-0.14.jar
7ff51010d000-7ff51010f000 r--s 0000b000 08:06 131483                     /home/ermicho/.gradle/wrapper/dists/gradle-4.10.2-all/9fahxiiecdb76a5g3aw9oi8rv/gradle-4.10.2/lib/native-platform-windows-amd64-0.14.jar
7ff51010f000-7ff510110000 r--s 0000b000 08:06 131484                     /home/ermicho/.gradle/wrapper/dists/gradle-4.10.2-all/9fahxiiecdb76a5g3aw9oi8rv/gradle-4.10.2/lib/native-platform-windows-i386-0.14.jar
7ff510110000-7ff510111000 r--s 00001000 08:06 131485                     /home/ermicho/.gradle/wrapper/dists/gradle-4.10.2-all/9fahxiiecdb76a5g3aw9oi8rv/gradle-4.10.2/lib/native-platform-linux-amd64-ncurses5-0.14.jar
7ff510111000-7ff510112000 r--s 00001000 08:06 131486                     /home/ermicho/.gradle/wrapper/dists/gradle-4.10.2-all/9fahxiiecdb76a5g3aw9oi8rv/gradle-4.10.2/lib/native-platform-linux-amd64-ncurses6-0.14.jar
7ff510112000-7ff510113000 r--s 00001000 08:06 131487                     /home/ermicho/.gradle/wrapper/dists/gradle-4.10.2-all/9fahxiiecdb76a5g3aw9oi8rv/gradle-4.10.2/lib/native-platform-linux-i386-ncurses5-0.14.jar
7ff510113000-7ff510117000 r--s 00012000 08:06 131470                     /home/ermicho/.gradle/wrapper/dists/gradle-4.10.2-all/9fahxiiecdb76a5g3aw9oi8rv/gradle-4.10.2/lib/native-platform-0.14.jar
7ff510117000-7ff51011a000 r--s 00023000 08:06 131473                     /home/ermicho/.gradle/wrapper/dists/gradle-4.10.2-all/9fahxiiecdb76a5g3aw9oi8rv/gradle-4.10.2/lib/jansi-1.14.jar
7ff51011a000-7ff51011e000 r--s 0000c000 08:06 131441                     /home/ermicho/.gradle/wrapper/dists/gradle-4.10.2-all/9fahxiiecdb76a5g3aw9oi8rv/gradle-4.10.2/lib/gradle-native-4.10.2.jar
7ff51011e000-7ff510120000 r--s 0000f000 08:06 131454                     /home/ermicho/.gradle/wrapper/dists/gradle-4.10.2-all/9fahxiiecdb76a5g3aw9oi8rv/gradle-4.10.2/lib/reflectasm-1.07-shaded.jar
7ff510120000-7ff510122000 r--s 00000000 08:06 131489                     /home/ermicho/.gradle/wrapper/dists/gradle-4.10.2-all/9fahxiiecdb76a5g3aw9oi8rv/gradle-4.10.2/lib/minlog-1.2.jar
7ff510122000-7ff510126000 r--s 00026000 08:06 131453                     /home/ermicho/.gradle/wrapper/dists/gradle-4.10.2-all/9fahxiiecdb76a5g3aw9oi8rv/gradle-4.10.2/lib/kryo-2.20.jar
7ff510126000-7ff51012d000 r--s 0002d000 08:06 131445                     /home/ermicho/.gradle/wrapper/dists/gradle-4.10.2-all/9fahxiiecdb76a5g3aw9oi8rv/gradle-4.10.2/lib/gradle-messaging-4.10.2.jar
7ff51012d000-7ff510155000 r--s 001cf000 08:06 131462                     /home/ermicho/.gradle/wrapper/dists/gradle-4.10.2-all/9fahxiiecdb76a5g3aw9oi8rv/gradle-4.10.2/lib/guava-jdk5-17.0.jar
7ff510155000-7ff510174000 r--s 001d9000 08:06 131467                     /home/ermicho/.gradle/wrapper/dists/gradle-4.10.2-all/9fahxiiecdb76a5g3aw9oi8rv/gradle-4.10.2/lib/ant-1.9.11.jar
7ff510174000-7ff5101ba000 r--s 00265000 08:06 131433                     /home/ermicho/.gradle/wrapper/dists/gradle-4.10.2-all/9fahxiiecdb76a5g3aw9oi8rv/gradle-4.10.2/lib/gradle-core-4.10.2.jar
7ff5101ba000-7ff5101c7000 r--s 00037000 08:06 131435                     /home/ermicho/.gradle/wrapper/dists/gradle-4.10.2-all/9fahxiiecdb76a5g3aw9oi8rv/gradle-4.10.2/lib/gradle-core-api-4.10.2.jar
7ff5101c7000-7ff5101c8000 ---p 00000000 00:00 0 
7ff5101c8000-7ff5102c8000 rw-p 00000000 00:00 0 
7ff5102c8000-7ff5102cb000 ---p 00000000 00:00 0 
7ff5102cb000-7ff5103c9000 rw-p 00000000 00:00 0 
7ff5103c9000-7ff5103ca000 ---p 00000000 00:00 0 
7ff5103ca000-7ff5103cd000 ---p 00000000 00:00 0 
7ff5103cd000-7ff5104ca000 rw-p 00000000 00:00 0 
7ff5104ca000-7ff5104cb000 ---p 00000000 00:00 0 
7ff5104cb000-7ff5104ce000 ---p 00000000 00:00 0 
7ff5104ce000-7ff5105cb000 rw-p 00000000 00:00 0 
7ff5105cb000-7ff5105cc000 ---p 00000000 00:00 0 
7ff5105cc000-7ff5105cf000 ---p 00000000 00:00 0 
7ff5105cf000-7ff5106cc000 rw-p 00000000 00:00 0 
7ff5106cc000-7ff5106cd000 ---p 00000000 00:00 0 
7ff5106cd000-7ff5106d0000 ---p 00000000 00:00 0 
7ff5106d0000-7ff5107cd000 rw-p 00000000 00:00 0 
7ff5107cd000-7ff5107d0000 ---p 00000000 00:00 0 
7ff5107d0000-7ff5108ce000 rw-p 00000000 00:00 0 
7ff5108ce000-7ff5108d1000 ---p 00000000 00:00 0 
7ff5108d1000-7ff5109cf000 rw-p 00000000 00:00 0 
7ff5109cf000-7ff5109d2000 ---p 00000000 00:00 0 
7ff5109d2000-7ff510ad0000 rw-p 00000000 00:00 0 
7ff510ad0000-7ff510ad1000 ---p 00000000 00:00 0 
7ff510ad1000-7ff5127d3000 rw-p 00000000 00:00 0 
7ff5127d3000-7ff5129ad000 r--s 03d6f000 08:06 10888034                   /usr/lib/jvm/jdk1.8.0_201/jre/lib/rt.jar
7ff5129ad000-7ff513581000 rw-p 00000000 00:00 0 
7ff513581000-7ff513582000 ---p 00000000 00:00 0 
7ff513582000-7ff513682000 rw-p 00000000 00:00 0 
7ff513682000-7ff513683000 ---p 00000000 00:00 0 
7ff513683000-7ff513783000 rw-p 00000000 00:00 0 
7ff513783000-7ff513784000 ---p 00000000 00:00 0 
7ff513784000-7ff513884000 rw-p 00000000 00:00 0 
7ff513884000-7ff513885000 ---p 00000000 00:00 0 
7ff513885000-7ff513985000 rw-p 00000000 00:00 0 
7ff513985000-7ff513986000 ---p 00000000 00:00 0 
7ff513986000-7ff513a86000 rw-p 00000000 00:00 0 
7ff513a86000-7ff513a87000 ---p 00000000 00:00 0 
7ff513a87000-7ff513b87000 rw-p 00000000 00:00 0 
7ff513b87000-7ff513b88000 ---p 00000000 00:00 0 
7ff513b88000-7ff513c88000 rw-p 00000000 00:00 0 
7ff513c88000-7ff513c89000 ---p 00000000 00:00 0 
7ff513c89000-7ff513db3000 rw-p 00000000 00:00 0 
7ff513db3000-7ff514017000 ---p 00000000 00:00 0 
7ff514017000-7ff514041000 rw-p 00000000 00:00 0 
7ff514041000-7ff5142a4000 ---p 00000000 00:00 0 
7ff5142a4000-7ff5142b9000 rw-p 00000000 00:00 0 
7ff5142b9000-7ff5143eb000 ---p 00000000 00:00 0 
7ff5143eb000-7ff5143fb000 rw-p 00000000 00:00 0 
7ff5143fb000-7ff5147ac000 ---p 00000000 00:00 0 
7ff5147ac000-7ff514b3c000 rwxp 00000000 00:00 0 
7ff514b3c000-7ff5237ac000 ---p 00000000 00:00 0 
7ff5237ac000-7ff5237c7000 r-xp 00000000 08:06 10888324                   /usr/lib/jvm/jdk1.8.0_201/jre/lib/amd64/libzip.so
7ff5237c7000-7ff5239c6000 ---p 0001b000 08:06 10888324                   /usr/lib/jvm/jdk1.8.0_201/jre/lib/amd64/libzip.so
7ff5239c6000-7ff5239c7000 r--p 0001a000 08:06 10888324                   /usr/lib/jvm/jdk1.8.0_201/jre/lib/amd64/libzip.so
7ff5239c7000-7ff5239c8000 rw-p 0001b000 08:06 10888324                   /usr/lib/jvm/jdk1.8.0_201/jre/lib/amd64/libzip.so
7ff5239c8000-7ff5239d3000 r-xp 00000000 08:06 3937066                    /lib/x86_64-linux-gnu/libnss_files-2.27.so
7ff5239d3000-7ff523bd2000 ---p 0000b000 08:06 3937066                    /lib/x86_64-linux-gnu/libnss_files-2.27.so
7ff523bd2000-7ff523bd3000 r--p 0000a000 08:06 3937066                    /lib/x86_64-linux-gnu/libnss_files-2.27.so
7ff523bd3000-7ff523bd4000 rw-p 0000b000 08:06 3937066                    /lib/x86_64-linux-gnu/libnss_files-2.27.so
7ff523bd4000-7ff523bda000 rw-p 00000000 00:00 0 
7ff523bda000-7ff523bf1000 r-xp 00000000 08:06 3937060                    /lib/x86_64-linux-gnu/libnsl-2.27.so
7ff523bf1000-7ff523df0000 ---p 00017000 08:06 3937060                    /lib/x86_64-linux-gnu/libnsl-2.27.so
7ff523df0000-7ff523df1000 r--p 00016000 08:06 3937060                    /lib/x86_64-linux-gnu/libnsl-2.27.so
7ff523df1000-7ff523df2000 rw-p 00017000 08:06 3937060                    /lib/x86_64-linux-gnu/libnsl-2.27.so
7ff523df2000-7ff523df4000 rw-p 00000000 00:00 0 
7ff523df4000-7ff523dff000 r-xp 00000000 08:06 3937077                    /lib/x86_64-linux-gnu/libnss_nis-2.27.so
7ff523dff000-7ff523ffe000 ---p 0000b000 08:06 3937077                    /lib/x86_64-linux-gnu/libnss_nis-2.27.so
7ff523ffe000-7ff523fff000 r--p 0000a000 08:06 3937077                    /lib/x86_64-linux-gnu/libnss_nis-2.27.so
7ff523fff000-7ff524000000 rw-p 0000b000 08:06 3937077                    /lib/x86_64-linux-gnu/libnss_nis-2.27.so
7ff524000000-7ff5249ae000 rw-p 00000000 00:00 0 
7ff5249ae000-7ff528000000 ---p 00000000 00:00 0 
7ff528000000-7ff528001000 r--s 00001000 08:06 131488                     /home/ermicho/.gradle/wrapper/dists/gradle-4.10.2-all/9fahxiiecdb76a5g3aw9oi8rv/gradle-4.10.2/lib/native-platform-linux-i386-ncurses6-0.14.jar
7ff528001000-7ff528003000 r--s 00007000 08:06 131490                     /home/ermicho/.gradle/wrapper/dists/gradle-4.10.2-all/9fahxiiecdb76a5g3aw9oi8rv/gradle-4.10.2/lib/objenesis-1.2.jar
7ff528003000-7ff528005000 r--s 00006000 08:06 131439                     /home/ermicho/.gradle/wrapper/dists/gradle-4.10.2-all/9fahxiiecdb76a5g3aw9oi8rv/gradle-4.10.2/lib/gradle-process-services-4.10.2.jar
7ff528005000-7ff528007000 r--s 00000000 08:06 131434                     /home/ermicho/.gradle/wrapper/dists/gradle-4.10.2-all/9fahxiiecdb76a5g3aw9oi8rv/gradle-4.10.2/lib/gradle-jvm-services-4.10.2.jar
7ff528007000-7ff528013000 r--s 00064000 08:06 131446                     /home/ermicho/.gradle/wrapper/dists/gradle-4.10.2-all/9fahxiiecdb76a5g3aw9oi8rv/gradle-4.10.2/lib/gradle-base-services-4.10.2.jar
7ff528013000-7ff5280f9000 rw-p 00000000 00:00 0 
7ff5280f9000-7ff528101000 r-xp 00000000 08:06 3937062                    /lib/x86_64-linux-gnu/libnss_compat-2.27.so
7ff528101000-7ff528301000 ---p 00008000 08:06 3937062                    /lib/x86_64-linux-gnu/libnss_compat-2.27.so
7ff528301000-7ff528302000 r--p 00008000 08:06 3937062                    /lib/x86_64-linux-gnu/libnss_compat-2.27.so
7ff528302000-7ff528303000 rw-p 00009000 08:06 3937062                    /lib/x86_64-linux-gnu/libnss_compat-2.27.so
7ff528303000-7ff52832f000 r-xp 00000000 08:06 10888318                   /usr/lib/jvm/jdk1.8.0_201/jre/lib/amd64/libjava.so
7ff52832f000-7ff52852f000 ---p 0002c000 08:06 10888318                   /usr/lib/jvm/jdk1.8.0_201/jre/lib/amd64/libjava.so
7ff52852f000-7ff528530000 r--p 0002c000 08:06 10888318                   /usr/lib/jvm/jdk1.8.0_201/jre/lib/amd64/libjava.so
7ff528530000-7ff528532000 rw-p 0002d000 08:06 10888318                   /usr/lib/jvm/jdk1.8.0_201/jre/lib/amd64/libjava.so
7ff528532000-7ff52853f000 r-xp 00000000 08:06 10888323                   /usr/lib/jvm/jdk1.8.0_201/jre/lib/amd64/libverify.so
7ff52853f000-7ff52873e000 ---p 0000d000 08:06 10888323                   /usr/lib/jvm/jdk1.8.0_201/jre/lib/amd64/libverify.so
7ff52873e000-7ff528740000 r--p 0000c000 08:06 10888323                   /usr/lib/jvm/jdk1.8.0_201/jre/lib/amd64/libverify.so
7ff528740000-7ff528741000 rw-p 0000e000 08:06 10888323                   /usr/lib/jvm/jdk1.8.0_201/jre/lib/amd64/libverify.so
7ff528741000-7ff528748000 r-xp 00000000 08:06 3937117                    /lib/x86_64-linux-gnu/librt-2.27.so
7ff528748000-7ff528947000 ---p 00007000 08:06 3937117                    /lib/x86_64-linux-gnu/librt-2.27.so
7ff528947000-7ff528948000 r--p 00006000 08:06 3937117                    /lib/x86_64-linux-gnu/librt-2.27.so
7ff528948000-7ff528949000 rw-p 00007000 08:06 3937117                    /lib/x86_64-linux-gnu/librt-2.27.so
7ff528949000-7ff528ae6000 r-xp 00000000 08:06 3937039                    /lib/x86_64-linux-gnu/libm-2.27.so
7ff528ae6000-7ff528ce5000 ---p 0019d000 08:06 3937039                    /lib/x86_64-linux-gnu/libm-2.27.so
7ff528ce5000-7ff528ce6000 r--p 0019c000 08:06 3937039                    /lib/x86_64-linux-gnu/libm-2.27.so
7ff528ce6000-7ff528ce7000 rw-p 0019d000 08:06 3937039                    /lib/x86_64-linux-gnu/libm-2.27.so
7ff528ce7000-7ff5299cf000 r-xp 00000000 08:06 10888346                   /usr/lib/jvm/jdk1.8.0_201/jre/lib/amd64/server/libjvm.so
7ff5299cf000-7ff529bce000 ---p 00ce8000 08:06 10888346                   /usr/lib/jvm/jdk1.8.0_201/jre/lib/amd64/server/libjvm.so
7ff529bce000-7ff529c64000 r--p 00ce7000 08:06 10888346                   /usr/lib/jvm/jdk1.8.0_201/jre/lib/amd64/server/libjvm.so
7ff529c64000-7ff529c95000 rw-p 00d7d000 08:06 10888346                   /usr/lib/jvm/jdk1.8.0_201/jre/lib/amd64/server/libjvm.so
7ff529c95000-7ff529cd0000 rw-p 00000000 00:00 0 
7ff529cd0000-7ff529eb7000 r-xp 00000000 08:06 3936976                    /lib/x86_64-linux-gnu/libc-2.27.so
7ff529eb7000-7ff52a0b7000 ---p 001e7000 08:06 3936976                    /lib/x86_64-linux-gnu/libc-2.27.so
7ff52a0b7000-7ff52a0bb000 r--p 001e7000 08:06 3936976                    /lib/x86_64-linux-gnu/libc-2.27.so
7ff52a0bb000-7ff52a0bd000 rw-p 001eb000 08:06 3936976                    /lib/x86_64-linux-gnu/libc-2.27.so
7ff52a0bd000-7ff52a0c1000 rw-p 00000000 00:00 0 
7ff52a0c1000-7ff52a0c4000 r-xp 00000000 08:06 3936999                    /lib/x86_64-linux-gnu/libdl-2.27.so
7ff52a0c4000-7ff52a2c3000 ---p 00003000 08:06 3936999                    /lib/x86_64-linux-gnu/libdl-2.27.so
7ff52a2c3000-7ff52a2c4000 r--p 00002000 08:06 3936999                    /lib/x86_64-linux-gnu/libdl-2.27.so
7ff52a2c4000-7ff52a2c5000 rw-p 00003000 08:06 3936999                    /lib/x86_64-linux-gnu/libdl-2.27.so
7ff52a2c5000-7ff52a2dc000 r-xp 00000000 08:06 9054391                    /usr/lib/jvm/jdk1.8.0_201/lib/amd64/jli/libjli.so
7ff52a2dc000-7ff52a4db000 ---p 00017000 08:06 9054391                    /usr/lib/jvm/jdk1.8.0_201/lib/amd64/jli/libjli.so
7ff52a4db000-7ff52a4dc000 r--p 00016000 08:06 9054391                    /usr/lib/jvm/jdk1.8.0_201/lib/amd64/jli/libjli.so
7ff52a4dc000-7ff52a4dd000 rw-p 00017000 08:06 9054391                    /usr/lib/jvm/jdk1.8.0_201/lib/amd64/jli/libjli.so
7ff52a4dd000-7ff52a4f7000 r-xp 00000000 08:06 3937109                    /lib/x86_64-linux-gnu/libpthread-2.27.so
7ff52a4f7000-7ff52a6f6000 ---p 0001a000 08:06 3937109                    /lib/x86_64-linux-gnu/libpthread-2.27.so
7ff52a6f6000-7ff52a6f7000 r--p 00019000 08:06 3937109                    /lib/x86_64-linux-gnu/libpthread-2.27.so
7ff52a6f7000-7ff52a6f8000 rw-p 0001a000 08:06 3937109                    /lib/x86_64-linux-gnu/libpthread-2.27.so
7ff52a6f8000-7ff52a6fc000 rw-p 00000000 00:00 0 
7ff52a6fc000-7ff52a723000 r-xp 00000000 08:06 3936948                    /lib/x86_64-linux-gnu/ld-2.27.so
7ff52a723000-7ff52a725000 r--s 00006000 08:06 131463                     /home/ermicho/.gradle/wrapper/dists/gradle-4.10.2-all/9fahxiiecdb76a5g3aw9oi8rv/gradle-4.10.2/lib/jsr305-2.0.1.jar
7ff52a725000-7ff52a728000 r--s 0001a000 08:06 131464                     /home/ermicho/.gradle/wrapper/dists/gradle-4.10.2-all/9fahxiiecdb76a5g3aw9oi8rv/gradle-4.10.2/lib/fastutil-7.2.1-min.jar
7ff52a728000-7ff52a72c000 r--s 0002a000 08:06 131456                     /home/ermicho/.gradle/wrapper/dists/gradle-4.10.2-all/9fahxiiecdb76a5g3aw9oi8rv/gradle-4.10.2/lib/commons-io-2.4.jar
7ff52a72c000-7ff52a739000 r--s 00068000 08:06 131428                     /home/ermicho/.gradle/wrapper/dists/gradle-4.10.2-all/9fahxiiecdb76a5g3aw9oi8rv/gradle-4.10.2/lib/gradle-launcher-4.10.2.jar
7ff52a739000-7ff52a804000 rw-p 00000000 00:00 0 
7ff52a804000-7ff52a805000 ---p 00000000 00:00 0 
7ff52a805000-7ff52a808000 ---p 00000000 00:00 0 
7ff52a808000-7ff52a909000 rw-p 00000000 00:00 0 
7ff52a909000-7ff52a90a000 r--s 00000000 08:06 131465                     /home/ermicho/.gradle/wrapper/dists/gradle-4.10.2-all/9fahxiiecdb76a5g3aw9oi8rv/gradle-4.10.2/lib/jcip-annotations-1.0.jar
7ff52a90a000-7ff52a90c000 r--s 0001a000 08:06 131455                     /home/ermicho/.gradle/wrapper/dists/gradle-4.10.2-all/9fahxiiecdb76a5g3aw9oi8rv/gradle-4.10.2/lib/asm-6.2.jar
7ff52a90c000-7ff52a90d000 r--s 00009000 08:06 131461                     /home/ermicho/.gradle/wrapper/dists/gradle-4.10.2-all/9fahxiiecdb76a5g3aw9oi8rv/gradle-4.10.2/lib/slf4j-api-1.7.16.jar
7ff52a90d000-7ff52a912000 r--s 00041000 08:06 131457                     /home/ermicho/.gradle/wrapper/dists/gradle-4.10.2-all/9fahxiiecdb76a5g3aw9oi8rv/gradle-4.10.2/lib/commons-lang-2.6.jar
7ff52a912000-7ff52a913000 r--s 00004000 08:06 131474                     /home/ermicho/.gradle/wrapper/dists/gradle-4.10.2-all/9fahxiiecdb76a5g3aw9oi8rv/gradle-4.10.2/lib/ant-launcher-1.9.11.jar
7ff52a913000-7ff52a917000 r--s 000a1000 08:06 10888039                   /usr/lib/jvm/jdk1.8.0_201/jre/lib/jsse.jar
7ff52a917000-7ff52a919000 r--s 0000c000 08:06 4234248                    /home/ermicho/projects/react-native/sidebar/android/gradle/wrapper/gradle-wrapper.jar
7ff52a919000-7ff52a921000 rw-s 00000000 08:06 13107349                   /tmp/hsperfdata_ermicho/9829
7ff52a921000-7ff52a922000 rw-p 00000000 00:00 0 
7ff52a922000-7ff52a923000 r--p 00000000 00:00 0 
7ff52a923000-7ff52a924000 r--p 00027000 08:06 3936948                    /lib/x86_64-linux-gnu/ld-2.27.so
7ff52a924000-7ff52a925000 rw-p 00028000 08:06 3936948                    /lib/x86_64-linux-gnu/ld-2.27.so
7ff52a925000-7ff52a926000 rw-p 00000000 00:00 0 
7fff5b68e000-7fff5b6b1000 rw-p 00000000 00:00 0                          [stack]
7fff5b7a8000-7fff5b7ab000 r--p 00000000 00:00 0                          [vvar]
7fff5b7ab000-7fff5b7ad000 r-xp 00000000 00:00 0                          [vdso]
ffffffffff600000-ffffffffff601000 r-xp 00000000 00:00 0                  [vsyscall]

VM Arguments:
jvm_args: -Dorg.gradle.appname=gradlew 
java_command: org.gradle.wrapper.GradleWrapperMain app:installDebug
java_class_path (initial): /home/ermicho/projects/react-native/sidebar/android/gradle/wrapper/gradle-wrapper.jar
Launcher Type: SUN_STANDARD

Environment Variables:
JAVA_HOME=/usr/lib/jvm/jdk1.8.0_201
PATH=/home/ermicho/projects/react-native/sidebar/node_modules/.bin:/usr/local/lib/node_modules/npm/node_modules/npm-lifecycle/node-gyp-bin:/home/ermicho/projects/react-native/sidebar/node_modules/.bin:/usr/local/sbin:/usr/local/bin:/usr/sbin:/usr/bin:/sbin:/bin:/usr/games:/usr/local/games:/snap/bin:/home/ermicho/Android/Sdk/tools:/home/ermicho/Android/Sdk/tools/bin:/home/ermicho/Android/Sdk/platform-tools:/home/ermicho/Android/Sdk/emulator:/home/ermicho/Android/Sdk/tools/bin:/home/ermicho/Android/Sdk/platform-tools
USERNAME=ermicho
SHELL=/bin/bash
DISPLAY=:0

Signal Handlers:
SIGSEGV: [libjvm.so+0xad3e60], sa_mask[0]=11111111011111111101111111111110, sa_flags=SA_RESTART|SA_SIGINFO
SIGBUS: [libjvm.so+0xad3e60], sa_mask[0]=11111111011111111101111111111110, sa_flags=SA_RESTART|SA_SIGINFO
SIGFPE: [libjvm.so+0x90b880], sa_mask[0]=11111111011111111101111111111110, sa_flags=SA_RESTART|SA_SIGINFO
SIGPIPE: [libjvm.so+0x90b880], sa_mask[0]=11111111011111111101111111111110, sa_flags=SA_RESTART|SA_SIGINFO
SIGXFSZ: [libjvm.so+0x90b880], sa_mask[0]=11111111011111111101111111111110, sa_flags=SA_RESTART|SA_SIGINFO
SIGILL: [libjvm.so+0x90b880], sa_mask[0]=11111111011111111101111111111110, sa_flags=SA_RESTART|SA_SIGINFO
SIGUSR1: SIG_DFL, sa_mask[0]=00000000000000000000000000000000, sa_flags=none
SIGUSR2: [libjvm.so+0x90b750], sa_mask[0]=00000000000000000000000000000000, sa_flags=SA_RESTART|SA_SIGINFO
SIGHUP: [libjvm.so+0x90bd70], sa_mask[0]=11111111011111111101111111111110, sa_flags=SA_RESTART|SA_SIGINFO
SIGINT: [libjvm.so+0x90bd70], sa_mask[0]=11111111011111111101111111111110, sa_flags=SA_RESTART|SA_SIGINFO
SIGTERM: [libjvm.so+0x90bd70], sa_mask[0]=11111111011111111101111111111110, sa_flags=SA_RESTART|SA_SIGINFO
SIGQUIT: [libjvm.so+0x90bd70], sa_mask[0]=11111111011111111101111111111110, sa_flags=SA_RESTART|SA_SIGINFO


---------------  S Y S T E M  ---------------

OS:DISTRIB_ID=Ubuntu
DISTRIB_RELEASE=18.04
DISTRIB_CODENAME=bionic
DISTRIB_DESCRIPTION="Ubuntu 18.04.2 LTS"

uname:Linux 4.15.0-46-generic #49-Ubuntu SMP Wed Feb 6 09:33:07 UTC 2019 x86_64
libc:glibc 2.27 NPTL 2.27 
rlimit: STACK 8192k, CORE 0k, NPROC 30710, NOFILE 4096, AS infinity
load average:5.17 3.16 2.39

/proc/meminfo:
MemTotal:        8021540 kB
MemFree:          181576 kB
MemAvailable:    1859108 kB
Buffers:           66732 kB
Cached:          2261288 kB
SwapCached:            0 kB
Active:          5819676 kB
Inactive:        1505184 kB
Active(anon):    4791740 kB
Inactive(anon):   736912 kB
Active(file):    1027936 kB
Inactive(file):   768272 kB
Unevictable:         344 kB
Mlocked:             344 kB
SwapTotal:       2097148 kB
SwapFree:        2097148 kB
Dirty:            148808 kB
Writeback:             0 kB
AnonPages:       4997868 kB
Mapped:          1488996 kB
Shmem:            572676 kB
Slab:             273984 kB
SReclaimable:     189152 kB
SUnreclaim:        84832 kB
KernelStack:       25760 kB
PageTables:        99520 kB
NFS_Unstable:          0 kB
Bounce:                0 kB
WritebackTmp:          0 kB
CommitLimit:     6107916 kB
Committed_AS:   18251956 kB
VmallocTotal:   34359738367 kB
VmallocUsed:           0 kB
VmallocChunk:          0 kB
HardwareCorrupted:     0 kB
AnonHugePages:         0 kB
ShmemHugePages:        0 kB
ShmemPmdMapped:        0 kB
CmaTotal:              0 kB
CmaFree:               0 kB
HugePages_Total:       0
HugePages_Free:        0
HugePages_Rsvd:        0
HugePages_Surp:        0
Hugepagesize:       2048 kB
DirectMap4k:      259524 kB
DirectMap2M:     5885952 kB
DirectMap1G:     3145728 kB

container (cgroup) information:
container_type: cgroupv1
cpu_cpuset_cpus: 0-7
cpu_memory_nodes: 0
active_processor_count: 8
cpu_quota: -1
cpu_period: 100000
cpu_shares: -1
memory_limit_in_bytes: -1
memory_and_swap_limit_in_bytes: -2
memory_soft_limit_in_bytes: -1
memory_usage_in_bytes: 7502729216
memory_max_usage_in_bytes: 0


CPU:total 8 (initial active 8) (4 cores per cpu, 2 threads per core) family 6 model 142 stepping 10, cmov, cx8, fxsr, mmx, sse, sse2, sse3, ssse3, sse4.1, sse4.2, popcnt, avx, avx2, aes, clmul, erms, 3dnowpref, lzcnt, ht, tsc, tscinvbit, bmi1, bmi2, adx

/proc/cpuinfo:
processor	: 0
vendor_id	: GenuineIntel
cpu family	: 6
model		: 142
model name	: Intel(R) Core(TM) i7-8550U CPU @ 1.80GHz
stepping	: 10
microcode	: 0x96
cpu MHz		: 2099.998
cache size	: 8192 KB
physical id	: 0
siblings	: 8
core id		: 0
cpu cores	: 4
apicid		: 0
initial apicid	: 0
fpu		: yes
fpu_exception	: yes
cpuid level	: 22
wp		: yes
flags		: fpu vme de pse tsc msr pae mce cx8 apic sep mtrr pge mca cmov pat pse36 clflush dts acpi mmx fxsr sse sse2 ss ht tm pbe syscall nx pdpe1gb rdtscp lm constant_tsc art arch_perfmon pebs bts rep_good nopl xtopology nonstop_tsc cpuid aperfmperf tsc_known_freq pni pclmulqdq dtes64 monitor ds_cpl vmx est tm2 ssse3 sdbg fma cx16 xtpr pdcm pcid sse4_1 sse4_2 x2apic movbe popcnt tsc_deadline_timer aes xsave avx f16c rdrand lahf_lm abm 3dnowprefetch cpuid_fault epb invpcid_single pti ssbd ibrs ibpb stibp tpr_shadow vnmi flexpriority ept vpid fsgsbase tsc_adjust bmi1 avx2 smep bmi2 erms invpcid mpx rdseed adx smap clflushopt intel_pt xsaveopt xsavec xgetbv1 xsaves dtherm ida arat pln pts hwp hwp_notify hwp_act_window hwp_epp flush_l1d
bugs		: cpu_meltdown spectre_v1 spectre_v2 spec_store_bypass l1tf
bogomips	: 3984.00
clflush size	: 64
cache_alignment	: 64
address sizes	: 39 bits physical, 48 bits virtual
power management:

processor	: 1
vendor_id	: GenuineIntel
cpu family	: 6
model		: 142
model name	: Intel(R) Core(TM) i7-8550U CPU @ 1.80GHz
stepping	: 10
microcode	: 0x96
cpu MHz		: 2100.002
cache size	: 8192 KB
physical id	: 0
siblings	: 8
core id		: 1
cpu cores	: 4
apicid		: 2
initial apicid	: 2
fpu		: yes
fpu_exception	: yes
cpuid level	: 22
wp		: yes
flags		: fpu vme de pse tsc msr pae mce cx8 apic sep mtrr pge mca cmov pat pse36 clflush dts acpi mmx fxsr sse sse2 ss ht tm pbe syscall nx pdpe1gb rdtscp lm constant_tsc art arch_perfmon pebs bts rep_good nopl xtopology nonstop_tsc cpuid aperfmperf tsc_known_freq pni pclmulqdq dtes64 monitor ds_cpl vmx est tm2 ssse3 sdbg fma cx16 xtpr pdcm pcid sse4_1 sse4_2 x2apic movbe popcnt tsc_deadline_timer aes xsave avx f16c rdrand lahf_lm abm 3dnowprefetch cpuid_fault epb invpcid_single pti ssbd ibrs ibpb stibp tpr_shadow vnmi flexpriority ept vpid fsgsbase tsc_adjust bmi1 avx2 smep bmi2 erms invpcid mpx rdseed adx smap clflushopt intel_pt xsaveopt xsavec xgetbv1 xsaves dtherm ida arat pln pts hwp hwp_notify hwp_act_window hwp_epp flush_l1d
bugs		: cpu_meltdown spectre_v1 spectre_v2 spec_store_bypass l1tf
bogomips	: 3984.00
clflush size	: 64
cache_alignment	: 64
address sizes	: 39 bits physical, 48 bits virtual
power management:

processor	: 2
vendor_id	: GenuineIntel
cpu family	: 6
model		: 142
model name	: Intel(R) Core(TM) i7-8550U CPU @ 1.80GHz
stepping	: 10
microcode	: 0x96
cpu MHz		: 2099.999
cache size	: 8192 KB
physical id	: 0
siblings	: 8
core id		: 2
cpu cores	: 4
apicid		: 4
initial apicid	: 4
fpu		: yes
fpu_exception	: yes
cpuid level	: 22
wp		: yes
flags		: fpu vme de pse tsc msr pae mce cx8 apic sep mtrr pge mca cmov pat pse36 clflush dts acpi mmx fxsr sse sse2 ss ht tm pbe syscall nx pdpe1gb rdtscp lm constant_tsc art arch_perfmon pebs bts rep_good nopl xtopology nonstop_tsc cpuid aperfmperf tsc_known_freq pni pclmulqdq dtes64 monitor ds_cpl vmx est tm2 ssse3 sdbg fma cx16 xtpr pdcm pcid sse4_1 sse4_2 x2apic movbe popcnt tsc_deadline_timer aes xsave avx f16c rdrand lahf_lm abm 3dnowprefetch cpuid_fault epb invpcid_single pti ssbd ibrs ibpb stibp tpr_shadow vnmi flexpriority ept vpid fsgsbase tsc_adjust bmi1 avx2 smep bmi2 erms invpcid mpx rdseed adx smap clflushopt intel_pt xsaveopt xsavec xgetbv1 xsaves dtherm ida arat pln pts hwp hwp_notify hwp_act_window hwp_epp flush_l1d
bugs		: cpu_meltdown spectre_v1 spectre_v2 spec_store_bypass l1tf
bogomips	: 3984.00
clflush size	: 64
cache_alignment	: 64
address sizes	: 39 bits physical, 48 bits virtual
power management:

processor	: 3
vendor_id	: GenuineIntel
cpu family	: 6
model		: 142
model name	: Intel(R) Core(TM) i7-8550U CPU @ 1.80GHz
stepping	: 10
microcode	: 0x96
cpu MHz		: 2099.990
cache size	: 8192 KB
physical id	: 0
siblings	: 8
core id		: 3
cpu cores	: 4
apicid		: 6
initial apicid	: 6
fpu		: yes
fpu_exception	: yes
cpuid level	: 22
wp		: yes
flags		: fpu vme de pse tsc msr pae mce cx8 apic sep mtrr pge mca cmov pat pse36 clflush dts acpi mmx fxsr sse sse2 ss ht tm pbe syscall nx pdpe1gb rdtscp lm constant_tsc art arch_perfmon pebs bts rep_good nopl xtopology nonstop_tsc cpuid aperfmperf tsc_known_freq pni pclmulqdq dtes64 monitor ds_cpl vmx est tm2 ssse3 sdbg fma cx16 xtpr pdcm pcid sse4_1 sse4_2 x2apic movbe popcnt tsc_deadline_timer aes xsave avx f16c rdrand lahf_lm abm 3dnowprefetch cpuid_fault epb invpcid_single pti ssbd ibrs ibpb stibp tpr_shadow vnmi flexpriority ept vpid fsgsbase tsc_adjust bmi1 avx2 smep bmi2 erms invpcid mpx rdseed adx smap clflushopt intel_pt xsaveopt xsavec xgetbv1 xsaves dtherm ida arat pln pts hwp hwp_notify hwp_act_window hwp_epp flush_l1d
bugs		: cpu_meltdown spectre_v1 spectre_v2 spec_store_bypass l1tf
bogomips	: 3984.00
clflush size	: 64
cache_alignment	: 64
address sizes	: 39 bits physical, 48 bits virtual
power management:

processor	: 4
vendor_id	: GenuineIntel
cpu family	: 6
model		: 142
model name	: Intel(R) Core(TM) i7-8550U CPU @ 1.80GHz
stepping	: 10
microcode	: 0x96
cpu MHz		: 2100.001
cache size	: 8192 KB
physical id	: 0
siblings	: 8
core id		: 0
cpu cores	: 4
apicid		: 1
initial apicid	: 1
fpu		: yes
fpu_exception	: yes
cpuid level	: 22
wp		: yes
flags		: fpu vme de pse tsc msr pae mce cx8 apic sep mtrr pge mca cmov pat pse36 clflush dts acpi mmx fxsr sse sse2 ss ht tm pbe syscall nx pdpe1gb rdtscp lm constant_tsc art arch_perfmon pebs bts rep_good nopl xtopology nonstop_tsc cpuid aperfmperf tsc_known_freq pni pclmulqdq dtes64 monitor ds_cpl vmx est tm2 ssse3 sdbg fma cx16 xtpr pdcm pcid sse4_1 sse4_2 x2apic movbe popcnt tsc_deadline_timer aes xsave avx f16c rdrand lahf_lm abm 3dnowprefetch cpuid_fault epb invpcid_single pti ssbd ibrs ibpb stibp tpr_shadow vnmi flexpriority ept vpid fsgsbase tsc_adjust bmi1 avx2 smep bmi2 erms invpcid mpx rdseed adx smap clflushopt intel_pt xsaveopt xsavec xgetbv1 xsaves dtherm ida arat pln pts hwp hwp_notify hwp_act_window hwp_epp flush_l1d
bugs		: cpu_meltdown spectre_v1 spectre_v2 spec_store_bypass l1tf
bogomips	: 3984.00
clflush size	: 64
cache_alignment	: 64
address sizes	: 39 bits physical, 48 bits virtual
power management:

processor	: 5
vendor_id	: GenuineIntel
cpu family	: 6
model		: 142
model name	: Intel(R) Core(TM) i7-8550U CPU @ 1.80GHz
stepping	: 10
microcode	: 0x96
cpu MHz		: 2100.002
cache size	: 8192 KB
physical id	: 0
siblings	: 8
core id		: 1
cpu cores	: 4
apicid		: 3
initial apicid	: 3
fpu		: yes
fpu_exception	: yes
cpuid level	: 22
wp		: yes
flags		: fpu vme de pse tsc msr pae mce cx8 apic sep mtrr pge mca cmov pat pse36 clflush dts acpi mmx fxsr sse sse2 ss ht tm pbe syscall nx pdpe1gb rdtscp lm constant_tsc art arch_perfmon pebs bts rep_good nopl xtopology nonstop_tsc cpuid aperfmperf tsc_known_freq pni pclmulqdq dtes64 monitor ds_cpl vmx est tm2 ssse3 sdbg fma cx16 xtpr pdcm pcid sse4_1 sse4_2 x2apic movbe popcnt tsc_deadline_timer aes xsave avx f16c rdrand lahf_lm abm 3dnowprefetch cpuid_fault epb invpcid_single pti ssbd ibrs ibpb stibp tpr_shadow vnmi flexpriority ept vpid fsgsbase tsc_adjust bmi1 avx2 smep bmi2 erms invpcid mpx rdseed adx smap clflushopt intel_pt xsaveopt xsavec xgetbv1 xsaves dtherm ida arat pln pts hwp hwp_notify hwp_act_window hwp_epp flush_l1d
bugs		: cpu_meltdown spectre_v1 spectre_v2 spec_store_bypass l1tf
bogomips	: 3984.00
clflush size	: 64
cache_alignment	: 64
address sizes	: 39 bits physical, 48 bits virtual
power management:

processor	: 6
vendor_id	: GenuineIntel
cpu family	: 6
model		: 142
model name	: Intel(R) Core(TM) i7-8550U CPU @ 1.80GHz
stepping	: 10
microcode	: 0x96
cpu MHz		: 2099.997
cache size	: 8192 KB
physical id	: 0
siblings	: 8
core id		: 2
cpu cores	: 4
apicid		: 5
initial apicid	: 5
fpu		: yes
fpu_exception	: yes
cpuid level	: 22
wp		: yes
flags		: fpu vme de pse tsc msr pae mce cx8 apic sep mtrr pge mca cmov pat pse36 clflush dts acpi mmx fxsr sse sse2 ss ht tm pbe syscall nx pdpe1gb rdtscp lm constant_tsc art arch_perfmon pebs bts rep_good nopl xtopology nonstop_tsc cpuid aperfmperf tsc_known_freq pni pclmulqdq dtes64 monitor ds_cpl vmx est tm2 ssse3 sdbg fma cx16 xtpr pdcm pcid sse4_1 sse4_2 x2apic movbe popcnt tsc_deadline_timer aes xsave avx f16c rdrand lahf_lm abm 3dnowprefetch cpuid_fault epb invpcid_single pti ssbd ibrs ibpb stibp tpr_shadow vnmi flexpriority ept vpid fsgsbase tsc_adjust bmi1 avx2 smep bmi2 erms invpcid mpx rdseed adx smap clflushopt intel_pt xsaveopt xsavec xgetbv1 xsaves dtherm ida arat pln pts hwp hwp_notify hwp_act_window hwp_epp flush_l1d
bugs		: cpu_meltdown spectre_v1 spectre_v2 spec_store_bypass l1tf
bogomips	: 3984.00
clflush size	: 64
cache_alignment	: 64
address sizes	: 39 bits physical, 48 bits virtual
power management:

processor	: 7
vendor_id	: GenuineIntel
cpu family	: 6
model		: 142
model name	: Intel(R) Core(TM) i7-8550U CPU @ 1.80GHz
stepping	: 10
microcode	: 0x96
cpu MHz		: 2099.995
cache size	: 8192 KB
physical id	: 0
siblings	: 8
core id		: 3
cpu cores	: 4
apicid		: 7
initial apicid	: 7
fpu		: yes
fpu_exception	: yes
cpuid level	: 22
wp		: yes
flags		: fpu vme de pse tsc msr pae mce cx8 apic sep mtrr pge mca cmov pat pse36 clflush dts acpi mmx fxsr sse sse2 ss ht tm pbe syscall nx pdpe1gb rdtscp lm constant_tsc art arch_perfmon pebs bts rep_good nopl xtopology nonstop_tsc cpuid aperfmperf tsc_known_freq pni pclmulqdq dtes64 monitor ds_cpl vmx est tm2 ssse3 sdbg fma cx16 xtpr pdcm pcid sse4_1 sse4_2 x2apic movbe popcnt tsc_deadline_timer aes xsave avx f16c rdrand lahf_lm abm 3dnowprefetch cpuid_fault epb invpcid_single pti ssbd ibrs ibpb stibp tpr_shadow vnmi flexpriority ept vpid fsgsbase tsc_adjust bmi1 avx2 smep bmi2 erms invpcid mpx rdseed adx smap clflushopt intel_pt xsaveopt xsavec xgetbv1 xsaves dtherm ida arat pln pts hwp hwp_notify hwp_act_window hwp_epp flush_l1d
bugs		: cpu_meltdown spectre_v1 spectre_v2 spec_store_bypass l1tf
bogomips	: 3984.00
clflush size	: 64
cache_alignment	: 64
address sizes	: 39 bits physical, 48 bits virtual
power management:



Memory: 4k page, physical 8021540k(177988k free), swap 2097148k(2097148k free)

vm_info: Java HotSpot(TM) 64-Bit Server VM (25.201-b09) for linux-amd64 JRE (1.8.0_201-b09), built on Dec 15 2018 11:35:59 by "java_re" with gcc 7.3.0

time: Sat Mar 16 11:44:16 2019
timezone: IST
elapsed time: 14 seconds (0d 0h 0m 14s)

